#! /usr/bin/vvp
:ivl_version "11.0 (stable)";
:ivl_delay_selection "TYPICAL";
:vpi_time_precision + 0;
:vpi_module "/usr/lib/x86_64-linux-gnu/ivl/system.vpi";
:vpi_module "/usr/lib/x86_64-linux-gnu/ivl/vhdl_sys.vpi";
:vpi_module "/usr/lib/x86_64-linux-gnu/ivl/vhdl_textio.vpi";
:vpi_module "/usr/lib/x86_64-linux-gnu/ivl/v2005_math.vpi";
:vpi_module "/usr/lib/x86_64-linux-gnu/ivl/va_math.vpi";
S_0x5558f6bc4dc0 .scope module, "DEC5T32E" "DEC5T32E" 2 1;
 .timescale 0 0;
    .port_info 0 /INPUT 5 "I";
    .port_info 1 /INPUT 1 "En";
    .port_info 2 /OUTPUT 32 "Y";
o0x7f7b34c980a8 .functor BUFZ 1, C4<z>; HiZ drive
v0x5558f6c17e80_0 .net "En", 0 0, o0x7f7b34c980a8;  0 drivers
o0x7f7b34c980d8 .functor BUFZ 5, C4<zzzzz>; HiZ drive
v0x5558f6c17f60_0 .net "I", 4 0, o0x7f7b34c980d8;  0 drivers
v0x5558f6c18040_0 .net "Y", 31 0, L_0x5558f6c181b0;  1 drivers
L_0x5558f6c181b0 .ufunc/vec4 TD_DEC5T32E.dec, 32, o0x7f7b34c980d8, o0x7f7b34c980a8 (v0x5558f6c17ce0_0, v0x5558f6bc6ba0_0) S_0x5558f6bc4fa0;
S_0x5558f6bc4fa0 .scope function.vec4.s32, "dec" "dec" 2 6, 2 6 0, S_0x5558f6bc4dc0;
 .timescale 0 0;
v0x5558f6bc6ba0_0 .var "En", 0 0;
v0x5558f6c17ce0_0 .var "I", 4 0;
; Variable dec is vec4 return value of scope S_0x5558f6bc4fa0
TD_DEC5T32E.dec ;
    %load/vec4 v0x5558f6bc6ba0_0;
    %flag_set/vec4 8;
    %jmp/0xz  T_0.0, 8;
    %load/vec4 v0x5558f6c17ce0_0;
    %dup/vec4;
    %pushi/vec4 0, 0, 5;
    %cmp/u;
    %jmp/1 T_0.2, 6;
    %dup/vec4;
    %pushi/vec4 1, 0, 5;
    %cmp/u;
    %jmp/1 T_0.3, 6;
    %dup/vec4;
    %pushi/vec4 2, 0, 5;
    %cmp/u;
    %jmp/1 T_0.4, 6;
    %dup/vec4;
    %pushi/vec4 3, 0, 5;
    %cmp/u;
    %jmp/1 T_0.5, 6;
    %dup/vec4;
    %pushi/vec4 4, 0, 5;
    %cmp/u;
    %jmp/1 T_0.6, 6;
    %dup/vec4;
    %pushi/vec4 5, 0, 5;
    %cmp/u;
    %jmp/1 T_0.7, 6;
    %dup/vec4;
    %pushi/vec4 6, 0, 5;
    %cmp/u;
    %jmp/1 T_0.8, 6;
    %dup/vec4;
    %pushi/vec4 7, 0, 5;
    %cmp/u;
    %jmp/1 T_0.9, 6;
    %dup/vec4;
    %pushi/vec4 8, 0, 5;
    %cmp/u;
    %jmp/1 T_0.10, 6;
    %dup/vec4;
    %pushi/vec4 9, 0, 5;
    %cmp/u;
    %jmp/1 T_0.11, 6;
    %dup/vec4;
    %pushi/vec4 10, 0, 5;
    %cmp/u;
    %jmp/1 T_0.12, 6;
    %dup/vec4;
    %pushi/vec4 11, 0, 5;
    %cmp/u;
    %jmp/1 T_0.13, 6;
    %dup/vec4;
    %pushi/vec4 12, 0, 5;
    %cmp/u;
    %jmp/1 T_0.14, 6;
    %dup/vec4;
    %pushi/vec4 13, 0, 5;
    %cmp/u;
    %jmp/1 T_0.15, 6;
    %dup/vec4;
    %pushi/vec4 14, 0, 5;
    %cmp/u;
    %jmp/1 T_0.16, 6;
    %dup/vec4;
    %pushi/vec4 15, 0, 5;
    %cmp/u;
    %jmp/1 T_0.17, 6;
    %dup/vec4;
    %pushi/vec4 16, 0, 5;
    %cmp/u;
    %jmp/1 T_0.18, 6;
    %dup/vec4;
    %pushi/vec4 17, 0, 5;
    %cmp/u;
    %jmp/1 T_0.19, 6;
    %dup/vec4;
    %pushi/vec4 18, 0, 5;
    %cmp/u;
    %jmp/1 T_0.20, 6;
    %dup/vec4;
    %pushi/vec4 19, 0, 5;
    %cmp/u;
    %jmp/1 T_0.21, 6;
    %dup/vec4;
    %pushi/vec4 20, 0, 5;
    %cmp/u;
    %jmp/1 T_0.22, 6;
    %dup/vec4;
    %pushi/vec4 21, 0, 5;
    %cmp/u;
    %jmp/1 T_0.23, 6;
    %dup/vec4;
    %pushi/vec4 22, 0, 5;
    %cmp/u;
    %jmp/1 T_0.24, 6;
    %dup/vec4;
    %pushi/vec4 23, 0, 5;
    %cmp/u;
    %jmp/1 T_0.25, 6;
    %dup/vec4;
    %pushi/vec4 24, 0, 5;
    %cmp/u;
    %jmp/1 T_0.26, 6;
    %dup/vec4;
    %pushi/vec4 25, 0, 5;
    %cmp/u;
    %jmp/1 T_0.27, 6;
    %dup/vec4;
    %pushi/vec4 26, 0, 5;
    %cmp/u;
    %jmp/1 T_0.28, 6;
    %dup/vec4;
    %pushi/vec4 27, 0, 5;
    %cmp/u;
    %jmp/1 T_0.29, 6;
    %dup/vec4;
    %pushi/vec4 28, 0, 5;
    %cmp/u;
    %jmp/1 T_0.30, 6;
    %dup/vec4;
    %pushi/vec4 29, 0, 5;
    %cmp/u;
    %jmp/1 T_0.31, 6;
    %dup/vec4;
    %pushi/vec4 30, 0, 5;
    %cmp/u;
    %jmp/1 T_0.32, 6;
    %dup/vec4;
    %pushi/vec4 31, 0, 5;
    %cmp/u;
    %jmp/1 T_0.33, 6;
    %pushi/vec4 0, 0, 32;
    %ret/vec4 0, 0, 32;  Assign to dec (store_vec4_to_lval)
    %jmp T_0.35;
T_0.2 ;
    %pushi/vec4 1, 0, 32;
    %ret/vec4 0, 0, 32;  Assign to dec (store_vec4_to_lval)
    %jmp T_0.35;
T_0.3 ;
    %pushi/vec4 2, 0, 32;
    %ret/vec4 0, 0, 32;  Assign to dec (store_vec4_to_lval)
    %jmp T_0.35;
T_0.4 ;
    %pushi/vec4 4, 0, 32;
    %ret/vec4 0, 0, 32;  Assign to dec (store_vec4_to_lval)
    %jmp T_0.35;
T_0.5 ;
    %pushi/vec4 8, 0, 32;
    %ret/vec4 0, 0, 32;  Assign to dec (store_vec4_to_lval)
    %jmp T_0.35;
T_0.6 ;
    %pushi/vec4 16, 0, 32;
    %ret/vec4 0, 0, 32;  Assign to dec (store_vec4_to_lval)
    %jmp T_0.35;
T_0.7 ;
    %pushi/vec4 32, 0, 32;
    %ret/vec4 0, 0, 32;  Assign to dec (store_vec4_to_lval)
    %jmp T_0.35;
T_0.8 ;
    %pushi/vec4 64, 0, 32;
    %ret/vec4 0, 0, 32;  Assign to dec (store_vec4_to_lval)
    %jmp T_0.35;
T_0.9 ;
    %pushi/vec4 128, 0, 32;
    %ret/vec4 0, 0, 32;  Assign to dec (store_vec4_to_lval)
    %jmp T_0.35;
T_0.10 ;
    %pushi/vec4 256, 0, 32;
    %ret/vec4 0, 0, 32;  Assign to dec (store_vec4_to_lval)
    %jmp T_0.35;
T_0.11 ;
    %pushi/vec4 512, 0, 32;
    %ret/vec4 0, 0, 32;  Assign to dec (store_vec4_to_lval)
    %jmp T_0.35;
T_0.12 ;
    %pushi/vec4 1024, 0, 32;
    %ret/vec4 0, 0, 32;  Assign to dec (store_vec4_to_lval)
    %jmp T_0.35;
T_0.13 ;
    %pushi/vec4 2048, 0, 32;
    %ret/vec4 0, 0, 32;  Assign to dec (store_vec4_to_lval)
    %jmp T_0.35;
T_0.14 ;
    %pushi/vec4 4096, 0, 32;
    %ret/vec4 0, 0, 32;  Assign to dec (store_vec4_to_lval)
    %jmp T_0.35;
T_0.15 ;
    %pushi/vec4 8192, 0, 32;
    %ret/vec4 0, 0, 32;  Assign to dec (store_vec4_to_lval)
    %jmp T_0.35;
T_0.16 ;
    %pushi/vec4 16384, 0, 32;
    %ret/vec4 0, 0, 32;  Assign to dec (store_vec4_to_lval)
    %jmp T_0.35;
T_0.17 ;
    %pushi/vec4 32768, 0, 32;
    %ret/vec4 0, 0, 32;  Assign to dec (store_vec4_to_lval)
    %jmp T_0.35;
T_0.18 ;
    %pushi/vec4 65536, 0, 32;
    %ret/vec4 0, 0, 32;  Assign to dec (store_vec4_to_lval)
    %jmp T_0.35;
T_0.19 ;
    %pushi/vec4 131072, 0, 32;
    %ret/vec4 0, 0, 32;  Assign to dec (store_vec4_to_lval)
    %jmp T_0.35;
T_0.20 ;
    %pushi/vec4 262144, 0, 32;
    %ret/vec4 0, 0, 32;  Assign to dec (store_vec4_to_lval)
    %jmp T_0.35;
T_0.21 ;
    %pushi/vec4 524288, 0, 32;
    %ret/vec4 0, 0, 32;  Assign to dec (store_vec4_to_lval)
    %jmp T_0.35;
T_0.22 ;
    %pushi/vec4 1048576, 0, 32;
    %ret/vec4 0, 0, 32;  Assign to dec (store_vec4_to_lval)
    %jmp T_0.35;
T_0.23 ;
    %pushi/vec4 2097152, 0, 32;
    %ret/vec4 0, 0, 32;  Assign to dec (store_vec4_to_lval)
    %jmp T_0.35;
T_0.24 ;
    %pushi/vec4 4194304, 0, 32;
    %ret/vec4 0, 0, 32;  Assign to dec (store_vec4_to_lval)
    %jmp T_0.35;
T_0.25 ;
    %pushi/vec4 8388608, 0, 32;
    %ret/vec4 0, 0, 32;  Assign to dec (store_vec4_to_lval)
    %jmp T_0.35;
T_0.26 ;
    %pushi/vec4 16777216, 0, 32;
    %ret/vec4 0, 0, 32;  Assign to dec (store_vec4_to_lval)
    %jmp T_0.35;
T_0.27 ;
    %pushi/vec4 33554432, 0, 32;
    %ret/vec4 0, 0, 32;  Assign to dec (store_vec4_to_lval)
    %jmp T_0.35;
T_0.28 ;
    %pushi/vec4 67108864, 0, 32;
    %ret/vec4 0, 0, 32;  Assign to dec (store_vec4_to_lval)
    %jmp T_0.35;
T_0.29 ;
    %pushi/vec4 134217728, 0, 32;
    %ret/vec4 0, 0, 32;  Assign to dec (store_vec4_to_lval)
    %jmp T_0.35;
T_0.30 ;
    %pushi/vec4 268435456, 0, 32;
    %ret/vec4 0, 0, 32;  Assign to dec (store_vec4_to_lval)
    %jmp T_0.35;
T_0.31 ;
    %pushi/vec4 536870912, 0, 32;
    %ret/vec4 0, 0, 32;  Assign to dec (store_vec4_to_lval)
    %jmp T_0.35;
T_0.32 ;
    %pushi/vec4 1073741824, 0, 32;
    %ret/vec4 0, 0, 32;  Assign to dec (store_vec4_to_lval)
    %jmp T_0.35;
T_0.33 ;
    %pushi/vec4 2147483648, 0, 32;
    %ret/vec4 0, 0, 32;  Assign to dec (store_vec4_to_lval)
    %jmp T_0.35;
T_0.35 ;
    %pop/vec4 1;
    %jmp T_0.1;
T_0.0 ;
    %pushi/vec4 0, 0, 32;
    %ret/vec4 0, 0, 32;  Assign to dec (store_vec4_to_lval)
T_0.1 ;
    %end;
# The file index is used to find the file name in the following table.
:file_names 3;
    "N/A";
    "<interactive>";
    "DEC5T32E.v";
