#! /usr/bin/vvp
:ivl_version "11.0 (stable)";
:ivl_delay_selection "TYPICAL";
:vpi_time_precision + 0;
:vpi_module "/usr/lib/x86_64-linux-gnu/ivl/system.vpi";
:vpi_module "/usr/lib/x86_64-linux-gnu/ivl/vhdl_sys.vpi";
:vpi_module "/usr/lib/x86_64-linux-gnu/ivl/vhdl_textio.vpi";
:vpi_module "/usr/lib/x86_64-linux-gnu/ivl/v2005_math.vpi";
:vpi_module "/usr/lib/x86_64-linux-gnu/ivl/va_math.vpi";
S_0x56189d58bdf0 .scope module, "DEC2T4E" "DEC2T4E" 2 1;
 .timescale 0 0;
    .port_info 0 /INPUT 1 "I0";
    .port_info 1 /INPUT 1 "I1";
    .port_info 2 /INPUT 1 "En";
    .port_info 3 /OUTPUT 1 "Y0";
    .port_info 4 /OUTPUT 1 "Y1";
    .port_info 5 /OUTPUT 1 "Y2";
    .port_info 6 /OUTPUT 1 "Y3";
o0x7faa34dcf048 .functor BUFZ 1, C4<z>; HiZ drive
L_0x56189d5d67f0 .functor NOT 1, o0x7faa34dcf048, C4<0>, C4<0>, C4<0>;
o0x7faa34dcf0a8 .functor BUFZ 1, C4<z>; HiZ drive
L_0x56189d5d68b0 .functor NOT 1, o0x7faa34dcf0a8, C4<0>, C4<0>, C4<0>;
L_0x56189d5d6980 .functor NOR 1, o0x7faa34dcf048, o0x7faa34dcf0a8, C4<0>, C4<0>;
o0x7faa34dcf018 .functor BUFZ 1, C4<z>; HiZ drive
L_0x56189d5d6a70 .functor AND 1, L_0x56189d5d6980, o0x7faa34dcf018, C4<1>, C4<1>;
L_0x56189d5d6b60 .functor NOR 1, o0x7faa34dcf048, L_0x56189d5d68b0, C4<0>, C4<0>;
L_0x56189d5d6c20 .functor AND 1, L_0x56189d5d6b60, o0x7faa34dcf018, C4<1>, C4<1>;
L_0x56189d5d6d70 .functor NOR 1, L_0x56189d5d67f0, o0x7faa34dcf0a8, C4<0>, C4<0>;
L_0x56189d5d6e30 .functor AND 1, L_0x56189d5d6d70, o0x7faa34dcf018, C4<1>, C4<1>;
L_0x56189d5d6f40 .functor NOR 1, L_0x56189d5d67f0, L_0x56189d5d68b0, C4<0>, C4<0>;
L_0x56189d5d6fb0 .functor AND 1, L_0x56189d5d6f40, o0x7faa34dcf018, C4<1>, C4<1>;
v0x56189d58c030_0 .net "En", 0 0, o0x7faa34dcf018;  0 drivers
v0x56189d5d5de0_0 .net "I0", 0 0, o0x7faa34dcf048;  0 drivers
v0x56189d5d5ea0_0 .net "I0_n", 0 0, L_0x56189d5d67f0;  1 drivers
v0x56189d5d5f40_0 .net "I1", 0 0, o0x7faa34dcf0a8;  0 drivers
v0x56189d5d6000_0 .net "I1_n", 0 0, L_0x56189d5d68b0;  1 drivers
v0x56189d5d6110_0 .net "Y0", 0 0, L_0x56189d5d6a70;  1 drivers
v0x56189d5d61d0_0 .net "Y1", 0 0, L_0x56189d5d6c20;  1 drivers
v0x56189d5d6290_0 .net "Y2", 0 0, L_0x56189d5d6e30;  1 drivers
v0x56189d5d6350_0 .net "Y3", 0 0, L_0x56189d5d6fb0;  1 drivers
v0x56189d5d6410_0 .net "YY0", 0 0, L_0x56189d5d6980;  1 drivers
v0x56189d5d64d0_0 .net "YY1", 0 0, L_0x56189d5d6b60;  1 drivers
v0x56189d5d6590_0 .net "YY2", 0 0, L_0x56189d5d6d70;  1 drivers
v0x56189d5d6650_0 .net "YY3", 0 0, L_0x56189d5d6f40;  1 drivers
# The file index is used to find the file name in the following table.
:file_names 3;
    "N/A";
    "<interactive>";
    "DEC2T4E.v";
