#! /usr/bin/vvp
:ivl_version "11.0 (stable)";
:ivl_delay_selection "TYPICAL";
:vpi_time_precision - 9;
:vpi_module "/usr/lib/x86_64-linux-gnu/ivl/system.vpi";
:vpi_module "/usr/lib/x86_64-linux-gnu/ivl/vhdl_sys.vpi";
:vpi_module "/usr/lib/x86_64-linux-gnu/ivl/vhdl_textio.vpi";
:vpi_module "/usr/lib/x86_64-linux-gnu/ivl/v2005_math.vpi";
:vpi_module "/usr/lib/x86_64-linux-gnu/ivl/va_math.vpi";
S_0x55b318995910 .scope module, "tb_DEC2T4E" "tb_DEC2T4E" 2 3;
 .timescale -9 -9;
v0x55b3189ab940_0 .var "En", 0 0;
v0x55b3189aba20_0 .var "I0", 0 0;
v0x55b3189abaf0_0 .var "I1", 0 0;
v0x55b3189abbf0_0 .net "Y0", 0 0, L_0x55b3189ac200;  1 drivers
v0x55b3189abcc0_0 .net "Y1", 0 0, L_0x55b3189ac400;  1 drivers
v0x55b3189abd60_0 .net "Y2", 0 0, L_0x55b3189ac6c0;  1 drivers
v0x55b3189abe30_0 .net "Y3", 0 0, L_0x55b3189ac8f0;  1 drivers
v0x55b3189abf00_0 .var/i "j", 31 0;
S_0x55b318995aa0 .scope module, "data" "DEC2T4E" 2 16, 3 1 0, S_0x55b318995910;
 .timescale -9 -9;
    .port_info 0 /INPUT 1 "I0";
    .port_info 1 /INPUT 1 "I1";
    .port_info 2 /INPUT 1 "En";
    .port_info 3 /OUTPUT 1 "Y0";
    .port_info 4 /OUTPUT 1 "Y1";
    .port_info 5 /OUTPUT 1 "Y2";
    .port_info 6 /OUTPUT 1 "Y3";
L_0x55b3189abfa0 .functor NOT 1, v0x55b3189aba20_0, C4<0>, C4<0>, C4<0>;
L_0x55b3189ac0b0 .functor NOT 1, v0x55b3189abaf0_0, C4<0>, C4<0>, C4<0>;
L_0x55b3189ac190 .functor NOR 1, v0x55b3189aba20_0, v0x55b3189abaf0_0, C4<0>, C4<0>;
L_0x55b3189ac200 .functor AND 1, L_0x55b3189ac190, v0x55b3189ab940_0, C4<1>, C4<1>;
L_0x55b3189ac390 .functor NOR 1, v0x55b3189aba20_0, L_0x55b3189ac0b0, C4<0>, C4<0>;
L_0x55b3189ac400 .functor AND 1, L_0x55b3189ac390, v0x55b3189ab940_0, C4<1>, C4<1>;
L_0x55b3189ac550 .functor NOR 1, L_0x55b3189abfa0, v0x55b3189abaf0_0, C4<0>, C4<0>;
L_0x55b3189ac6c0 .functor AND 1, L_0x55b3189ac550, v0x55b3189ab940_0, C4<1>, C4<1>;
L_0x55b3189ac860 .functor NOR 1, L_0x55b3189abfa0, L_0x55b3189ac0b0, C4<0>, C4<0>;
L_0x55b3189ac8f0 .functor AND 1, L_0x55b3189ac860, v0x55b3189ab940_0, C4<1>, C4<1>;
v0x55b318959da0_0 .net "En", 0 0, v0x55b3189ab940_0;  1 drivers
v0x55b3189aaf30_0 .net "I0", 0 0, v0x55b3189aba20_0;  1 drivers
v0x55b3189aaff0_0 .net "I0_n", 0 0, L_0x55b3189abfa0;  1 drivers
v0x55b3189ab090_0 .net "I1", 0 0, v0x55b3189abaf0_0;  1 drivers
v0x55b3189ab150_0 .net "I1_n", 0 0, L_0x55b3189ac0b0;  1 drivers
v0x55b3189ab260_0 .net "Y0", 0 0, L_0x55b3189ac200;  alias, 1 drivers
v0x55b3189ab320_0 .net "Y1", 0 0, L_0x55b3189ac400;  alias, 1 drivers
v0x55b3189ab3e0_0 .net "Y2", 0 0, L_0x55b3189ac6c0;  alias, 1 drivers
v0x55b3189ab4a0_0 .net "Y3", 0 0, L_0x55b3189ac8f0;  alias, 1 drivers
v0x55b3189ab560_0 .net "YY0", 0 0, L_0x55b3189ac190;  1 drivers
v0x55b3189ab620_0 .net "YY1", 0 0, L_0x55b3189ac390;  1 drivers
v0x55b3189ab6e0_0 .net "YY2", 0 0, L_0x55b3189ac550;  1 drivers
v0x55b3189ab7a0_0 .net "YY3", 0 0, L_0x55b3189ac860;  1 drivers
    .scope S_0x55b318995910;
T_0 ;
    %pushi/vec4 0, 0, 32;
    %store/vec4 v0x55b3189abf00_0, 0, 32;
T_0.0 ;
    %load/vec4 v0x55b3189abf00_0;
    %cmpi/s 32, 0, 32;
    %jmp/0xz T_0.1, 5;
    %load/vec4 v0x55b3189abf00_0;
    %cmpi/ne 0, 0, 32;
    %jmp/0xz  T_0.2, 4;
    %delay 100, 0;
T_0.2 ;
    %load/vec4 v0x55b3189abf00_0;
    %pushi/vec4 2, 0, 32;
    %mod/s;
    %cmpi/e 0, 0, 32;
    %flag_mov 8, 4;
    %jmp/0 T_0.4, 8;
    %pushi/vec4 1, 0, 1;
    %jmp/1 T_0.5, 8;
T_0.4 ; End of true expr.
    %pushi/vec4 0, 0, 1;
    %jmp/0 T_0.5, 8;
 ; End of false expr.
    %blend;
T_0.5;
    %store/vec4 v0x55b3189aba20_0, 0, 1;
    %load/vec4 v0x55b3189abf00_0;
    %pushi/vec4 3, 0, 32;
    %mod/s;
    %cmpi/e 0, 0, 32;
    %flag_mov 8, 4;
    %jmp/0 T_0.6, 8;
    %pushi/vec4 0, 0, 1;
    %jmp/1 T_0.7, 8;
T_0.6 ; End of true expr.
    %pushi/vec4 1, 0, 1;
    %jmp/0 T_0.7, 8;
 ; End of false expr.
    %blend;
T_0.7;
    %store/vec4 v0x55b3189abaf0_0, 0, 1;
    %load/vec4 v0x55b3189abf00_0;
    %pushi/vec4 5, 0, 32;
    %mod/s;
    %cmpi/e 0, 0, 32;
    %flag_mov 8, 4;
    %jmp/0 T_0.8, 8;
    %pushi/vec4 0, 0, 1;
    %jmp/1 T_0.9, 8;
T_0.8 ; End of true expr.
    %pushi/vec4 1, 0, 1;
    %jmp/0 T_0.9, 8;
 ; End of false expr.
    %blend;
T_0.9;
    %store/vec4 v0x55b3189ab940_0, 0, 1;
    %load/vec4 v0x55b3189abf00_0;
    %addi 1, 0, 32;
    %store/vec4 v0x55b3189abf00_0, 0, 32;
    %jmp T_0.0;
T_0.1 ;
    %end;
    .thread T_0;
    .scope S_0x55b318995910;
T_1 ;
    %vpi_call 2 27 "$dumpfile", "DEC2T4E.vcd" {0 0 0};
    %vpi_call 2 28 "$dumpvars", 32'sb00000000000000000000000000000000, S_0x55b318995910 {0 0 0};
    %delay 10000, 0;
    %vpi_call 2 29 "$finish" {0 0 0};
    %end;
    .thread T_1;
# The file index is used to find the file name in the following table.
:file_names 4;
    "N/A";
    "<interactive>";
    "DEC2T4_tb.v";
    "./DEC2T4E.v";
