#! /usr/bin/vvp
:ivl_version "11.0 (stable)";
:ivl_delay_selection "TYPICAL";
:vpi_time_precision + 0;
:vpi_module "/usr/lib/x86_64-linux-gnu/ivl/system.vpi";
:vpi_module "/usr/lib/x86_64-linux-gnu/ivl/vhdl_sys.vpi";
:vpi_module "/usr/lib/x86_64-linux-gnu/ivl/vhdl_textio.vpi";
:vpi_module "/usr/lib/x86_64-linux-gnu/ivl/v2005_math.vpi";
:vpi_module "/usr/lib/x86_64-linux-gnu/ivl/va_math.vpi";
S_0x564c38669f50 .scope module, "EXT16T32" "EXT16T32" 2 2;
 .timescale 0 0;
    .port_info 0 /INPUT 16 "X";
    .port_info 1 /INPUT 1 "B";
    .port_info 2 /OUTPUT 32 "Y";
o0x7fdedc6ba138 .functor BUFZ 1, C4<z>; HiZ drive
v0x564c3868dd00_0 .net "B", 0 0, o0x7fdedc6ba138;  0 drivers
v0x564c3868ddc0_0 .net "E0", 31 0, L_0x564c386afc40;  1 drivers
v0x564c3868de90_0 .net "E1", 31 0, L_0x564c386afd80;  1 drivers
o0x7fdedc6ba258 .functor BUFZ 16, C4<zzzzzzzzzzzzzzzz>; HiZ drive
v0x564c3868df90_0 .net "X", 15 0, o0x7fdedc6ba258;  0 drivers
v0x564c3868e030_0 .net "Y", 31 0, L_0x564c386aff10;  1 drivers
v0x564c3868e0f0_0 .net *"_ivl_1", 0 0, L_0x564c3869fa40;  1 drivers
v0x564c3868e1b0_0 .net "e", 15 0, L_0x564c3869fb10;  1 drivers
L_0x7fdedc671018 .functor BUFT 1, C4<0000000000000000>, C4<0>, C4<0>, C4<0>;
v0x564c3868e290_0 .net "z", 15 0, L_0x7fdedc671018;  1 drivers
L_0x564c3869fa40 .part o0x7fdedc6ba258, 15, 1;
LS_0x564c3869fb10_0_0 .concat [ 1 1 1 1], L_0x564c3869fa40, L_0x564c3869fa40, L_0x564c3869fa40, L_0x564c3869fa40;
LS_0x564c3869fb10_0_4 .concat [ 1 1 1 1], L_0x564c3869fa40, L_0x564c3869fa40, L_0x564c3869fa40, L_0x564c3869fa40;
LS_0x564c3869fb10_0_8 .concat [ 1 1 1 1], L_0x564c3869fa40, L_0x564c3869fa40, L_0x564c3869fa40, L_0x564c3869fa40;
LS_0x564c3869fb10_0_12 .concat [ 1 1 1 1], L_0x564c3869fa40, L_0x564c3869fa40, L_0x564c3869fa40, L_0x564c3869fa40;
L_0x564c3869fb10 .concat [ 4 4 4 4], LS_0x564c3869fb10_0_0, LS_0x564c3869fb10_0_4, LS_0x564c3869fb10_0_8, LS_0x564c3869fb10_0_12;
L_0x564c386afc40 .concat [ 16 16 0 0], o0x7fdedc6ba258, L_0x7fdedc671018;
L_0x564c386afd80 .concat [ 16 16 0 0], o0x7fdedc6ba258, L_0x564c3869fb10;
S_0x564c38667df0 .scope module, "i" "MUX2X32" 2 12, 3 1 0, S_0x564c38669f50;
 .timescale 0 0;
    .port_info 0 /INPUT 32 "A";
    .port_info 1 /INPUT 32 "B";
    .port_info 2 /INPUT 1 "S";
    .port_info 3 /OUTPUT 32 "Y";
v0x564c3865ca20_0 .net "A", 31 0, L_0x564c386afc40;  alias, 1 drivers
v0x564c3865b970_0 .net "B", 31 0, L_0x564c386afd80;  alias, 1 drivers
v0x564c3865a780_0 .net "S", 0 0, o0x7fdedc6ba138;  alias, 0 drivers
v0x564c3868dba0_0 .net "Y", 31 0, L_0x564c386aff10;  alias, 1 drivers
L_0x564c386aff10 .ufunc/vec4 TD_EXT16T32.i.select, 32, L_0x564c386afc40, L_0x564c386afd80, o0x7fdedc6ba138 (v0x564c38660ce0_0, v0x564c3865fc30_0, v0x564c3865eb80_0) S_0x564c38666d40;
S_0x564c38666d40 .scope function.vec4.s32, "select" "select" 3 6, 3 6 0, S_0x564c38667df0;
 .timescale 0 0;
v0x564c38660ce0_0 .var "A", 31 0;
v0x564c3865fc30_0 .var "B", 31 0;
v0x564c3865eb80_0 .var "S", 0 0;
; Variable select is vec4 return value of scope S_0x564c38666d40
TD_EXT16T32.i.select ;
    %load/vec4 v0x564c3865eb80_0;
    %dup/vec4;
    %pushi/vec4 1, 0, 1;
    %cmp/u;
    %jmp/1 T_0.0, 6;
    %dup/vec4;
    %pushi/vec4 0, 0, 1;
    %cmp/u;
    %jmp/1 T_0.1, 6;
    %jmp T_0.2;
T_0.0 ;
    %load/vec4 v0x564c3865fc30_0;
    %ret/vec4 0, 0, 32;  Assign to select (store_vec4_to_lval)
    %jmp T_0.2;
T_0.1 ;
    %load/vec4 v0x564c38660ce0_0;
    %ret/vec4 0, 0, 32;  Assign to select (store_vec4_to_lval)
    %jmp T_0.2;
T_0.2 ;
    %pop/vec4 1;
    %end;
S_0x564c38668ea0 .scope module, "MUX2X32_another" "MUX2X32_another" 3 30;
 .timescale 0 0;
    .port_info 0 /INPUT 32 "A";
    .port_info 1 /INPUT 32 "B";
    .port_info 2 /INPUT 1 "S";
    .port_info 3 /OUTPUT 32 "Y";
o0x7fdedc6bdfd8 .functor BUFZ 32, C4<zzzzzzzzzzzzzzzzzzzzzzzzzzzzzzzz>; HiZ drive
v0x564c3869f220_0 .net "A", 31 0, o0x7fdedc6bdfd8;  0 drivers
o0x7fdedc6be008 .functor BUFZ 32, C4<zzzzzzzzzzzzzzzzzzzzzzzzzzzzzzzz>; HiZ drive
v0x564c3869f320_0 .net "B", 31 0, o0x7fdedc6be008;  0 drivers
o0x7fdedc6ba468 .functor BUFZ 1, C4<z>; HiZ drive
v0x564c3869f400_0 .net "S", 0 0, o0x7fdedc6ba468;  0 drivers
v0x564c3869f8b0_0 .net "Y", 31 0, L_0x564c386bd080;  1 drivers
L_0x564c386b0370 .part o0x7fdedc6bdfd8, 0, 1;
L_0x564c386b0460 .part o0x7fdedc6be008, 0, 1;
L_0x564c386b0890 .part o0x7fdedc6bdfd8, 1, 1;
L_0x564c386b09d0 .part o0x7fdedc6be008, 1, 1;
L_0x564c386b0e20 .part o0x7fdedc6bdfd8, 2, 1;
L_0x564c386b0f10 .part o0x7fdedc6be008, 2, 1;
L_0x564c386b1320 .part o0x7fdedc6bdfd8, 3, 1;
L_0x564c386b1410 .part o0x7fdedc6be008, 3, 1;
L_0x564c386b1820 .part o0x7fdedc6bdfd8, 4, 1;
L_0x564c386b1910 .part o0x7fdedc6be008, 4, 1;
L_0x564c386b1d20 .part o0x7fdedc6bdfd8, 5, 1;
L_0x564c386b1e10 .part o0x7fdedc6be008, 5, 1;
L_0x564c386b2280 .part o0x7fdedc6bdfd8, 6, 1;
L_0x564c386b2370 .part o0x7fdedc6be008, 6, 1;
L_0x564c386b2780 .part o0x7fdedc6bdfd8, 7, 1;
L_0x564c386b2870 .part o0x7fdedc6be008, 7, 1;
L_0x564c386b2e10 .part o0x7fdedc6bdfd8, 8, 1;
L_0x564c386b2f00 .part o0x7fdedc6be008, 8, 1;
L_0x564c386b33a0 .part o0x7fdedc6bdfd8, 9, 1;
L_0x564c386b3490 .part o0x7fdedc6be008, 9, 1;
L_0x564c386b2ff0 .part o0x7fdedc6bdfd8, 10, 1;
L_0x564c386b3990 .part o0x7fdedc6be008, 10, 1;
L_0x564c386b3e50 .part o0x7fdedc6bdfd8, 11, 1;
L_0x564c386b3f40 .part o0x7fdedc6be008, 11, 1;
L_0x564c386b4410 .part o0x7fdedc6bdfd8, 12, 1;
L_0x564c386b4500 .part o0x7fdedc6be008, 12, 1;
L_0x564c386b49e0 .part o0x7fdedc6bdfd8, 13, 1;
L_0x564c386b4ad0 .part o0x7fdedc6be008, 13, 1;
L_0x564c386b4fc0 .part o0x7fdedc6bdfd8, 14, 1;
L_0x564c386b50b0 .part o0x7fdedc6be008, 14, 1;
L_0x564c386b5dc0 .part o0x7fdedc6bdfd8, 15, 1;
L_0x564c386b60c0 .part o0x7fdedc6be008, 15, 1;
L_0x564c386b67e0 .part o0x7fdedc6bdfd8, 16, 1;
L_0x564c386b68d0 .part o0x7fdedc6be008, 16, 1;
L_0x564c386b6df0 .part o0x7fdedc6bdfd8, 17, 1;
L_0x564c386b6ee0 .part o0x7fdedc6be008, 17, 1;
L_0x564c386b7300 .part o0x7fdedc6bdfd8, 18, 1;
L_0x564c386b73f0 .part o0x7fdedc6be008, 18, 1;
L_0x564c386b7960 .part o0x7fdedc6bdfd8, 19, 1;
L_0x564c386b7a50 .part o0x7fdedc6be008, 19, 1;
L_0x564c386b7fa0 .part o0x7fdedc6bdfd8, 20, 1;
L_0x564c386b8090 .part o0x7fdedc6be008, 20, 1;
L_0x564c386b85f0 .part o0x7fdedc6bdfd8, 21, 1;
L_0x564c386b86e0 .part o0x7fdedc6be008, 21, 1;
L_0x564c386b8c50 .part o0x7fdedc6bdfd8, 22, 1;
L_0x564c386b8d40 .part o0x7fdedc6be008, 22, 1;
L_0x564c386b92c0 .part o0x7fdedc6bdfd8, 23, 1;
L_0x564c386b93b0 .part o0x7fdedc6be008, 23, 1;
L_0x564c386b9940 .part o0x7fdedc6bdfd8, 24, 1;
L_0x564c386b9a30 .part o0x7fdedc6be008, 24, 1;
L_0x564c386b9fd0 .part o0x7fdedc6bdfd8, 25, 1;
L_0x564c386ba0c0 .part o0x7fdedc6be008, 25, 1;
L_0x564c386ba670 .part o0x7fdedc6bdfd8, 26, 1;
L_0x564c386ba760 .part o0x7fdedc6be008, 26, 1;
L_0x564c386bad20 .part o0x7fdedc6bdfd8, 27, 1;
L_0x564c386bae10 .part o0x7fdedc6be008, 27, 1;
L_0x564c386bb3e0 .part o0x7fdedc6bdfd8, 28, 1;
L_0x564c386bb4d0 .part o0x7fdedc6be008, 28, 1;
L_0x564c386bbab0 .part o0x7fdedc6bdfd8, 29, 1;
L_0x564c386bbba0 .part o0x7fdedc6be008, 29, 1;
L_0x564c386bc190 .part o0x7fdedc6bdfd8, 30, 1;
L_0x564c386bc280 .part o0x7fdedc6be008, 30, 1;
L_0x564c386bc880 .part o0x7fdedc6bdfd8, 31, 1;
L_0x564c386bc970 .part o0x7fdedc6be008, 31, 1;
LS_0x564c386bd080_0_0 .concat8 [ 1 1 1 1], L_0x564c386b0230, L_0x564c386b0750, L_0x564c386b0ce0, L_0x564c386b11e0;
LS_0x564c386bd080_0_4 .concat8 [ 1 1 1 1], L_0x564c386b16e0, L_0x564c386b1be0, L_0x564c386b2140, L_0x564c386b2640;
LS_0x564c386bd080_0_8 .concat8 [ 1 1 1 1], L_0x564c386b2cd0, L_0x564c386b3260, L_0x564c386b3800, L_0x564c386b3d10;
LS_0x564c386bd080_0_12 .concat8 [ 1 1 1 1], L_0x564c386b42d0, L_0x564c386b48a0, L_0x564c386b4e80, L_0x564c386b5c80;
LS_0x564c386bd080_0_16 .concat8 [ 1 1 1 1], L_0x564c386b66a0, L_0x564c386b6cb0, L_0x564c386b71c0, L_0x564c386b7820;
LS_0x564c386bd080_0_20 .concat8 [ 1 1 1 1], L_0x564c386b7e60, L_0x564c386b84b0, L_0x564c386b8b10, L_0x564c386b9180;
LS_0x564c386bd080_0_24 .concat8 [ 1 1 1 1], L_0x564c386b9800, L_0x564c386b9e90, L_0x564c386ba530, L_0x564c386babe0;
LS_0x564c386bd080_0_28 .concat8 [ 1 1 1 1], L_0x564c386bb2a0, L_0x564c386bb970, L_0x564c386bc050, L_0x564c386bc740;
LS_0x564c386bd080_1_0 .concat8 [ 4 4 4 4], LS_0x564c386bd080_0_0, LS_0x564c386bd080_0_4, LS_0x564c386bd080_0_8, LS_0x564c386bd080_0_12;
LS_0x564c386bd080_1_4 .concat8 [ 4 4 4 4], LS_0x564c386bd080_0_16, LS_0x564c386bd080_0_20, LS_0x564c386bd080_0_24, LS_0x564c386bd080_0_28;
L_0x564c386bd080 .concat8 [ 16 16 0 0], LS_0x564c386bd080_1_0, LS_0x564c386bd080_1_4;
S_0x564c3868e3f0 .scope module, "i0" "MUX2X1" 3 36, 3 18 0, S_0x564c38668ea0;
 .timescale 0 0;
    .port_info 0 /INPUT 1 "A";
    .port_info 1 /INPUT 1 "B";
    .port_info 2 /INPUT 1 "S";
    .port_info 3 /OUTPUT 1 "Y";
L_0x564c386b0050 .functor NOT 1, o0x7fdedc6ba468, C4<0>, C4<0>, C4<0>;
L_0x564c386b00e0 .functor NAND 1, L_0x564c386b0370, o0x7fdedc6ba468, C4<1>, C4<1>;
L_0x564c386b0170 .functor NAND 1, L_0x564c386b0460, L_0x564c386b0050, C4<1>, C4<1>;
L_0x564c386b0230 .functor NAND 1, L_0x564c386b00e0, L_0x564c386b0170, C4<1>, C4<1>;
v0x564c3868e5b0_0 .net "A", 0 0, L_0x564c386b0370;  1 drivers
v0x564c3868e690_0 .net "AS", 0 0, L_0x564c386b00e0;  1 drivers
v0x564c3868e750_0 .net "B", 0 0, L_0x564c386b0460;  1 drivers
v0x564c3868e820_0 .net "BS", 0 0, L_0x564c386b0170;  1 drivers
v0x564c3868e8e0_0 .net "S", 0 0, o0x7fdedc6ba468;  alias, 0 drivers
v0x564c3868e9a0_0 .net "S_n", 0 0, L_0x564c386b0050;  1 drivers
v0x564c3868ea60_0 .net "Y", 0 0, L_0x564c386b0230;  1 drivers
S_0x564c3868eba0 .scope module, "i1" "MUX2X1" 3 42, 3 18 0, S_0x564c38668ea0;
 .timescale 0 0;
    .port_info 0 /INPUT 1 "A";
    .port_info 1 /INPUT 1 "B";
    .port_info 2 /INPUT 1 "S";
    .port_info 3 /OUTPUT 1 "Y";
L_0x564c386b0550 .functor NOT 1, o0x7fdedc6ba468, C4<0>, C4<0>, C4<0>;
L_0x564c386b05c0 .functor NAND 1, L_0x564c386b0890, o0x7fdedc6ba468, C4<1>, C4<1>;
L_0x564c386b0630 .functor NAND 1, L_0x564c386b09d0, L_0x564c386b0550, C4<1>, C4<1>;
L_0x564c386b0750 .functor NAND 1, L_0x564c386b05c0, L_0x564c386b0630, C4<1>, C4<1>;
v0x564c3868ed50_0 .net "A", 0 0, L_0x564c386b0890;  1 drivers
v0x564c3868ee10_0 .net "AS", 0 0, L_0x564c386b05c0;  1 drivers
v0x564c3868eed0_0 .net "B", 0 0, L_0x564c386b09d0;  1 drivers
v0x564c3868efa0_0 .net "BS", 0 0, L_0x564c386b0630;  1 drivers
v0x564c3868f060_0 .net "S", 0 0, o0x7fdedc6ba468;  alias, 0 drivers
v0x564c3868f150_0 .net "S_n", 0 0, L_0x564c386b0550;  1 drivers
v0x564c3868f1f0_0 .net "Y", 0 0, L_0x564c386b0750;  1 drivers
S_0x564c3868f360 .scope module, "i10" "MUX2X1" 3 96, 3 18 0, S_0x564c38668ea0;
 .timescale 0 0;
    .port_info 0 /INPUT 1 "A";
    .port_info 1 /INPUT 1 "B";
    .port_info 2 /INPUT 1 "S";
    .port_info 3 /OUTPUT 1 "Y";
L_0x564c386b3630 .functor NOT 1, o0x7fdedc6ba468, C4<0>, C4<0>, C4<0>;
L_0x564c386b36a0 .functor NAND 1, L_0x564c386b2ff0, o0x7fdedc6ba468, C4<1>, C4<1>;
L_0x564c386b3710 .functor NAND 1, L_0x564c386b3990, L_0x564c386b3630, C4<1>, C4<1>;
L_0x564c386b3800 .functor NAND 1, L_0x564c386b36a0, L_0x564c386b3710, C4<1>, C4<1>;
v0x564c3868f570_0 .net "A", 0 0, L_0x564c386b2ff0;  1 drivers
v0x564c3868f630_0 .net "AS", 0 0, L_0x564c386b36a0;  1 drivers
v0x564c3868f6f0_0 .net "B", 0 0, L_0x564c386b3990;  1 drivers
v0x564c3868f7c0_0 .net "BS", 0 0, L_0x564c386b3710;  1 drivers
v0x564c3868f880_0 .net "S", 0 0, o0x7fdedc6ba468;  alias, 0 drivers
v0x564c3868f9c0_0 .net "S_n", 0 0, L_0x564c386b3630;  1 drivers
v0x564c3868fa80_0 .net "Y", 0 0, L_0x564c386b3800;  1 drivers
S_0x564c3868fbc0 .scope module, "i11" "MUX2X1" 3 102, 3 18 0, S_0x564c38668ea0;
 .timescale 0 0;
    .port_info 0 /INPUT 1 "A";
    .port_info 1 /INPUT 1 "B";
    .port_info 2 /INPUT 1 "S";
    .port_info 3 /OUTPUT 1 "Y";
L_0x564c386b3b40 .functor NOT 1, o0x7fdedc6ba468, C4<0>, C4<0>, C4<0>;
L_0x564c386b3bb0 .functor NAND 1, L_0x564c386b3e50, o0x7fdedc6ba468, C4<1>, C4<1>;
L_0x564c386b3c20 .functor NAND 1, L_0x564c386b3f40, L_0x564c386b3b40, C4<1>, C4<1>;
L_0x564c386b3d10 .functor NAND 1, L_0x564c386b3bb0, L_0x564c386b3c20, C4<1>, C4<1>;
v0x564c3868fda0_0 .net "A", 0 0, L_0x564c386b3e50;  1 drivers
v0x564c3868fe80_0 .net "AS", 0 0, L_0x564c386b3bb0;  1 drivers
v0x564c3868ff40_0 .net "B", 0 0, L_0x564c386b3f40;  1 drivers
v0x564c3868ffe0_0 .net "BS", 0 0, L_0x564c386b3c20;  1 drivers
v0x564c386900a0_0 .net "S", 0 0, o0x7fdedc6ba468;  alias, 0 drivers
v0x564c38690190_0 .net "S_n", 0 0, L_0x564c386b3b40;  1 drivers
v0x564c38690250_0 .net "Y", 0 0, L_0x564c386b3d10;  1 drivers
S_0x564c38690390 .scope module, "i12" "MUX2X1" 3 108, 3 18 0, S_0x564c38668ea0;
 .timescale 0 0;
    .port_info 0 /INPUT 1 "A";
    .port_info 1 /INPUT 1 "B";
    .port_info 2 /INPUT 1 "S";
    .port_info 3 /OUTPUT 1 "Y";
L_0x564c386b4100 .functor NOT 1, o0x7fdedc6ba468, C4<0>, C4<0>, C4<0>;
L_0x564c386b4170 .functor NAND 1, L_0x564c386b4410, o0x7fdedc6ba468, C4<1>, C4<1>;
L_0x564c386b41e0 .functor NAND 1, L_0x564c386b4500, L_0x564c386b4100, C4<1>, C4<1>;
L_0x564c386b42d0 .functor NAND 1, L_0x564c386b4170, L_0x564c386b41e0, C4<1>, C4<1>;
v0x564c386905c0_0 .net "A", 0 0, L_0x564c386b4410;  1 drivers
v0x564c386906a0_0 .net "AS", 0 0, L_0x564c386b4170;  1 drivers
v0x564c38690760_0 .net "B", 0 0, L_0x564c386b4500;  1 drivers
v0x564c38690800_0 .net "BS", 0 0, L_0x564c386b41e0;  1 drivers
v0x564c386908c0_0 .net "S", 0 0, o0x7fdedc6ba468;  alias, 0 drivers
v0x564c386909b0_0 .net "S_n", 0 0, L_0x564c386b4100;  1 drivers
v0x564c38690a70_0 .net "Y", 0 0, L_0x564c386b42d0;  1 drivers
S_0x564c38690bb0 .scope module, "i13" "MUX2X1" 3 114, 3 18 0, S_0x564c38668ea0;
 .timescale 0 0;
    .port_info 0 /INPUT 1 "A";
    .port_info 1 /INPUT 1 "B";
    .port_info 2 /INPUT 1 "S";
    .port_info 3 /OUTPUT 1 "Y";
L_0x564c386b46d0 .functor NOT 1, o0x7fdedc6ba468, C4<0>, C4<0>, C4<0>;
L_0x564c386b4740 .functor NAND 1, L_0x564c386b49e0, o0x7fdedc6ba468, C4<1>, C4<1>;
L_0x564c386b47b0 .functor NAND 1, L_0x564c386b4ad0, L_0x564c386b46d0, C4<1>, C4<1>;
L_0x564c386b48a0 .functor NAND 1, L_0x564c386b4740, L_0x564c386b47b0, C4<1>, C4<1>;
v0x564c38690d40_0 .net "A", 0 0, L_0x564c386b49e0;  1 drivers
v0x564c38690e20_0 .net "AS", 0 0, L_0x564c386b4740;  1 drivers
v0x564c38690ee0_0 .net "B", 0 0, L_0x564c386b4ad0;  1 drivers
v0x564c38690fb0_0 .net "BS", 0 0, L_0x564c386b47b0;  1 drivers
v0x564c38691070_0 .net "S", 0 0, o0x7fdedc6ba468;  alias, 0 drivers
v0x564c38691160_0 .net "S_n", 0 0, L_0x564c386b46d0;  1 drivers
v0x564c38691220_0 .net "Y", 0 0, L_0x564c386b48a0;  1 drivers
S_0x564c38691360 .scope module, "i14" "MUX2X1" 3 120, 3 18 0, S_0x564c38668ea0;
 .timescale 0 0;
    .port_info 0 /INPUT 1 "A";
    .port_info 1 /INPUT 1 "B";
    .port_info 2 /INPUT 1 "S";
    .port_info 3 /OUTPUT 1 "Y";
L_0x564c386b4cb0 .functor NOT 1, o0x7fdedc6ba468, C4<0>, C4<0>, C4<0>;
L_0x564c386b4d20 .functor NAND 1, L_0x564c386b4fc0, o0x7fdedc6ba468, C4<1>, C4<1>;
L_0x564c386b4d90 .functor NAND 1, L_0x564c386b50b0, L_0x564c386b4cb0, C4<1>, C4<1>;
L_0x564c386b4e80 .functor NAND 1, L_0x564c386b4d20, L_0x564c386b4d90, C4<1>, C4<1>;
v0x564c386915b0_0 .net "A", 0 0, L_0x564c386b4fc0;  1 drivers
v0x564c38691690_0 .net "AS", 0 0, L_0x564c386b4d20;  1 drivers
v0x564c38691750_0 .net "B", 0 0, L_0x564c386b50b0;  1 drivers
v0x564c38691820_0 .net "BS", 0 0, L_0x564c386b4d90;  1 drivers
v0x564c386918e0_0 .net "S", 0 0, o0x7fdedc6ba468;  alias, 0 drivers
v0x564c386919d0_0 .net "S_n", 0 0, L_0x564c386b4cb0;  1 drivers
v0x564c38691a90_0 .net "Y", 0 0, L_0x564c386b4e80;  1 drivers
S_0x564c38691bd0 .scope module, "i15" "MUX2X1" 3 126, 3 18 0, S_0x564c38668ea0;
 .timescale 0 0;
    .port_info 0 /INPUT 1 "A";
    .port_info 1 /INPUT 1 "B";
    .port_info 2 /INPUT 1 "S";
    .port_info 3 /OUTPUT 1 "Y";
L_0x564c386b52a0 .functor NOT 1, o0x7fdedc6ba468, C4<0>, C4<0>, C4<0>;
L_0x564c386b5310 .functor NAND 1, L_0x564c386b5dc0, o0x7fdedc6ba468, C4<1>, C4<1>;
L_0x564c386b5b90 .functor NAND 1, L_0x564c386b60c0, L_0x564c386b52a0, C4<1>, C4<1>;
L_0x564c386b5c80 .functor NAND 1, L_0x564c386b5310, L_0x564c386b5b90, C4<1>, C4<1>;
v0x564c38691e20_0 .net "A", 0 0, L_0x564c386b5dc0;  1 drivers
v0x564c38691f00_0 .net "AS", 0 0, L_0x564c386b5310;  1 drivers
v0x564c38691fc0_0 .net "B", 0 0, L_0x564c386b60c0;  1 drivers
v0x564c38692090_0 .net "BS", 0 0, L_0x564c386b5b90;  1 drivers
v0x564c38692150_0 .net "S", 0 0, o0x7fdedc6ba468;  alias, 0 drivers
v0x564c38692240_0 .net "S_n", 0 0, L_0x564c386b52a0;  1 drivers
v0x564c38692300_0 .net "Y", 0 0, L_0x564c386b5c80;  1 drivers
S_0x564c38692440 .scope module, "i16" "MUX2X1" 3 132, 3 18 0, S_0x564c38668ea0;
 .timescale 0 0;
    .port_info 0 /INPUT 1 "A";
    .port_info 1 /INPUT 1 "B";
    .port_info 2 /INPUT 1 "S";
    .port_info 3 /OUTPUT 1 "Y";
L_0x564c386b64d0 .functor NOT 1, o0x7fdedc6ba468, C4<0>, C4<0>, C4<0>;
L_0x564c386b6540 .functor NAND 1, L_0x564c386b67e0, o0x7fdedc6ba468, C4<1>, C4<1>;
L_0x564c386b65b0 .functor NAND 1, L_0x564c386b68d0, L_0x564c386b64d0, C4<1>, C4<1>;
L_0x564c386b66a0 .functor NAND 1, L_0x564c386b6540, L_0x564c386b65b0, C4<1>, C4<1>;
v0x564c38692720_0 .net "A", 0 0, L_0x564c386b67e0;  1 drivers
v0x564c38692800_0 .net "AS", 0 0, L_0x564c386b6540;  1 drivers
v0x564c386928c0_0 .net "B", 0 0, L_0x564c386b68d0;  1 drivers
v0x564c38692990_0 .net "BS", 0 0, L_0x564c386b65b0;  1 drivers
v0x564c38692a50_0 .net "S", 0 0, o0x7fdedc6ba468;  alias, 0 drivers
v0x564c38692af0_0 .net "S_n", 0 0, L_0x564c386b64d0;  1 drivers
v0x564c38692bb0_0 .net "Y", 0 0, L_0x564c386b66a0;  1 drivers
S_0x564c38692cf0 .scope module, "i17" "MUX2X1" 3 138, 3 18 0, S_0x564c38668ea0;
 .timescale 0 0;
    .port_info 0 /INPUT 1 "A";
    .port_info 1 /INPUT 1 "B";
    .port_info 2 /INPUT 1 "S";
    .port_info 3 /OUTPUT 1 "Y";
L_0x564c386b6ae0 .functor NOT 1, o0x7fdedc6ba468, C4<0>, C4<0>, C4<0>;
L_0x564c386b6b50 .functor NAND 1, L_0x564c386b6df0, o0x7fdedc6ba468, C4<1>, C4<1>;
L_0x564c386b6bc0 .functor NAND 1, L_0x564c386b6ee0, L_0x564c386b6ae0, C4<1>, C4<1>;
L_0x564c386b6cb0 .functor NAND 1, L_0x564c386b6b50, L_0x564c386b6bc0, C4<1>, C4<1>;
v0x564c38692f40_0 .net "A", 0 0, L_0x564c386b6df0;  1 drivers
v0x564c38693020_0 .net "AS", 0 0, L_0x564c386b6b50;  1 drivers
v0x564c386930e0_0 .net "B", 0 0, L_0x564c386b6ee0;  1 drivers
v0x564c386931b0_0 .net "BS", 0 0, L_0x564c386b6bc0;  1 drivers
v0x564c38693270_0 .net "S", 0 0, o0x7fdedc6ba468;  alias, 0 drivers
v0x564c38693360_0 .net "S_n", 0 0, L_0x564c386b6ae0;  1 drivers
v0x564c38693420_0 .net "Y", 0 0, L_0x564c386b6cb0;  1 drivers
S_0x564c38693560 .scope module, "i18" "MUX2X1" 3 144, 3 18 0, S_0x564c38668ea0;
 .timescale 0 0;
    .port_info 0 /INPUT 1 "A";
    .port_info 1 /INPUT 1 "B";
    .port_info 2 /INPUT 1 "S";
    .port_info 3 /OUTPUT 1 "Y";
L_0x564c386b69c0 .functor NOT 1, o0x7fdedc6ba468, C4<0>, C4<0>, C4<0>;
L_0x564c386b6a30 .functor NAND 1, L_0x564c386b7300, o0x7fdedc6ba468, C4<1>, C4<1>;
L_0x564c386b7100 .functor NAND 1, L_0x564c386b73f0, L_0x564c386b69c0, C4<1>, C4<1>;
L_0x564c386b71c0 .functor NAND 1, L_0x564c386b6a30, L_0x564c386b7100, C4<1>, C4<1>;
v0x564c386937b0_0 .net "A", 0 0, L_0x564c386b7300;  1 drivers
v0x564c38693890_0 .net "AS", 0 0, L_0x564c386b6a30;  1 drivers
v0x564c38693950_0 .net "B", 0 0, L_0x564c386b73f0;  1 drivers
v0x564c38693a20_0 .net "BS", 0 0, L_0x564c386b7100;  1 drivers
v0x564c38693ae0_0 .net "S", 0 0, o0x7fdedc6ba468;  alias, 0 drivers
v0x564c38693bd0_0 .net "S_n", 0 0, L_0x564c386b69c0;  1 drivers
v0x564c38693c90_0 .net "Y", 0 0, L_0x564c386b71c0;  1 drivers
S_0x564c38693dd0 .scope module, "i19" "MUX2X1" 3 150, 3 18 0, S_0x564c38668ea0;
 .timescale 0 0;
    .port_info 0 /INPUT 1 "A";
    .port_info 1 /INPUT 1 "B";
    .port_info 2 /INPUT 1 "S";
    .port_info 3 /OUTPUT 1 "Y";
L_0x564c386b7620 .functor NOT 1, o0x7fdedc6ba468, C4<0>, C4<0>, C4<0>;
L_0x564c386b7690 .functor NAND 1, L_0x564c386b7960, o0x7fdedc6ba468, C4<1>, C4<1>;
L_0x564c386b7700 .functor NAND 1, L_0x564c386b7a50, L_0x564c386b7620, C4<1>, C4<1>;
L_0x564c386b7820 .functor NAND 1, L_0x564c386b7690, L_0x564c386b7700, C4<1>, C4<1>;
v0x564c38694020_0 .net "A", 0 0, L_0x564c386b7960;  1 drivers
v0x564c38694100_0 .net "AS", 0 0, L_0x564c386b7690;  1 drivers
v0x564c386941c0_0 .net "B", 0 0, L_0x564c386b7a50;  1 drivers
v0x564c38694290_0 .net "BS", 0 0, L_0x564c386b7700;  1 drivers
v0x564c38694350_0 .net "S", 0 0, o0x7fdedc6ba468;  alias, 0 drivers
v0x564c38694440_0 .net "S_n", 0 0, L_0x564c386b7620;  1 drivers
v0x564c38694500_0 .net "Y", 0 0, L_0x564c386b7820;  1 drivers
S_0x564c38694640 .scope module, "i2" "MUX2X1" 3 48, 3 18 0, S_0x564c38668ea0;
 .timescale 0 0;
    .port_info 0 /INPUT 1 "A";
    .port_info 1 /INPUT 1 "B";
    .port_info 2 /INPUT 1 "S";
    .port_info 3 /OUTPUT 1 "Y";
L_0x564c386b0b40 .functor NOT 1, o0x7fdedc6ba468, C4<0>, C4<0>, C4<0>;
L_0x564c386b0bb0 .functor NAND 1, L_0x564c386b0e20, o0x7fdedc6ba468, C4<1>, C4<1>;
L_0x564c386b0c20 .functor NAND 1, L_0x564c386b0f10, L_0x564c386b0b40, C4<1>, C4<1>;
L_0x564c386b0ce0 .functor NAND 1, L_0x564c386b0bb0, L_0x564c386b0c20, C4<1>, C4<1>;
v0x564c38694890_0 .net "A", 0 0, L_0x564c386b0e20;  1 drivers
v0x564c38694970_0 .net "AS", 0 0, L_0x564c386b0bb0;  1 drivers
v0x564c38694a30_0 .net "B", 0 0, L_0x564c386b0f10;  1 drivers
v0x564c38694b00_0 .net "BS", 0 0, L_0x564c386b0c20;  1 drivers
v0x564c38694bc0_0 .net "S", 0 0, o0x7fdedc6ba468;  alias, 0 drivers
v0x564c38694cb0_0 .net "S_n", 0 0, L_0x564c386b0b40;  1 drivers
v0x564c38694d70_0 .net "Y", 0 0, L_0x564c386b0ce0;  1 drivers
S_0x564c38694eb0 .scope module, "i20" "MUX2X1" 3 156, 3 18 0, S_0x564c38668ea0;
 .timescale 0 0;
    .port_info 0 /INPUT 1 "A";
    .port_info 1 /INPUT 1 "B";
    .port_info 2 /INPUT 1 "S";
    .port_info 3 /OUTPUT 1 "Y";
L_0x564c386b7c90 .functor NOT 1, o0x7fdedc6ba468, C4<0>, C4<0>, C4<0>;
L_0x564c386b7d00 .functor NAND 1, L_0x564c386b7fa0, o0x7fdedc6ba468, C4<1>, C4<1>;
L_0x564c386b7d70 .functor NAND 1, L_0x564c386b8090, L_0x564c386b7c90, C4<1>, C4<1>;
L_0x564c386b7e60 .functor NAND 1, L_0x564c386b7d00, L_0x564c386b7d70, C4<1>, C4<1>;
v0x564c38695100_0 .net "A", 0 0, L_0x564c386b7fa0;  1 drivers
v0x564c386951e0_0 .net "AS", 0 0, L_0x564c386b7d00;  1 drivers
v0x564c386952a0_0 .net "B", 0 0, L_0x564c386b8090;  1 drivers
v0x564c38695370_0 .net "BS", 0 0, L_0x564c386b7d70;  1 drivers
v0x564c38695430_0 .net "S", 0 0, o0x7fdedc6ba468;  alias, 0 drivers
v0x564c38695520_0 .net "S_n", 0 0, L_0x564c386b7c90;  1 drivers
v0x564c386955e0_0 .net "Y", 0 0, L_0x564c386b7e60;  1 drivers
S_0x564c38695720 .scope module, "i21" "MUX2X1" 3 162, 3 18 0, S_0x564c38668ea0;
 .timescale 0 0;
    .port_info 0 /INPUT 1 "A";
    .port_info 1 /INPUT 1 "B";
    .port_info 2 /INPUT 1 "S";
    .port_info 3 /OUTPUT 1 "Y";
L_0x564c386b82e0 .functor NOT 1, o0x7fdedc6ba468, C4<0>, C4<0>, C4<0>;
L_0x564c386b8350 .functor NAND 1, L_0x564c386b85f0, o0x7fdedc6ba468, C4<1>, C4<1>;
L_0x564c386b83c0 .functor NAND 1, L_0x564c386b86e0, L_0x564c386b82e0, C4<1>, C4<1>;
L_0x564c386b84b0 .functor NAND 1, L_0x564c386b8350, L_0x564c386b83c0, C4<1>, C4<1>;
v0x564c38695970_0 .net "A", 0 0, L_0x564c386b85f0;  1 drivers
v0x564c38695a50_0 .net "AS", 0 0, L_0x564c386b8350;  1 drivers
v0x564c38695b10_0 .net "B", 0 0, L_0x564c386b86e0;  1 drivers
v0x564c38695be0_0 .net "BS", 0 0, L_0x564c386b83c0;  1 drivers
v0x564c38695ca0_0 .net "S", 0 0, o0x7fdedc6ba468;  alias, 0 drivers
v0x564c38695d90_0 .net "S_n", 0 0, L_0x564c386b82e0;  1 drivers
v0x564c38695e50_0 .net "Y", 0 0, L_0x564c386b84b0;  1 drivers
S_0x564c38695f90 .scope module, "i22" "MUX2X1" 3 168, 3 18 0, S_0x564c38668ea0;
 .timescale 0 0;
    .port_info 0 /INPUT 1 "A";
    .port_info 1 /INPUT 1 "B";
    .port_info 2 /INPUT 1 "S";
    .port_info 3 /OUTPUT 1 "Y";
L_0x564c386b8940 .functor NOT 1, o0x7fdedc6ba468, C4<0>, C4<0>, C4<0>;
L_0x564c386b89b0 .functor NAND 1, L_0x564c386b8c50, o0x7fdedc6ba468, C4<1>, C4<1>;
L_0x564c386b8a20 .functor NAND 1, L_0x564c386b8d40, L_0x564c386b8940, C4<1>, C4<1>;
L_0x564c386b8b10 .functor NAND 1, L_0x564c386b89b0, L_0x564c386b8a20, C4<1>, C4<1>;
v0x564c386961e0_0 .net "A", 0 0, L_0x564c386b8c50;  1 drivers
v0x564c386962c0_0 .net "AS", 0 0, L_0x564c386b89b0;  1 drivers
v0x564c38696380_0 .net "B", 0 0, L_0x564c386b8d40;  1 drivers
v0x564c38696450_0 .net "BS", 0 0, L_0x564c386b8a20;  1 drivers
v0x564c38696510_0 .net "S", 0 0, o0x7fdedc6ba468;  alias, 0 drivers
v0x564c38696600_0 .net "S_n", 0 0, L_0x564c386b8940;  1 drivers
v0x564c386966c0_0 .net "Y", 0 0, L_0x564c386b8b10;  1 drivers
S_0x564c38696800 .scope module, "i23" "MUX2X1" 3 174, 3 18 0, S_0x564c38668ea0;
 .timescale 0 0;
    .port_info 0 /INPUT 1 "A";
    .port_info 1 /INPUT 1 "B";
    .port_info 2 /INPUT 1 "S";
    .port_info 3 /OUTPUT 1 "Y";
L_0x564c386b8fb0 .functor NOT 1, o0x7fdedc6ba468, C4<0>, C4<0>, C4<0>;
L_0x564c386b9020 .functor NAND 1, L_0x564c386b92c0, o0x7fdedc6ba468, C4<1>, C4<1>;
L_0x564c386b9090 .functor NAND 1, L_0x564c386b93b0, L_0x564c386b8fb0, C4<1>, C4<1>;
L_0x564c386b9180 .functor NAND 1, L_0x564c386b9020, L_0x564c386b9090, C4<1>, C4<1>;
v0x564c38696b60_0 .net "A", 0 0, L_0x564c386b92c0;  1 drivers
v0x564c38696c40_0 .net "AS", 0 0, L_0x564c386b9020;  1 drivers
v0x564c38696d00_0 .net "B", 0 0, L_0x564c386b93b0;  1 drivers
v0x564c38696dd0_0 .net "BS", 0 0, L_0x564c386b9090;  1 drivers
v0x564c38696e90_0 .net "S", 0 0, o0x7fdedc6ba468;  alias, 0 drivers
v0x564c38697190_0 .net "S_n", 0 0, L_0x564c386b8fb0;  1 drivers
v0x564c38697250_0 .net "Y", 0 0, L_0x564c386b9180;  1 drivers
S_0x564c38697390 .scope module, "i24" "MUX2X1" 3 180, 3 18 0, S_0x564c38668ea0;
 .timescale 0 0;
    .port_info 0 /INPUT 1 "A";
    .port_info 1 /INPUT 1 "B";
    .port_info 2 /INPUT 1 "S";
    .port_info 3 /OUTPUT 1 "Y";
L_0x564c386b9630 .functor NOT 1, o0x7fdedc6ba468, C4<0>, C4<0>, C4<0>;
L_0x564c386b96a0 .functor NAND 1, L_0x564c386b9940, o0x7fdedc6ba468, C4<1>, C4<1>;
L_0x564c386b9710 .functor NAND 1, L_0x564c386b9a30, L_0x564c386b9630, C4<1>, C4<1>;
L_0x564c386b9800 .functor NAND 1, L_0x564c386b96a0, L_0x564c386b9710, C4<1>, C4<1>;
v0x564c386975e0_0 .net "A", 0 0, L_0x564c386b9940;  1 drivers
v0x564c386976c0_0 .net "AS", 0 0, L_0x564c386b96a0;  1 drivers
v0x564c38697780_0 .net "B", 0 0, L_0x564c386b9a30;  1 drivers
v0x564c38697850_0 .net "BS", 0 0, L_0x564c386b9710;  1 drivers
v0x564c38697910_0 .net "S", 0 0, o0x7fdedc6ba468;  alias, 0 drivers
v0x564c38697a00_0 .net "S_n", 0 0, L_0x564c386b9630;  1 drivers
v0x564c38697ac0_0 .net "Y", 0 0, L_0x564c386b9800;  1 drivers
S_0x564c38697c00 .scope module, "i25" "MUX2X1" 3 186, 3 18 0, S_0x564c38668ea0;
 .timescale 0 0;
    .port_info 0 /INPUT 1 "A";
    .port_info 1 /INPUT 1 "B";
    .port_info 2 /INPUT 1 "S";
    .port_info 3 /OUTPUT 1 "Y";
L_0x564c386b9cc0 .functor NOT 1, o0x7fdedc6ba468, C4<0>, C4<0>, C4<0>;
L_0x564c386b9d30 .functor NAND 1, L_0x564c386b9fd0, o0x7fdedc6ba468, C4<1>, C4<1>;
L_0x564c386b9da0 .functor NAND 1, L_0x564c386ba0c0, L_0x564c386b9cc0, C4<1>, C4<1>;
L_0x564c386b9e90 .functor NAND 1, L_0x564c386b9d30, L_0x564c386b9da0, C4<1>, C4<1>;
v0x564c38697e50_0 .net "A", 0 0, L_0x564c386b9fd0;  1 drivers
v0x564c38697f30_0 .net "AS", 0 0, L_0x564c386b9d30;  1 drivers
v0x564c38697ff0_0 .net "B", 0 0, L_0x564c386ba0c0;  1 drivers
v0x564c386980c0_0 .net "BS", 0 0, L_0x564c386b9da0;  1 drivers
v0x564c38698180_0 .net "S", 0 0, o0x7fdedc6ba468;  alias, 0 drivers
v0x564c38698270_0 .net "S_n", 0 0, L_0x564c386b9cc0;  1 drivers
v0x564c38698330_0 .net "Y", 0 0, L_0x564c386b9e90;  1 drivers
S_0x564c38698470 .scope module, "i26" "MUX2X1" 3 192, 3 18 0, S_0x564c38668ea0;
 .timescale 0 0;
    .port_info 0 /INPUT 1 "A";
    .port_info 1 /INPUT 1 "B";
    .port_info 2 /INPUT 1 "S";
    .port_info 3 /OUTPUT 1 "Y";
L_0x564c386ba360 .functor NOT 1, o0x7fdedc6ba468, C4<0>, C4<0>, C4<0>;
L_0x564c386ba3d0 .functor NAND 1, L_0x564c386ba670, o0x7fdedc6ba468, C4<1>, C4<1>;
L_0x564c386ba440 .functor NAND 1, L_0x564c386ba760, L_0x564c386ba360, C4<1>, C4<1>;
L_0x564c386ba530 .functor NAND 1, L_0x564c386ba3d0, L_0x564c386ba440, C4<1>, C4<1>;
v0x564c386986c0_0 .net "A", 0 0, L_0x564c386ba670;  1 drivers
v0x564c386987a0_0 .net "AS", 0 0, L_0x564c386ba3d0;  1 drivers
v0x564c38698860_0 .net "B", 0 0, L_0x564c386ba760;  1 drivers
v0x564c38698930_0 .net "BS", 0 0, L_0x564c386ba440;  1 drivers
v0x564c386989f0_0 .net "S", 0 0, o0x7fdedc6ba468;  alias, 0 drivers
v0x564c38698ae0_0 .net "S_n", 0 0, L_0x564c386ba360;  1 drivers
v0x564c38698ba0_0 .net "Y", 0 0, L_0x564c386ba530;  1 drivers
S_0x564c38698ce0 .scope module, "i27" "MUX2X1" 3 198, 3 18 0, S_0x564c38668ea0;
 .timescale 0 0;
    .port_info 0 /INPUT 1 "A";
    .port_info 1 /INPUT 1 "B";
    .port_info 2 /INPUT 1 "S";
    .port_info 3 /OUTPUT 1 "Y";
L_0x564c386baa10 .functor NOT 1, o0x7fdedc6ba468, C4<0>, C4<0>, C4<0>;
L_0x564c386baa80 .functor NAND 1, L_0x564c386bad20, o0x7fdedc6ba468, C4<1>, C4<1>;
L_0x564c386baaf0 .functor NAND 1, L_0x564c386bae10, L_0x564c386baa10, C4<1>, C4<1>;
L_0x564c386babe0 .functor NAND 1, L_0x564c386baa80, L_0x564c386baaf0, C4<1>, C4<1>;
v0x564c38698f30_0 .net "A", 0 0, L_0x564c386bad20;  1 drivers
v0x564c38699010_0 .net "AS", 0 0, L_0x564c386baa80;  1 drivers
v0x564c386990d0_0 .net "B", 0 0, L_0x564c386bae10;  1 drivers
v0x564c386991a0_0 .net "BS", 0 0, L_0x564c386baaf0;  1 drivers
v0x564c38699260_0 .net "S", 0 0, o0x7fdedc6ba468;  alias, 0 drivers
v0x564c38699350_0 .net "S_n", 0 0, L_0x564c386baa10;  1 drivers
v0x564c38699410_0 .net "Y", 0 0, L_0x564c386babe0;  1 drivers
S_0x564c38699550 .scope module, "i28" "MUX2X1" 3 204, 3 18 0, S_0x564c38668ea0;
 .timescale 0 0;
    .port_info 0 /INPUT 1 "A";
    .port_info 1 /INPUT 1 "B";
    .port_info 2 /INPUT 1 "S";
    .port_info 3 /OUTPUT 1 "Y";
L_0x564c386bb0d0 .functor NOT 1, o0x7fdedc6ba468, C4<0>, C4<0>, C4<0>;
L_0x564c386bb140 .functor NAND 1, L_0x564c386bb3e0, o0x7fdedc6ba468, C4<1>, C4<1>;
L_0x564c386bb1b0 .functor NAND 1, L_0x564c386bb4d0, L_0x564c386bb0d0, C4<1>, C4<1>;
L_0x564c386bb2a0 .functor NAND 1, L_0x564c386bb140, L_0x564c386bb1b0, C4<1>, C4<1>;
v0x564c386997a0_0 .net "A", 0 0, L_0x564c386bb3e0;  1 drivers
v0x564c38699880_0 .net "AS", 0 0, L_0x564c386bb140;  1 drivers
v0x564c38699940_0 .net "B", 0 0, L_0x564c386bb4d0;  1 drivers
v0x564c38699a10_0 .net "BS", 0 0, L_0x564c386bb1b0;  1 drivers
v0x564c38699ad0_0 .net "S", 0 0, o0x7fdedc6ba468;  alias, 0 drivers
v0x564c38699bc0_0 .net "S_n", 0 0, L_0x564c386bb0d0;  1 drivers
v0x564c38699c80_0 .net "Y", 0 0, L_0x564c386bb2a0;  1 drivers
S_0x564c38699dc0 .scope module, "i29" "MUX2X1" 3 210, 3 18 0, S_0x564c38668ea0;
 .timescale 0 0;
    .port_info 0 /INPUT 1 "A";
    .port_info 1 /INPUT 1 "B";
    .port_info 2 /INPUT 1 "S";
    .port_info 3 /OUTPUT 1 "Y";
L_0x564c386bb7a0 .functor NOT 1, o0x7fdedc6ba468, C4<0>, C4<0>, C4<0>;
L_0x564c386bb810 .functor NAND 1, L_0x564c386bbab0, o0x7fdedc6ba468, C4<1>, C4<1>;
L_0x564c386bb880 .functor NAND 1, L_0x564c386bbba0, L_0x564c386bb7a0, C4<1>, C4<1>;
L_0x564c386bb970 .functor NAND 1, L_0x564c386bb810, L_0x564c386bb880, C4<1>, C4<1>;
v0x564c3869a010_0 .net "A", 0 0, L_0x564c386bbab0;  1 drivers
v0x564c3869a0f0_0 .net "AS", 0 0, L_0x564c386bb810;  1 drivers
v0x564c3869a1b0_0 .net "B", 0 0, L_0x564c386bbba0;  1 drivers
v0x564c3869a280_0 .net "BS", 0 0, L_0x564c386bb880;  1 drivers
v0x564c3869a340_0 .net "S", 0 0, o0x7fdedc6ba468;  alias, 0 drivers
v0x564c3869a430_0 .net "S_n", 0 0, L_0x564c386bb7a0;  1 drivers
v0x564c3869a4f0_0 .net "Y", 0 0, L_0x564c386bb970;  1 drivers
S_0x564c3869a630 .scope module, "i3" "MUX2X1" 3 54, 3 18 0, S_0x564c38668ea0;
 .timescale 0 0;
    .port_info 0 /INPUT 1 "A";
    .port_info 1 /INPUT 1 "B";
    .port_info 2 /INPUT 1 "S";
    .port_info 3 /OUTPUT 1 "Y";
L_0x564c386b1040 .functor NOT 1, o0x7fdedc6ba468, C4<0>, C4<0>, C4<0>;
L_0x564c386b10b0 .functor NAND 1, L_0x564c386b1320, o0x7fdedc6ba468, C4<1>, C4<1>;
L_0x564c386b1120 .functor NAND 1, L_0x564c386b1410, L_0x564c386b1040, C4<1>, C4<1>;
L_0x564c386b11e0 .functor NAND 1, L_0x564c386b10b0, L_0x564c386b1120, C4<1>, C4<1>;
v0x564c3869a880_0 .net "A", 0 0, L_0x564c386b1320;  1 drivers
v0x564c3869a960_0 .net "AS", 0 0, L_0x564c386b10b0;  1 drivers
v0x564c3869aa20_0 .net "B", 0 0, L_0x564c386b1410;  1 drivers
v0x564c3869aaf0_0 .net "BS", 0 0, L_0x564c386b1120;  1 drivers
v0x564c3869abb0_0 .net "S", 0 0, o0x7fdedc6ba468;  alias, 0 drivers
v0x564c3869aca0_0 .net "S_n", 0 0, L_0x564c386b1040;  1 drivers
v0x564c3869ad60_0 .net "Y", 0 0, L_0x564c386b11e0;  1 drivers
S_0x564c3869aea0 .scope module, "i30" "MUX2X1" 3 216, 3 18 0, S_0x564c38668ea0;
 .timescale 0 0;
    .port_info 0 /INPUT 1 "A";
    .port_info 1 /INPUT 1 "B";
    .port_info 2 /INPUT 1 "S";
    .port_info 3 /OUTPUT 1 "Y";
L_0x564c386bbe80 .functor NOT 1, o0x7fdedc6ba468, C4<0>, C4<0>, C4<0>;
L_0x564c386bbef0 .functor NAND 1, L_0x564c386bc190, o0x7fdedc6ba468, C4<1>, C4<1>;
L_0x564c386bbf60 .functor NAND 1, L_0x564c386bc280, L_0x564c386bbe80, C4<1>, C4<1>;
L_0x564c386bc050 .functor NAND 1, L_0x564c386bbef0, L_0x564c386bbf60, C4<1>, C4<1>;
v0x564c3869b0f0_0 .net "A", 0 0, L_0x564c386bc190;  1 drivers
v0x564c3869b1d0_0 .net "AS", 0 0, L_0x564c386bbef0;  1 drivers
v0x564c3869b290_0 .net "B", 0 0, L_0x564c386bc280;  1 drivers
v0x564c3869b360_0 .net "BS", 0 0, L_0x564c386bbf60;  1 drivers
v0x564c3869b420_0 .net "S", 0 0, o0x7fdedc6ba468;  alias, 0 drivers
v0x564c3869b510_0 .net "S_n", 0 0, L_0x564c386bbe80;  1 drivers
v0x564c3869b5d0_0 .net "Y", 0 0, L_0x564c386bc050;  1 drivers
S_0x564c3869b710 .scope module, "i31" "MUX2X1" 3 222, 3 18 0, S_0x564c38668ea0;
 .timescale 0 0;
    .port_info 0 /INPUT 1 "A";
    .port_info 1 /INPUT 1 "B";
    .port_info 2 /INPUT 1 "S";
    .port_info 3 /OUTPUT 1 "Y";
L_0x564c386bc570 .functor NOT 1, o0x7fdedc6ba468, C4<0>, C4<0>, C4<0>;
L_0x564c386bc5e0 .functor NAND 1, L_0x564c386bc880, o0x7fdedc6ba468, C4<1>, C4<1>;
L_0x564c386bc650 .functor NAND 1, L_0x564c386bc970, L_0x564c386bc570, C4<1>, C4<1>;
L_0x564c386bc740 .functor NAND 1, L_0x564c386bc5e0, L_0x564c386bc650, C4<1>, C4<1>;
v0x564c3869b960_0 .net "A", 0 0, L_0x564c386bc880;  1 drivers
v0x564c3869ba40_0 .net "AS", 0 0, L_0x564c386bc5e0;  1 drivers
v0x564c3869bb00_0 .net "B", 0 0, L_0x564c386bc970;  1 drivers
v0x564c3869bbd0_0 .net "BS", 0 0, L_0x564c386bc650;  1 drivers
v0x564c3869bc90_0 .net "S", 0 0, o0x7fdedc6ba468;  alias, 0 drivers
v0x564c3869bd80_0 .net "S_n", 0 0, L_0x564c386bc570;  1 drivers
v0x564c3869be40_0 .net "Y", 0 0, L_0x564c386bc740;  1 drivers
S_0x564c3869bf80 .scope module, "i4" "MUX2X1" 3 60, 3 18 0, S_0x564c38668ea0;
 .timescale 0 0;
    .port_info 0 /INPUT 1 "A";
    .port_info 1 /INPUT 1 "B";
    .port_info 2 /INPUT 1 "S";
    .port_info 3 /OUTPUT 1 "Y";
L_0x564c386b1590 .functor NOT 1, o0x7fdedc6ba468, C4<0>, C4<0>, C4<0>;
L_0x564c386b1600 .functor NAND 1, L_0x564c386b1820, o0x7fdedc6ba468, C4<1>, C4<1>;
L_0x564c386b1670 .functor NAND 1, L_0x564c386b1910, L_0x564c386b1590, C4<1>, C4<1>;
L_0x564c386b16e0 .functor NAND 1, L_0x564c386b1600, L_0x564c386b1670, C4<1>, C4<1>;
v0x564c3869c1d0_0 .net "A", 0 0, L_0x564c386b1820;  1 drivers
v0x564c3869c2b0_0 .net "AS", 0 0, L_0x564c386b1600;  1 drivers
v0x564c3869c370_0 .net "B", 0 0, L_0x564c386b1910;  1 drivers
v0x564c3869c440_0 .net "BS", 0 0, L_0x564c386b1670;  1 drivers
v0x564c3869c500_0 .net "S", 0 0, o0x7fdedc6ba468;  alias, 0 drivers
v0x564c3869c5f0_0 .net "S_n", 0 0, L_0x564c386b1590;  1 drivers
v0x564c3869c6b0_0 .net "Y", 0 0, L_0x564c386b16e0;  1 drivers
S_0x564c3869c7f0 .scope module, "i5" "MUX2X1" 3 66, 3 18 0, S_0x564c38668ea0;
 .timescale 0 0;
    .port_info 0 /INPUT 1 "A";
    .port_info 1 /INPUT 1 "B";
    .port_info 2 /INPUT 1 "S";
    .port_info 3 /OUTPUT 1 "Y";
L_0x564c386b1a60 .functor NOT 1, o0x7fdedc6ba468, C4<0>, C4<0>, C4<0>;
L_0x564c386b1ad0 .functor NAND 1, L_0x564c386b1d20, o0x7fdedc6ba468, C4<1>, C4<1>;
L_0x564c386b1b40 .functor NAND 1, L_0x564c386b1e10, L_0x564c386b1a60, C4<1>, C4<1>;
L_0x564c386b1be0 .functor NAND 1, L_0x564c386b1ad0, L_0x564c386b1b40, C4<1>, C4<1>;
v0x564c3869ca40_0 .net "A", 0 0, L_0x564c386b1d20;  1 drivers
v0x564c3869cb20_0 .net "AS", 0 0, L_0x564c386b1ad0;  1 drivers
v0x564c3869cbe0_0 .net "B", 0 0, L_0x564c386b1e10;  1 drivers
v0x564c3869ccb0_0 .net "BS", 0 0, L_0x564c386b1b40;  1 drivers
v0x564c3869cd70_0 .net "S", 0 0, o0x7fdedc6ba468;  alias, 0 drivers
v0x564c3869ce60_0 .net "S_n", 0 0, L_0x564c386b1a60;  1 drivers
v0x564c3869cf20_0 .net "Y", 0 0, L_0x564c386b1be0;  1 drivers
S_0x564c3869d060 .scope module, "i6" "MUX2X1" 3 72, 3 18 0, S_0x564c38668ea0;
 .timescale 0 0;
    .port_info 0 /INPUT 1 "A";
    .port_info 1 /INPUT 1 "B";
    .port_info 2 /INPUT 1 "S";
    .port_info 3 /OUTPUT 1 "Y";
L_0x564c386b1f70 .functor NOT 1, o0x7fdedc6ba468, C4<0>, C4<0>, C4<0>;
L_0x564c386b1fe0 .functor NAND 1, L_0x564c386b2280, o0x7fdedc6ba468, C4<1>, C4<1>;
L_0x564c386b2050 .functor NAND 1, L_0x564c386b2370, L_0x564c386b1f70, C4<1>, C4<1>;
L_0x564c386b2140 .functor NAND 1, L_0x564c386b1fe0, L_0x564c386b2050, C4<1>, C4<1>;
v0x564c3869d2b0_0 .net "A", 0 0, L_0x564c386b2280;  1 drivers
v0x564c3869d390_0 .net "AS", 0 0, L_0x564c386b1fe0;  1 drivers
v0x564c3869d450_0 .net "B", 0 0, L_0x564c386b2370;  1 drivers
v0x564c3869d520_0 .net "BS", 0 0, L_0x564c386b2050;  1 drivers
v0x564c3869d5e0_0 .net "S", 0 0, o0x7fdedc6ba468;  alias, 0 drivers
v0x564c3869d6d0_0 .net "S_n", 0 0, L_0x564c386b1f70;  1 drivers
v0x564c3869d790_0 .net "Y", 0 0, L_0x564c386b2140;  1 drivers
S_0x564c3869d8d0 .scope module, "i7" "MUX2X1" 3 78, 3 18 0, S_0x564c38668ea0;
 .timescale 0 0;
    .port_info 0 /INPUT 1 "A";
    .port_info 1 /INPUT 1 "B";
    .port_info 2 /INPUT 1 "S";
    .port_info 3 /OUTPUT 1 "Y";
L_0x564c386b1f00 .functor NOT 1, o0x7fdedc6ba468, C4<0>, C4<0>, C4<0>;
L_0x564c386b24e0 .functor NAND 1, L_0x564c386b2780, o0x7fdedc6ba468, C4<1>, C4<1>;
L_0x564c386b2550 .functor NAND 1, L_0x564c386b2870, L_0x564c386b1f00, C4<1>, C4<1>;
L_0x564c386b2640 .functor NAND 1, L_0x564c386b24e0, L_0x564c386b2550, C4<1>, C4<1>;
v0x564c3869db20_0 .net "A", 0 0, L_0x564c386b2780;  1 drivers
v0x564c3869dc00_0 .net "AS", 0 0, L_0x564c386b24e0;  1 drivers
v0x564c3869dcc0_0 .net "B", 0 0, L_0x564c386b2870;  1 drivers
v0x564c3869dd90_0 .net "BS", 0 0, L_0x564c386b2550;  1 drivers
v0x564c3869de50_0 .net "S", 0 0, o0x7fdedc6ba468;  alias, 0 drivers
v0x564c3869df40_0 .net "S_n", 0 0, L_0x564c386b1f00;  1 drivers
v0x564c3869e000_0 .net "Y", 0 0, L_0x564c386b2640;  1 drivers
S_0x564c3869e140 .scope module, "i8" "MUX2X1" 3 84, 3 18 0, S_0x564c38668ea0;
 .timescale 0 0;
    .port_info 0 /INPUT 1 "A";
    .port_info 1 /INPUT 1 "B";
    .port_info 2 /INPUT 1 "S";
    .port_info 3 /OUTPUT 1 "Y";
L_0x564c386b2b00 .functor NOT 1, o0x7fdedc6ba468, C4<0>, C4<0>, C4<0>;
L_0x564c386b2b70 .functor NAND 1, L_0x564c386b2e10, o0x7fdedc6ba468, C4<1>, C4<1>;
L_0x564c386b2be0 .functor NAND 1, L_0x564c386b2f00, L_0x564c386b2b00, C4<1>, C4<1>;
L_0x564c386b2cd0 .functor NAND 1, L_0x564c386b2b70, L_0x564c386b2be0, C4<1>, C4<1>;
v0x564c3869e390_0 .net "A", 0 0, L_0x564c386b2e10;  1 drivers
v0x564c3869e470_0 .net "AS", 0 0, L_0x564c386b2b70;  1 drivers
v0x564c3869e530_0 .net "B", 0 0, L_0x564c386b2f00;  1 drivers
v0x564c3869e600_0 .net "BS", 0 0, L_0x564c386b2be0;  1 drivers
v0x564c3869e6c0_0 .net "S", 0 0, o0x7fdedc6ba468;  alias, 0 drivers
v0x564c3869e7b0_0 .net "S_n", 0 0, L_0x564c386b2b00;  1 drivers
v0x564c3869e870_0 .net "Y", 0 0, L_0x564c386b2cd0;  1 drivers
S_0x564c3869e9b0 .scope module, "i9" "MUX2X1" 3 90, 3 18 0, S_0x564c38668ea0;
 .timescale 0 0;
    .port_info 0 /INPUT 1 "A";
    .port_info 1 /INPUT 1 "B";
    .port_info 2 /INPUT 1 "S";
    .port_info 3 /OUTPUT 1 "Y";
L_0x564c386b3090 .functor NOT 1, o0x7fdedc6ba468, C4<0>, C4<0>, C4<0>;
L_0x564c386b3100 .functor NAND 1, L_0x564c386b33a0, o0x7fdedc6ba468, C4<1>, C4<1>;
L_0x564c386b3170 .functor NAND 1, L_0x564c386b3490, L_0x564c386b3090, C4<1>, C4<1>;
L_0x564c386b3260 .functor NAND 1, L_0x564c386b3100, L_0x564c386b3170, C4<1>, C4<1>;
v0x564c3869ec00_0 .net "A", 0 0, L_0x564c386b33a0;  1 drivers
v0x564c3869ece0_0 .net "AS", 0 0, L_0x564c386b3100;  1 drivers
v0x564c3869eda0_0 .net "B", 0 0, L_0x564c386b3490;  1 drivers
v0x564c3869ee70_0 .net "BS", 0 0, L_0x564c386b3170;  1 drivers
v0x564c3869ef30_0 .net "S", 0 0, o0x7fdedc6ba468;  alias, 0 drivers
v0x564c3869f020_0 .net "S_n", 0 0, L_0x564c386b3090;  1 drivers
v0x564c3869f0e0_0 .net "Y", 0 0, L_0x564c386b3260;  1 drivers
# The file index is used to find the file name in the following table.
:file_names 4;
    "N/A";
    "<interactive>";
    "EXT16T32.v";
    "./../MUX2X32/mux.v";
