#! /usr/bin/vvp
:ivl_version "11.0 (stable)";
:ivl_delay_selection "TYPICAL";
:vpi_time_precision - 9;
:vpi_module "/usr/lib/x86_64-linux-gnu/ivl/system.vpi";
:vpi_module "/usr/lib/x86_64-linux-gnu/ivl/vhdl_sys.vpi";
:vpi_module "/usr/lib/x86_64-linux-gnu/ivl/vhdl_textio.vpi";
:vpi_module "/usr/lib/x86_64-linux-gnu/ivl/v2005_math.vpi";
:vpi_module "/usr/lib/x86_64-linux-gnu/ivl/va_math.vpi";
S_0x562286d92380 .scope module, "MUX2X32_another" "MUX2X32_another" 2 30;
 .timescale -9 -9;
    .port_info 0 /INPUT 32 "A";
    .port_info 1 /INPUT 32 "B";
    .port_info 2 /INPUT 1 "S";
    .port_info 3 /OUTPUT 32 "Y";
o0x7ff12faa3c48 .functor BUFZ 32, C4<zzzzzzzzzzzzzzzzzzzzzzzzzzzzzzzz>; HiZ drive
v0x562286db6560_0 .net "A", 31 0, o0x7ff12faa3c48;  0 drivers
o0x7ff12faa3c78 .functor BUFZ 32, C4<zzzzzzzzzzzzzzzzzzzzzzzzzzzzzzzz>; HiZ drive
v0x562286db6660_0 .net "B", 31 0, o0x7ff12faa3c78;  0 drivers
o0x7ff12faa00d8 .functor BUFZ 1, C4<z>; HiZ drive
v0x562286db6740_0 .net "S", 0 0, o0x7ff12faa00d8;  0 drivers
v0x562286db6bf0_0 .net "Y", 31 0, L_0x562286dc55c0;  1 drivers
L_0x562286db8b20 .part o0x7ff12faa3c48, 0, 1;
L_0x562286db8c10 .part o0x7ff12faa3c78, 0, 1;
L_0x562286db9070 .part o0x7ff12faa3c48, 1, 1;
L_0x562286db91b0 .part o0x7ff12faa3c78, 1, 1;
L_0x562286db9600 .part o0x7ff12faa3c48, 2, 1;
L_0x562286db96f0 .part o0x7ff12faa3c78, 2, 1;
L_0x562286db9b00 .part o0x7ff12faa3c48, 3, 1;
L_0x562286db9bf0 .part o0x7ff12faa3c78, 3, 1;
L_0x562286db9f70 .part o0x7ff12faa3c48, 4, 1;
L_0x562286dba060 .part o0x7ff12faa3c78, 4, 1;
L_0x562286dba470 .part o0x7ff12faa3c48, 5, 1;
L_0x562286dba560 .part o0x7ff12faa3c78, 5, 1;
L_0x562286dba9d0 .part o0x7ff12faa3c48, 6, 1;
L_0x562286dbaac0 .part o0x7ff12faa3c78, 6, 1;
L_0x562286dbaed0 .part o0x7ff12faa3c48, 7, 1;
L_0x562286dbafc0 .part o0x7ff12faa3c78, 7, 1;
L_0x562286dbb560 .part o0x7ff12faa3c48, 8, 1;
L_0x562286dbb650 .part o0x7ff12faa3c78, 8, 1;
L_0x562286dbbaf0 .part o0x7ff12faa3c48, 9, 1;
L_0x562286dbbbe0 .part o0x7ff12faa3c78, 9, 1;
L_0x562286dbb740 .part o0x7ff12faa3c48, 10, 1;
L_0x562286dbc0e0 .part o0x7ff12faa3c78, 10, 1;
L_0x562286dbc5a0 .part o0x7ff12faa3c48, 11, 1;
L_0x562286dbc690 .part o0x7ff12faa3c78, 11, 1;
L_0x562286dbcb60 .part o0x7ff12faa3c48, 12, 1;
L_0x562286dbcc50 .part o0x7ff12faa3c78, 12, 1;
L_0x562286dbd130 .part o0x7ff12faa3c48, 13, 1;
L_0x562286dbd220 .part o0x7ff12faa3c78, 13, 1;
L_0x562286dbd710 .part o0x7ff12faa3c48, 14, 1;
L_0x562286dbd800 .part o0x7ff12faa3c78, 14, 1;
L_0x562286dbe510 .part o0x7ff12faa3c48, 15, 1;
L_0x562286dbe600 .part o0x7ff12faa3c78, 15, 1;
L_0x562286dbed20 .part o0x7ff12faa3c48, 16, 1;
L_0x562286dbee10 .part o0x7ff12faa3c78, 16, 1;
L_0x562286dbf330 .part o0x7ff12faa3c48, 17, 1;
L_0x562286dbf420 .part o0x7ff12faa3c78, 17, 1;
L_0x562286dbf840 .part o0x7ff12faa3c48, 18, 1;
L_0x562286dbf930 .part o0x7ff12faa3c78, 18, 1;
L_0x562286dbfea0 .part o0x7ff12faa3c48, 19, 1;
L_0x562286dbff90 .part o0x7ff12faa3c78, 19, 1;
L_0x562286dc04e0 .part o0x7ff12faa3c48, 20, 1;
L_0x562286dc05d0 .part o0x7ff12faa3c78, 20, 1;
L_0x562286dc0b30 .part o0x7ff12faa3c48, 21, 1;
L_0x562286dc0c20 .part o0x7ff12faa3c78, 21, 1;
L_0x562286dc1190 .part o0x7ff12faa3c48, 22, 1;
L_0x562286dc1280 .part o0x7ff12faa3c78, 22, 1;
L_0x562286dc1800 .part o0x7ff12faa3c48, 23, 1;
L_0x562286dc18f0 .part o0x7ff12faa3c78, 23, 1;
L_0x562286dc1e80 .part o0x7ff12faa3c48, 24, 1;
L_0x562286dc1f70 .part o0x7ff12faa3c78, 24, 1;
L_0x562286dc2510 .part o0x7ff12faa3c48, 25, 1;
L_0x562286dc2600 .part o0x7ff12faa3c78, 25, 1;
L_0x562286dc2bb0 .part o0x7ff12faa3c48, 26, 1;
L_0x562286dc2ca0 .part o0x7ff12faa3c78, 26, 1;
L_0x562286dc3260 .part o0x7ff12faa3c48, 27, 1;
L_0x562286dc3350 .part o0x7ff12faa3c78, 27, 1;
L_0x562286dc3920 .part o0x7ff12faa3c48, 28, 1;
L_0x562286dc3a10 .part o0x7ff12faa3c78, 28, 1;
L_0x562286dc3ff0 .part o0x7ff12faa3c48, 29, 1;
L_0x562286dc40e0 .part o0x7ff12faa3c78, 29, 1;
L_0x562286dc46d0 .part o0x7ff12faa3c48, 30, 1;
L_0x562286dc47c0 .part o0x7ff12faa3c78, 30, 1;
L_0x562286dc4dc0 .part o0x7ff12faa3c48, 31, 1;
L_0x562286dc4eb0 .part o0x7ff12faa3c78, 31, 1;
LS_0x562286dc55c0_0_0 .concat8 [ 1 1 1 1], L_0x562286db89e0, L_0x562286db8f30, L_0x562286db94c0, L_0x562286db99c0;
LS_0x562286dc55c0_0_4 .concat8 [ 1 1 1 1], L_0x562286db9e30, L_0x562286dba330, L_0x562286dba890, L_0x562286dbad90;
LS_0x562286dc55c0_0_8 .concat8 [ 1 1 1 1], L_0x562286dbb420, L_0x562286dbb9b0, L_0x562286dbbf50, L_0x562286dbc460;
LS_0x562286dc55c0_0_12 .concat8 [ 1 1 1 1], L_0x562286dbca20, L_0x562286dbcff0, L_0x562286dbd5d0, L_0x562286dbe3d0;
LS_0x562286dc55c0_0_16 .concat8 [ 1 1 1 1], L_0x562286dbebe0, L_0x562286dbf1f0, L_0x562286dbf700, L_0x562286dbfd60;
LS_0x562286dc55c0_0_20 .concat8 [ 1 1 1 1], L_0x562286dc03a0, L_0x562286dc09f0, L_0x562286dc1050, L_0x562286dc16c0;
LS_0x562286dc55c0_0_24 .concat8 [ 1 1 1 1], L_0x562286dc1d40, L_0x562286dc23d0, L_0x562286dc2a70, L_0x562286dc3120;
LS_0x562286dc55c0_0_28 .concat8 [ 1 1 1 1], L_0x562286dc37e0, L_0x562286dc3eb0, L_0x562286dc4590, L_0x562286dc4c80;
LS_0x562286dc55c0_1_0 .concat8 [ 4 4 4 4], LS_0x562286dc55c0_0_0, LS_0x562286dc55c0_0_4, LS_0x562286dc55c0_0_8, LS_0x562286dc55c0_0_12;
LS_0x562286dc55c0_1_4 .concat8 [ 4 4 4 4], LS_0x562286dc55c0_0_16, LS_0x562286dc55c0_0_20, LS_0x562286dc55c0_0_24, LS_0x562286dc55c0_0_28;
L_0x562286dc55c0 .concat8 [ 16 16 0 0], LS_0x562286dc55c0_1_0, LS_0x562286dc55c0_1_4;
S_0x562286d7fb50 .scope module, "i0" "MUX2X1" 2 36, 2 18 0, S_0x562286d92380;
 .timescale -9 -9;
    .port_info 0 /INPUT 1 "A";
    .port_info 1 /INPUT 1 "B";
    .port_info 2 /INPUT 1 "S";
    .port_info 3 /OUTPUT 1 "Y";
L_0x562286db8740 .functor NOT 1, o0x7ff12faa00d8, C4<0>, C4<0>, C4<0>;
L_0x562286db87d0 .functor NAND 1, L_0x562286db8b20, o0x7ff12faa00d8, C4<1>, C4<1>;
L_0x562286db88c0 .functor NAND 1, L_0x562286db8c10, L_0x562286db8740, C4<1>, C4<1>;
L_0x562286db89e0 .functor NAND 1, L_0x562286db87d0, L_0x562286db88c0, C4<1>, C4<1>;
v0x562286d736d0_0 .net "A", 0 0, L_0x562286db8b20;  1 drivers
v0x562286d72620_0 .net "AS", 0 0, L_0x562286db87d0;  1 drivers
v0x562286d71570_0 .net "B", 0 0, L_0x562286db8c10;  1 drivers
v0x562286d70380_0 .net "BS", 0 0, L_0x562286db88c0;  1 drivers
v0x562286da5df0_0 .net "S", 0 0, o0x7ff12faa00d8;  alias, 0 drivers
v0x562286da5f00_0 .net "S_n", 0 0, L_0x562286db8740;  1 drivers
v0x562286da5fc0_0 .net "Y", 0 0, L_0x562286db89e0;  1 drivers
S_0x562286da6100 .scope module, "i1" "MUX2X1" 2 42, 2 18 0, S_0x562286d92380;
 .timescale -9 -9;
    .port_info 0 /INPUT 1 "A";
    .port_info 1 /INPUT 1 "B";
    .port_info 2 /INPUT 1 "S";
    .port_info 3 /OUTPUT 1 "Y";
L_0x562286db8d00 .functor NOT 1, o0x7ff12faa00d8, C4<0>, C4<0>, C4<0>;
L_0x562286db8d70 .functor NAND 1, L_0x562286db9070, o0x7ff12faa00d8, C4<1>, C4<1>;
L_0x562286db8e10 .functor NAND 1, L_0x562286db91b0, L_0x562286db8d00, C4<1>, C4<1>;
L_0x562286db8f30 .functor NAND 1, L_0x562286db8d70, L_0x562286db8e10, C4<1>, C4<1>;
v0x562286da6300_0 .net "A", 0 0, L_0x562286db9070;  1 drivers
v0x562286da63c0_0 .net "AS", 0 0, L_0x562286db8d70;  1 drivers
v0x562286da6480_0 .net "B", 0 0, L_0x562286db91b0;  1 drivers
v0x562286da6520_0 .net "BS", 0 0, L_0x562286db8e10;  1 drivers
v0x562286da65e0_0 .net "S", 0 0, o0x7ff12faa00d8;  alias, 0 drivers
v0x562286da66d0_0 .net "S_n", 0 0, L_0x562286db8d00;  1 drivers
v0x562286da6770_0 .net "Y", 0 0, L_0x562286db8f30;  1 drivers
S_0x562286da68b0 .scope module, "i10" "MUX2X1" 2 96, 2 18 0, S_0x562286d92380;
 .timescale -9 -9;
    .port_info 0 /INPUT 1 "A";
    .port_info 1 /INPUT 1 "B";
    .port_info 2 /INPUT 1 "S";
    .port_info 3 /OUTPUT 1 "Y";
L_0x562286dbbd80 .functor NOT 1, o0x7ff12faa00d8, C4<0>, C4<0>, C4<0>;
L_0x562286dbbdf0 .functor NAND 1, L_0x562286dbb740, o0x7ff12faa00d8, C4<1>, C4<1>;
L_0x562286dbbe60 .functor NAND 1, L_0x562286dbc0e0, L_0x562286dbbd80, C4<1>, C4<1>;
L_0x562286dbbf50 .functor NAND 1, L_0x562286dbbdf0, L_0x562286dbbe60, C4<1>, C4<1>;
v0x562286da6ac0_0 .net "A", 0 0, L_0x562286dbb740;  1 drivers
v0x562286da6b80_0 .net "AS", 0 0, L_0x562286dbbdf0;  1 drivers
v0x562286da6c40_0 .net "B", 0 0, L_0x562286dbc0e0;  1 drivers
v0x562286da6d10_0 .net "BS", 0 0, L_0x562286dbbe60;  1 drivers
v0x562286da6dd0_0 .net "S", 0 0, o0x7ff12faa00d8;  alias, 0 drivers
v0x562286da6f10_0 .net "S_n", 0 0, L_0x562286dbbd80;  1 drivers
v0x562286da6fd0_0 .net "Y", 0 0, L_0x562286dbbf50;  1 drivers
S_0x562286da7110 .scope module, "i11" "MUX2X1" 2 102, 2 18 0, S_0x562286d92380;
 .timescale -9 -9;
    .port_info 0 /INPUT 1 "A";
    .port_info 1 /INPUT 1 "B";
    .port_info 2 /INPUT 1 "S";
    .port_info 3 /OUTPUT 1 "Y";
L_0x562286dbc290 .functor NOT 1, o0x7ff12faa00d8, C4<0>, C4<0>, C4<0>;
L_0x562286dbc300 .functor NAND 1, L_0x562286dbc5a0, o0x7ff12faa00d8, C4<1>, C4<1>;
L_0x562286dbc370 .functor NAND 1, L_0x562286dbc690, L_0x562286dbc290, C4<1>, C4<1>;
L_0x562286dbc460 .functor NAND 1, L_0x562286dbc300, L_0x562286dbc370, C4<1>, C4<1>;
v0x562286da72f0_0 .net "A", 0 0, L_0x562286dbc5a0;  1 drivers
v0x562286da73d0_0 .net "AS", 0 0, L_0x562286dbc300;  1 drivers
v0x562286da7490_0 .net "B", 0 0, L_0x562286dbc690;  1 drivers
v0x562286da7530_0 .net "BS", 0 0, L_0x562286dbc370;  1 drivers
v0x562286da75f0_0 .net "S", 0 0, o0x7ff12faa00d8;  alias, 0 drivers
v0x562286da76e0_0 .net "S_n", 0 0, L_0x562286dbc290;  1 drivers
v0x562286da77a0_0 .net "Y", 0 0, L_0x562286dbc460;  1 drivers
S_0x562286da78e0 .scope module, "i12" "MUX2X1" 2 108, 2 18 0, S_0x562286d92380;
 .timescale -9 -9;
    .port_info 0 /INPUT 1 "A";
    .port_info 1 /INPUT 1 "B";
    .port_info 2 /INPUT 1 "S";
    .port_info 3 /OUTPUT 1 "Y";
L_0x562286dbc850 .functor NOT 1, o0x7ff12faa00d8, C4<0>, C4<0>, C4<0>;
L_0x562286dbc8c0 .functor NAND 1, L_0x562286dbcb60, o0x7ff12faa00d8, C4<1>, C4<1>;
L_0x562286dbc930 .functor NAND 1, L_0x562286dbcc50, L_0x562286dbc850, C4<1>, C4<1>;
L_0x562286dbca20 .functor NAND 1, L_0x562286dbc8c0, L_0x562286dbc930, C4<1>, C4<1>;
v0x562286da7b10_0 .net "A", 0 0, L_0x562286dbcb60;  1 drivers
v0x562286da7bf0_0 .net "AS", 0 0, L_0x562286dbc8c0;  1 drivers
v0x562286da7cb0_0 .net "B", 0 0, L_0x562286dbcc50;  1 drivers
v0x562286da7d50_0 .net "BS", 0 0, L_0x562286dbc930;  1 drivers
v0x562286da7e10_0 .net "S", 0 0, o0x7ff12faa00d8;  alias, 0 drivers
v0x562286da7f00_0 .net "S_n", 0 0, L_0x562286dbc850;  1 drivers
v0x562286da7fc0_0 .net "Y", 0 0, L_0x562286dbca20;  1 drivers
S_0x562286da8100 .scope module, "i13" "MUX2X1" 2 114, 2 18 0, S_0x562286d92380;
 .timescale -9 -9;
    .port_info 0 /INPUT 1 "A";
    .port_info 1 /INPUT 1 "B";
    .port_info 2 /INPUT 1 "S";
    .port_info 3 /OUTPUT 1 "Y";
L_0x562286dbce20 .functor NOT 1, o0x7ff12faa00d8, C4<0>, C4<0>, C4<0>;
L_0x562286dbce90 .functor NAND 1, L_0x562286dbd130, o0x7ff12faa00d8, C4<1>, C4<1>;
L_0x562286dbcf00 .functor NAND 1, L_0x562286dbd220, L_0x562286dbce20, C4<1>, C4<1>;
L_0x562286dbcff0 .functor NAND 1, L_0x562286dbce90, L_0x562286dbcf00, C4<1>, C4<1>;
v0x562286da8290_0 .net "A", 0 0, L_0x562286dbd130;  1 drivers
v0x562286da8370_0 .net "AS", 0 0, L_0x562286dbce90;  1 drivers
v0x562286da8430_0 .net "B", 0 0, L_0x562286dbd220;  1 drivers
v0x562286da8500_0 .net "BS", 0 0, L_0x562286dbcf00;  1 drivers
v0x562286da85c0_0 .net "S", 0 0, o0x7ff12faa00d8;  alias, 0 drivers
v0x562286da86b0_0 .net "S_n", 0 0, L_0x562286dbce20;  1 drivers
v0x562286da8770_0 .net "Y", 0 0, L_0x562286dbcff0;  1 drivers
S_0x562286da88b0 .scope module, "i14" "MUX2X1" 2 120, 2 18 0, S_0x562286d92380;
 .timescale -9 -9;
    .port_info 0 /INPUT 1 "A";
    .port_info 1 /INPUT 1 "B";
    .port_info 2 /INPUT 1 "S";
    .port_info 3 /OUTPUT 1 "Y";
L_0x562286dbd400 .functor NOT 1, o0x7ff12faa00d8, C4<0>, C4<0>, C4<0>;
L_0x562286dbd470 .functor NAND 1, L_0x562286dbd710, o0x7ff12faa00d8, C4<1>, C4<1>;
L_0x562286dbd4e0 .functor NAND 1, L_0x562286dbd800, L_0x562286dbd400, C4<1>, C4<1>;
L_0x562286dbd5d0 .functor NAND 1, L_0x562286dbd470, L_0x562286dbd4e0, C4<1>, C4<1>;
v0x562286da8a90_0 .net "A", 0 0, L_0x562286dbd710;  1 drivers
v0x562286da8b70_0 .net "AS", 0 0, L_0x562286dbd470;  1 drivers
v0x562286da8c30_0 .net "B", 0 0, L_0x562286dbd800;  1 drivers
v0x562286da8d00_0 .net "BS", 0 0, L_0x562286dbd4e0;  1 drivers
v0x562286da8dc0_0 .net "S", 0 0, o0x7ff12faa00d8;  alias, 0 drivers
v0x562286da8eb0_0 .net "S_n", 0 0, L_0x562286dbd400;  1 drivers
v0x562286da8f70_0 .net "Y", 0 0, L_0x562286dbd5d0;  1 drivers
S_0x562286da90b0 .scope module, "i15" "MUX2X1" 2 126, 2 18 0, S_0x562286d92380;
 .timescale -9 -9;
    .port_info 0 /INPUT 1 "A";
    .port_info 1 /INPUT 1 "B";
    .port_info 2 /INPUT 1 "S";
    .port_info 3 /OUTPUT 1 "Y";
L_0x562286dbd9f0 .functor NOT 1, o0x7ff12faa00d8, C4<0>, C4<0>, C4<0>;
L_0x562286dbda60 .functor NAND 1, L_0x562286dbe510, o0x7ff12faa00d8, C4<1>, C4<1>;
L_0x562286dbe2e0 .functor NAND 1, L_0x562286dbe600, L_0x562286dbd9f0, C4<1>, C4<1>;
L_0x562286dbe3d0 .functor NAND 1, L_0x562286dbda60, L_0x562286dbe2e0, C4<1>, C4<1>;
v0x562286da9300_0 .net "A", 0 0, L_0x562286dbe510;  1 drivers
v0x562286da93e0_0 .net "AS", 0 0, L_0x562286dbda60;  1 drivers
v0x562286da94a0_0 .net "B", 0 0, L_0x562286dbe600;  1 drivers
v0x562286da9570_0 .net "BS", 0 0, L_0x562286dbe2e0;  1 drivers
v0x562286da9630_0 .net "S", 0 0, o0x7ff12faa00d8;  alias, 0 drivers
v0x562286da9720_0 .net "S_n", 0 0, L_0x562286dbd9f0;  1 drivers
v0x562286da97e0_0 .net "Y", 0 0, L_0x562286dbe3d0;  1 drivers
S_0x562286da9920 .scope module, "i16" "MUX2X1" 2 132, 2 18 0, S_0x562286d92380;
 .timescale -9 -9;
    .port_info 0 /INPUT 1 "A";
    .port_info 1 /INPUT 1 "B";
    .port_info 2 /INPUT 1 "S";
    .port_info 3 /OUTPUT 1 "Y";
L_0x562286dbea10 .functor NOT 1, o0x7ff12faa00d8, C4<0>, C4<0>, C4<0>;
L_0x562286dbea80 .functor NAND 1, L_0x562286dbed20, o0x7ff12faa00d8, C4<1>, C4<1>;
L_0x562286dbeaf0 .functor NAND 1, L_0x562286dbee10, L_0x562286dbea10, C4<1>, C4<1>;
L_0x562286dbebe0 .functor NAND 1, L_0x562286dbea80, L_0x562286dbeaf0, C4<1>, C4<1>;
v0x562286da9b70_0 .net "A", 0 0, L_0x562286dbed20;  1 drivers
v0x562286da9c50_0 .net "AS", 0 0, L_0x562286dbea80;  1 drivers
v0x562286da9d10_0 .net "B", 0 0, L_0x562286dbee10;  1 drivers
v0x562286da9de0_0 .net "BS", 0 0, L_0x562286dbeaf0;  1 drivers
v0x562286da9ea0_0 .net "S", 0 0, o0x7ff12faa00d8;  alias, 0 drivers
v0x562286da9f40_0 .net "S_n", 0 0, L_0x562286dbea10;  1 drivers
v0x562286daa000_0 .net "Y", 0 0, L_0x562286dbebe0;  1 drivers
S_0x562286daa140 .scope module, "i17" "MUX2X1" 2 138, 2 18 0, S_0x562286d92380;
 .timescale -9 -9;
    .port_info 0 /INPUT 1 "A";
    .port_info 1 /INPUT 1 "B";
    .port_info 2 /INPUT 1 "S";
    .port_info 3 /OUTPUT 1 "Y";
L_0x562286dbf020 .functor NOT 1, o0x7ff12faa00d8, C4<0>, C4<0>, C4<0>;
L_0x562286dbf090 .functor NAND 1, L_0x562286dbf330, o0x7ff12faa00d8, C4<1>, C4<1>;
L_0x562286dbf100 .functor NAND 1, L_0x562286dbf420, L_0x562286dbf020, C4<1>, C4<1>;
L_0x562286dbf1f0 .functor NAND 1, L_0x562286dbf090, L_0x562286dbf100, C4<1>, C4<1>;
v0x562286daa390_0 .net "A", 0 0, L_0x562286dbf330;  1 drivers
v0x562286daa470_0 .net "AS", 0 0, L_0x562286dbf090;  1 drivers
v0x562286daa530_0 .net "B", 0 0, L_0x562286dbf420;  1 drivers
v0x562286daa600_0 .net "BS", 0 0, L_0x562286dbf100;  1 drivers
v0x562286daa6c0_0 .net "S", 0 0, o0x7ff12faa00d8;  alias, 0 drivers
v0x562286daa7b0_0 .net "S_n", 0 0, L_0x562286dbf020;  1 drivers
v0x562286daa870_0 .net "Y", 0 0, L_0x562286dbf1f0;  1 drivers
S_0x562286daa9b0 .scope module, "i18" "MUX2X1" 2 144, 2 18 0, S_0x562286d92380;
 .timescale -9 -9;
    .port_info 0 /INPUT 1 "A";
    .port_info 1 /INPUT 1 "B";
    .port_info 2 /INPUT 1 "S";
    .port_info 3 /OUTPUT 1 "Y";
L_0x562286dbef00 .functor NOT 1, o0x7ff12faa00d8, C4<0>, C4<0>, C4<0>;
L_0x562286dbef70 .functor NAND 1, L_0x562286dbf840, o0x7ff12faa00d8, C4<1>, C4<1>;
L_0x562286dbf640 .functor NAND 1, L_0x562286dbf930, L_0x562286dbef00, C4<1>, C4<1>;
L_0x562286dbf700 .functor NAND 1, L_0x562286dbef70, L_0x562286dbf640, C4<1>, C4<1>;
v0x562286daac00_0 .net "A", 0 0, L_0x562286dbf840;  1 drivers
v0x562286daace0_0 .net "AS", 0 0, L_0x562286dbef70;  1 drivers
v0x562286daada0_0 .net "B", 0 0, L_0x562286dbf930;  1 drivers
v0x562286daae70_0 .net "BS", 0 0, L_0x562286dbf640;  1 drivers
v0x562286daaf30_0 .net "S", 0 0, o0x7ff12faa00d8;  alias, 0 drivers
v0x562286dab020_0 .net "S_n", 0 0, L_0x562286dbef00;  1 drivers
v0x562286dab0e0_0 .net "Y", 0 0, L_0x562286dbf700;  1 drivers
S_0x562286dab220 .scope module, "i19" "MUX2X1" 2 150, 2 18 0, S_0x562286d92380;
 .timescale -9 -9;
    .port_info 0 /INPUT 1 "A";
    .port_info 1 /INPUT 1 "B";
    .port_info 2 /INPUT 1 "S";
    .port_info 3 /OUTPUT 1 "Y";
L_0x562286dbfb60 .functor NOT 1, o0x7ff12faa00d8, C4<0>, C4<0>, C4<0>;
L_0x562286dbfbd0 .functor NAND 1, L_0x562286dbfea0, o0x7ff12faa00d8, C4<1>, C4<1>;
L_0x562286dbfc40 .functor NAND 1, L_0x562286dbff90, L_0x562286dbfb60, C4<1>, C4<1>;
L_0x562286dbfd60 .functor NAND 1, L_0x562286dbfbd0, L_0x562286dbfc40, C4<1>, C4<1>;
v0x562286dab470_0 .net "A", 0 0, L_0x562286dbfea0;  1 drivers
v0x562286dab550_0 .net "AS", 0 0, L_0x562286dbfbd0;  1 drivers
v0x562286dab610_0 .net "B", 0 0, L_0x562286dbff90;  1 drivers
v0x562286dab6e0_0 .net "BS", 0 0, L_0x562286dbfc40;  1 drivers
v0x562286dab7a0_0 .net "S", 0 0, o0x7ff12faa00d8;  alias, 0 drivers
v0x562286dab890_0 .net "S_n", 0 0, L_0x562286dbfb60;  1 drivers
v0x562286dab950_0 .net "Y", 0 0, L_0x562286dbfd60;  1 drivers
S_0x562286daba90 .scope module, "i2" "MUX2X1" 2 48, 2 18 0, S_0x562286d92380;
 .timescale -9 -9;
    .port_info 0 /INPUT 1 "A";
    .port_info 1 /INPUT 1 "B";
    .port_info 2 /INPUT 1 "S";
    .port_info 3 /OUTPUT 1 "Y";
L_0x562286db9320 .functor NOT 1, o0x7ff12faa00d8, C4<0>, C4<0>, C4<0>;
L_0x562286db9390 .functor NAND 1, L_0x562286db9600, o0x7ff12faa00d8, C4<1>, C4<1>;
L_0x562286db9400 .functor NAND 1, L_0x562286db96f0, L_0x562286db9320, C4<1>, C4<1>;
L_0x562286db94c0 .functor NAND 1, L_0x562286db9390, L_0x562286db9400, C4<1>, C4<1>;
v0x562286dabce0_0 .net "A", 0 0, L_0x562286db9600;  1 drivers
v0x562286dabdc0_0 .net "AS", 0 0, L_0x562286db9390;  1 drivers
v0x562286dabe80_0 .net "B", 0 0, L_0x562286db96f0;  1 drivers
v0x562286dabf50_0 .net "BS", 0 0, L_0x562286db9400;  1 drivers
v0x562286dac010_0 .net "S", 0 0, o0x7ff12faa00d8;  alias, 0 drivers
v0x562286dac100_0 .net "S_n", 0 0, L_0x562286db9320;  1 drivers
v0x562286dac1c0_0 .net "Y", 0 0, L_0x562286db94c0;  1 drivers
S_0x562286dac300 .scope module, "i20" "MUX2X1" 2 156, 2 18 0, S_0x562286d92380;
 .timescale -9 -9;
    .port_info 0 /INPUT 1 "A";
    .port_info 1 /INPUT 1 "B";
    .port_info 2 /INPUT 1 "S";
    .port_info 3 /OUTPUT 1 "Y";
L_0x562286dc01d0 .functor NOT 1, o0x7ff12faa00d8, C4<0>, C4<0>, C4<0>;
L_0x562286dc0240 .functor NAND 1, L_0x562286dc04e0, o0x7ff12faa00d8, C4<1>, C4<1>;
L_0x562286dc02b0 .functor NAND 1, L_0x562286dc05d0, L_0x562286dc01d0, C4<1>, C4<1>;
L_0x562286dc03a0 .functor NAND 1, L_0x562286dc0240, L_0x562286dc02b0, C4<1>, C4<1>;
v0x562286dac550_0 .net "A", 0 0, L_0x562286dc04e0;  1 drivers
v0x562286dac630_0 .net "AS", 0 0, L_0x562286dc0240;  1 drivers
v0x562286dac6f0_0 .net "B", 0 0, L_0x562286dc05d0;  1 drivers
v0x562286dac7c0_0 .net "BS", 0 0, L_0x562286dc02b0;  1 drivers
v0x562286dac880_0 .net "S", 0 0, o0x7ff12faa00d8;  alias, 0 drivers
v0x562286dac970_0 .net "S_n", 0 0, L_0x562286dc01d0;  1 drivers
v0x562286daca30_0 .net "Y", 0 0, L_0x562286dc03a0;  1 drivers
S_0x562286dacb70 .scope module, "i21" "MUX2X1" 2 162, 2 18 0, S_0x562286d92380;
 .timescale -9 -9;
    .port_info 0 /INPUT 1 "A";
    .port_info 1 /INPUT 1 "B";
    .port_info 2 /INPUT 1 "S";
    .port_info 3 /OUTPUT 1 "Y";
L_0x562286dc0820 .functor NOT 1, o0x7ff12faa00d8, C4<0>, C4<0>, C4<0>;
L_0x562286dc0890 .functor NAND 1, L_0x562286dc0b30, o0x7ff12faa00d8, C4<1>, C4<1>;
L_0x562286dc0900 .functor NAND 1, L_0x562286dc0c20, L_0x562286dc0820, C4<1>, C4<1>;
L_0x562286dc09f0 .functor NAND 1, L_0x562286dc0890, L_0x562286dc0900, C4<1>, C4<1>;
v0x562286dacdc0_0 .net "A", 0 0, L_0x562286dc0b30;  1 drivers
v0x562286dacea0_0 .net "AS", 0 0, L_0x562286dc0890;  1 drivers
v0x562286dacf60_0 .net "B", 0 0, L_0x562286dc0c20;  1 drivers
v0x562286dad030_0 .net "BS", 0 0, L_0x562286dc0900;  1 drivers
v0x562286dad0f0_0 .net "S", 0 0, o0x7ff12faa00d8;  alias, 0 drivers
v0x562286dad1e0_0 .net "S_n", 0 0, L_0x562286dc0820;  1 drivers
v0x562286dad2a0_0 .net "Y", 0 0, L_0x562286dc09f0;  1 drivers
S_0x562286dad3e0 .scope module, "i22" "MUX2X1" 2 168, 2 18 0, S_0x562286d92380;
 .timescale -9 -9;
    .port_info 0 /INPUT 1 "A";
    .port_info 1 /INPUT 1 "B";
    .port_info 2 /INPUT 1 "S";
    .port_info 3 /OUTPUT 1 "Y";
L_0x562286dc0e80 .functor NOT 1, o0x7ff12faa00d8, C4<0>, C4<0>, C4<0>;
L_0x562286dc0ef0 .functor NAND 1, L_0x562286dc1190, o0x7ff12faa00d8, C4<1>, C4<1>;
L_0x562286dc0f60 .functor NAND 1, L_0x562286dc1280, L_0x562286dc0e80, C4<1>, C4<1>;
L_0x562286dc1050 .functor NAND 1, L_0x562286dc0ef0, L_0x562286dc0f60, C4<1>, C4<1>;
v0x562286dad630_0 .net "A", 0 0, L_0x562286dc1190;  1 drivers
v0x562286dad710_0 .net "AS", 0 0, L_0x562286dc0ef0;  1 drivers
v0x562286dad7d0_0 .net "B", 0 0, L_0x562286dc1280;  1 drivers
v0x562286dad8a0_0 .net "BS", 0 0, L_0x562286dc0f60;  1 drivers
v0x562286dad960_0 .net "S", 0 0, o0x7ff12faa00d8;  alias, 0 drivers
v0x562286dada50_0 .net "S_n", 0 0, L_0x562286dc0e80;  1 drivers
v0x562286dadb10_0 .net "Y", 0 0, L_0x562286dc1050;  1 drivers
S_0x562286dadc50 .scope module, "i23" "MUX2X1" 2 174, 2 18 0, S_0x562286d92380;
 .timescale -9 -9;
    .port_info 0 /INPUT 1 "A";
    .port_info 1 /INPUT 1 "B";
    .port_info 2 /INPUT 1 "S";
    .port_info 3 /OUTPUT 1 "Y";
L_0x562286dc14f0 .functor NOT 1, o0x7ff12faa00d8, C4<0>, C4<0>, C4<0>;
L_0x562286dc1560 .functor NAND 1, L_0x562286dc1800, o0x7ff12faa00d8, C4<1>, C4<1>;
L_0x562286dc15d0 .functor NAND 1, L_0x562286dc18f0, L_0x562286dc14f0, C4<1>, C4<1>;
L_0x562286dc16c0 .functor NAND 1, L_0x562286dc1560, L_0x562286dc15d0, C4<1>, C4<1>;
v0x562286dadea0_0 .net "A", 0 0, L_0x562286dc1800;  1 drivers
v0x562286dadf80_0 .net "AS", 0 0, L_0x562286dc1560;  1 drivers
v0x562286dae040_0 .net "B", 0 0, L_0x562286dc18f0;  1 drivers
v0x562286dae110_0 .net "BS", 0 0, L_0x562286dc15d0;  1 drivers
v0x562286dae1d0_0 .net "S", 0 0, o0x7ff12faa00d8;  alias, 0 drivers
v0x562286dae4d0_0 .net "S_n", 0 0, L_0x562286dc14f0;  1 drivers
v0x562286dae590_0 .net "Y", 0 0, L_0x562286dc16c0;  1 drivers
S_0x562286dae6d0 .scope module, "i24" "MUX2X1" 2 180, 2 18 0, S_0x562286d92380;
 .timescale -9 -9;
    .port_info 0 /INPUT 1 "A";
    .port_info 1 /INPUT 1 "B";
    .port_info 2 /INPUT 1 "S";
    .port_info 3 /OUTPUT 1 "Y";
L_0x562286dc1b70 .functor NOT 1, o0x7ff12faa00d8, C4<0>, C4<0>, C4<0>;
L_0x562286dc1be0 .functor NAND 1, L_0x562286dc1e80, o0x7ff12faa00d8, C4<1>, C4<1>;
L_0x562286dc1c50 .functor NAND 1, L_0x562286dc1f70, L_0x562286dc1b70, C4<1>, C4<1>;
L_0x562286dc1d40 .functor NAND 1, L_0x562286dc1be0, L_0x562286dc1c50, C4<1>, C4<1>;
v0x562286dae920_0 .net "A", 0 0, L_0x562286dc1e80;  1 drivers
v0x562286daea00_0 .net "AS", 0 0, L_0x562286dc1be0;  1 drivers
v0x562286daeac0_0 .net "B", 0 0, L_0x562286dc1f70;  1 drivers
v0x562286daeb90_0 .net "BS", 0 0, L_0x562286dc1c50;  1 drivers
v0x562286daec50_0 .net "S", 0 0, o0x7ff12faa00d8;  alias, 0 drivers
v0x562286daed40_0 .net "S_n", 0 0, L_0x562286dc1b70;  1 drivers
v0x562286daee00_0 .net "Y", 0 0, L_0x562286dc1d40;  1 drivers
S_0x562286daef40 .scope module, "i25" "MUX2X1" 2 186, 2 18 0, S_0x562286d92380;
 .timescale -9 -9;
    .port_info 0 /INPUT 1 "A";
    .port_info 1 /INPUT 1 "B";
    .port_info 2 /INPUT 1 "S";
    .port_info 3 /OUTPUT 1 "Y";
L_0x562286dc2200 .functor NOT 1, o0x7ff12faa00d8, C4<0>, C4<0>, C4<0>;
L_0x562286dc2270 .functor NAND 1, L_0x562286dc2510, o0x7ff12faa00d8, C4<1>, C4<1>;
L_0x562286dc22e0 .functor NAND 1, L_0x562286dc2600, L_0x562286dc2200, C4<1>, C4<1>;
L_0x562286dc23d0 .functor NAND 1, L_0x562286dc2270, L_0x562286dc22e0, C4<1>, C4<1>;
v0x562286daf190_0 .net "A", 0 0, L_0x562286dc2510;  1 drivers
v0x562286daf270_0 .net "AS", 0 0, L_0x562286dc2270;  1 drivers
v0x562286daf330_0 .net "B", 0 0, L_0x562286dc2600;  1 drivers
v0x562286daf400_0 .net "BS", 0 0, L_0x562286dc22e0;  1 drivers
v0x562286daf4c0_0 .net "S", 0 0, o0x7ff12faa00d8;  alias, 0 drivers
v0x562286daf5b0_0 .net "S_n", 0 0, L_0x562286dc2200;  1 drivers
v0x562286daf670_0 .net "Y", 0 0, L_0x562286dc23d0;  1 drivers
S_0x562286daf7b0 .scope module, "i26" "MUX2X1" 2 192, 2 18 0, S_0x562286d92380;
 .timescale -9 -9;
    .port_info 0 /INPUT 1 "A";
    .port_info 1 /INPUT 1 "B";
    .port_info 2 /INPUT 1 "S";
    .port_info 3 /OUTPUT 1 "Y";
L_0x562286dc28a0 .functor NOT 1, o0x7ff12faa00d8, C4<0>, C4<0>, C4<0>;
L_0x562286dc2910 .functor NAND 1, L_0x562286dc2bb0, o0x7ff12faa00d8, C4<1>, C4<1>;
L_0x562286dc2980 .functor NAND 1, L_0x562286dc2ca0, L_0x562286dc28a0, C4<1>, C4<1>;
L_0x562286dc2a70 .functor NAND 1, L_0x562286dc2910, L_0x562286dc2980, C4<1>, C4<1>;
v0x562286dafa00_0 .net "A", 0 0, L_0x562286dc2bb0;  1 drivers
v0x562286dafae0_0 .net "AS", 0 0, L_0x562286dc2910;  1 drivers
v0x562286dafba0_0 .net "B", 0 0, L_0x562286dc2ca0;  1 drivers
v0x562286dafc70_0 .net "BS", 0 0, L_0x562286dc2980;  1 drivers
v0x562286dafd30_0 .net "S", 0 0, o0x7ff12faa00d8;  alias, 0 drivers
v0x562286dafe20_0 .net "S_n", 0 0, L_0x562286dc28a0;  1 drivers
v0x562286dafee0_0 .net "Y", 0 0, L_0x562286dc2a70;  1 drivers
S_0x562286db0020 .scope module, "i27" "MUX2X1" 2 198, 2 18 0, S_0x562286d92380;
 .timescale -9 -9;
    .port_info 0 /INPUT 1 "A";
    .port_info 1 /INPUT 1 "B";
    .port_info 2 /INPUT 1 "S";
    .port_info 3 /OUTPUT 1 "Y";
L_0x562286dc2f50 .functor NOT 1, o0x7ff12faa00d8, C4<0>, C4<0>, C4<0>;
L_0x562286dc2fc0 .functor NAND 1, L_0x562286dc3260, o0x7ff12faa00d8, C4<1>, C4<1>;
L_0x562286dc3030 .functor NAND 1, L_0x562286dc3350, L_0x562286dc2f50, C4<1>, C4<1>;
L_0x562286dc3120 .functor NAND 1, L_0x562286dc2fc0, L_0x562286dc3030, C4<1>, C4<1>;
v0x562286db0270_0 .net "A", 0 0, L_0x562286dc3260;  1 drivers
v0x562286db0350_0 .net "AS", 0 0, L_0x562286dc2fc0;  1 drivers
v0x562286db0410_0 .net "B", 0 0, L_0x562286dc3350;  1 drivers
v0x562286db04e0_0 .net "BS", 0 0, L_0x562286dc3030;  1 drivers
v0x562286db05a0_0 .net "S", 0 0, o0x7ff12faa00d8;  alias, 0 drivers
v0x562286db0690_0 .net "S_n", 0 0, L_0x562286dc2f50;  1 drivers
v0x562286db0750_0 .net "Y", 0 0, L_0x562286dc3120;  1 drivers
S_0x562286db0890 .scope module, "i28" "MUX2X1" 2 204, 2 18 0, S_0x562286d92380;
 .timescale -9 -9;
    .port_info 0 /INPUT 1 "A";
    .port_info 1 /INPUT 1 "B";
    .port_info 2 /INPUT 1 "S";
    .port_info 3 /OUTPUT 1 "Y";
L_0x562286dc3610 .functor NOT 1, o0x7ff12faa00d8, C4<0>, C4<0>, C4<0>;
L_0x562286dc3680 .functor NAND 1, L_0x562286dc3920, o0x7ff12faa00d8, C4<1>, C4<1>;
L_0x562286dc36f0 .functor NAND 1, L_0x562286dc3a10, L_0x562286dc3610, C4<1>, C4<1>;
L_0x562286dc37e0 .functor NAND 1, L_0x562286dc3680, L_0x562286dc36f0, C4<1>, C4<1>;
v0x562286db0ae0_0 .net "A", 0 0, L_0x562286dc3920;  1 drivers
v0x562286db0bc0_0 .net "AS", 0 0, L_0x562286dc3680;  1 drivers
v0x562286db0c80_0 .net "B", 0 0, L_0x562286dc3a10;  1 drivers
v0x562286db0d50_0 .net "BS", 0 0, L_0x562286dc36f0;  1 drivers
v0x562286db0e10_0 .net "S", 0 0, o0x7ff12faa00d8;  alias, 0 drivers
v0x562286db0f00_0 .net "S_n", 0 0, L_0x562286dc3610;  1 drivers
v0x562286db0fc0_0 .net "Y", 0 0, L_0x562286dc37e0;  1 drivers
S_0x562286db1100 .scope module, "i29" "MUX2X1" 2 210, 2 18 0, S_0x562286d92380;
 .timescale -9 -9;
    .port_info 0 /INPUT 1 "A";
    .port_info 1 /INPUT 1 "B";
    .port_info 2 /INPUT 1 "S";
    .port_info 3 /OUTPUT 1 "Y";
L_0x562286dc3ce0 .functor NOT 1, o0x7ff12faa00d8, C4<0>, C4<0>, C4<0>;
L_0x562286dc3d50 .functor NAND 1, L_0x562286dc3ff0, o0x7ff12faa00d8, C4<1>, C4<1>;
L_0x562286dc3dc0 .functor NAND 1, L_0x562286dc40e0, L_0x562286dc3ce0, C4<1>, C4<1>;
L_0x562286dc3eb0 .functor NAND 1, L_0x562286dc3d50, L_0x562286dc3dc0, C4<1>, C4<1>;
v0x562286db1350_0 .net "A", 0 0, L_0x562286dc3ff0;  1 drivers
v0x562286db1430_0 .net "AS", 0 0, L_0x562286dc3d50;  1 drivers
v0x562286db14f0_0 .net "B", 0 0, L_0x562286dc40e0;  1 drivers
v0x562286db15c0_0 .net "BS", 0 0, L_0x562286dc3dc0;  1 drivers
v0x562286db1680_0 .net "S", 0 0, o0x7ff12faa00d8;  alias, 0 drivers
v0x562286db1770_0 .net "S_n", 0 0, L_0x562286dc3ce0;  1 drivers
v0x562286db1830_0 .net "Y", 0 0, L_0x562286dc3eb0;  1 drivers
S_0x562286db1970 .scope module, "i3" "MUX2X1" 2 54, 2 18 0, S_0x562286d92380;
 .timescale -9 -9;
    .port_info 0 /INPUT 1 "A";
    .port_info 1 /INPUT 1 "B";
    .port_info 2 /INPUT 1 "S";
    .port_info 3 /OUTPUT 1 "Y";
L_0x562286db9820 .functor NOT 1, o0x7ff12faa00d8, C4<0>, C4<0>, C4<0>;
L_0x562286db9890 .functor NAND 1, L_0x562286db9b00, o0x7ff12faa00d8, C4<1>, C4<1>;
L_0x562286db9900 .functor NAND 1, L_0x562286db9bf0, L_0x562286db9820, C4<1>, C4<1>;
L_0x562286db99c0 .functor NAND 1, L_0x562286db9890, L_0x562286db9900, C4<1>, C4<1>;
v0x562286db1bc0_0 .net "A", 0 0, L_0x562286db9b00;  1 drivers
v0x562286db1ca0_0 .net "AS", 0 0, L_0x562286db9890;  1 drivers
v0x562286db1d60_0 .net "B", 0 0, L_0x562286db9bf0;  1 drivers
v0x562286db1e30_0 .net "BS", 0 0, L_0x562286db9900;  1 drivers
v0x562286db1ef0_0 .net "S", 0 0, o0x7ff12faa00d8;  alias, 0 drivers
v0x562286db1fe0_0 .net "S_n", 0 0, L_0x562286db9820;  1 drivers
v0x562286db20a0_0 .net "Y", 0 0, L_0x562286db99c0;  1 drivers
S_0x562286db21e0 .scope module, "i30" "MUX2X1" 2 216, 2 18 0, S_0x562286d92380;
 .timescale -9 -9;
    .port_info 0 /INPUT 1 "A";
    .port_info 1 /INPUT 1 "B";
    .port_info 2 /INPUT 1 "S";
    .port_info 3 /OUTPUT 1 "Y";
L_0x562286dc43c0 .functor NOT 1, o0x7ff12faa00d8, C4<0>, C4<0>, C4<0>;
L_0x562286dc4430 .functor NAND 1, L_0x562286dc46d0, o0x7ff12faa00d8, C4<1>, C4<1>;
L_0x562286dc44a0 .functor NAND 1, L_0x562286dc47c0, L_0x562286dc43c0, C4<1>, C4<1>;
L_0x562286dc4590 .functor NAND 1, L_0x562286dc4430, L_0x562286dc44a0, C4<1>, C4<1>;
v0x562286db2430_0 .net "A", 0 0, L_0x562286dc46d0;  1 drivers
v0x562286db2510_0 .net "AS", 0 0, L_0x562286dc4430;  1 drivers
v0x562286db25d0_0 .net "B", 0 0, L_0x562286dc47c0;  1 drivers
v0x562286db26a0_0 .net "BS", 0 0, L_0x562286dc44a0;  1 drivers
v0x562286db2760_0 .net "S", 0 0, o0x7ff12faa00d8;  alias, 0 drivers
v0x562286db2850_0 .net "S_n", 0 0, L_0x562286dc43c0;  1 drivers
v0x562286db2910_0 .net "Y", 0 0, L_0x562286dc4590;  1 drivers
S_0x562286db2a50 .scope module, "i31" "MUX2X1" 2 222, 2 18 0, S_0x562286d92380;
 .timescale -9 -9;
    .port_info 0 /INPUT 1 "A";
    .port_info 1 /INPUT 1 "B";
    .port_info 2 /INPUT 1 "S";
    .port_info 3 /OUTPUT 1 "Y";
L_0x562286dc4ab0 .functor NOT 1, o0x7ff12faa00d8, C4<0>, C4<0>, C4<0>;
L_0x562286dc4b20 .functor NAND 1, L_0x562286dc4dc0, o0x7ff12faa00d8, C4<1>, C4<1>;
L_0x562286dc4b90 .functor NAND 1, L_0x562286dc4eb0, L_0x562286dc4ab0, C4<1>, C4<1>;
L_0x562286dc4c80 .functor NAND 1, L_0x562286dc4b20, L_0x562286dc4b90, C4<1>, C4<1>;
v0x562286db2ca0_0 .net "A", 0 0, L_0x562286dc4dc0;  1 drivers
v0x562286db2d80_0 .net "AS", 0 0, L_0x562286dc4b20;  1 drivers
v0x562286db2e40_0 .net "B", 0 0, L_0x562286dc4eb0;  1 drivers
v0x562286db2f10_0 .net "BS", 0 0, L_0x562286dc4b90;  1 drivers
v0x562286db2fd0_0 .net "S", 0 0, o0x7ff12faa00d8;  alias, 0 drivers
v0x562286db30c0_0 .net "S_n", 0 0, L_0x562286dc4ab0;  1 drivers
v0x562286db3180_0 .net "Y", 0 0, L_0x562286dc4c80;  1 drivers
S_0x562286db32c0 .scope module, "i4" "MUX2X1" 2 60, 2 18 0, S_0x562286d92380;
 .timescale -9 -9;
    .port_info 0 /INPUT 1 "A";
    .port_info 1 /INPUT 1 "B";
    .port_info 2 /INPUT 1 "S";
    .port_info 3 /OUTPUT 1 "Y";
L_0x562286db9ce0 .functor NOT 1, o0x7ff12faa00d8, C4<0>, C4<0>, C4<0>;
L_0x562286db9d50 .functor NAND 1, L_0x562286db9f70, o0x7ff12faa00d8, C4<1>, C4<1>;
L_0x562286db9dc0 .functor NAND 1, L_0x562286dba060, L_0x562286db9ce0, C4<1>, C4<1>;
L_0x562286db9e30 .functor NAND 1, L_0x562286db9d50, L_0x562286db9dc0, C4<1>, C4<1>;
v0x562286db3510_0 .net "A", 0 0, L_0x562286db9f70;  1 drivers
v0x562286db35f0_0 .net "AS", 0 0, L_0x562286db9d50;  1 drivers
v0x562286db36b0_0 .net "B", 0 0, L_0x562286dba060;  1 drivers
v0x562286db3780_0 .net "BS", 0 0, L_0x562286db9dc0;  1 drivers
v0x562286db3840_0 .net "S", 0 0, o0x7ff12faa00d8;  alias, 0 drivers
v0x562286db3930_0 .net "S_n", 0 0, L_0x562286db9ce0;  1 drivers
v0x562286db39f0_0 .net "Y", 0 0, L_0x562286db9e30;  1 drivers
S_0x562286db3b30 .scope module, "i5" "MUX2X1" 2 66, 2 18 0, S_0x562286d92380;
 .timescale -9 -9;
    .port_info 0 /INPUT 1 "A";
    .port_info 1 /INPUT 1 "B";
    .port_info 2 /INPUT 1 "S";
    .port_info 3 /OUTPUT 1 "Y";
L_0x562286dba1b0 .functor NOT 1, o0x7ff12faa00d8, C4<0>, C4<0>, C4<0>;
L_0x562286dba220 .functor NAND 1, L_0x562286dba470, o0x7ff12faa00d8, C4<1>, C4<1>;
L_0x562286dba290 .functor NAND 1, L_0x562286dba560, L_0x562286dba1b0, C4<1>, C4<1>;
L_0x562286dba330 .functor NAND 1, L_0x562286dba220, L_0x562286dba290, C4<1>, C4<1>;
v0x562286db3d80_0 .net "A", 0 0, L_0x562286dba470;  1 drivers
v0x562286db3e60_0 .net "AS", 0 0, L_0x562286dba220;  1 drivers
v0x562286db3f20_0 .net "B", 0 0, L_0x562286dba560;  1 drivers
v0x562286db3ff0_0 .net "BS", 0 0, L_0x562286dba290;  1 drivers
v0x562286db40b0_0 .net "S", 0 0, o0x7ff12faa00d8;  alias, 0 drivers
v0x562286db41a0_0 .net "S_n", 0 0, L_0x562286dba1b0;  1 drivers
v0x562286db4260_0 .net "Y", 0 0, L_0x562286dba330;  1 drivers
S_0x562286db43a0 .scope module, "i6" "MUX2X1" 2 72, 2 18 0, S_0x562286d92380;
 .timescale -9 -9;
    .port_info 0 /INPUT 1 "A";
    .port_info 1 /INPUT 1 "B";
    .port_info 2 /INPUT 1 "S";
    .port_info 3 /OUTPUT 1 "Y";
L_0x562286dba6c0 .functor NOT 1, o0x7ff12faa00d8, C4<0>, C4<0>, C4<0>;
L_0x562286dba730 .functor NAND 1, L_0x562286dba9d0, o0x7ff12faa00d8, C4<1>, C4<1>;
L_0x562286dba7a0 .functor NAND 1, L_0x562286dbaac0, L_0x562286dba6c0, C4<1>, C4<1>;
L_0x562286dba890 .functor NAND 1, L_0x562286dba730, L_0x562286dba7a0, C4<1>, C4<1>;
v0x562286db45f0_0 .net "A", 0 0, L_0x562286dba9d0;  1 drivers
v0x562286db46d0_0 .net "AS", 0 0, L_0x562286dba730;  1 drivers
v0x562286db4790_0 .net "B", 0 0, L_0x562286dbaac0;  1 drivers
v0x562286db4860_0 .net "BS", 0 0, L_0x562286dba7a0;  1 drivers
v0x562286db4920_0 .net "S", 0 0, o0x7ff12faa00d8;  alias, 0 drivers
v0x562286db4a10_0 .net "S_n", 0 0, L_0x562286dba6c0;  1 drivers
v0x562286db4ad0_0 .net "Y", 0 0, L_0x562286dba890;  1 drivers
S_0x562286db4c10 .scope module, "i7" "MUX2X1" 2 78, 2 18 0, S_0x562286d92380;
 .timescale -9 -9;
    .port_info 0 /INPUT 1 "A";
    .port_info 1 /INPUT 1 "B";
    .port_info 2 /INPUT 1 "S";
    .port_info 3 /OUTPUT 1 "Y";
L_0x562286dba650 .functor NOT 1, o0x7ff12faa00d8, C4<0>, C4<0>, C4<0>;
L_0x562286dbac30 .functor NAND 1, L_0x562286dbaed0, o0x7ff12faa00d8, C4<1>, C4<1>;
L_0x562286dbaca0 .functor NAND 1, L_0x562286dbafc0, L_0x562286dba650, C4<1>, C4<1>;
L_0x562286dbad90 .functor NAND 1, L_0x562286dbac30, L_0x562286dbaca0, C4<1>, C4<1>;
v0x562286db4e60_0 .net "A", 0 0, L_0x562286dbaed0;  1 drivers
v0x562286db4f40_0 .net "AS", 0 0, L_0x562286dbac30;  1 drivers
v0x562286db5000_0 .net "B", 0 0, L_0x562286dbafc0;  1 drivers
v0x562286db50d0_0 .net "BS", 0 0, L_0x562286dbaca0;  1 drivers
v0x562286db5190_0 .net "S", 0 0, o0x7ff12faa00d8;  alias, 0 drivers
v0x562286db5280_0 .net "S_n", 0 0, L_0x562286dba650;  1 drivers
v0x562286db5340_0 .net "Y", 0 0, L_0x562286dbad90;  1 drivers
S_0x562286db5480 .scope module, "i8" "MUX2X1" 2 84, 2 18 0, S_0x562286d92380;
 .timescale -9 -9;
    .port_info 0 /INPUT 1 "A";
    .port_info 1 /INPUT 1 "B";
    .port_info 2 /INPUT 1 "S";
    .port_info 3 /OUTPUT 1 "Y";
L_0x562286dbb250 .functor NOT 1, o0x7ff12faa00d8, C4<0>, C4<0>, C4<0>;
L_0x562286dbb2c0 .functor NAND 1, L_0x562286dbb560, o0x7ff12faa00d8, C4<1>, C4<1>;
L_0x562286dbb330 .functor NAND 1, L_0x562286dbb650, L_0x562286dbb250, C4<1>, C4<1>;
L_0x562286dbb420 .functor NAND 1, L_0x562286dbb2c0, L_0x562286dbb330, C4<1>, C4<1>;
v0x562286db56d0_0 .net "A", 0 0, L_0x562286dbb560;  1 drivers
v0x562286db57b0_0 .net "AS", 0 0, L_0x562286dbb2c0;  1 drivers
v0x562286db5870_0 .net "B", 0 0, L_0x562286dbb650;  1 drivers
v0x562286db5940_0 .net "BS", 0 0, L_0x562286dbb330;  1 drivers
v0x562286db5a00_0 .net "S", 0 0, o0x7ff12faa00d8;  alias, 0 drivers
v0x562286db5af0_0 .net "S_n", 0 0, L_0x562286dbb250;  1 drivers
v0x562286db5bb0_0 .net "Y", 0 0, L_0x562286dbb420;  1 drivers
S_0x562286db5cf0 .scope module, "i9" "MUX2X1" 2 90, 2 18 0, S_0x562286d92380;
 .timescale -9 -9;
    .port_info 0 /INPUT 1 "A";
    .port_info 1 /INPUT 1 "B";
    .port_info 2 /INPUT 1 "S";
    .port_info 3 /OUTPUT 1 "Y";
L_0x562286dbb7e0 .functor NOT 1, o0x7ff12faa00d8, C4<0>, C4<0>, C4<0>;
L_0x562286dbb850 .functor NAND 1, L_0x562286dbbaf0, o0x7ff12faa00d8, C4<1>, C4<1>;
L_0x562286dbb8c0 .functor NAND 1, L_0x562286dbbbe0, L_0x562286dbb7e0, C4<1>, C4<1>;
L_0x562286dbb9b0 .functor NAND 1, L_0x562286dbb850, L_0x562286dbb8c0, C4<1>, C4<1>;
v0x562286db5f40_0 .net "A", 0 0, L_0x562286dbbaf0;  1 drivers
v0x562286db6020_0 .net "AS", 0 0, L_0x562286dbb850;  1 drivers
v0x562286db60e0_0 .net "B", 0 0, L_0x562286dbbbe0;  1 drivers
v0x562286db61b0_0 .net "BS", 0 0, L_0x562286dbb8c0;  1 drivers
v0x562286db6270_0 .net "S", 0 0, o0x7ff12faa00d8;  alias, 0 drivers
v0x562286db6360_0 .net "S_n", 0 0, L_0x562286dbb7e0;  1 drivers
v0x562286db6420_0 .net "Y", 0 0, L_0x562286dbb9b0;  1 drivers
S_0x562286d83000 .scope module, "tb_EXT16T32" "tb_EXT16T32" 3 3;
 .timescale -9 -9;
v0x562286db83b0_0 .var "B", 0 0;
v0x562286db84a0_0 .var "X", 15 0;
v0x562286db8560_0 .net "Y", 31 0, L_0x562286dd63e0;  1 drivers
v0x562286db8680_0 .var/i "j", 31 0;
S_0x562286db6d80 .scope module, "data" "EXT16T32" 3 17, 4 2 0, S_0x562286d83000;
 .timescale -9 -9;
    .port_info 0 /INPUT 16 "X";
    .port_info 1 /INPUT 1 "B";
    .port_info 2 /OUTPUT 32 "Y";
v0x562286db7c70_0 .net "B", 0 0, v0x562286db83b0_0;  1 drivers
v0x562286db7d30_0 .net "E0", 31 0, L_0x562286dd6200;  1 drivers
v0x562286db7e00_0 .net "E1", 31 0, L_0x562286dd62f0;  1 drivers
v0x562286db7f00_0 .net "X", 15 0, v0x562286db84a0_0;  1 drivers
v0x562286db7fa0_0 .net "Y", 31 0, L_0x562286dd63e0;  alias, 1 drivers
v0x562286db80b0_0 .net *"_ivl_1", 0 0, L_0x562286dc6010;  1 drivers
v0x562286db8170_0 .net "e", 15 0, L_0x562286dc6100;  1 drivers
L_0x7ff12fa57018 .functor BUFT 1, C4<0000000000000000>, C4<0>, C4<0>, C4<0>;
v0x562286db8250_0 .net "z", 15 0, L_0x7ff12fa57018;  1 drivers
L_0x562286dc6010 .part v0x562286db84a0_0, 15, 1;
LS_0x562286dc6100_0_0 .concat [ 1 1 1 1], L_0x562286dc6010, L_0x562286dc6010, L_0x562286dc6010, L_0x562286dc6010;
LS_0x562286dc6100_0_4 .concat [ 1 1 1 1], L_0x562286dc6010, L_0x562286dc6010, L_0x562286dc6010, L_0x562286dc6010;
LS_0x562286dc6100_0_8 .concat [ 1 1 1 1], L_0x562286dc6010, L_0x562286dc6010, L_0x562286dc6010, L_0x562286dc6010;
LS_0x562286dc6100_0_12 .concat [ 1 1 1 1], L_0x562286dc6010, L_0x562286dc6010, L_0x562286dc6010, L_0x562286dc6010;
L_0x562286dc6100 .concat [ 4 4 4 4], LS_0x562286dc6100_0_0, LS_0x562286dc6100_0_4, LS_0x562286dc6100_0_8, LS_0x562286dc6100_0_12;
L_0x562286dd6200 .concat [ 16 16 0 0], v0x562286db84a0_0, L_0x7ff12fa57018;
L_0x562286dd62f0 .concat [ 16 16 0 0], v0x562286db84a0_0, L_0x562286dc6100;
S_0x562286db6ff0 .scope module, "i" "MUX2X32" 4 12, 2 1 0, S_0x562286db6d80;
 .timescale -9 -9;
    .port_info 0 /INPUT 32 "A";
    .port_info 1 /INPUT 32 "B";
    .port_info 2 /INPUT 1 "S";
    .port_info 3 /OUTPUT 32 "Y";
v0x562286db7810_0 .net "A", 31 0, L_0x562286dd6200;  alias, 1 drivers
v0x562286db7910_0 .net "B", 31 0, L_0x562286dd62f0;  alias, 1 drivers
v0x562286db79f0_0 .net "S", 0 0, v0x562286db83b0_0;  alias, 1 drivers
v0x562286db7ae0_0 .net "Y", 31 0, L_0x562286dd63e0;  alias, 1 drivers
L_0x562286dd63e0 .ufunc/vec4 TD_tb_EXT16T32.data.i.select, 32, L_0x562286dd6200, L_0x562286dd62f0, v0x562286db83b0_0 (v0x562286db7460_0, v0x562286db7560_0, v0x562286db7640_0) S_0x562286db7260;
S_0x562286db7260 .scope function.vec4.s32, "select" "select" 2 6, 2 6 0, S_0x562286db6ff0;
 .timescale -9 -9;
v0x562286db7460_0 .var "A", 31 0;
v0x562286db7560_0 .var "B", 31 0;
v0x562286db7640_0 .var "S", 0 0;
; Variable select is vec4 return value of scope S_0x562286db7260
TD_tb_EXT16T32.data.i.select ;
    %load/vec4 v0x562286db7640_0;
    %dup/vec4;
    %pushi/vec4 1, 0, 1;
    %cmp/u;
    %jmp/1 T_0.0, 6;
    %dup/vec4;
    %pushi/vec4 0, 0, 1;
    %cmp/u;
    %jmp/1 T_0.1, 6;
    %jmp T_0.2;
T_0.0 ;
    %load/vec4 v0x562286db7560_0;
    %ret/vec4 0, 0, 32;  Assign to select (store_vec4_to_lval)
    %jmp T_0.2;
T_0.1 ;
    %load/vec4 v0x562286db7460_0;
    %ret/vec4 0, 0, 32;  Assign to select (store_vec4_to_lval)
    %jmp T_0.2;
T_0.2 ;
    %pop/vec4 1;
    %end;
    .scope S_0x562286d83000;
T_1 ;
    %pushi/vec4 4294967196, 0, 32;
    %store/vec4 v0x562286db8680_0, 0, 32;
    %end;
    .thread T_1;
    .scope S_0x562286d83000;
T_2 ;
    %pushi/vec4 4294967196, 0, 32;
    %store/vec4 v0x562286db8680_0, 0, 32;
T_2.0 ;
    %load/vec4 v0x562286db8680_0;
    %cmpi/s 100, 0, 32;
    %flag_or 5, 4;
    %jmp/0xz T_2.1, 5;
    %load/vec4 v0x562286db8680_0;
    %pad/s 16;
    %store/vec4 v0x562286db84a0_0, 0, 16;
    %load/vec4 v0x562286db8680_0;
    %pushi/vec4 2, 0, 32;
    %mod/s;
    %pad/s 1;
    %store/vec4 v0x562286db83b0_0, 0, 1;
    %delay 50, 0;
    ; show_stmt_assign_vector: Get l-value for compressed += operand
    %load/vec4 v0x562286db8680_0;
    %pushi/vec4 1, 0, 32;
    %add;
    %store/vec4 v0x562286db8680_0, 0, 32;
    %jmp T_2.0;
T_2.1 ;
    %end;
    .thread T_2;
    .scope S_0x562286d83000;
T_3 ;
    %vpi_call 3 24 "$dumpfile", "EXT16T32.vcd" {0 0 0};
    %vpi_call 3 25 "$dumpvars", 32'sb00000000000000000000000000000000, S_0x562286d83000 {0 0 0};
    %delay 10000, 0;
    %vpi_call 3 26 "$finish" {0 0 0};
    %end;
    .thread T_3;
# The file index is used to find the file name in the following table.
:file_names 5;
    "N/A";
    "<interactive>";
    "./../MUX2X32/mux.v";
    "EXT16T32_tb.v";
    "./EXT16T32.v";
