#! /usr/bin/vvp
:ivl_version "11.0 (stable)";
:ivl_delay_selection "TYPICAL";
:vpi_time_precision + 0;
:vpi_module "/usr/lib/x86_64-linux-gnu/ivl/system.vpi";
:vpi_module "/usr/lib/x86_64-linux-gnu/ivl/vhdl_sys.vpi";
:vpi_module "/usr/lib/x86_64-linux-gnu/ivl/vhdl_textio.vpi";
:vpi_module "/usr/lib/x86_64-linux-gnu/ivl/v2005_math.vpi";
:vpi_module "/usr/lib/x86_64-linux-gnu/ivl/va_math.vpi";
S_0x5579d0202380 .scope module, "MUX2X32_another" "MUX2X32_another" 2 30;
 .timescale 0 0;
    .port_info 0 /INPUT 32 "A";
    .port_info 1 /INPUT 32 "B";
    .port_info 2 /INPUT 1 "S";
    .port_info 3 /OUTPUT 32 "Y";
o0x7f52266ebc48 .functor BUFZ 32, C4<zzzzzzzzzzzzzzzzzzzzzzzzzzzzzzzz>; HiZ drive
v0x5579d0224290_0 .net "A", 31 0, o0x7f52266ebc48;  0 drivers
o0x7f52266ebc78 .functor BUFZ 32, C4<zzzzzzzzzzzzzzzzzzzzzzzzzzzzzzzz>; HiZ drive
v0x5579d0224390_0 .net "B", 31 0, o0x7f52266ebc78;  0 drivers
o0x7f52266e80d8 .functor BUFZ 1, C4<z>; HiZ drive
v0x5579d0224470_0 .net "S", 0 0, o0x7f52266e80d8;  0 drivers
v0x5579d0224920_0 .net "Y", 31 0, L_0x5579d023be20;  1 drivers
L_0x5579d022f180 .part o0x7f52266ebc48, 0, 1;
L_0x5579d022f270 .part o0x7f52266ebc78, 0, 1;
L_0x5579d022f6a0 .part o0x7f52266ebc48, 1, 1;
L_0x5579d022f7e0 .part o0x7f52266ebc78, 1, 1;
L_0x5579d022fc30 .part o0x7f52266ebc48, 2, 1;
L_0x5579d022fd20 .part o0x7f52266ebc78, 2, 1;
L_0x5579d0230130 .part o0x7f52266ebc48, 3, 1;
L_0x5579d0230220 .part o0x7f52266ebc78, 3, 1;
L_0x5579d0230630 .part o0x7f52266ebc48, 4, 1;
L_0x5579d0230720 .part o0x7f52266ebc78, 4, 1;
L_0x5579d0230b30 .part o0x7f52266ebc48, 5, 1;
L_0x5579d0230c20 .part o0x7f52266ebc78, 5, 1;
L_0x5579d0231090 .part o0x7f52266ebc48, 6, 1;
L_0x5579d0231180 .part o0x7f52266ebc78, 6, 1;
L_0x5579d0231590 .part o0x7f52266ebc48, 7, 1;
L_0x5579d0231680 .part o0x7f52266ebc78, 7, 1;
L_0x5579d0231c20 .part o0x7f52266ebc48, 8, 1;
L_0x5579d0231d10 .part o0x7f52266ebc78, 8, 1;
L_0x5579d02321b0 .part o0x7f52266ebc48, 9, 1;
L_0x5579d02322a0 .part o0x7f52266ebc78, 9, 1;
L_0x5579d0231e00 .part o0x7f52266ebc48, 10, 1;
L_0x5579d02327a0 .part o0x7f52266ebc78, 10, 1;
L_0x5579d0232c60 .part o0x7f52266ebc48, 11, 1;
L_0x5579d0232d50 .part o0x7f52266ebc78, 11, 1;
L_0x5579d0233220 .part o0x7f52266ebc48, 12, 1;
L_0x5579d0233310 .part o0x7f52266ebc78, 12, 1;
L_0x5579d02337f0 .part o0x7f52266ebc48, 13, 1;
L_0x5579d02338e0 .part o0x7f52266ebc78, 13, 1;
L_0x5579d0233dd0 .part o0x7f52266ebc48, 14, 1;
L_0x5579d0233ec0 .part o0x7f52266ebc78, 14, 1;
L_0x5579d0234b60 .part o0x7f52266ebc48, 15, 1;
L_0x5579d0234e60 .part o0x7f52266ebc78, 15, 1;
L_0x5579d0235580 .part o0x7f52266ebc48, 16, 1;
L_0x5579d0235670 .part o0x7f52266ebc78, 16, 1;
L_0x5579d0235b90 .part o0x7f52266ebc48, 17, 1;
L_0x5579d0235c80 .part o0x7f52266ebc78, 17, 1;
L_0x5579d02360a0 .part o0x7f52266ebc48, 18, 1;
L_0x5579d0236190 .part o0x7f52266ebc78, 18, 1;
L_0x5579d0236700 .part o0x7f52266ebc48, 19, 1;
L_0x5579d02367f0 .part o0x7f52266ebc78, 19, 1;
L_0x5579d0236d40 .part o0x7f52266ebc48, 20, 1;
L_0x5579d0236e30 .part o0x7f52266ebc78, 20, 1;
L_0x5579d0237390 .part o0x7f52266ebc48, 21, 1;
L_0x5579d0237480 .part o0x7f52266ebc78, 21, 1;
L_0x5579d02379f0 .part o0x7f52266ebc48, 22, 1;
L_0x5579d0237ae0 .part o0x7f52266ebc78, 22, 1;
L_0x5579d0238060 .part o0x7f52266ebc48, 23, 1;
L_0x5579d0238150 .part o0x7f52266ebc78, 23, 1;
L_0x5579d02386e0 .part o0x7f52266ebc48, 24, 1;
L_0x5579d02387d0 .part o0x7f52266ebc78, 24, 1;
L_0x5579d0238d70 .part o0x7f52266ebc48, 25, 1;
L_0x5579d0238e60 .part o0x7f52266ebc78, 25, 1;
L_0x5579d0239410 .part o0x7f52266ebc48, 26, 1;
L_0x5579d0239500 .part o0x7f52266ebc78, 26, 1;
L_0x5579d0239ac0 .part o0x7f52266ebc48, 27, 1;
L_0x5579d0239bb0 .part o0x7f52266ebc78, 27, 1;
L_0x5579d023a180 .part o0x7f52266ebc48, 28, 1;
L_0x5579d023a270 .part o0x7f52266ebc78, 28, 1;
L_0x5579d023a850 .part o0x7f52266ebc48, 29, 1;
L_0x5579d023a940 .part o0x7f52266ebc78, 29, 1;
L_0x5579d023af30 .part o0x7f52266ebc48, 30, 1;
L_0x5579d023b020 .part o0x7f52266ebc78, 30, 1;
L_0x5579d023b620 .part o0x7f52266ebc48, 31, 1;
L_0x5579d023b710 .part o0x7f52266ebc78, 31, 1;
LS_0x5579d023be20_0_0 .concat8 [ 1 1 1 1], L_0x5579d022f070, L_0x5579d022f560, L_0x5579d022faf0, L_0x5579d022fff0;
LS_0x5579d023be20_0_4 .concat8 [ 1 1 1 1], L_0x5579d02304f0, L_0x5579d02309f0, L_0x5579d0230f50, L_0x5579d0231450;
LS_0x5579d023be20_0_8 .concat8 [ 1 1 1 1], L_0x5579d0231ae0, L_0x5579d0232070, L_0x5579d0232610, L_0x5579d0232b20;
LS_0x5579d023be20_0_12 .concat8 [ 1 1 1 1], L_0x5579d02330e0, L_0x5579d02336b0, L_0x5579d0233c90, L_0x5579d0234a20;
LS_0x5579d023be20_0_16 .concat8 [ 1 1 1 1], L_0x5579d0235440, L_0x5579d0235a50, L_0x5579d0235f60, L_0x5579d02365c0;
LS_0x5579d023be20_0_20 .concat8 [ 1 1 1 1], L_0x5579d0236c00, L_0x5579d0237250, L_0x5579d02378b0, L_0x5579d0237f20;
LS_0x5579d023be20_0_24 .concat8 [ 1 1 1 1], L_0x5579d02385a0, L_0x5579d0238c30, L_0x5579d02392d0, L_0x5579d0239980;
LS_0x5579d023be20_0_28 .concat8 [ 1 1 1 1], L_0x5579d023a040, L_0x5579d023a710, L_0x5579d023adf0, L_0x5579d023b4e0;
LS_0x5579d023be20_1_0 .concat8 [ 4 4 4 4], LS_0x5579d023be20_0_0, LS_0x5579d023be20_0_4, LS_0x5579d023be20_0_8, LS_0x5579d023be20_0_12;
LS_0x5579d023be20_1_4 .concat8 [ 4 4 4 4], LS_0x5579d023be20_0_16, LS_0x5579d023be20_0_20, LS_0x5579d023be20_0_24, LS_0x5579d023be20_0_28;
L_0x5579d023be20 .concat8 [ 16 16 0 0], LS_0x5579d023be20_1_0, LS_0x5579d023be20_1_4;
S_0x5579d01f9710 .scope module, "i0" "MUX2X1" 2 36, 2 18 0, S_0x5579d0202380;
 .timescale 0 0;
    .port_info 0 /INPUT 1 "A";
    .port_info 1 /INPUT 1 "B";
    .port_info 2 /INPUT 1 "S";
    .port_info 3 /OUTPUT 1 "Y";
L_0x5579d022ee90 .functor NOT 1, o0x7f52266e80d8, C4<0>, C4<0>, C4<0>;
L_0x5579d022ef20 .functor NAND 1, L_0x5579d022f180, o0x7f52266e80d8, C4<1>, C4<1>;
L_0x5579d022efb0 .functor NAND 1, L_0x5579d022f270, L_0x5579d022ee90, C4<1>, C4<1>;
L_0x5579d022f070 .functor NAND 1, L_0x5579d022ef20, L_0x5579d022efb0, C4<1>, C4<1>;
v0x5579d01a81f0_0 .net "A", 0 0, L_0x5579d022f180;  1 drivers
v0x5579d01a84f0_0 .net "AS", 0 0, L_0x5579d022ef20;  1 drivers
v0x5579d01a99d0_0 .net "B", 0 0, L_0x5579d022f270;  1 drivers
v0x5579d0214060_0 .net "BS", 0 0, L_0x5579d022efb0;  1 drivers
v0x5579d0214120_0 .net "S", 0 0, o0x7f52266e80d8;  alias, 0 drivers
v0x5579d0214230_0 .net "S_n", 0 0, L_0x5579d022ee90;  1 drivers
v0x5579d02142f0_0 .net "Y", 0 0, L_0x5579d022f070;  1 drivers
S_0x5579d01fbd00 .scope module, "i1" "MUX2X1" 2 42, 2 18 0, S_0x5579d0202380;
 .timescale 0 0;
    .port_info 0 /INPUT 1 "A";
    .port_info 1 /INPUT 1 "B";
    .port_info 2 /INPUT 1 "S";
    .port_info 3 /OUTPUT 1 "Y";
L_0x5579d022f360 .functor NOT 1, o0x7f52266e80d8, C4<0>, C4<0>, C4<0>;
L_0x5579d022f3d0 .functor NAND 1, L_0x5579d022f6a0, o0x7f52266e80d8, C4<1>, C4<1>;
L_0x5579d022f440 .functor NAND 1, L_0x5579d022f7e0, L_0x5579d022f360, C4<1>, C4<1>;
L_0x5579d022f560 .functor NAND 1, L_0x5579d022f3d0, L_0x5579d022f440, C4<1>, C4<1>;
v0x5579d02144a0_0 .net "A", 0 0, L_0x5579d022f6a0;  1 drivers
v0x5579d0214560_0 .net "AS", 0 0, L_0x5579d022f3d0;  1 drivers
v0x5579d0214620_0 .net "B", 0 0, L_0x5579d022f7e0;  1 drivers
v0x5579d02146c0_0 .net "BS", 0 0, L_0x5579d022f440;  1 drivers
v0x5579d0214780_0 .net "S", 0 0, o0x7f52266e80d8;  alias, 0 drivers
v0x5579d0214870_0 .net "S_n", 0 0, L_0x5579d022f360;  1 drivers
v0x5579d0214910_0 .net "Y", 0 0, L_0x5579d022f560;  1 drivers
S_0x5579d01fc5e0 .scope module, "i10" "MUX2X1" 2 96, 2 18 0, S_0x5579d0202380;
 .timescale 0 0;
    .port_info 0 /INPUT 1 "A";
    .port_info 1 /INPUT 1 "B";
    .port_info 2 /INPUT 1 "S";
    .port_info 3 /OUTPUT 1 "Y";
L_0x5579d0232440 .functor NOT 1, o0x7f52266e80d8, C4<0>, C4<0>, C4<0>;
L_0x5579d02324b0 .functor NAND 1, L_0x5579d0231e00, o0x7f52266e80d8, C4<1>, C4<1>;
L_0x5579d0232520 .functor NAND 1, L_0x5579d02327a0, L_0x5579d0232440, C4<1>, C4<1>;
L_0x5579d0232610 .functor NAND 1, L_0x5579d02324b0, L_0x5579d0232520, C4<1>, C4<1>;
v0x5579d0214b00_0 .net "A", 0 0, L_0x5579d0231e00;  1 drivers
v0x5579d0214bc0_0 .net "AS", 0 0, L_0x5579d02324b0;  1 drivers
v0x5579d0214c80_0 .net "B", 0 0, L_0x5579d02327a0;  1 drivers
v0x5579d0214d50_0 .net "BS", 0 0, L_0x5579d0232520;  1 drivers
v0x5579d0214e10_0 .net "S", 0 0, o0x7f52266e80d8;  alias, 0 drivers
v0x5579d0214f50_0 .net "S_n", 0 0, L_0x5579d0232440;  1 drivers
v0x5579d0215010_0 .net "Y", 0 0, L_0x5579d0232610;  1 drivers
S_0x5579d01febd0 .scope module, "i11" "MUX2X1" 2 102, 2 18 0, S_0x5579d0202380;
 .timescale 0 0;
    .port_info 0 /INPUT 1 "A";
    .port_info 1 /INPUT 1 "B";
    .port_info 2 /INPUT 1 "S";
    .port_info 3 /OUTPUT 1 "Y";
L_0x5579d0232950 .functor NOT 1, o0x7f52266e80d8, C4<0>, C4<0>, C4<0>;
L_0x5579d02329c0 .functor NAND 1, L_0x5579d0232c60, o0x7f52266e80d8, C4<1>, C4<1>;
L_0x5579d0232a30 .functor NAND 1, L_0x5579d0232d50, L_0x5579d0232950, C4<1>, C4<1>;
L_0x5579d0232b20 .functor NAND 1, L_0x5579d02329c0, L_0x5579d0232a30, C4<1>, C4<1>;
v0x5579d02151a0_0 .net "A", 0 0, L_0x5579d0232c60;  1 drivers
v0x5579d0215280_0 .net "AS", 0 0, L_0x5579d02329c0;  1 drivers
v0x5579d0215340_0 .net "B", 0 0, L_0x5579d0232d50;  1 drivers
v0x5579d02153e0_0 .net "BS", 0 0, L_0x5579d0232a30;  1 drivers
v0x5579d02154a0_0 .net "S", 0 0, o0x7f52266e80d8;  alias, 0 drivers
v0x5579d0215590_0 .net "S_n", 0 0, L_0x5579d0232950;  1 drivers
v0x5579d0215650_0 .net "Y", 0 0, L_0x5579d0232b20;  1 drivers
S_0x5579d01ff4b0 .scope module, "i12" "MUX2X1" 2 108, 2 18 0, S_0x5579d0202380;
 .timescale 0 0;
    .port_info 0 /INPUT 1 "A";
    .port_info 1 /INPUT 1 "B";
    .port_info 2 /INPUT 1 "S";
    .port_info 3 /OUTPUT 1 "Y";
L_0x5579d0232f10 .functor NOT 1, o0x7f52266e80d8, C4<0>, C4<0>, C4<0>;
L_0x5579d0232f80 .functor NAND 1, L_0x5579d0233220, o0x7f52266e80d8, C4<1>, C4<1>;
L_0x5579d0232ff0 .functor NAND 1, L_0x5579d0233310, L_0x5579d0232f10, C4<1>, C4<1>;
L_0x5579d02330e0 .functor NAND 1, L_0x5579d0232f80, L_0x5579d0232ff0, C4<1>, C4<1>;
v0x5579d0215830_0 .net "A", 0 0, L_0x5579d0233220;  1 drivers
v0x5579d0215910_0 .net "AS", 0 0, L_0x5579d0232f80;  1 drivers
v0x5579d02159d0_0 .net "B", 0 0, L_0x5579d0233310;  1 drivers
v0x5579d0215a70_0 .net "BS", 0 0, L_0x5579d0232ff0;  1 drivers
v0x5579d0215b30_0 .net "S", 0 0, o0x7f52266e80d8;  alias, 0 drivers
v0x5579d0215c20_0 .net "S_n", 0 0, L_0x5579d0232f10;  1 drivers
v0x5579d0215ce0_0 .net "Y", 0 0, L_0x5579d02330e0;  1 drivers
S_0x5579d0201aa0 .scope module, "i13" "MUX2X1" 2 114, 2 18 0, S_0x5579d0202380;
 .timescale 0 0;
    .port_info 0 /INPUT 1 "A";
    .port_info 1 /INPUT 1 "B";
    .port_info 2 /INPUT 1 "S";
    .port_info 3 /OUTPUT 1 "Y";
L_0x5579d02334e0 .functor NOT 1, o0x7f52266e80d8, C4<0>, C4<0>, C4<0>;
L_0x5579d0233550 .functor NAND 1, L_0x5579d02337f0, o0x7f52266e80d8, C4<1>, C4<1>;
L_0x5579d02335c0 .functor NAND 1, L_0x5579d02338e0, L_0x5579d02334e0, C4<1>, C4<1>;
L_0x5579d02336b0 .functor NAND 1, L_0x5579d0233550, L_0x5579d02335c0, C4<1>, C4<1>;
v0x5579d0215e20_0 .net "A", 0 0, L_0x5579d02337f0;  1 drivers
v0x5579d0215f00_0 .net "AS", 0 0, L_0x5579d0233550;  1 drivers
v0x5579d0215fc0_0 .net "B", 0 0, L_0x5579d02338e0;  1 drivers
v0x5579d0216090_0 .net "BS", 0 0, L_0x5579d02335c0;  1 drivers
v0x5579d0216150_0 .net "S", 0 0, o0x7f52266e80d8;  alias, 0 drivers
v0x5579d0216240_0 .net "S_n", 0 0, L_0x5579d02334e0;  1 drivers
v0x5579d0216300_0 .net "Y", 0 0, L_0x5579d02336b0;  1 drivers
S_0x5579d0216440 .scope module, "i14" "MUX2X1" 2 120, 2 18 0, S_0x5579d0202380;
 .timescale 0 0;
    .port_info 0 /INPUT 1 "A";
    .port_info 1 /INPUT 1 "B";
    .port_info 2 /INPUT 1 "S";
    .port_info 3 /OUTPUT 1 "Y";
L_0x5579d0233ac0 .functor NOT 1, o0x7f52266e80d8, C4<0>, C4<0>, C4<0>;
L_0x5579d0233b30 .functor NAND 1, L_0x5579d0233dd0, o0x7f52266e80d8, C4<1>, C4<1>;
L_0x5579d0233ba0 .functor NAND 1, L_0x5579d0233ec0, L_0x5579d0233ac0, C4<1>, C4<1>;
L_0x5579d0233c90 .functor NAND 1, L_0x5579d0233b30, L_0x5579d0233ba0, C4<1>, C4<1>;
v0x5579d0216620_0 .net "A", 0 0, L_0x5579d0233dd0;  1 drivers
v0x5579d0216700_0 .net "AS", 0 0, L_0x5579d0233b30;  1 drivers
v0x5579d02167c0_0 .net "B", 0 0, L_0x5579d0233ec0;  1 drivers
v0x5579d0216890_0 .net "BS", 0 0, L_0x5579d0233ba0;  1 drivers
v0x5579d0216950_0 .net "S", 0 0, o0x7f52266e80d8;  alias, 0 drivers
v0x5579d0216a40_0 .net "S_n", 0 0, L_0x5579d0233ac0;  1 drivers
v0x5579d0216b00_0 .net "Y", 0 0, L_0x5579d0233c90;  1 drivers
S_0x5579d0216c40 .scope module, "i15" "MUX2X1" 2 126, 2 18 0, S_0x5579d0202380;
 .timescale 0 0;
    .port_info 0 /INPUT 1 "A";
    .port_info 1 /INPUT 1 "B";
    .port_info 2 /INPUT 1 "S";
    .port_info 3 /OUTPUT 1 "Y";
L_0x5579d02340b0 .functor NOT 1, o0x7f52266e80d8, C4<0>, C4<0>, C4<0>;
L_0x5579d0234120 .functor NAND 1, L_0x5579d0234b60, o0x7f52266e80d8, C4<1>, C4<1>;
L_0x5579d0231270 .functor NAND 1, L_0x5579d0234e60, L_0x5579d02340b0, C4<1>, C4<1>;
L_0x5579d0234a20 .functor NAND 1, L_0x5579d0234120, L_0x5579d0231270, C4<1>, C4<1>;
v0x5579d0216e90_0 .net "A", 0 0, L_0x5579d0234b60;  1 drivers
v0x5579d0216f70_0 .net "AS", 0 0, L_0x5579d0234120;  1 drivers
v0x5579d0217030_0 .net "B", 0 0, L_0x5579d0234e60;  1 drivers
v0x5579d0217100_0 .net "BS", 0 0, L_0x5579d0231270;  1 drivers
v0x5579d02171c0_0 .net "S", 0 0, o0x7f52266e80d8;  alias, 0 drivers
v0x5579d02172b0_0 .net "S_n", 0 0, L_0x5579d02340b0;  1 drivers
v0x5579d0217370_0 .net "Y", 0 0, L_0x5579d0234a20;  1 drivers
S_0x5579d02174b0 .scope module, "i16" "MUX2X1" 2 132, 2 18 0, S_0x5579d0202380;
 .timescale 0 0;
    .port_info 0 /INPUT 1 "A";
    .port_info 1 /INPUT 1 "B";
    .port_info 2 /INPUT 1 "S";
    .port_info 3 /OUTPUT 1 "Y";
L_0x5579d0235270 .functor NOT 1, o0x7f52266e80d8, C4<0>, C4<0>, C4<0>;
L_0x5579d02352e0 .functor NAND 1, L_0x5579d0235580, o0x7f52266e80d8, C4<1>, C4<1>;
L_0x5579d0235350 .functor NAND 1, L_0x5579d0235670, L_0x5579d0235270, C4<1>, C4<1>;
L_0x5579d0235440 .functor NAND 1, L_0x5579d02352e0, L_0x5579d0235350, C4<1>, C4<1>;
v0x5579d0217790_0 .net "A", 0 0, L_0x5579d0235580;  1 drivers
v0x5579d0217870_0 .net "AS", 0 0, L_0x5579d02352e0;  1 drivers
v0x5579d0217930_0 .net "B", 0 0, L_0x5579d0235670;  1 drivers
v0x5579d0217a00_0 .net "BS", 0 0, L_0x5579d0235350;  1 drivers
v0x5579d0217ac0_0 .net "S", 0 0, o0x7f52266e80d8;  alias, 0 drivers
v0x5579d0217b60_0 .net "S_n", 0 0, L_0x5579d0235270;  1 drivers
v0x5579d0217c20_0 .net "Y", 0 0, L_0x5579d0235440;  1 drivers
S_0x5579d0217d60 .scope module, "i17" "MUX2X1" 2 138, 2 18 0, S_0x5579d0202380;
 .timescale 0 0;
    .port_info 0 /INPUT 1 "A";
    .port_info 1 /INPUT 1 "B";
    .port_info 2 /INPUT 1 "S";
    .port_info 3 /OUTPUT 1 "Y";
L_0x5579d0235880 .functor NOT 1, o0x7f52266e80d8, C4<0>, C4<0>, C4<0>;
L_0x5579d02358f0 .functor NAND 1, L_0x5579d0235b90, o0x7f52266e80d8, C4<1>, C4<1>;
L_0x5579d0235960 .functor NAND 1, L_0x5579d0235c80, L_0x5579d0235880, C4<1>, C4<1>;
L_0x5579d0235a50 .functor NAND 1, L_0x5579d02358f0, L_0x5579d0235960, C4<1>, C4<1>;
v0x5579d0217fb0_0 .net "A", 0 0, L_0x5579d0235b90;  1 drivers
v0x5579d0218090_0 .net "AS", 0 0, L_0x5579d02358f0;  1 drivers
v0x5579d0218150_0 .net "B", 0 0, L_0x5579d0235c80;  1 drivers
v0x5579d0218220_0 .net "BS", 0 0, L_0x5579d0235960;  1 drivers
v0x5579d02182e0_0 .net "S", 0 0, o0x7f52266e80d8;  alias, 0 drivers
v0x5579d02183d0_0 .net "S_n", 0 0, L_0x5579d0235880;  1 drivers
v0x5579d0218490_0 .net "Y", 0 0, L_0x5579d0235a50;  1 drivers
S_0x5579d02185d0 .scope module, "i18" "MUX2X1" 2 144, 2 18 0, S_0x5579d0202380;
 .timescale 0 0;
    .port_info 0 /INPUT 1 "A";
    .port_info 1 /INPUT 1 "B";
    .port_info 2 /INPUT 1 "S";
    .port_info 3 /OUTPUT 1 "Y";
L_0x5579d0235760 .functor NOT 1, o0x7f52266e80d8, C4<0>, C4<0>, C4<0>;
L_0x5579d02357d0 .functor NAND 1, L_0x5579d02360a0, o0x7f52266e80d8, C4<1>, C4<1>;
L_0x5579d0235ea0 .functor NAND 1, L_0x5579d0236190, L_0x5579d0235760, C4<1>, C4<1>;
L_0x5579d0235f60 .functor NAND 1, L_0x5579d02357d0, L_0x5579d0235ea0, C4<1>, C4<1>;
v0x5579d0218820_0 .net "A", 0 0, L_0x5579d02360a0;  1 drivers
v0x5579d0218900_0 .net "AS", 0 0, L_0x5579d02357d0;  1 drivers
v0x5579d02189c0_0 .net "B", 0 0, L_0x5579d0236190;  1 drivers
v0x5579d0218a90_0 .net "BS", 0 0, L_0x5579d0235ea0;  1 drivers
v0x5579d0218b50_0 .net "S", 0 0, o0x7f52266e80d8;  alias, 0 drivers
v0x5579d0218c40_0 .net "S_n", 0 0, L_0x5579d0235760;  1 drivers
v0x5579d0218d00_0 .net "Y", 0 0, L_0x5579d0235f60;  1 drivers
S_0x5579d0218e40 .scope module, "i19" "MUX2X1" 2 150, 2 18 0, S_0x5579d0202380;
 .timescale 0 0;
    .port_info 0 /INPUT 1 "A";
    .port_info 1 /INPUT 1 "B";
    .port_info 2 /INPUT 1 "S";
    .port_info 3 /OUTPUT 1 "Y";
L_0x5579d02363c0 .functor NOT 1, o0x7f52266e80d8, C4<0>, C4<0>, C4<0>;
L_0x5579d0236430 .functor NAND 1, L_0x5579d0236700, o0x7f52266e80d8, C4<1>, C4<1>;
L_0x5579d02364a0 .functor NAND 1, L_0x5579d02367f0, L_0x5579d02363c0, C4<1>, C4<1>;
L_0x5579d02365c0 .functor NAND 1, L_0x5579d0236430, L_0x5579d02364a0, C4<1>, C4<1>;
v0x5579d0219090_0 .net "A", 0 0, L_0x5579d0236700;  1 drivers
v0x5579d0219170_0 .net "AS", 0 0, L_0x5579d0236430;  1 drivers
v0x5579d0219230_0 .net "B", 0 0, L_0x5579d02367f0;  1 drivers
v0x5579d0219300_0 .net "BS", 0 0, L_0x5579d02364a0;  1 drivers
v0x5579d02193c0_0 .net "S", 0 0, o0x7f52266e80d8;  alias, 0 drivers
v0x5579d02194b0_0 .net "S_n", 0 0, L_0x5579d02363c0;  1 drivers
v0x5579d0219570_0 .net "Y", 0 0, L_0x5579d02365c0;  1 drivers
S_0x5579d02196b0 .scope module, "i2" "MUX2X1" 2 48, 2 18 0, S_0x5579d0202380;
 .timescale 0 0;
    .port_info 0 /INPUT 1 "A";
    .port_info 1 /INPUT 1 "B";
    .port_info 2 /INPUT 1 "S";
    .port_info 3 /OUTPUT 1 "Y";
L_0x5579d022f950 .functor NOT 1, o0x7f52266e80d8, C4<0>, C4<0>, C4<0>;
L_0x5579d022f9c0 .functor NAND 1, L_0x5579d022fc30, o0x7f52266e80d8, C4<1>, C4<1>;
L_0x5579d022fa30 .functor NAND 1, L_0x5579d022fd20, L_0x5579d022f950, C4<1>, C4<1>;
L_0x5579d022faf0 .functor NAND 1, L_0x5579d022f9c0, L_0x5579d022fa30, C4<1>, C4<1>;
v0x5579d0219900_0 .net "A", 0 0, L_0x5579d022fc30;  1 drivers
v0x5579d02199e0_0 .net "AS", 0 0, L_0x5579d022f9c0;  1 drivers
v0x5579d0219aa0_0 .net "B", 0 0, L_0x5579d022fd20;  1 drivers
v0x5579d0219b70_0 .net "BS", 0 0, L_0x5579d022fa30;  1 drivers
v0x5579d0219c30_0 .net "S", 0 0, o0x7f52266e80d8;  alias, 0 drivers
v0x5579d0219d20_0 .net "S_n", 0 0, L_0x5579d022f950;  1 drivers
v0x5579d0219de0_0 .net "Y", 0 0, L_0x5579d022faf0;  1 drivers
S_0x5579d0219f20 .scope module, "i20" "MUX2X1" 2 156, 2 18 0, S_0x5579d0202380;
 .timescale 0 0;
    .port_info 0 /INPUT 1 "A";
    .port_info 1 /INPUT 1 "B";
    .port_info 2 /INPUT 1 "S";
    .port_info 3 /OUTPUT 1 "Y";
L_0x5579d0236a30 .functor NOT 1, o0x7f52266e80d8, C4<0>, C4<0>, C4<0>;
L_0x5579d0236aa0 .functor NAND 1, L_0x5579d0236d40, o0x7f52266e80d8, C4<1>, C4<1>;
L_0x5579d0236b10 .functor NAND 1, L_0x5579d0236e30, L_0x5579d0236a30, C4<1>, C4<1>;
L_0x5579d0236c00 .functor NAND 1, L_0x5579d0236aa0, L_0x5579d0236b10, C4<1>, C4<1>;
v0x5579d021a170_0 .net "A", 0 0, L_0x5579d0236d40;  1 drivers
v0x5579d021a250_0 .net "AS", 0 0, L_0x5579d0236aa0;  1 drivers
v0x5579d021a310_0 .net "B", 0 0, L_0x5579d0236e30;  1 drivers
v0x5579d021a3e0_0 .net "BS", 0 0, L_0x5579d0236b10;  1 drivers
v0x5579d021a4a0_0 .net "S", 0 0, o0x7f52266e80d8;  alias, 0 drivers
v0x5579d021a590_0 .net "S_n", 0 0, L_0x5579d0236a30;  1 drivers
v0x5579d021a650_0 .net "Y", 0 0, L_0x5579d0236c00;  1 drivers
S_0x5579d021a790 .scope module, "i21" "MUX2X1" 2 162, 2 18 0, S_0x5579d0202380;
 .timescale 0 0;
    .port_info 0 /INPUT 1 "A";
    .port_info 1 /INPUT 1 "B";
    .port_info 2 /INPUT 1 "S";
    .port_info 3 /OUTPUT 1 "Y";
L_0x5579d0237080 .functor NOT 1, o0x7f52266e80d8, C4<0>, C4<0>, C4<0>;
L_0x5579d02370f0 .functor NAND 1, L_0x5579d0237390, o0x7f52266e80d8, C4<1>, C4<1>;
L_0x5579d0237160 .functor NAND 1, L_0x5579d0237480, L_0x5579d0237080, C4<1>, C4<1>;
L_0x5579d0237250 .functor NAND 1, L_0x5579d02370f0, L_0x5579d0237160, C4<1>, C4<1>;
v0x5579d021a9e0_0 .net "A", 0 0, L_0x5579d0237390;  1 drivers
v0x5579d021aac0_0 .net "AS", 0 0, L_0x5579d02370f0;  1 drivers
v0x5579d021ab80_0 .net "B", 0 0, L_0x5579d0237480;  1 drivers
v0x5579d021ac50_0 .net "BS", 0 0, L_0x5579d0237160;  1 drivers
v0x5579d021ad10_0 .net "S", 0 0, o0x7f52266e80d8;  alias, 0 drivers
v0x5579d021ae00_0 .net "S_n", 0 0, L_0x5579d0237080;  1 drivers
v0x5579d021aec0_0 .net "Y", 0 0, L_0x5579d0237250;  1 drivers
S_0x5579d021b000 .scope module, "i22" "MUX2X1" 2 168, 2 18 0, S_0x5579d0202380;
 .timescale 0 0;
    .port_info 0 /INPUT 1 "A";
    .port_info 1 /INPUT 1 "B";
    .port_info 2 /INPUT 1 "S";
    .port_info 3 /OUTPUT 1 "Y";
L_0x5579d02376e0 .functor NOT 1, o0x7f52266e80d8, C4<0>, C4<0>, C4<0>;
L_0x5579d0237750 .functor NAND 1, L_0x5579d02379f0, o0x7f52266e80d8, C4<1>, C4<1>;
L_0x5579d02377c0 .functor NAND 1, L_0x5579d0237ae0, L_0x5579d02376e0, C4<1>, C4<1>;
L_0x5579d02378b0 .functor NAND 1, L_0x5579d0237750, L_0x5579d02377c0, C4<1>, C4<1>;
v0x5579d021b250_0 .net "A", 0 0, L_0x5579d02379f0;  1 drivers
v0x5579d021b330_0 .net "AS", 0 0, L_0x5579d0237750;  1 drivers
v0x5579d021b3f0_0 .net "B", 0 0, L_0x5579d0237ae0;  1 drivers
v0x5579d021b4c0_0 .net "BS", 0 0, L_0x5579d02377c0;  1 drivers
v0x5579d021b580_0 .net "S", 0 0, o0x7f52266e80d8;  alias, 0 drivers
v0x5579d021b670_0 .net "S_n", 0 0, L_0x5579d02376e0;  1 drivers
v0x5579d021b730_0 .net "Y", 0 0, L_0x5579d02378b0;  1 drivers
S_0x5579d021b870 .scope module, "i23" "MUX2X1" 2 174, 2 18 0, S_0x5579d0202380;
 .timescale 0 0;
    .port_info 0 /INPUT 1 "A";
    .port_info 1 /INPUT 1 "B";
    .port_info 2 /INPUT 1 "S";
    .port_info 3 /OUTPUT 1 "Y";
L_0x5579d0237d50 .functor NOT 1, o0x7f52266e80d8, C4<0>, C4<0>, C4<0>;
L_0x5579d0237dc0 .functor NAND 1, L_0x5579d0238060, o0x7f52266e80d8, C4<1>, C4<1>;
L_0x5579d0237e30 .functor NAND 1, L_0x5579d0238150, L_0x5579d0237d50, C4<1>, C4<1>;
L_0x5579d0237f20 .functor NAND 1, L_0x5579d0237dc0, L_0x5579d0237e30, C4<1>, C4<1>;
v0x5579d021bbd0_0 .net "A", 0 0, L_0x5579d0238060;  1 drivers
v0x5579d021bcb0_0 .net "AS", 0 0, L_0x5579d0237dc0;  1 drivers
v0x5579d021bd70_0 .net "B", 0 0, L_0x5579d0238150;  1 drivers
v0x5579d021be40_0 .net "BS", 0 0, L_0x5579d0237e30;  1 drivers
v0x5579d021bf00_0 .net "S", 0 0, o0x7f52266e80d8;  alias, 0 drivers
v0x5579d021c200_0 .net "S_n", 0 0, L_0x5579d0237d50;  1 drivers
v0x5579d021c2c0_0 .net "Y", 0 0, L_0x5579d0237f20;  1 drivers
S_0x5579d021c400 .scope module, "i24" "MUX2X1" 2 180, 2 18 0, S_0x5579d0202380;
 .timescale 0 0;
    .port_info 0 /INPUT 1 "A";
    .port_info 1 /INPUT 1 "B";
    .port_info 2 /INPUT 1 "S";
    .port_info 3 /OUTPUT 1 "Y";
L_0x5579d02383d0 .functor NOT 1, o0x7f52266e80d8, C4<0>, C4<0>, C4<0>;
L_0x5579d0238440 .functor NAND 1, L_0x5579d02386e0, o0x7f52266e80d8, C4<1>, C4<1>;
L_0x5579d02384b0 .functor NAND 1, L_0x5579d02387d0, L_0x5579d02383d0, C4<1>, C4<1>;
L_0x5579d02385a0 .functor NAND 1, L_0x5579d0238440, L_0x5579d02384b0, C4<1>, C4<1>;
v0x5579d021c650_0 .net "A", 0 0, L_0x5579d02386e0;  1 drivers
v0x5579d021c730_0 .net "AS", 0 0, L_0x5579d0238440;  1 drivers
v0x5579d021c7f0_0 .net "B", 0 0, L_0x5579d02387d0;  1 drivers
v0x5579d021c8c0_0 .net "BS", 0 0, L_0x5579d02384b0;  1 drivers
v0x5579d021c980_0 .net "S", 0 0, o0x7f52266e80d8;  alias, 0 drivers
v0x5579d021ca70_0 .net "S_n", 0 0, L_0x5579d02383d0;  1 drivers
v0x5579d021cb30_0 .net "Y", 0 0, L_0x5579d02385a0;  1 drivers
S_0x5579d021cc70 .scope module, "i25" "MUX2X1" 2 186, 2 18 0, S_0x5579d0202380;
 .timescale 0 0;
    .port_info 0 /INPUT 1 "A";
    .port_info 1 /INPUT 1 "B";
    .port_info 2 /INPUT 1 "S";
    .port_info 3 /OUTPUT 1 "Y";
L_0x5579d0238a60 .functor NOT 1, o0x7f52266e80d8, C4<0>, C4<0>, C4<0>;
L_0x5579d0238ad0 .functor NAND 1, L_0x5579d0238d70, o0x7f52266e80d8, C4<1>, C4<1>;
L_0x5579d0238b40 .functor NAND 1, L_0x5579d0238e60, L_0x5579d0238a60, C4<1>, C4<1>;
L_0x5579d0238c30 .functor NAND 1, L_0x5579d0238ad0, L_0x5579d0238b40, C4<1>, C4<1>;
v0x5579d021cec0_0 .net "A", 0 0, L_0x5579d0238d70;  1 drivers
v0x5579d021cfa0_0 .net "AS", 0 0, L_0x5579d0238ad0;  1 drivers
v0x5579d021d060_0 .net "B", 0 0, L_0x5579d0238e60;  1 drivers
v0x5579d021d130_0 .net "BS", 0 0, L_0x5579d0238b40;  1 drivers
v0x5579d021d1f0_0 .net "S", 0 0, o0x7f52266e80d8;  alias, 0 drivers
v0x5579d021d2e0_0 .net "S_n", 0 0, L_0x5579d0238a60;  1 drivers
v0x5579d021d3a0_0 .net "Y", 0 0, L_0x5579d0238c30;  1 drivers
S_0x5579d021d4e0 .scope module, "i26" "MUX2X1" 2 192, 2 18 0, S_0x5579d0202380;
 .timescale 0 0;
    .port_info 0 /INPUT 1 "A";
    .port_info 1 /INPUT 1 "B";
    .port_info 2 /INPUT 1 "S";
    .port_info 3 /OUTPUT 1 "Y";
L_0x5579d0239100 .functor NOT 1, o0x7f52266e80d8, C4<0>, C4<0>, C4<0>;
L_0x5579d0239170 .functor NAND 1, L_0x5579d0239410, o0x7f52266e80d8, C4<1>, C4<1>;
L_0x5579d02391e0 .functor NAND 1, L_0x5579d0239500, L_0x5579d0239100, C4<1>, C4<1>;
L_0x5579d02392d0 .functor NAND 1, L_0x5579d0239170, L_0x5579d02391e0, C4<1>, C4<1>;
v0x5579d021d730_0 .net "A", 0 0, L_0x5579d0239410;  1 drivers
v0x5579d021d810_0 .net "AS", 0 0, L_0x5579d0239170;  1 drivers
v0x5579d021d8d0_0 .net "B", 0 0, L_0x5579d0239500;  1 drivers
v0x5579d021d9a0_0 .net "BS", 0 0, L_0x5579d02391e0;  1 drivers
v0x5579d021da60_0 .net "S", 0 0, o0x7f52266e80d8;  alias, 0 drivers
v0x5579d021db50_0 .net "S_n", 0 0, L_0x5579d0239100;  1 drivers
v0x5579d021dc10_0 .net "Y", 0 0, L_0x5579d02392d0;  1 drivers
S_0x5579d021dd50 .scope module, "i27" "MUX2X1" 2 198, 2 18 0, S_0x5579d0202380;
 .timescale 0 0;
    .port_info 0 /INPUT 1 "A";
    .port_info 1 /INPUT 1 "B";
    .port_info 2 /INPUT 1 "S";
    .port_info 3 /OUTPUT 1 "Y";
L_0x5579d02397b0 .functor NOT 1, o0x7f52266e80d8, C4<0>, C4<0>, C4<0>;
L_0x5579d0239820 .functor NAND 1, L_0x5579d0239ac0, o0x7f52266e80d8, C4<1>, C4<1>;
L_0x5579d0239890 .functor NAND 1, L_0x5579d0239bb0, L_0x5579d02397b0, C4<1>, C4<1>;
L_0x5579d0239980 .functor NAND 1, L_0x5579d0239820, L_0x5579d0239890, C4<1>, C4<1>;
v0x5579d021dfa0_0 .net "A", 0 0, L_0x5579d0239ac0;  1 drivers
v0x5579d021e080_0 .net "AS", 0 0, L_0x5579d0239820;  1 drivers
v0x5579d021e140_0 .net "B", 0 0, L_0x5579d0239bb0;  1 drivers
v0x5579d021e210_0 .net "BS", 0 0, L_0x5579d0239890;  1 drivers
v0x5579d021e2d0_0 .net "S", 0 0, o0x7f52266e80d8;  alias, 0 drivers
v0x5579d021e3c0_0 .net "S_n", 0 0, L_0x5579d02397b0;  1 drivers
v0x5579d021e480_0 .net "Y", 0 0, L_0x5579d0239980;  1 drivers
S_0x5579d021e5c0 .scope module, "i28" "MUX2X1" 2 204, 2 18 0, S_0x5579d0202380;
 .timescale 0 0;
    .port_info 0 /INPUT 1 "A";
    .port_info 1 /INPUT 1 "B";
    .port_info 2 /INPUT 1 "S";
    .port_info 3 /OUTPUT 1 "Y";
L_0x5579d0239e70 .functor NOT 1, o0x7f52266e80d8, C4<0>, C4<0>, C4<0>;
L_0x5579d0239ee0 .functor NAND 1, L_0x5579d023a180, o0x7f52266e80d8, C4<1>, C4<1>;
L_0x5579d0239f50 .functor NAND 1, L_0x5579d023a270, L_0x5579d0239e70, C4<1>, C4<1>;
L_0x5579d023a040 .functor NAND 1, L_0x5579d0239ee0, L_0x5579d0239f50, C4<1>, C4<1>;
v0x5579d021e810_0 .net "A", 0 0, L_0x5579d023a180;  1 drivers
v0x5579d021e8f0_0 .net "AS", 0 0, L_0x5579d0239ee0;  1 drivers
v0x5579d021e9b0_0 .net "B", 0 0, L_0x5579d023a270;  1 drivers
v0x5579d021ea80_0 .net "BS", 0 0, L_0x5579d0239f50;  1 drivers
v0x5579d021eb40_0 .net "S", 0 0, o0x7f52266e80d8;  alias, 0 drivers
v0x5579d021ec30_0 .net "S_n", 0 0, L_0x5579d0239e70;  1 drivers
v0x5579d021ecf0_0 .net "Y", 0 0, L_0x5579d023a040;  1 drivers
S_0x5579d021ee30 .scope module, "i29" "MUX2X1" 2 210, 2 18 0, S_0x5579d0202380;
 .timescale 0 0;
    .port_info 0 /INPUT 1 "A";
    .port_info 1 /INPUT 1 "B";
    .port_info 2 /INPUT 1 "S";
    .port_info 3 /OUTPUT 1 "Y";
L_0x5579d023a540 .functor NOT 1, o0x7f52266e80d8, C4<0>, C4<0>, C4<0>;
L_0x5579d023a5b0 .functor NAND 1, L_0x5579d023a850, o0x7f52266e80d8, C4<1>, C4<1>;
L_0x5579d023a620 .functor NAND 1, L_0x5579d023a940, L_0x5579d023a540, C4<1>, C4<1>;
L_0x5579d023a710 .functor NAND 1, L_0x5579d023a5b0, L_0x5579d023a620, C4<1>, C4<1>;
v0x5579d021f080_0 .net "A", 0 0, L_0x5579d023a850;  1 drivers
v0x5579d021f160_0 .net "AS", 0 0, L_0x5579d023a5b0;  1 drivers
v0x5579d021f220_0 .net "B", 0 0, L_0x5579d023a940;  1 drivers
v0x5579d021f2f0_0 .net "BS", 0 0, L_0x5579d023a620;  1 drivers
v0x5579d021f3b0_0 .net "S", 0 0, o0x7f52266e80d8;  alias, 0 drivers
v0x5579d021f4a0_0 .net "S_n", 0 0, L_0x5579d023a540;  1 drivers
v0x5579d021f560_0 .net "Y", 0 0, L_0x5579d023a710;  1 drivers
S_0x5579d021f6a0 .scope module, "i3" "MUX2X1" 2 54, 2 18 0, S_0x5579d0202380;
 .timescale 0 0;
    .port_info 0 /INPUT 1 "A";
    .port_info 1 /INPUT 1 "B";
    .port_info 2 /INPUT 1 "S";
    .port_info 3 /OUTPUT 1 "Y";
L_0x5579d022fe50 .functor NOT 1, o0x7f52266e80d8, C4<0>, C4<0>, C4<0>;
L_0x5579d022fec0 .functor NAND 1, L_0x5579d0230130, o0x7f52266e80d8, C4<1>, C4<1>;
L_0x5579d022ff30 .functor NAND 1, L_0x5579d0230220, L_0x5579d022fe50, C4<1>, C4<1>;
L_0x5579d022fff0 .functor NAND 1, L_0x5579d022fec0, L_0x5579d022ff30, C4<1>, C4<1>;
v0x5579d021f8f0_0 .net "A", 0 0, L_0x5579d0230130;  1 drivers
v0x5579d021f9d0_0 .net "AS", 0 0, L_0x5579d022fec0;  1 drivers
v0x5579d021fa90_0 .net "B", 0 0, L_0x5579d0230220;  1 drivers
v0x5579d021fb60_0 .net "BS", 0 0, L_0x5579d022ff30;  1 drivers
v0x5579d021fc20_0 .net "S", 0 0, o0x7f52266e80d8;  alias, 0 drivers
v0x5579d021fd10_0 .net "S_n", 0 0, L_0x5579d022fe50;  1 drivers
v0x5579d021fdd0_0 .net "Y", 0 0, L_0x5579d022fff0;  1 drivers
S_0x5579d021ff10 .scope module, "i30" "MUX2X1" 2 216, 2 18 0, S_0x5579d0202380;
 .timescale 0 0;
    .port_info 0 /INPUT 1 "A";
    .port_info 1 /INPUT 1 "B";
    .port_info 2 /INPUT 1 "S";
    .port_info 3 /OUTPUT 1 "Y";
L_0x5579d023ac20 .functor NOT 1, o0x7f52266e80d8, C4<0>, C4<0>, C4<0>;
L_0x5579d023ac90 .functor NAND 1, L_0x5579d023af30, o0x7f52266e80d8, C4<1>, C4<1>;
L_0x5579d023ad00 .functor NAND 1, L_0x5579d023b020, L_0x5579d023ac20, C4<1>, C4<1>;
L_0x5579d023adf0 .functor NAND 1, L_0x5579d023ac90, L_0x5579d023ad00, C4<1>, C4<1>;
v0x5579d0220160_0 .net "A", 0 0, L_0x5579d023af30;  1 drivers
v0x5579d0220240_0 .net "AS", 0 0, L_0x5579d023ac90;  1 drivers
v0x5579d0220300_0 .net "B", 0 0, L_0x5579d023b020;  1 drivers
v0x5579d02203d0_0 .net "BS", 0 0, L_0x5579d023ad00;  1 drivers
v0x5579d0220490_0 .net "S", 0 0, o0x7f52266e80d8;  alias, 0 drivers
v0x5579d0220580_0 .net "S_n", 0 0, L_0x5579d023ac20;  1 drivers
v0x5579d0220640_0 .net "Y", 0 0, L_0x5579d023adf0;  1 drivers
S_0x5579d0220780 .scope module, "i31" "MUX2X1" 2 222, 2 18 0, S_0x5579d0202380;
 .timescale 0 0;
    .port_info 0 /INPUT 1 "A";
    .port_info 1 /INPUT 1 "B";
    .port_info 2 /INPUT 1 "S";
    .port_info 3 /OUTPUT 1 "Y";
L_0x5579d023b310 .functor NOT 1, o0x7f52266e80d8, C4<0>, C4<0>, C4<0>;
L_0x5579d023b380 .functor NAND 1, L_0x5579d023b620, o0x7f52266e80d8, C4<1>, C4<1>;
L_0x5579d023b3f0 .functor NAND 1, L_0x5579d023b710, L_0x5579d023b310, C4<1>, C4<1>;
L_0x5579d023b4e0 .functor NAND 1, L_0x5579d023b380, L_0x5579d023b3f0, C4<1>, C4<1>;
v0x5579d02209d0_0 .net "A", 0 0, L_0x5579d023b620;  1 drivers
v0x5579d0220ab0_0 .net "AS", 0 0, L_0x5579d023b380;  1 drivers
v0x5579d0220b70_0 .net "B", 0 0, L_0x5579d023b710;  1 drivers
v0x5579d0220c40_0 .net "BS", 0 0, L_0x5579d023b3f0;  1 drivers
v0x5579d0220d00_0 .net "S", 0 0, o0x7f52266e80d8;  alias, 0 drivers
v0x5579d0220df0_0 .net "S_n", 0 0, L_0x5579d023b310;  1 drivers
v0x5579d0220eb0_0 .net "Y", 0 0, L_0x5579d023b4e0;  1 drivers
S_0x5579d0220ff0 .scope module, "i4" "MUX2X1" 2 60, 2 18 0, S_0x5579d0202380;
 .timescale 0 0;
    .port_info 0 /INPUT 1 "A";
    .port_info 1 /INPUT 1 "B";
    .port_info 2 /INPUT 1 "S";
    .port_info 3 /OUTPUT 1 "Y";
L_0x5579d02303a0 .functor NOT 1, o0x7f52266e80d8, C4<0>, C4<0>, C4<0>;
L_0x5579d0230410 .functor NAND 1, L_0x5579d0230630, o0x7f52266e80d8, C4<1>, C4<1>;
L_0x5579d0230480 .functor NAND 1, L_0x5579d0230720, L_0x5579d02303a0, C4<1>, C4<1>;
L_0x5579d02304f0 .functor NAND 1, L_0x5579d0230410, L_0x5579d0230480, C4<1>, C4<1>;
v0x5579d0221240_0 .net "A", 0 0, L_0x5579d0230630;  1 drivers
v0x5579d0221320_0 .net "AS", 0 0, L_0x5579d0230410;  1 drivers
v0x5579d02213e0_0 .net "B", 0 0, L_0x5579d0230720;  1 drivers
v0x5579d02214b0_0 .net "BS", 0 0, L_0x5579d0230480;  1 drivers
v0x5579d0221570_0 .net "S", 0 0, o0x7f52266e80d8;  alias, 0 drivers
v0x5579d0221660_0 .net "S_n", 0 0, L_0x5579d02303a0;  1 drivers
v0x5579d0221720_0 .net "Y", 0 0, L_0x5579d02304f0;  1 drivers
S_0x5579d0221860 .scope module, "i5" "MUX2X1" 2 66, 2 18 0, S_0x5579d0202380;
 .timescale 0 0;
    .port_info 0 /INPUT 1 "A";
    .port_info 1 /INPUT 1 "B";
    .port_info 2 /INPUT 1 "S";
    .port_info 3 /OUTPUT 1 "Y";
L_0x5579d0230870 .functor NOT 1, o0x7f52266e80d8, C4<0>, C4<0>, C4<0>;
L_0x5579d02308e0 .functor NAND 1, L_0x5579d0230b30, o0x7f52266e80d8, C4<1>, C4<1>;
L_0x5579d0230950 .functor NAND 1, L_0x5579d0230c20, L_0x5579d0230870, C4<1>, C4<1>;
L_0x5579d02309f0 .functor NAND 1, L_0x5579d02308e0, L_0x5579d0230950, C4<1>, C4<1>;
v0x5579d0221ab0_0 .net "A", 0 0, L_0x5579d0230b30;  1 drivers
v0x5579d0221b90_0 .net "AS", 0 0, L_0x5579d02308e0;  1 drivers
v0x5579d0221c50_0 .net "B", 0 0, L_0x5579d0230c20;  1 drivers
v0x5579d0221d20_0 .net "BS", 0 0, L_0x5579d0230950;  1 drivers
v0x5579d0221de0_0 .net "S", 0 0, o0x7f52266e80d8;  alias, 0 drivers
v0x5579d0221ed0_0 .net "S_n", 0 0, L_0x5579d0230870;  1 drivers
v0x5579d0221f90_0 .net "Y", 0 0, L_0x5579d02309f0;  1 drivers
S_0x5579d02220d0 .scope module, "i6" "MUX2X1" 2 72, 2 18 0, S_0x5579d0202380;
 .timescale 0 0;
    .port_info 0 /INPUT 1 "A";
    .port_info 1 /INPUT 1 "B";
    .port_info 2 /INPUT 1 "S";
    .port_info 3 /OUTPUT 1 "Y";
L_0x5579d0230d80 .functor NOT 1, o0x7f52266e80d8, C4<0>, C4<0>, C4<0>;
L_0x5579d0230df0 .functor NAND 1, L_0x5579d0231090, o0x7f52266e80d8, C4<1>, C4<1>;
L_0x5579d0230e60 .functor NAND 1, L_0x5579d0231180, L_0x5579d0230d80, C4<1>, C4<1>;
L_0x5579d0230f50 .functor NAND 1, L_0x5579d0230df0, L_0x5579d0230e60, C4<1>, C4<1>;
v0x5579d0222320_0 .net "A", 0 0, L_0x5579d0231090;  1 drivers
v0x5579d0222400_0 .net "AS", 0 0, L_0x5579d0230df0;  1 drivers
v0x5579d02224c0_0 .net "B", 0 0, L_0x5579d0231180;  1 drivers
v0x5579d0222590_0 .net "BS", 0 0, L_0x5579d0230e60;  1 drivers
v0x5579d0222650_0 .net "S", 0 0, o0x7f52266e80d8;  alias, 0 drivers
v0x5579d0222740_0 .net "S_n", 0 0, L_0x5579d0230d80;  1 drivers
v0x5579d0222800_0 .net "Y", 0 0, L_0x5579d0230f50;  1 drivers
S_0x5579d0222940 .scope module, "i7" "MUX2X1" 2 78, 2 18 0, S_0x5579d0202380;
 .timescale 0 0;
    .port_info 0 /INPUT 1 "A";
    .port_info 1 /INPUT 1 "B";
    .port_info 2 /INPUT 1 "S";
    .port_info 3 /OUTPUT 1 "Y";
L_0x5579d0230d10 .functor NOT 1, o0x7f52266e80d8, C4<0>, C4<0>, C4<0>;
L_0x5579d02312f0 .functor NAND 1, L_0x5579d0231590, o0x7f52266e80d8, C4<1>, C4<1>;
L_0x5579d0231360 .functor NAND 1, L_0x5579d0231680, L_0x5579d0230d10, C4<1>, C4<1>;
L_0x5579d0231450 .functor NAND 1, L_0x5579d02312f0, L_0x5579d0231360, C4<1>, C4<1>;
v0x5579d0222b90_0 .net "A", 0 0, L_0x5579d0231590;  1 drivers
v0x5579d0222c70_0 .net "AS", 0 0, L_0x5579d02312f0;  1 drivers
v0x5579d0222d30_0 .net "B", 0 0, L_0x5579d0231680;  1 drivers
v0x5579d0222e00_0 .net "BS", 0 0, L_0x5579d0231360;  1 drivers
v0x5579d0222ec0_0 .net "S", 0 0, o0x7f52266e80d8;  alias, 0 drivers
v0x5579d0222fb0_0 .net "S_n", 0 0, L_0x5579d0230d10;  1 drivers
v0x5579d0223070_0 .net "Y", 0 0, L_0x5579d0231450;  1 drivers
S_0x5579d02231b0 .scope module, "i8" "MUX2X1" 2 84, 2 18 0, S_0x5579d0202380;
 .timescale 0 0;
    .port_info 0 /INPUT 1 "A";
    .port_info 1 /INPUT 1 "B";
    .port_info 2 /INPUT 1 "S";
    .port_info 3 /OUTPUT 1 "Y";
L_0x5579d0231910 .functor NOT 1, o0x7f52266e80d8, C4<0>, C4<0>, C4<0>;
L_0x5579d0231980 .functor NAND 1, L_0x5579d0231c20, o0x7f52266e80d8, C4<1>, C4<1>;
L_0x5579d02319f0 .functor NAND 1, L_0x5579d0231d10, L_0x5579d0231910, C4<1>, C4<1>;
L_0x5579d0231ae0 .functor NAND 1, L_0x5579d0231980, L_0x5579d02319f0, C4<1>, C4<1>;
v0x5579d0223400_0 .net "A", 0 0, L_0x5579d0231c20;  1 drivers
v0x5579d02234e0_0 .net "AS", 0 0, L_0x5579d0231980;  1 drivers
v0x5579d02235a0_0 .net "B", 0 0, L_0x5579d0231d10;  1 drivers
v0x5579d0223670_0 .net "BS", 0 0, L_0x5579d02319f0;  1 drivers
v0x5579d0223730_0 .net "S", 0 0, o0x7f52266e80d8;  alias, 0 drivers
v0x5579d0223820_0 .net "S_n", 0 0, L_0x5579d0231910;  1 drivers
v0x5579d02238e0_0 .net "Y", 0 0, L_0x5579d0231ae0;  1 drivers
S_0x5579d0223a20 .scope module, "i9" "MUX2X1" 2 90, 2 18 0, S_0x5579d0202380;
 .timescale 0 0;
    .port_info 0 /INPUT 1 "A";
    .port_info 1 /INPUT 1 "B";
    .port_info 2 /INPUT 1 "S";
    .port_info 3 /OUTPUT 1 "Y";
L_0x5579d0231ea0 .functor NOT 1, o0x7f52266e80d8, C4<0>, C4<0>, C4<0>;
L_0x5579d0231f10 .functor NAND 1, L_0x5579d02321b0, o0x7f52266e80d8, C4<1>, C4<1>;
L_0x5579d0231f80 .functor NAND 1, L_0x5579d02322a0, L_0x5579d0231ea0, C4<1>, C4<1>;
L_0x5579d0232070 .functor NAND 1, L_0x5579d0231f10, L_0x5579d0231f80, C4<1>, C4<1>;
v0x5579d0223c70_0 .net "A", 0 0, L_0x5579d02321b0;  1 drivers
v0x5579d0223d50_0 .net "AS", 0 0, L_0x5579d0231f10;  1 drivers
v0x5579d0223e10_0 .net "B", 0 0, L_0x5579d02322a0;  1 drivers
v0x5579d0223ee0_0 .net "BS", 0 0, L_0x5579d0231f80;  1 drivers
v0x5579d0223fa0_0 .net "S", 0 0, o0x7f52266e80d8;  alias, 0 drivers
v0x5579d0224090_0 .net "S_n", 0 0, L_0x5579d0231ea0;  1 drivers
v0x5579d0224150_0 .net "Y", 0 0, L_0x5579d0232070;  1 drivers
S_0x5579d01f8e30 .scope module, "SHIFTER_32" "SHIFTER_32" 3 2;
 .timescale 0 0;
    .port_info 0 /INPUT 32 "X";
    .port_info 1 /INPUT 5 "Sa";
    .port_info 2 /INPUT 1 "Arith";
    .port_info 3 /INPUT 1 "Right";
    .port_info 4 /OUTPUT 32 "Sh";
P_0x5579d015a8c0 .param/l "z" 0 3 12, C4<0000000000000000>;
o0x7f52266ed1a8 .functor BUFZ 1, C4<z>; HiZ drive
L_0x5579d023c9b0 .functor AND 1, L_0x5579d023c8c0, o0x7f52266ed1a8, C4<1>, C4<1>;
v0x5579d022c540_0 .net "Arith", 0 0, o0x7f52266ed1a8;  0 drivers
v0x5579d022c620_0 .net "L1d", 31 0, L_0x5579d024cdf0;  1 drivers
v0x5579d022c6e0_0 .net "L1u", 31 0, L_0x5579d024cc10;  1 drivers
v0x5579d022c7e0_0 .net "L2d", 31 0, L_0x5579d024d530;  1 drivers
v0x5579d022c8b0_0 .net "L2u", 31 0, L_0x5579d024d200;  1 drivers
v0x5579d022c9a0_0 .net "L3d", 31 0, L_0x5579d024de60;  1 drivers
v0x5579d022ca70_0 .net "L3u", 31 0, L_0x5579d024db00;  1 drivers
v0x5579d022cb40_0 .net "L4d", 31 0, L_0x5579d024e610;  1 drivers
v0x5579d022cc10_0 .net "L4u", 31 0, L_0x5579d024dfa0;  1 drivers
v0x5579d022cd70_0 .net "L5d", 31 0, L_0x5579d024f0f0;  1 drivers
v0x5579d022ce40_0 .net "L5u", 31 0, L_0x5579d024ed80;  1 drivers
o0x7f52266ebeb8 .functor BUFZ 1, C4<z>; HiZ drive
v0x5579d022cf10_0 .net "Right", 0 0, o0x7f52266ebeb8;  0 drivers
v0x5579d022cfb0_0 .net "S1", 31 0, L_0x5579d024e910;  1 drivers
v0x5579d022d050_0 .net "S2", 31 0, L_0x5579d024e0e0;  1 drivers
v0x5579d022d140_0 .net "S3", 31 0, L_0x5579d024d780;  1 drivers
v0x5579d022d250_0 .net "S4", 31 0, L_0x5579d024cfd0;  1 drivers
o0x7f52266ed1d8 .functor BUFZ 5, C4<zzzzz>; HiZ drive
v0x5579d022d360_0 .net "Sa", 4 0, o0x7f52266ed1d8;  0 drivers
v0x5579d022d440_0 .net "Sh", 31 0, L_0x5579d024f420;  1 drivers
v0x5579d022d500_0 .net "T0", 31 0, L_0x5579d024f380;  1 drivers
v0x5579d022d5f0_0 .net "T1", 31 0, L_0x5579d024e870;  1 drivers
v0x5579d022d700_0 .net "T2", 31 0, L_0x5579d024e040;  1 drivers
v0x5579d022d810_0 .net "T3", 31 0, L_0x5579d024d6e0;  1 drivers
v0x5579d022d920_0 .net "T4", 31 0, L_0x5579d024cf30;  1 drivers
o0x7f52266ec098 .functor BUFZ 32, C4<zzzzzzzzzzzzzzzzzzzzzzzzzzzzzzzz>; HiZ drive
v0x5579d022da30_0 .net "X", 31 0, o0x7f52266ec098;  0 drivers
v0x5579d022daf0_0 .net *"_ivl_1", 0 0, L_0x5579d023c8c0;  1 drivers
v0x5579d022dbb0_0 .net *"_ivl_13", 15 0, L_0x5579d024cd50;  1 drivers
v0x5579d022dc90_0 .net *"_ivl_19", 23 0, L_0x5579d024d110;  1 drivers
L_0x7f522669f060 .functor BUFT 1, C4<00000000>, C4<0>, C4<0>, C4<0>;
v0x5579d022dd70_0 .net/2u *"_ivl_20", 7 0, L_0x7f522669f060;  1 drivers
v0x5579d022de50_0 .net *"_ivl_25", 7 0, L_0x5579d024d390;  1 drivers
v0x5579d022df30_0 .net *"_ivl_27", 23 0, L_0x5579d024d490;  1 drivers
v0x5579d022e010_0 .net *"_ivl_33", 27 0, L_0x5579d024d9e0;  1 drivers
L_0x7f522669f0a8 .functor BUFT 1, C4<0000>, C4<0>, C4<0>, C4<0>;
v0x5579d022e0f0_0 .net/2u *"_ivl_34", 3 0, L_0x7f522669f0a8;  1 drivers
v0x5579d022e1d0_0 .net *"_ivl_39", 3 0, L_0x5579d024dc90;  1 drivers
v0x5579d022e2b0_0 .net *"_ivl_41", 27 0, L_0x5579d024ddc0;  1 drivers
v0x5579d022e390_0 .net *"_ivl_47", 29 0, L_0x5579d024e220;  1 drivers
L_0x7f522669f0f0 .functor BUFT 1, C4<00>, C4<0>, C4<0>, C4<0>;
v0x5579d022e470_0 .net/2u *"_ivl_48", 1 0, L_0x7f522669f0f0;  1 drivers
v0x5579d022e550_0 .net *"_ivl_53", 1 0, L_0x5579d024e410;  1 drivers
v0x5579d022e630_0 .net *"_ivl_55", 29 0, L_0x5579d024e570;  1 drivers
v0x5579d022e710_0 .net *"_ivl_61", 30 0, L_0x5579d024ec00;  1 drivers
L_0x7f522669f138 .functor BUFT 1, C4<0>, C4<0>, C4<0>, C4<0>;
v0x5579d022e7f0_0 .net/2u *"_ivl_62", 0 0, L_0x7f522669f138;  1 drivers
v0x5579d022e8d0_0 .net *"_ivl_67", 0 0, L_0x5579d024eec0;  1 drivers
v0x5579d022e9b0_0 .net *"_ivl_69", 30 0, L_0x5579d024f050;  1 drivers
v0x5579d022ea90_0 .net *"_ivl_7", 15 0, L_0x5579d023cb60;  1 drivers
L_0x7f522669f018 .functor BUFT 1, C4<0000000000000000>, C4<0>, C4<0>, C4<0>;
v0x5579d022eb70_0 .net/2u *"_ivl_8", 15 0, L_0x7f522669f018;  1 drivers
v0x5579d022ec50_0 .net "a", 0 0, L_0x5579d023c9b0;  1 drivers
v0x5579d022ed10_0 .net "e", 15 0, L_0x5579d023ca70;  1 drivers
L_0x5579d023c8c0 .part o0x7f52266ec098, 31, 1;
LS_0x5579d023ca70_0_0 .concat [ 1 1 1 1], L_0x5579d023c9b0, L_0x5579d023c9b0, L_0x5579d023c9b0, L_0x5579d023c9b0;
LS_0x5579d023ca70_0_4 .concat [ 1 1 1 1], L_0x5579d023c9b0, L_0x5579d023c9b0, L_0x5579d023c9b0, L_0x5579d023c9b0;
LS_0x5579d023ca70_0_8 .concat [ 1 1 1 1], L_0x5579d023c9b0, L_0x5579d023c9b0, L_0x5579d023c9b0, L_0x5579d023c9b0;
LS_0x5579d023ca70_0_12 .concat [ 1 1 1 1], L_0x5579d023c9b0, L_0x5579d023c9b0, L_0x5579d023c9b0, L_0x5579d023c9b0;
L_0x5579d023ca70 .concat [ 4 4 4 4], LS_0x5579d023ca70_0_0, LS_0x5579d023ca70_0_4, LS_0x5579d023ca70_0_8, LS_0x5579d023ca70_0_12;
L_0x5579d023cb60 .part o0x7f52266ec098, 0, 16;
L_0x5579d024cc10 .concat [ 16 16 0 0], L_0x7f522669f018, L_0x5579d023cb60;
L_0x5579d024cd50 .part o0x7f52266ec098, 16, 16;
L_0x5579d024cdf0 .concat [ 16 16 0 0], L_0x5579d024cd50, L_0x5579d023ca70;
L_0x5579d024d070 .part o0x7f52266ed1d8, 4, 1;
L_0x5579d024d110 .part o0x7f52266ec098, 0, 24;
L_0x5579d024d200 .concat [ 8 24 0 0], L_0x7f522669f060, L_0x5579d024d110;
L_0x5579d024d390 .part L_0x5579d023ca70, 0, 8;
L_0x5579d024d490 .part o0x7f52266ec098, 8, 24;
L_0x5579d024d530 .concat [ 24 8 0 0], L_0x5579d024d490, L_0x5579d024d390;
L_0x5579d024d940 .part o0x7f52266ed1d8, 3, 1;
L_0x5579d024d9e0 .part o0x7f52266ec098, 0, 28;
L_0x5579d024db00 .concat [ 4 28 0 0], L_0x7f522669f0a8, L_0x5579d024d9e0;
L_0x5579d024dc90 .part L_0x5579d023ca70, 0, 4;
L_0x5579d024ddc0 .part o0x7f52266ec098, 4, 28;
L_0x5579d024de60 .concat [ 28 4 0 0], L_0x5579d024ddc0, L_0x5579d024dc90;
L_0x5579d024e180 .part o0x7f52266ed1d8, 2, 1;
L_0x5579d024e220 .part o0x7f52266ec098, 0, 30;
L_0x5579d024dfa0 .concat [ 2 30 0 0], L_0x7f522669f0f0, L_0x5579d024e220;
L_0x5579d024e410 .part L_0x5579d023ca70, 0, 2;
L_0x5579d024e570 .part o0x7f52266ec098, 2, 30;
L_0x5579d024e610 .concat [ 30 2 0 0], L_0x5579d024e570, L_0x5579d024e410;
L_0x5579d024ead0 .part o0x7f52266ed1d8, 1, 1;
L_0x5579d024ec00 .part o0x7f52266ec098, 0, 31;
L_0x5579d024ed80 .concat [ 1 31 0 0], L_0x7f522669f138, L_0x5579d024ec00;
L_0x5579d024eec0 .part L_0x5579d023ca70, 0, 1;
L_0x5579d024f050 .part o0x7f52266ec098, 1, 31;
L_0x5579d024f0f0 .concat [ 31 1 0 0], L_0x5579d024f050, L_0x5579d024eec0;
L_0x5579d024f630 .part o0x7f52266ed1d8, 0, 1;
S_0x5579d0224ab0 .scope module, "M1l" "MUX2X32" 3 18, 2 1 0, S_0x5579d01f8e30;
 .timescale 0 0;
    .port_info 0 /INPUT 32 "A";
    .port_info 1 /INPUT 32 "B";
    .port_info 2 /INPUT 1 "S";
    .port_info 3 /OUTPUT 32 "Y";
v0x5579d02252d0_0 .net "A", 31 0, L_0x5579d024cc10;  alias, 1 drivers
v0x5579d02253d0_0 .net "B", 31 0, L_0x5579d024cdf0;  alias, 1 drivers
v0x5579d02254b0_0 .net "S", 0 0, o0x7f52266ebeb8;  alias, 0 drivers
v0x5579d02255a0_0 .net "Y", 31 0, L_0x5579d024cf30;  alias, 1 drivers
L_0x5579d024cf30 .ufunc/vec4 TD_SHIFTER_32.M1l.select, 32, L_0x5579d024cc10, L_0x5579d024cdf0, o0x7f52266ebeb8 (v0x5579d0224f20_0, v0x5579d0225020_0, v0x5579d0225100_0) S_0x5579d0224d20;
S_0x5579d0224d20 .scope function.vec4.s32, "select" "select" 2 6, 2 6 0, S_0x5579d0224ab0;
 .timescale 0 0;
v0x5579d0224f20_0 .var "A", 31 0;
v0x5579d0225020_0 .var "B", 31 0;
v0x5579d0225100_0 .var "S", 0 0;
; Variable select is vec4 return value of scope S_0x5579d0224d20
TD_SHIFTER_32.M1l.select ;
    %load/vec4 v0x5579d0225100_0;
    %dup/vec4;
    %pushi/vec4 1, 0, 1;
    %cmp/u;
    %jmp/1 T_0.0, 6;
    %dup/vec4;
    %pushi/vec4 0, 0, 1;
    %cmp/u;
    %jmp/1 T_0.1, 6;
    %jmp T_0.2;
T_0.0 ;
    %load/vec4 v0x5579d0225020_0;
    %ret/vec4 0, 0, 32;  Assign to select (store_vec4_to_lval)
    %jmp T_0.2;
T_0.1 ;
    %load/vec4 v0x5579d0224f20_0;
    %ret/vec4 0, 0, 32;  Assign to select (store_vec4_to_lval)
    %jmp T_0.2;
T_0.2 ;
    %pop/vec4 1;
    %end;
S_0x5579d0225730 .scope module, "M1r" "MUX2X32" 3 19, 2 1 0, S_0x5579d01f8e30;
 .timescale 0 0;
    .port_info 0 /INPUT 32 "A";
    .port_info 1 /INPUT 32 "B";
    .port_info 2 /INPUT 1 "S";
    .port_info 3 /OUTPUT 32 "Y";
v0x5579d0225f30_0 .net "A", 31 0, o0x7f52266ec098;  alias, 0 drivers
v0x5579d0226030_0 .net "B", 31 0, L_0x5579d024cf30;  alias, 1 drivers
v0x5579d0226120_0 .net "S", 0 0, L_0x5579d024d070;  1 drivers
v0x5579d02261f0_0 .net "Y", 31 0, L_0x5579d024cfd0;  alias, 1 drivers
L_0x5579d024cfd0 .ufunc/vec4 TD_SHIFTER_32.M1r.select, 32, o0x7f52266ec098, L_0x5579d024cf30, L_0x5579d024d070 (v0x5579d0225b80_0, v0x5579d0225c80_0, v0x5579d0225d60_0) S_0x5579d02259a0;
S_0x5579d02259a0 .scope function.vec4.s32, "select" "select" 2 6, 2 6 0, S_0x5579d0225730;
 .timescale 0 0;
v0x5579d0225b80_0 .var "A", 31 0;
v0x5579d0225c80_0 .var "B", 31 0;
v0x5579d0225d60_0 .var "S", 0 0;
; Variable select is vec4 return value of scope S_0x5579d02259a0
TD_SHIFTER_32.M1r.select ;
    %load/vec4 v0x5579d0225d60_0;
    %dup/vec4;
    %pushi/vec4 1, 0, 1;
    %cmp/u;
    %jmp/1 T_1.3, 6;
    %dup/vec4;
    %pushi/vec4 0, 0, 1;
    %cmp/u;
    %jmp/1 T_1.4, 6;
    %jmp T_1.5;
T_1.3 ;
    %load/vec4 v0x5579d0225c80_0;
    %ret/vec4 0, 0, 32;  Assign to select (store_vec4_to_lval)
    %jmp T_1.5;
T_1.4 ;
    %load/vec4 v0x5579d0225b80_0;
    %ret/vec4 0, 0, 32;  Assign to select (store_vec4_to_lval)
    %jmp T_1.5;
T_1.5 ;
    %pop/vec4 1;
    %end;
S_0x5579d0226380 .scope module, "M2l" "MUX2X32" 3 24, 2 1 0, S_0x5579d01f8e30;
 .timescale 0 0;
    .port_info 0 /INPUT 32 "A";
    .port_info 1 /INPUT 32 "B";
    .port_info 2 /INPUT 1 "S";
    .port_info 3 /OUTPUT 32 "Y";
v0x5579d0226b90_0 .net "A", 31 0, L_0x5579d024d200;  alias, 1 drivers
v0x5579d0226c90_0 .net "B", 31 0, L_0x5579d024d530;  alias, 1 drivers
v0x5579d0226d70_0 .net "S", 0 0, o0x7f52266ebeb8;  alias, 0 drivers
v0x5579d0226e70_0 .net "Y", 31 0, L_0x5579d024d6e0;  alias, 1 drivers
L_0x5579d024d6e0 .ufunc/vec4 TD_SHIFTER_32.M2l.select, 32, L_0x5579d024d200, L_0x5579d024d530, o0x7f52266ebeb8 (v0x5579d02267e0_0, v0x5579d02268e0_0, v0x5579d02269c0_0) S_0x5579d0226600;
S_0x5579d0226600 .scope function.vec4.s32, "select" "select" 2 6, 2 6 0, S_0x5579d0226380;
 .timescale 0 0;
v0x5579d02267e0_0 .var "A", 31 0;
v0x5579d02268e0_0 .var "B", 31 0;
v0x5579d02269c0_0 .var "S", 0 0;
; Variable select is vec4 return value of scope S_0x5579d0226600
TD_SHIFTER_32.M2l.select ;
    %load/vec4 v0x5579d02269c0_0;
    %dup/vec4;
    %pushi/vec4 1, 0, 1;
    %cmp/u;
    %jmp/1 T_2.6, 6;
    %dup/vec4;
    %pushi/vec4 0, 0, 1;
    %cmp/u;
    %jmp/1 T_2.7, 6;
    %jmp T_2.8;
T_2.6 ;
    %load/vec4 v0x5579d02268e0_0;
    %ret/vec4 0, 0, 32;  Assign to select (store_vec4_to_lval)
    %jmp T_2.8;
T_2.7 ;
    %load/vec4 v0x5579d02267e0_0;
    %ret/vec4 0, 0, 32;  Assign to select (store_vec4_to_lval)
    %jmp T_2.8;
T_2.8 ;
    %pop/vec4 1;
    %end;
S_0x5579d0226fe0 .scope module, "M2r" "MUX2X32" 3 25, 2 1 0, S_0x5579d01f8e30;
 .timescale 0 0;
    .port_info 0 /INPUT 32 "A";
    .port_info 1 /INPUT 32 "B";
    .port_info 2 /INPUT 1 "S";
    .port_info 3 /OUTPUT 32 "Y";
v0x5579d02277e0_0 .net "A", 31 0, L_0x5579d024cfd0;  alias, 1 drivers
v0x5579d02278f0_0 .net "B", 31 0, L_0x5579d024d6e0;  alias, 1 drivers
v0x5579d02279c0_0 .net "S", 0 0, L_0x5579d024d940;  1 drivers
v0x5579d0227a90_0 .net "Y", 31 0, L_0x5579d024d780;  alias, 1 drivers
L_0x5579d024d780 .ufunc/vec4 TD_SHIFTER_32.M2r.select, 32, L_0x5579d024cfd0, L_0x5579d024d6e0, L_0x5579d024d940 (v0x5579d0227430_0, v0x5579d0227530_0, v0x5579d0227610_0) S_0x5579d0227230;
S_0x5579d0227230 .scope function.vec4.s32, "select" "select" 2 6, 2 6 0, S_0x5579d0226fe0;
 .timescale 0 0;
v0x5579d0227430_0 .var "A", 31 0;
v0x5579d0227530_0 .var "B", 31 0;
v0x5579d0227610_0 .var "S", 0 0;
; Variable select is vec4 return value of scope S_0x5579d0227230
TD_SHIFTER_32.M2r.select ;
    %load/vec4 v0x5579d0227610_0;
    %dup/vec4;
    %pushi/vec4 1, 0, 1;
    %cmp/u;
    %jmp/1 T_3.9, 6;
    %dup/vec4;
    %pushi/vec4 0, 0, 1;
    %cmp/u;
    %jmp/1 T_3.10, 6;
    %jmp T_3.11;
T_3.9 ;
    %load/vec4 v0x5579d0227530_0;
    %ret/vec4 0, 0, 32;  Assign to select (store_vec4_to_lval)
    %jmp T_3.11;
T_3.10 ;
    %load/vec4 v0x5579d0227430_0;
    %ret/vec4 0, 0, 32;  Assign to select (store_vec4_to_lval)
    %jmp T_3.11;
T_3.11 ;
    %pop/vec4 1;
    %end;
S_0x5579d0227c20 .scope module, "M3l" "MUX2X32" 3 30, 2 1 0, S_0x5579d01f8e30;
 .timescale 0 0;
    .port_info 0 /INPUT 32 "A";
    .port_info 1 /INPUT 32 "B";
    .port_info 2 /INPUT 1 "S";
    .port_info 3 /OUTPUT 32 "Y";
v0x5579d0228440_0 .net "A", 31 0, L_0x5579d024db00;  alias, 1 drivers
v0x5579d0228540_0 .net "B", 31 0, L_0x5579d024de60;  alias, 1 drivers
v0x5579d0228620_0 .net "S", 0 0, o0x7f52266ebeb8;  alias, 0 drivers
v0x5579d0228740_0 .net "Y", 31 0, L_0x5579d024e040;  alias, 1 drivers
L_0x5579d024e040 .ufunc/vec4 TD_SHIFTER_32.M3l.select, 32, L_0x5579d024db00, L_0x5579d024de60, o0x7f52266ebeb8 (v0x5579d02280c0_0, v0x5579d02281c0_0, v0x5579d02282a0_0) S_0x5579d0227ec0;
S_0x5579d0227ec0 .scope function.vec4.s32, "select" "select" 2 6, 2 6 0, S_0x5579d0227c20;
 .timescale 0 0;
v0x5579d02280c0_0 .var "A", 31 0;
v0x5579d02281c0_0 .var "B", 31 0;
v0x5579d02282a0_0 .var "S", 0 0;
; Variable select is vec4 return value of scope S_0x5579d0227ec0
TD_SHIFTER_32.M3l.select ;
    %load/vec4 v0x5579d02282a0_0;
    %dup/vec4;
    %pushi/vec4 1, 0, 1;
    %cmp/u;
    %jmp/1 T_4.12, 6;
    %dup/vec4;
    %pushi/vec4 0, 0, 1;
    %cmp/u;
    %jmp/1 T_4.13, 6;
    %jmp T_4.14;
T_4.12 ;
    %load/vec4 v0x5579d02281c0_0;
    %ret/vec4 0, 0, 32;  Assign to select (store_vec4_to_lval)
    %jmp T_4.14;
T_4.13 ;
    %load/vec4 v0x5579d02280c0_0;
    %ret/vec4 0, 0, 32;  Assign to select (store_vec4_to_lval)
    %jmp T_4.14;
T_4.14 ;
    %pop/vec4 1;
    %end;
S_0x5579d02288a0 .scope module, "M3r" "MUX2X32" 3 31, 2 1 0, S_0x5579d01f8e30;
 .timescale 0 0;
    .port_info 0 /INPUT 32 "A";
    .port_info 1 /INPUT 32 "B";
    .port_info 2 /INPUT 1 "S";
    .port_info 3 /OUTPUT 32 "Y";
v0x5579d02290a0_0 .net "A", 31 0, L_0x5579d024d780;  alias, 1 drivers
v0x5579d02291b0_0 .net "B", 31 0, L_0x5579d024e040;  alias, 1 drivers
v0x5579d0229280_0 .net "S", 0 0, L_0x5579d024e180;  1 drivers
v0x5579d0229350_0 .net "Y", 31 0, L_0x5579d024e0e0;  alias, 1 drivers
L_0x5579d024e0e0 .ufunc/vec4 TD_SHIFTER_32.M3r.select, 32, L_0x5579d024d780, L_0x5579d024e040, L_0x5579d024e180 (v0x5579d0228cf0_0, v0x5579d0228df0_0, v0x5579d0228ed0_0) S_0x5579d0228af0;
S_0x5579d0228af0 .scope function.vec4.s32, "select" "select" 2 6, 2 6 0, S_0x5579d02288a0;
 .timescale 0 0;
v0x5579d0228cf0_0 .var "A", 31 0;
v0x5579d0228df0_0 .var "B", 31 0;
v0x5579d0228ed0_0 .var "S", 0 0;
; Variable select is vec4 return value of scope S_0x5579d0228af0
TD_SHIFTER_32.M3r.select ;
    %load/vec4 v0x5579d0228ed0_0;
    %dup/vec4;
    %pushi/vec4 1, 0, 1;
    %cmp/u;
    %jmp/1 T_5.15, 6;
    %dup/vec4;
    %pushi/vec4 0, 0, 1;
    %cmp/u;
    %jmp/1 T_5.16, 6;
    %jmp T_5.17;
T_5.15 ;
    %load/vec4 v0x5579d0228df0_0;
    %ret/vec4 0, 0, 32;  Assign to select (store_vec4_to_lval)
    %jmp T_5.17;
T_5.16 ;
    %load/vec4 v0x5579d0228cf0_0;
    %ret/vec4 0, 0, 32;  Assign to select (store_vec4_to_lval)
    %jmp T_5.17;
T_5.17 ;
    %pop/vec4 1;
    %end;
S_0x5579d02294e0 .scope module, "M4l" "MUX2X32" 3 36, 2 1 0, S_0x5579d01f8e30;
 .timescale 0 0;
    .port_info 0 /INPUT 32 "A";
    .port_info 1 /INPUT 32 "B";
    .port_info 2 /INPUT 1 "S";
    .port_info 3 /OUTPUT 32 "Y";
v0x5579d0229ce0_0 .net "A", 31 0, L_0x5579d024dfa0;  alias, 1 drivers
v0x5579d0229de0_0 .net "B", 31 0, L_0x5579d024e610;  alias, 1 drivers
v0x5579d0229ec0_0 .net "S", 0 0, o0x7f52266ebeb8;  alias, 0 drivers
v0x5579d0229f90_0 .net "Y", 31 0, L_0x5579d024e870;  alias, 1 drivers
L_0x5579d024e870 .ufunc/vec4 TD_SHIFTER_32.M4l.select, 32, L_0x5579d024dfa0, L_0x5579d024e610, o0x7f52266ebeb8 (v0x5579d0229930_0, v0x5579d0229a30_0, v0x5579d0229b10_0) S_0x5579d0229730;
S_0x5579d0229730 .scope function.vec4.s32, "select" "select" 2 6, 2 6 0, S_0x5579d02294e0;
 .timescale 0 0;
v0x5579d0229930_0 .var "A", 31 0;
v0x5579d0229a30_0 .var "B", 31 0;
v0x5579d0229b10_0 .var "S", 0 0;
; Variable select is vec4 return value of scope S_0x5579d0229730
TD_SHIFTER_32.M4l.select ;
    %load/vec4 v0x5579d0229b10_0;
    %dup/vec4;
    %pushi/vec4 1, 0, 1;
    %cmp/u;
    %jmp/1 T_6.18, 6;
    %dup/vec4;
    %pushi/vec4 0, 0, 1;
    %cmp/u;
    %jmp/1 T_6.19, 6;
    %jmp T_6.20;
T_6.18 ;
    %load/vec4 v0x5579d0229a30_0;
    %ret/vec4 0, 0, 32;  Assign to select (store_vec4_to_lval)
    %jmp T_6.20;
T_6.19 ;
    %load/vec4 v0x5579d0229930_0;
    %ret/vec4 0, 0, 32;  Assign to select (store_vec4_to_lval)
    %jmp T_6.20;
T_6.20 ;
    %pop/vec4 1;
    %end;
S_0x5579d022a120 .scope module, "M4r" "MUX2X32" 3 37, 2 1 0, S_0x5579d01f8e30;
 .timescale 0 0;
    .port_info 0 /INPUT 32 "A";
    .port_info 1 /INPUT 32 "B";
    .port_info 2 /INPUT 1 "S";
    .port_info 3 /OUTPUT 32 "Y";
v0x5579d022a920_0 .net "A", 31 0, L_0x5579d024e0e0;  alias, 1 drivers
v0x5579d022aa30_0 .net "B", 31 0, L_0x5579d024e870;  alias, 1 drivers
v0x5579d022ab00_0 .net "S", 0 0, L_0x5579d024ead0;  1 drivers
v0x5579d022abd0_0 .net "Y", 31 0, L_0x5579d024e910;  alias, 1 drivers
L_0x5579d024e910 .ufunc/vec4 TD_SHIFTER_32.M4r.select, 32, L_0x5579d024e0e0, L_0x5579d024e870, L_0x5579d024ead0 (v0x5579d022a570_0, v0x5579d022a670_0, v0x5579d022a750_0) S_0x5579d022a370;
S_0x5579d022a370 .scope function.vec4.s32, "select" "select" 2 6, 2 6 0, S_0x5579d022a120;
 .timescale 0 0;
v0x5579d022a570_0 .var "A", 31 0;
v0x5579d022a670_0 .var "B", 31 0;
v0x5579d022a750_0 .var "S", 0 0;
; Variable select is vec4 return value of scope S_0x5579d022a370
TD_SHIFTER_32.M4r.select ;
    %load/vec4 v0x5579d022a750_0;
    %dup/vec4;
    %pushi/vec4 1, 0, 1;
    %cmp/u;
    %jmp/1 T_7.21, 6;
    %dup/vec4;
    %pushi/vec4 0, 0, 1;
    %cmp/u;
    %jmp/1 T_7.22, 6;
    %jmp T_7.23;
T_7.21 ;
    %load/vec4 v0x5579d022a670_0;
    %ret/vec4 0, 0, 32;  Assign to select (store_vec4_to_lval)
    %jmp T_7.23;
T_7.22 ;
    %load/vec4 v0x5579d022a570_0;
    %ret/vec4 0, 0, 32;  Assign to select (store_vec4_to_lval)
    %jmp T_7.23;
T_7.23 ;
    %pop/vec4 1;
    %end;
S_0x5579d022ad60 .scope module, "M5l" "MUX2X32" 3 42, 2 1 0, S_0x5579d01f8e30;
 .timescale 0 0;
    .port_info 0 /INPUT 32 "A";
    .port_info 1 /INPUT 32 "B";
    .port_info 2 /INPUT 1 "S";
    .port_info 3 /OUTPUT 32 "Y";
v0x5579d022b510_0 .net "A", 31 0, L_0x5579d024ed80;  alias, 1 drivers
v0x5579d022b610_0 .net "B", 31 0, L_0x5579d024f0f0;  alias, 1 drivers
v0x5579d022b6f0_0 .net "S", 0 0, o0x7f52266ebeb8;  alias, 0 drivers
v0x5579d022b7c0_0 .net "Y", 31 0, L_0x5579d024f380;  alias, 1 drivers
L_0x5579d024f380 .ufunc/vec4 TD_SHIFTER_32.M5l.select, 32, L_0x5579d024ed80, L_0x5579d024f0f0, o0x7f52266ebeb8 (v0x5579d022b160_0, v0x5579d022b260_0, v0x5579d022b340_0) S_0x5579d022afb0;
S_0x5579d022afb0 .scope function.vec4.s32, "select" "select" 2 6, 2 6 0, S_0x5579d022ad60;
 .timescale 0 0;
v0x5579d022b160_0 .var "A", 31 0;
v0x5579d022b260_0 .var "B", 31 0;
v0x5579d022b340_0 .var "S", 0 0;
; Variable select is vec4 return value of scope S_0x5579d022afb0
TD_SHIFTER_32.M5l.select ;
    %load/vec4 v0x5579d022b340_0;
    %dup/vec4;
    %pushi/vec4 1, 0, 1;
    %cmp/u;
    %jmp/1 T_8.24, 6;
    %dup/vec4;
    %pushi/vec4 0, 0, 1;
    %cmp/u;
    %jmp/1 T_8.25, 6;
    %jmp T_8.26;
T_8.24 ;
    %load/vec4 v0x5579d022b260_0;
    %ret/vec4 0, 0, 32;  Assign to select (store_vec4_to_lval)
    %jmp T_8.26;
T_8.25 ;
    %load/vec4 v0x5579d022b160_0;
    %ret/vec4 0, 0, 32;  Assign to select (store_vec4_to_lval)
    %jmp T_8.26;
T_8.26 ;
    %pop/vec4 1;
    %end;
S_0x5579d022b950 .scope module, "M5r" "MUX2X32" 3 43, 2 1 0, S_0x5579d01f8e30;
 .timescale 0 0;
    .port_info 0 /INPUT 32 "A";
    .port_info 1 /INPUT 32 "B";
    .port_info 2 /INPUT 1 "S";
    .port_info 3 /OUTPUT 32 "Y";
v0x5579d022c100_0 .net "A", 31 0, L_0x5579d024e910;  alias, 1 drivers
v0x5579d022c210_0 .net "B", 31 0, L_0x5579d024f380;  alias, 1 drivers
v0x5579d022c2e0_0 .net "S", 0 0, L_0x5579d024f630;  1 drivers
v0x5579d022c3b0_0 .net "Y", 31 0, L_0x5579d024f420;  alias, 1 drivers
L_0x5579d024f420 .ufunc/vec4 TD_SHIFTER_32.M5r.select, 32, L_0x5579d024e910, L_0x5579d024f380, L_0x5579d024f630 (v0x5579d022bd50_0, v0x5579d022be50_0, v0x5579d022bf30_0) S_0x5579d022bb50;
S_0x5579d022bb50 .scope function.vec4.s32, "select" "select" 2 6, 2 6 0, S_0x5579d022b950;
 .timescale 0 0;
v0x5579d022bd50_0 .var "A", 31 0;
v0x5579d022be50_0 .var "B", 31 0;
v0x5579d022bf30_0 .var "S", 0 0;
; Variable select is vec4 return value of scope S_0x5579d022bb50
TD_SHIFTER_32.M5r.select ;
    %load/vec4 v0x5579d022bf30_0;
    %dup/vec4;
    %pushi/vec4 1, 0, 1;
    %cmp/u;
    %jmp/1 T_9.27, 6;
    %dup/vec4;
    %pushi/vec4 0, 0, 1;
    %cmp/u;
    %jmp/1 T_9.28, 6;
    %jmp T_9.29;
T_9.27 ;
    %load/vec4 v0x5579d022be50_0;
    %ret/vec4 0, 0, 32;  Assign to select (store_vec4_to_lval)
    %jmp T_9.29;
T_9.28 ;
    %load/vec4 v0x5579d022bd50_0;
    %ret/vec4 0, 0, 32;  Assign to select (store_vec4_to_lval)
    %jmp T_9.29;
T_9.29 ;
    %pop/vec4 1;
    %end;
# The file index is used to find the file name in the following table.
:file_names 4;
    "N/A";
    "<interactive>";
    "./../MUX2X32/mux.v";
    "SHIFTER_32.v";
