#! /usr/bin/vvp
:ivl_version "11.0 (stable)";
:ivl_delay_selection "TYPICAL";
:vpi_time_precision - 9;
:vpi_module "/usr/lib/x86_64-linux-gnu/ivl/system.vpi";
:vpi_module "/usr/lib/x86_64-linux-gnu/ivl/vhdl_sys.vpi";
:vpi_module "/usr/lib/x86_64-linux-gnu/ivl/vhdl_textio.vpi";
:vpi_module "/usr/lib/x86_64-linux-gnu/ivl/v2005_math.vpi";
:vpi_module "/usr/lib/x86_64-linux-gnu/ivl/va_math.vpi";
S_0x561e21618c60 .scope module, "MUX2X32_another" "MUX2X32_another" 2 30;
 .timescale 0 0;
    .port_info 0 /INPUT 32 "A";
    .port_info 1 /INPUT 32 "B";
    .port_info 2 /INPUT 1 "S";
    .port_info 3 /OUTPUT 32 "Y";
o0x7fe612e9bc48 .functor BUFZ 32, C4<zzzzzzzzzzzzzzzzzzzzzzzzzzzzzzzz>; HiZ drive
v0x561e21679c70_0 .net "A", 31 0, o0x7fe612e9bc48;  0 drivers
o0x7fe612e9bc78 .functor BUFZ 32, C4<zzzzzzzzzzzzzzzzzzzzzzzzzzzzzzzz>; HiZ drive
v0x561e21679d70_0 .net "B", 31 0, o0x7fe612e9bc78;  0 drivers
o0x7fe612e980d8 .functor BUFZ 1, C4<z>; HiZ drive
v0x561e21679e50_0 .net "S", 0 0, o0x7fe612e980d8;  0 drivers
v0x561e2167a300_0 .net "Y", 31 0, L_0x561e21692010;  1 drivers
L_0x561e216852d0 .part o0x7fe612e9bc48, 0, 1;
L_0x561e216853c0 .part o0x7fe612e9bc78, 0, 1;
L_0x561e21685820 .part o0x7fe612e9bc48, 1, 1;
L_0x561e21685960 .part o0x7fe612e9bc78, 1, 1;
L_0x561e21685db0 .part o0x7fe612e9bc48, 2, 1;
L_0x561e21685ea0 .part o0x7fe612e9bc78, 2, 1;
L_0x561e216862b0 .part o0x7fe612e9bc48, 3, 1;
L_0x561e216863a0 .part o0x7fe612e9bc78, 3, 1;
L_0x561e216867b0 .part o0x7fe612e9bc48, 4, 1;
L_0x561e216868a0 .part o0x7fe612e9bc78, 4, 1;
L_0x561e21686cb0 .part o0x7fe612e9bc48, 5, 1;
L_0x561e21686da0 .part o0x7fe612e9bc78, 5, 1;
L_0x561e21687210 .part o0x7fe612e9bc48, 6, 1;
L_0x561e21687300 .part o0x7fe612e9bc78, 6, 1;
L_0x561e21687710 .part o0x7fe612e9bc48, 7, 1;
L_0x561e21687800 .part o0x7fe612e9bc78, 7, 1;
L_0x561e21687da0 .part o0x7fe612e9bc48, 8, 1;
L_0x561e21687e90 .part o0x7fe612e9bc78, 8, 1;
L_0x561e21688330 .part o0x7fe612e9bc48, 9, 1;
L_0x561e21688420 .part o0x7fe612e9bc78, 9, 1;
L_0x561e21687f80 .part o0x7fe612e9bc48, 10, 1;
L_0x561e21688920 .part o0x7fe612e9bc78, 10, 1;
L_0x561e21688de0 .part o0x7fe612e9bc48, 11, 1;
L_0x561e21688ed0 .part o0x7fe612e9bc78, 11, 1;
L_0x561e216893a0 .part o0x7fe612e9bc48, 12, 1;
L_0x561e21689490 .part o0x7fe612e9bc78, 12, 1;
L_0x561e21689970 .part o0x7fe612e9bc48, 13, 1;
L_0x561e21689a60 .part o0x7fe612e9bc78, 13, 1;
L_0x561e21689f50 .part o0x7fe612e9bc48, 14, 1;
L_0x561e2168a040 .part o0x7fe612e9bc78, 14, 1;
L_0x561e2168ad50 .part o0x7fe612e9bc48, 15, 1;
L_0x561e2168b050 .part o0x7fe612e9bc78, 15, 1;
L_0x561e2168b770 .part o0x7fe612e9bc48, 16, 1;
L_0x561e2168b860 .part o0x7fe612e9bc78, 16, 1;
L_0x561e2168bd80 .part o0x7fe612e9bc48, 17, 1;
L_0x561e2168be70 .part o0x7fe612e9bc78, 17, 1;
L_0x561e2168c290 .part o0x7fe612e9bc48, 18, 1;
L_0x561e2168c380 .part o0x7fe612e9bc78, 18, 1;
L_0x561e2168c8f0 .part o0x7fe612e9bc48, 19, 1;
L_0x561e2168c9e0 .part o0x7fe612e9bc78, 19, 1;
L_0x561e2168cf30 .part o0x7fe612e9bc48, 20, 1;
L_0x561e2168d020 .part o0x7fe612e9bc78, 20, 1;
L_0x561e2168d580 .part o0x7fe612e9bc48, 21, 1;
L_0x561e2168d670 .part o0x7fe612e9bc78, 21, 1;
L_0x561e2168dbe0 .part o0x7fe612e9bc48, 22, 1;
L_0x561e2168dcd0 .part o0x7fe612e9bc78, 22, 1;
L_0x561e2168e250 .part o0x7fe612e9bc48, 23, 1;
L_0x561e2168e340 .part o0x7fe612e9bc78, 23, 1;
L_0x561e2168e8d0 .part o0x7fe612e9bc48, 24, 1;
L_0x561e2168e9c0 .part o0x7fe612e9bc78, 24, 1;
L_0x561e2168ef60 .part o0x7fe612e9bc48, 25, 1;
L_0x561e2168f050 .part o0x7fe612e9bc78, 25, 1;
L_0x561e2168f600 .part o0x7fe612e9bc48, 26, 1;
L_0x561e2168f6f0 .part o0x7fe612e9bc78, 26, 1;
L_0x561e2168fcb0 .part o0x7fe612e9bc48, 27, 1;
L_0x561e2168fda0 .part o0x7fe612e9bc78, 27, 1;
L_0x561e21690370 .part o0x7fe612e9bc48, 28, 1;
L_0x561e21690460 .part o0x7fe612e9bc78, 28, 1;
L_0x561e21690a40 .part o0x7fe612e9bc48, 29, 1;
L_0x561e21690b30 .part o0x7fe612e9bc78, 29, 1;
L_0x561e21691120 .part o0x7fe612e9bc48, 30, 1;
L_0x561e21691210 .part o0x7fe612e9bc78, 30, 1;
L_0x561e21691810 .part o0x7fe612e9bc48, 31, 1;
L_0x561e21691900 .part o0x7fe612e9bc78, 31, 1;
LS_0x561e21692010_0_0 .concat8 [ 1 1 1 1], L_0x561e216851c0, L_0x561e216856e0, L_0x561e21685c70, L_0x561e21686170;
LS_0x561e21692010_0_4 .concat8 [ 1 1 1 1], L_0x561e21686670, L_0x561e21686b70, L_0x561e216870d0, L_0x561e216875d0;
LS_0x561e21692010_0_8 .concat8 [ 1 1 1 1], L_0x561e21687c60, L_0x561e216881f0, L_0x561e21688790, L_0x561e21688ca0;
LS_0x561e21692010_0_12 .concat8 [ 1 1 1 1], L_0x561e21689260, L_0x561e21689830, L_0x561e21689e10, L_0x561e2168ac10;
LS_0x561e21692010_0_16 .concat8 [ 1 1 1 1], L_0x561e2168b630, L_0x561e2168bc40, L_0x561e2168c150, L_0x561e2168c7b0;
LS_0x561e21692010_0_20 .concat8 [ 1 1 1 1], L_0x561e2168cdf0, L_0x561e2168d440, L_0x561e2168daa0, L_0x561e2168e110;
LS_0x561e21692010_0_24 .concat8 [ 1 1 1 1], L_0x561e2168e790, L_0x561e2168ee20, L_0x561e2168f4c0, L_0x561e2168fb70;
LS_0x561e21692010_0_28 .concat8 [ 1 1 1 1], L_0x561e21690230, L_0x561e21690900, L_0x561e21690fe0, L_0x561e216916d0;
LS_0x561e21692010_1_0 .concat8 [ 4 4 4 4], LS_0x561e21692010_0_0, LS_0x561e21692010_0_4, LS_0x561e21692010_0_8, LS_0x561e21692010_0_12;
LS_0x561e21692010_1_4 .concat8 [ 4 4 4 4], LS_0x561e21692010_0_16, LS_0x561e21692010_0_20, LS_0x561e21692010_0_24, LS_0x561e21692010_0_28;
L_0x561e21692010 .concat8 [ 16 16 0 0], LS_0x561e21692010_1_0, LS_0x561e21692010_1_4;
S_0x561e21650cb0 .scope module, "i0" "MUX2X1" 2 36, 2 18 0, S_0x561e21618c60;
 .timescale 0 0;
    .port_info 0 /INPUT 1 "A";
    .port_info 1 /INPUT 1 "B";
    .port_info 2 /INPUT 1 "S";
    .port_info 3 /OUTPUT 1 "Y";
L_0x561e21684fe0 .functor NOT 1, o0x7fe612e980d8, C4<0>, C4<0>, C4<0>;
L_0x561e21685070 .functor NAND 1, L_0x561e216852d0, o0x7fe612e980d8, C4<1>, C4<1>;
L_0x561e21685100 .functor NAND 1, L_0x561e216853c0, L_0x561e21684fe0, C4<1>, C4<1>;
L_0x561e216851c0 .functor NAND 1, L_0x561e21685070, L_0x561e21685100, C4<1>, C4<1>;
v0x561e215f8230_0 .net "A", 0 0, L_0x561e216852d0;  1 drivers
v0x561e215f8530_0 .net "AS", 0 0, L_0x561e21685070;  1 drivers
v0x561e215f9a10_0 .net "B", 0 0, L_0x561e216853c0;  1 drivers
v0x561e21669c10_0 .net "BS", 0 0, L_0x561e21685100;  1 drivers
v0x561e21669cd0_0 .net "S", 0 0, o0x7fe612e980d8;  alias, 0 drivers
v0x561e21669de0_0 .net "S_n", 0 0, L_0x561e21684fe0;  1 drivers
v0x561e21669ea0_0 .net "Y", 0 0, L_0x561e216851c0;  1 drivers
S_0x561e21651590 .scope module, "i1" "MUX2X1" 2 42, 2 18 0, S_0x561e21618c60;
 .timescale 0 0;
    .port_info 0 /INPUT 1 "A";
    .port_info 1 /INPUT 1 "B";
    .port_info 2 /INPUT 1 "S";
    .port_info 3 /OUTPUT 1 "Y";
L_0x561e216854b0 .functor NOT 1, o0x7fe612e980d8, C4<0>, C4<0>, C4<0>;
L_0x561e21685520 .functor NAND 1, L_0x561e21685820, o0x7fe612e980d8, C4<1>, C4<1>;
L_0x561e216855c0 .functor NAND 1, L_0x561e21685960, L_0x561e216854b0, C4<1>, C4<1>;
L_0x561e216856e0 .functor NAND 1, L_0x561e21685520, L_0x561e216855c0, C4<1>, C4<1>;
v0x561e2166a050_0 .net "A", 0 0, L_0x561e21685820;  1 drivers
v0x561e2166a110_0 .net "AS", 0 0, L_0x561e21685520;  1 drivers
v0x561e2166a1d0_0 .net "B", 0 0, L_0x561e21685960;  1 drivers
v0x561e2166a270_0 .net "BS", 0 0, L_0x561e216855c0;  1 drivers
v0x561e2166a330_0 .net "S", 0 0, o0x7fe612e980d8;  alias, 0 drivers
v0x561e2166a420_0 .net "S_n", 0 0, L_0x561e216854b0;  1 drivers
v0x561e2166a4c0_0 .net "Y", 0 0, L_0x561e216856e0;  1 drivers
S_0x561e21653b80 .scope module, "i10" "MUX2X1" 2 96, 2 18 0, S_0x561e21618c60;
 .timescale 0 0;
    .port_info 0 /INPUT 1 "A";
    .port_info 1 /INPUT 1 "B";
    .port_info 2 /INPUT 1 "S";
    .port_info 3 /OUTPUT 1 "Y";
L_0x561e216885c0 .functor NOT 1, o0x7fe612e980d8, C4<0>, C4<0>, C4<0>;
L_0x561e21688630 .functor NAND 1, L_0x561e21687f80, o0x7fe612e980d8, C4<1>, C4<1>;
L_0x561e216886a0 .functor NAND 1, L_0x561e21688920, L_0x561e216885c0, C4<1>, C4<1>;
L_0x561e21688790 .functor NAND 1, L_0x561e21688630, L_0x561e216886a0, C4<1>, C4<1>;
v0x561e2166a680_0 .net "A", 0 0, L_0x561e21687f80;  1 drivers
v0x561e2166a740_0 .net "AS", 0 0, L_0x561e21688630;  1 drivers
v0x561e2166a800_0 .net "B", 0 0, L_0x561e21688920;  1 drivers
v0x561e2166a8d0_0 .net "BS", 0 0, L_0x561e216886a0;  1 drivers
v0x561e2166a990_0 .net "S", 0 0, o0x7fe612e980d8;  alias, 0 drivers
v0x561e2166aad0_0 .net "S_n", 0 0, L_0x561e216885c0;  1 drivers
v0x561e2166ab90_0 .net "Y", 0 0, L_0x561e21688790;  1 drivers
S_0x561e21654460 .scope module, "i11" "MUX2X1" 2 102, 2 18 0, S_0x561e21618c60;
 .timescale 0 0;
    .port_info 0 /INPUT 1 "A";
    .port_info 1 /INPUT 1 "B";
    .port_info 2 /INPUT 1 "S";
    .port_info 3 /OUTPUT 1 "Y";
L_0x561e21688ad0 .functor NOT 1, o0x7fe612e980d8, C4<0>, C4<0>, C4<0>;
L_0x561e21688b40 .functor NAND 1, L_0x561e21688de0, o0x7fe612e980d8, C4<1>, C4<1>;
L_0x561e21688bb0 .functor NAND 1, L_0x561e21688ed0, L_0x561e21688ad0, C4<1>, C4<1>;
L_0x561e21688ca0 .functor NAND 1, L_0x561e21688b40, L_0x561e21688bb0, C4<1>, C4<1>;
v0x561e2166ad20_0 .net "A", 0 0, L_0x561e21688de0;  1 drivers
v0x561e2166ae00_0 .net "AS", 0 0, L_0x561e21688b40;  1 drivers
v0x561e2166aec0_0 .net "B", 0 0, L_0x561e21688ed0;  1 drivers
v0x561e2166af60_0 .net "BS", 0 0, L_0x561e21688bb0;  1 drivers
v0x561e2166b020_0 .net "S", 0 0, o0x7fe612e980d8;  alias, 0 drivers
v0x561e2166b110_0 .net "S_n", 0 0, L_0x561e21688ad0;  1 drivers
v0x561e2166b1d0_0 .net "Y", 0 0, L_0x561e21688ca0;  1 drivers
S_0x561e21656a50 .scope module, "i12" "MUX2X1" 2 108, 2 18 0, S_0x561e21618c60;
 .timescale 0 0;
    .port_info 0 /INPUT 1 "A";
    .port_info 1 /INPUT 1 "B";
    .port_info 2 /INPUT 1 "S";
    .port_info 3 /OUTPUT 1 "Y";
L_0x561e21689090 .functor NOT 1, o0x7fe612e980d8, C4<0>, C4<0>, C4<0>;
L_0x561e21689100 .functor NAND 1, L_0x561e216893a0, o0x7fe612e980d8, C4<1>, C4<1>;
L_0x561e21689170 .functor NAND 1, L_0x561e21689490, L_0x561e21689090, C4<1>, C4<1>;
L_0x561e21689260 .functor NAND 1, L_0x561e21689100, L_0x561e21689170, C4<1>, C4<1>;
v0x561e2166b3b0_0 .net "A", 0 0, L_0x561e216893a0;  1 drivers
v0x561e2166b490_0 .net "AS", 0 0, L_0x561e21689100;  1 drivers
v0x561e2166b550_0 .net "B", 0 0, L_0x561e21689490;  1 drivers
v0x561e2166b5f0_0 .net "BS", 0 0, L_0x561e21689170;  1 drivers
v0x561e2166b6b0_0 .net "S", 0 0, o0x7fe612e980d8;  alias, 0 drivers
v0x561e2166b7a0_0 .net "S_n", 0 0, L_0x561e21689090;  1 drivers
v0x561e2166b860_0 .net "Y", 0 0, L_0x561e21689260;  1 drivers
S_0x561e21657330 .scope module, "i13" "MUX2X1" 2 114, 2 18 0, S_0x561e21618c60;
 .timescale 0 0;
    .port_info 0 /INPUT 1 "A";
    .port_info 1 /INPUT 1 "B";
    .port_info 2 /INPUT 1 "S";
    .port_info 3 /OUTPUT 1 "Y";
L_0x561e21689660 .functor NOT 1, o0x7fe612e980d8, C4<0>, C4<0>, C4<0>;
L_0x561e216896d0 .functor NAND 1, L_0x561e21689970, o0x7fe612e980d8, C4<1>, C4<1>;
L_0x561e21689740 .functor NAND 1, L_0x561e21689a60, L_0x561e21689660, C4<1>, C4<1>;
L_0x561e21689830 .functor NAND 1, L_0x561e216896d0, L_0x561e21689740, C4<1>, C4<1>;
v0x561e2166b9a0_0 .net "A", 0 0, L_0x561e21689970;  1 drivers
v0x561e2166ba80_0 .net "AS", 0 0, L_0x561e216896d0;  1 drivers
v0x561e2166bb40_0 .net "B", 0 0, L_0x561e21689a60;  1 drivers
v0x561e2166bc10_0 .net "BS", 0 0, L_0x561e21689740;  1 drivers
v0x561e2166bcd0_0 .net "S", 0 0, o0x7fe612e980d8;  alias, 0 drivers
v0x561e2166bdc0_0 .net "S_n", 0 0, L_0x561e21689660;  1 drivers
v0x561e2166be80_0 .net "Y", 0 0, L_0x561e21689830;  1 drivers
S_0x561e2166bfc0 .scope module, "i14" "MUX2X1" 2 120, 2 18 0, S_0x561e21618c60;
 .timescale 0 0;
    .port_info 0 /INPUT 1 "A";
    .port_info 1 /INPUT 1 "B";
    .port_info 2 /INPUT 1 "S";
    .port_info 3 /OUTPUT 1 "Y";
L_0x561e21689c40 .functor NOT 1, o0x7fe612e980d8, C4<0>, C4<0>, C4<0>;
L_0x561e21689cb0 .functor NAND 1, L_0x561e21689f50, o0x7fe612e980d8, C4<1>, C4<1>;
L_0x561e21689d20 .functor NAND 1, L_0x561e2168a040, L_0x561e21689c40, C4<1>, C4<1>;
L_0x561e21689e10 .functor NAND 1, L_0x561e21689cb0, L_0x561e21689d20, C4<1>, C4<1>;
v0x561e2166c1a0_0 .net "A", 0 0, L_0x561e21689f50;  1 drivers
v0x561e2166c280_0 .net "AS", 0 0, L_0x561e21689cb0;  1 drivers
v0x561e2166c340_0 .net "B", 0 0, L_0x561e2168a040;  1 drivers
v0x561e2166c410_0 .net "BS", 0 0, L_0x561e21689d20;  1 drivers
v0x561e2166c4d0_0 .net "S", 0 0, o0x7fe612e980d8;  alias, 0 drivers
v0x561e2166c5c0_0 .net "S_n", 0 0, L_0x561e21689c40;  1 drivers
v0x561e2166c680_0 .net "Y", 0 0, L_0x561e21689e10;  1 drivers
S_0x561e2166c7c0 .scope module, "i15" "MUX2X1" 2 126, 2 18 0, S_0x561e21618c60;
 .timescale 0 0;
    .port_info 0 /INPUT 1 "A";
    .port_info 1 /INPUT 1 "B";
    .port_info 2 /INPUT 1 "S";
    .port_info 3 /OUTPUT 1 "Y";
L_0x561e2168a230 .functor NOT 1, o0x7fe612e980d8, C4<0>, C4<0>, C4<0>;
L_0x561e2168a2a0 .functor NAND 1, L_0x561e2168ad50, o0x7fe612e980d8, C4<1>, C4<1>;
L_0x561e2168ab20 .functor NAND 1, L_0x561e2168b050, L_0x561e2168a230, C4<1>, C4<1>;
L_0x561e2168ac10 .functor NAND 1, L_0x561e2168a2a0, L_0x561e2168ab20, C4<1>, C4<1>;
v0x561e2166ca10_0 .net "A", 0 0, L_0x561e2168ad50;  1 drivers
v0x561e2166caf0_0 .net "AS", 0 0, L_0x561e2168a2a0;  1 drivers
v0x561e2166cbb0_0 .net "B", 0 0, L_0x561e2168b050;  1 drivers
v0x561e2166cc80_0 .net "BS", 0 0, L_0x561e2168ab20;  1 drivers
v0x561e2166cd40_0 .net "S", 0 0, o0x7fe612e980d8;  alias, 0 drivers
v0x561e2166ce30_0 .net "S_n", 0 0, L_0x561e2168a230;  1 drivers
v0x561e2166cef0_0 .net "Y", 0 0, L_0x561e2168ac10;  1 drivers
S_0x561e2166d030 .scope module, "i16" "MUX2X1" 2 132, 2 18 0, S_0x561e21618c60;
 .timescale 0 0;
    .port_info 0 /INPUT 1 "A";
    .port_info 1 /INPUT 1 "B";
    .port_info 2 /INPUT 1 "S";
    .port_info 3 /OUTPUT 1 "Y";
L_0x561e2168b460 .functor NOT 1, o0x7fe612e980d8, C4<0>, C4<0>, C4<0>;
L_0x561e2168b4d0 .functor NAND 1, L_0x561e2168b770, o0x7fe612e980d8, C4<1>, C4<1>;
L_0x561e2168b540 .functor NAND 1, L_0x561e2168b860, L_0x561e2168b460, C4<1>, C4<1>;
L_0x561e2168b630 .functor NAND 1, L_0x561e2168b4d0, L_0x561e2168b540, C4<1>, C4<1>;
v0x561e2166d280_0 .net "A", 0 0, L_0x561e2168b770;  1 drivers
v0x561e2166d360_0 .net "AS", 0 0, L_0x561e2168b4d0;  1 drivers
v0x561e2166d420_0 .net "B", 0 0, L_0x561e2168b860;  1 drivers
v0x561e2166d4f0_0 .net "BS", 0 0, L_0x561e2168b540;  1 drivers
v0x561e2166d5b0_0 .net "S", 0 0, o0x7fe612e980d8;  alias, 0 drivers
v0x561e2166d650_0 .net "S_n", 0 0, L_0x561e2168b460;  1 drivers
v0x561e2166d710_0 .net "Y", 0 0, L_0x561e2168b630;  1 drivers
S_0x561e2166d850 .scope module, "i17" "MUX2X1" 2 138, 2 18 0, S_0x561e21618c60;
 .timescale 0 0;
    .port_info 0 /INPUT 1 "A";
    .port_info 1 /INPUT 1 "B";
    .port_info 2 /INPUT 1 "S";
    .port_info 3 /OUTPUT 1 "Y";
L_0x561e2168ba70 .functor NOT 1, o0x7fe612e980d8, C4<0>, C4<0>, C4<0>;
L_0x561e2168bae0 .functor NAND 1, L_0x561e2168bd80, o0x7fe612e980d8, C4<1>, C4<1>;
L_0x561e2168bb50 .functor NAND 1, L_0x561e2168be70, L_0x561e2168ba70, C4<1>, C4<1>;
L_0x561e2168bc40 .functor NAND 1, L_0x561e2168bae0, L_0x561e2168bb50, C4<1>, C4<1>;
v0x561e2166daa0_0 .net "A", 0 0, L_0x561e2168bd80;  1 drivers
v0x561e2166db80_0 .net "AS", 0 0, L_0x561e2168bae0;  1 drivers
v0x561e2166dc40_0 .net "B", 0 0, L_0x561e2168be70;  1 drivers
v0x561e2166dd10_0 .net "BS", 0 0, L_0x561e2168bb50;  1 drivers
v0x561e2166ddd0_0 .net "S", 0 0, o0x7fe612e980d8;  alias, 0 drivers
v0x561e2166dec0_0 .net "S_n", 0 0, L_0x561e2168ba70;  1 drivers
v0x561e2166df80_0 .net "Y", 0 0, L_0x561e2168bc40;  1 drivers
S_0x561e2166e0c0 .scope module, "i18" "MUX2X1" 2 144, 2 18 0, S_0x561e21618c60;
 .timescale 0 0;
    .port_info 0 /INPUT 1 "A";
    .port_info 1 /INPUT 1 "B";
    .port_info 2 /INPUT 1 "S";
    .port_info 3 /OUTPUT 1 "Y";
L_0x561e2168b950 .functor NOT 1, o0x7fe612e980d8, C4<0>, C4<0>, C4<0>;
L_0x561e2168b9c0 .functor NAND 1, L_0x561e2168c290, o0x7fe612e980d8, C4<1>, C4<1>;
L_0x561e2168c090 .functor NAND 1, L_0x561e2168c380, L_0x561e2168b950, C4<1>, C4<1>;
L_0x561e2168c150 .functor NAND 1, L_0x561e2168b9c0, L_0x561e2168c090, C4<1>, C4<1>;
v0x561e2166e310_0 .net "A", 0 0, L_0x561e2168c290;  1 drivers
v0x561e2166e3f0_0 .net "AS", 0 0, L_0x561e2168b9c0;  1 drivers
v0x561e2166e4b0_0 .net "B", 0 0, L_0x561e2168c380;  1 drivers
v0x561e2166e580_0 .net "BS", 0 0, L_0x561e2168c090;  1 drivers
v0x561e2166e640_0 .net "S", 0 0, o0x7fe612e980d8;  alias, 0 drivers
v0x561e2166e730_0 .net "S_n", 0 0, L_0x561e2168b950;  1 drivers
v0x561e2166e7f0_0 .net "Y", 0 0, L_0x561e2168c150;  1 drivers
S_0x561e2166e930 .scope module, "i19" "MUX2X1" 2 150, 2 18 0, S_0x561e21618c60;
 .timescale 0 0;
    .port_info 0 /INPUT 1 "A";
    .port_info 1 /INPUT 1 "B";
    .port_info 2 /INPUT 1 "S";
    .port_info 3 /OUTPUT 1 "Y";
L_0x561e2168c5b0 .functor NOT 1, o0x7fe612e980d8, C4<0>, C4<0>, C4<0>;
L_0x561e2168c620 .functor NAND 1, L_0x561e2168c8f0, o0x7fe612e980d8, C4<1>, C4<1>;
L_0x561e2168c690 .functor NAND 1, L_0x561e2168c9e0, L_0x561e2168c5b0, C4<1>, C4<1>;
L_0x561e2168c7b0 .functor NAND 1, L_0x561e2168c620, L_0x561e2168c690, C4<1>, C4<1>;
v0x561e2166eb80_0 .net "A", 0 0, L_0x561e2168c8f0;  1 drivers
v0x561e2166ec60_0 .net "AS", 0 0, L_0x561e2168c620;  1 drivers
v0x561e2166ed20_0 .net "B", 0 0, L_0x561e2168c9e0;  1 drivers
v0x561e2166edf0_0 .net "BS", 0 0, L_0x561e2168c690;  1 drivers
v0x561e2166eeb0_0 .net "S", 0 0, o0x7fe612e980d8;  alias, 0 drivers
v0x561e2166efa0_0 .net "S_n", 0 0, L_0x561e2168c5b0;  1 drivers
v0x561e2166f060_0 .net "Y", 0 0, L_0x561e2168c7b0;  1 drivers
S_0x561e2166f1a0 .scope module, "i2" "MUX2X1" 2 48, 2 18 0, S_0x561e21618c60;
 .timescale 0 0;
    .port_info 0 /INPUT 1 "A";
    .port_info 1 /INPUT 1 "B";
    .port_info 2 /INPUT 1 "S";
    .port_info 3 /OUTPUT 1 "Y";
L_0x561e21685ad0 .functor NOT 1, o0x7fe612e980d8, C4<0>, C4<0>, C4<0>;
L_0x561e21685b40 .functor NAND 1, L_0x561e21685db0, o0x7fe612e980d8, C4<1>, C4<1>;
L_0x561e21685bb0 .functor NAND 1, L_0x561e21685ea0, L_0x561e21685ad0, C4<1>, C4<1>;
L_0x561e21685c70 .functor NAND 1, L_0x561e21685b40, L_0x561e21685bb0, C4<1>, C4<1>;
v0x561e2166f3f0_0 .net "A", 0 0, L_0x561e21685db0;  1 drivers
v0x561e2166f4d0_0 .net "AS", 0 0, L_0x561e21685b40;  1 drivers
v0x561e2166f590_0 .net "B", 0 0, L_0x561e21685ea0;  1 drivers
v0x561e2166f660_0 .net "BS", 0 0, L_0x561e21685bb0;  1 drivers
v0x561e2166f720_0 .net "S", 0 0, o0x7fe612e980d8;  alias, 0 drivers
v0x561e2166f810_0 .net "S_n", 0 0, L_0x561e21685ad0;  1 drivers
v0x561e2166f8d0_0 .net "Y", 0 0, L_0x561e21685c70;  1 drivers
S_0x561e2166fa10 .scope module, "i20" "MUX2X1" 2 156, 2 18 0, S_0x561e21618c60;
 .timescale 0 0;
    .port_info 0 /INPUT 1 "A";
    .port_info 1 /INPUT 1 "B";
    .port_info 2 /INPUT 1 "S";
    .port_info 3 /OUTPUT 1 "Y";
L_0x561e2168cc20 .functor NOT 1, o0x7fe612e980d8, C4<0>, C4<0>, C4<0>;
L_0x561e2168cc90 .functor NAND 1, L_0x561e2168cf30, o0x7fe612e980d8, C4<1>, C4<1>;
L_0x561e2168cd00 .functor NAND 1, L_0x561e2168d020, L_0x561e2168cc20, C4<1>, C4<1>;
L_0x561e2168cdf0 .functor NAND 1, L_0x561e2168cc90, L_0x561e2168cd00, C4<1>, C4<1>;
v0x561e2166fc60_0 .net "A", 0 0, L_0x561e2168cf30;  1 drivers
v0x561e2166fd40_0 .net "AS", 0 0, L_0x561e2168cc90;  1 drivers
v0x561e2166fe00_0 .net "B", 0 0, L_0x561e2168d020;  1 drivers
v0x561e2166fed0_0 .net "BS", 0 0, L_0x561e2168cd00;  1 drivers
v0x561e2166ff90_0 .net "S", 0 0, o0x7fe612e980d8;  alias, 0 drivers
v0x561e21670080_0 .net "S_n", 0 0, L_0x561e2168cc20;  1 drivers
v0x561e21670140_0 .net "Y", 0 0, L_0x561e2168cdf0;  1 drivers
S_0x561e21670280 .scope module, "i21" "MUX2X1" 2 162, 2 18 0, S_0x561e21618c60;
 .timescale 0 0;
    .port_info 0 /INPUT 1 "A";
    .port_info 1 /INPUT 1 "B";
    .port_info 2 /INPUT 1 "S";
    .port_info 3 /OUTPUT 1 "Y";
L_0x561e2168d270 .functor NOT 1, o0x7fe612e980d8, C4<0>, C4<0>, C4<0>;
L_0x561e2168d2e0 .functor NAND 1, L_0x561e2168d580, o0x7fe612e980d8, C4<1>, C4<1>;
L_0x561e2168d350 .functor NAND 1, L_0x561e2168d670, L_0x561e2168d270, C4<1>, C4<1>;
L_0x561e2168d440 .functor NAND 1, L_0x561e2168d2e0, L_0x561e2168d350, C4<1>, C4<1>;
v0x561e216704d0_0 .net "A", 0 0, L_0x561e2168d580;  1 drivers
v0x561e216705b0_0 .net "AS", 0 0, L_0x561e2168d2e0;  1 drivers
v0x561e21670670_0 .net "B", 0 0, L_0x561e2168d670;  1 drivers
v0x561e21670740_0 .net "BS", 0 0, L_0x561e2168d350;  1 drivers
v0x561e21670800_0 .net "S", 0 0, o0x7fe612e980d8;  alias, 0 drivers
v0x561e216708f0_0 .net "S_n", 0 0, L_0x561e2168d270;  1 drivers
v0x561e216709b0_0 .net "Y", 0 0, L_0x561e2168d440;  1 drivers
S_0x561e21670af0 .scope module, "i22" "MUX2X1" 2 168, 2 18 0, S_0x561e21618c60;
 .timescale 0 0;
    .port_info 0 /INPUT 1 "A";
    .port_info 1 /INPUT 1 "B";
    .port_info 2 /INPUT 1 "S";
    .port_info 3 /OUTPUT 1 "Y";
L_0x561e2168d8d0 .functor NOT 1, o0x7fe612e980d8, C4<0>, C4<0>, C4<0>;
L_0x561e2168d940 .functor NAND 1, L_0x561e2168dbe0, o0x7fe612e980d8, C4<1>, C4<1>;
L_0x561e2168d9b0 .functor NAND 1, L_0x561e2168dcd0, L_0x561e2168d8d0, C4<1>, C4<1>;
L_0x561e2168daa0 .functor NAND 1, L_0x561e2168d940, L_0x561e2168d9b0, C4<1>, C4<1>;
v0x561e21670d40_0 .net "A", 0 0, L_0x561e2168dbe0;  1 drivers
v0x561e21670e20_0 .net "AS", 0 0, L_0x561e2168d940;  1 drivers
v0x561e21670ee0_0 .net "B", 0 0, L_0x561e2168dcd0;  1 drivers
v0x561e21670fb0_0 .net "BS", 0 0, L_0x561e2168d9b0;  1 drivers
v0x561e21671070_0 .net "S", 0 0, o0x7fe612e980d8;  alias, 0 drivers
v0x561e21671160_0 .net "S_n", 0 0, L_0x561e2168d8d0;  1 drivers
v0x561e21671220_0 .net "Y", 0 0, L_0x561e2168daa0;  1 drivers
S_0x561e21671360 .scope module, "i23" "MUX2X1" 2 174, 2 18 0, S_0x561e21618c60;
 .timescale 0 0;
    .port_info 0 /INPUT 1 "A";
    .port_info 1 /INPUT 1 "B";
    .port_info 2 /INPUT 1 "S";
    .port_info 3 /OUTPUT 1 "Y";
L_0x561e2168df40 .functor NOT 1, o0x7fe612e980d8, C4<0>, C4<0>, C4<0>;
L_0x561e2168dfb0 .functor NAND 1, L_0x561e2168e250, o0x7fe612e980d8, C4<1>, C4<1>;
L_0x561e2168e020 .functor NAND 1, L_0x561e2168e340, L_0x561e2168df40, C4<1>, C4<1>;
L_0x561e2168e110 .functor NAND 1, L_0x561e2168dfb0, L_0x561e2168e020, C4<1>, C4<1>;
v0x561e216715b0_0 .net "A", 0 0, L_0x561e2168e250;  1 drivers
v0x561e21671690_0 .net "AS", 0 0, L_0x561e2168dfb0;  1 drivers
v0x561e21671750_0 .net "B", 0 0, L_0x561e2168e340;  1 drivers
v0x561e21671820_0 .net "BS", 0 0, L_0x561e2168e020;  1 drivers
v0x561e216718e0_0 .net "S", 0 0, o0x7fe612e980d8;  alias, 0 drivers
v0x561e21671be0_0 .net "S_n", 0 0, L_0x561e2168df40;  1 drivers
v0x561e21671ca0_0 .net "Y", 0 0, L_0x561e2168e110;  1 drivers
S_0x561e21671de0 .scope module, "i24" "MUX2X1" 2 180, 2 18 0, S_0x561e21618c60;
 .timescale 0 0;
    .port_info 0 /INPUT 1 "A";
    .port_info 1 /INPUT 1 "B";
    .port_info 2 /INPUT 1 "S";
    .port_info 3 /OUTPUT 1 "Y";
L_0x561e2168e5c0 .functor NOT 1, o0x7fe612e980d8, C4<0>, C4<0>, C4<0>;
L_0x561e2168e630 .functor NAND 1, L_0x561e2168e8d0, o0x7fe612e980d8, C4<1>, C4<1>;
L_0x561e2168e6a0 .functor NAND 1, L_0x561e2168e9c0, L_0x561e2168e5c0, C4<1>, C4<1>;
L_0x561e2168e790 .functor NAND 1, L_0x561e2168e630, L_0x561e2168e6a0, C4<1>, C4<1>;
v0x561e21672030_0 .net "A", 0 0, L_0x561e2168e8d0;  1 drivers
v0x561e21672110_0 .net "AS", 0 0, L_0x561e2168e630;  1 drivers
v0x561e216721d0_0 .net "B", 0 0, L_0x561e2168e9c0;  1 drivers
v0x561e216722a0_0 .net "BS", 0 0, L_0x561e2168e6a0;  1 drivers
v0x561e21672360_0 .net "S", 0 0, o0x7fe612e980d8;  alias, 0 drivers
v0x561e21672450_0 .net "S_n", 0 0, L_0x561e2168e5c0;  1 drivers
v0x561e21672510_0 .net "Y", 0 0, L_0x561e2168e790;  1 drivers
S_0x561e21672650 .scope module, "i25" "MUX2X1" 2 186, 2 18 0, S_0x561e21618c60;
 .timescale 0 0;
    .port_info 0 /INPUT 1 "A";
    .port_info 1 /INPUT 1 "B";
    .port_info 2 /INPUT 1 "S";
    .port_info 3 /OUTPUT 1 "Y";
L_0x561e2168ec50 .functor NOT 1, o0x7fe612e980d8, C4<0>, C4<0>, C4<0>;
L_0x561e2168ecc0 .functor NAND 1, L_0x561e2168ef60, o0x7fe612e980d8, C4<1>, C4<1>;
L_0x561e2168ed30 .functor NAND 1, L_0x561e2168f050, L_0x561e2168ec50, C4<1>, C4<1>;
L_0x561e2168ee20 .functor NAND 1, L_0x561e2168ecc0, L_0x561e2168ed30, C4<1>, C4<1>;
v0x561e216728a0_0 .net "A", 0 0, L_0x561e2168ef60;  1 drivers
v0x561e21672980_0 .net "AS", 0 0, L_0x561e2168ecc0;  1 drivers
v0x561e21672a40_0 .net "B", 0 0, L_0x561e2168f050;  1 drivers
v0x561e21672b10_0 .net "BS", 0 0, L_0x561e2168ed30;  1 drivers
v0x561e21672bd0_0 .net "S", 0 0, o0x7fe612e980d8;  alias, 0 drivers
v0x561e21672cc0_0 .net "S_n", 0 0, L_0x561e2168ec50;  1 drivers
v0x561e21672d80_0 .net "Y", 0 0, L_0x561e2168ee20;  1 drivers
S_0x561e21672ec0 .scope module, "i26" "MUX2X1" 2 192, 2 18 0, S_0x561e21618c60;
 .timescale 0 0;
    .port_info 0 /INPUT 1 "A";
    .port_info 1 /INPUT 1 "B";
    .port_info 2 /INPUT 1 "S";
    .port_info 3 /OUTPUT 1 "Y";
L_0x561e2168f2f0 .functor NOT 1, o0x7fe612e980d8, C4<0>, C4<0>, C4<0>;
L_0x561e2168f360 .functor NAND 1, L_0x561e2168f600, o0x7fe612e980d8, C4<1>, C4<1>;
L_0x561e2168f3d0 .functor NAND 1, L_0x561e2168f6f0, L_0x561e2168f2f0, C4<1>, C4<1>;
L_0x561e2168f4c0 .functor NAND 1, L_0x561e2168f360, L_0x561e2168f3d0, C4<1>, C4<1>;
v0x561e21673110_0 .net "A", 0 0, L_0x561e2168f600;  1 drivers
v0x561e216731f0_0 .net "AS", 0 0, L_0x561e2168f360;  1 drivers
v0x561e216732b0_0 .net "B", 0 0, L_0x561e2168f6f0;  1 drivers
v0x561e21673380_0 .net "BS", 0 0, L_0x561e2168f3d0;  1 drivers
v0x561e21673440_0 .net "S", 0 0, o0x7fe612e980d8;  alias, 0 drivers
v0x561e21673530_0 .net "S_n", 0 0, L_0x561e2168f2f0;  1 drivers
v0x561e216735f0_0 .net "Y", 0 0, L_0x561e2168f4c0;  1 drivers
S_0x561e21673730 .scope module, "i27" "MUX2X1" 2 198, 2 18 0, S_0x561e21618c60;
 .timescale 0 0;
    .port_info 0 /INPUT 1 "A";
    .port_info 1 /INPUT 1 "B";
    .port_info 2 /INPUT 1 "S";
    .port_info 3 /OUTPUT 1 "Y";
L_0x561e2168f9a0 .functor NOT 1, o0x7fe612e980d8, C4<0>, C4<0>, C4<0>;
L_0x561e2168fa10 .functor NAND 1, L_0x561e2168fcb0, o0x7fe612e980d8, C4<1>, C4<1>;
L_0x561e2168fa80 .functor NAND 1, L_0x561e2168fda0, L_0x561e2168f9a0, C4<1>, C4<1>;
L_0x561e2168fb70 .functor NAND 1, L_0x561e2168fa10, L_0x561e2168fa80, C4<1>, C4<1>;
v0x561e21673980_0 .net "A", 0 0, L_0x561e2168fcb0;  1 drivers
v0x561e21673a60_0 .net "AS", 0 0, L_0x561e2168fa10;  1 drivers
v0x561e21673b20_0 .net "B", 0 0, L_0x561e2168fda0;  1 drivers
v0x561e21673bf0_0 .net "BS", 0 0, L_0x561e2168fa80;  1 drivers
v0x561e21673cb0_0 .net "S", 0 0, o0x7fe612e980d8;  alias, 0 drivers
v0x561e21673da0_0 .net "S_n", 0 0, L_0x561e2168f9a0;  1 drivers
v0x561e21673e60_0 .net "Y", 0 0, L_0x561e2168fb70;  1 drivers
S_0x561e21673fa0 .scope module, "i28" "MUX2X1" 2 204, 2 18 0, S_0x561e21618c60;
 .timescale 0 0;
    .port_info 0 /INPUT 1 "A";
    .port_info 1 /INPUT 1 "B";
    .port_info 2 /INPUT 1 "S";
    .port_info 3 /OUTPUT 1 "Y";
L_0x561e21690060 .functor NOT 1, o0x7fe612e980d8, C4<0>, C4<0>, C4<0>;
L_0x561e216900d0 .functor NAND 1, L_0x561e21690370, o0x7fe612e980d8, C4<1>, C4<1>;
L_0x561e21690140 .functor NAND 1, L_0x561e21690460, L_0x561e21690060, C4<1>, C4<1>;
L_0x561e21690230 .functor NAND 1, L_0x561e216900d0, L_0x561e21690140, C4<1>, C4<1>;
v0x561e216741f0_0 .net "A", 0 0, L_0x561e21690370;  1 drivers
v0x561e216742d0_0 .net "AS", 0 0, L_0x561e216900d0;  1 drivers
v0x561e21674390_0 .net "B", 0 0, L_0x561e21690460;  1 drivers
v0x561e21674460_0 .net "BS", 0 0, L_0x561e21690140;  1 drivers
v0x561e21674520_0 .net "S", 0 0, o0x7fe612e980d8;  alias, 0 drivers
v0x561e21674610_0 .net "S_n", 0 0, L_0x561e21690060;  1 drivers
v0x561e216746d0_0 .net "Y", 0 0, L_0x561e21690230;  1 drivers
S_0x561e21674810 .scope module, "i29" "MUX2X1" 2 210, 2 18 0, S_0x561e21618c60;
 .timescale 0 0;
    .port_info 0 /INPUT 1 "A";
    .port_info 1 /INPUT 1 "B";
    .port_info 2 /INPUT 1 "S";
    .port_info 3 /OUTPUT 1 "Y";
L_0x561e21690730 .functor NOT 1, o0x7fe612e980d8, C4<0>, C4<0>, C4<0>;
L_0x561e216907a0 .functor NAND 1, L_0x561e21690a40, o0x7fe612e980d8, C4<1>, C4<1>;
L_0x561e21690810 .functor NAND 1, L_0x561e21690b30, L_0x561e21690730, C4<1>, C4<1>;
L_0x561e21690900 .functor NAND 1, L_0x561e216907a0, L_0x561e21690810, C4<1>, C4<1>;
v0x561e21674a60_0 .net "A", 0 0, L_0x561e21690a40;  1 drivers
v0x561e21674b40_0 .net "AS", 0 0, L_0x561e216907a0;  1 drivers
v0x561e21674c00_0 .net "B", 0 0, L_0x561e21690b30;  1 drivers
v0x561e21674cd0_0 .net "BS", 0 0, L_0x561e21690810;  1 drivers
v0x561e21674d90_0 .net "S", 0 0, o0x7fe612e980d8;  alias, 0 drivers
v0x561e21674e80_0 .net "S_n", 0 0, L_0x561e21690730;  1 drivers
v0x561e21674f40_0 .net "Y", 0 0, L_0x561e21690900;  1 drivers
S_0x561e21675080 .scope module, "i3" "MUX2X1" 2 54, 2 18 0, S_0x561e21618c60;
 .timescale 0 0;
    .port_info 0 /INPUT 1 "A";
    .port_info 1 /INPUT 1 "B";
    .port_info 2 /INPUT 1 "S";
    .port_info 3 /OUTPUT 1 "Y";
L_0x561e21685fd0 .functor NOT 1, o0x7fe612e980d8, C4<0>, C4<0>, C4<0>;
L_0x561e21686040 .functor NAND 1, L_0x561e216862b0, o0x7fe612e980d8, C4<1>, C4<1>;
L_0x561e216860b0 .functor NAND 1, L_0x561e216863a0, L_0x561e21685fd0, C4<1>, C4<1>;
L_0x561e21686170 .functor NAND 1, L_0x561e21686040, L_0x561e216860b0, C4<1>, C4<1>;
v0x561e216752d0_0 .net "A", 0 0, L_0x561e216862b0;  1 drivers
v0x561e216753b0_0 .net "AS", 0 0, L_0x561e21686040;  1 drivers
v0x561e21675470_0 .net "B", 0 0, L_0x561e216863a0;  1 drivers
v0x561e21675540_0 .net "BS", 0 0, L_0x561e216860b0;  1 drivers
v0x561e21675600_0 .net "S", 0 0, o0x7fe612e980d8;  alias, 0 drivers
v0x561e216756f0_0 .net "S_n", 0 0, L_0x561e21685fd0;  1 drivers
v0x561e216757b0_0 .net "Y", 0 0, L_0x561e21686170;  1 drivers
S_0x561e216758f0 .scope module, "i30" "MUX2X1" 2 216, 2 18 0, S_0x561e21618c60;
 .timescale 0 0;
    .port_info 0 /INPUT 1 "A";
    .port_info 1 /INPUT 1 "B";
    .port_info 2 /INPUT 1 "S";
    .port_info 3 /OUTPUT 1 "Y";
L_0x561e21690e10 .functor NOT 1, o0x7fe612e980d8, C4<0>, C4<0>, C4<0>;
L_0x561e21690e80 .functor NAND 1, L_0x561e21691120, o0x7fe612e980d8, C4<1>, C4<1>;
L_0x561e21690ef0 .functor NAND 1, L_0x561e21691210, L_0x561e21690e10, C4<1>, C4<1>;
L_0x561e21690fe0 .functor NAND 1, L_0x561e21690e80, L_0x561e21690ef0, C4<1>, C4<1>;
v0x561e21675b40_0 .net "A", 0 0, L_0x561e21691120;  1 drivers
v0x561e21675c20_0 .net "AS", 0 0, L_0x561e21690e80;  1 drivers
v0x561e21675ce0_0 .net "B", 0 0, L_0x561e21691210;  1 drivers
v0x561e21675db0_0 .net "BS", 0 0, L_0x561e21690ef0;  1 drivers
v0x561e21675e70_0 .net "S", 0 0, o0x7fe612e980d8;  alias, 0 drivers
v0x561e21675f60_0 .net "S_n", 0 0, L_0x561e21690e10;  1 drivers
v0x561e21676020_0 .net "Y", 0 0, L_0x561e21690fe0;  1 drivers
S_0x561e21676160 .scope module, "i31" "MUX2X1" 2 222, 2 18 0, S_0x561e21618c60;
 .timescale 0 0;
    .port_info 0 /INPUT 1 "A";
    .port_info 1 /INPUT 1 "B";
    .port_info 2 /INPUT 1 "S";
    .port_info 3 /OUTPUT 1 "Y";
L_0x561e21691500 .functor NOT 1, o0x7fe612e980d8, C4<0>, C4<0>, C4<0>;
L_0x561e21691570 .functor NAND 1, L_0x561e21691810, o0x7fe612e980d8, C4<1>, C4<1>;
L_0x561e216915e0 .functor NAND 1, L_0x561e21691900, L_0x561e21691500, C4<1>, C4<1>;
L_0x561e216916d0 .functor NAND 1, L_0x561e21691570, L_0x561e216915e0, C4<1>, C4<1>;
v0x561e216763b0_0 .net "A", 0 0, L_0x561e21691810;  1 drivers
v0x561e21676490_0 .net "AS", 0 0, L_0x561e21691570;  1 drivers
v0x561e21676550_0 .net "B", 0 0, L_0x561e21691900;  1 drivers
v0x561e21676620_0 .net "BS", 0 0, L_0x561e216915e0;  1 drivers
v0x561e216766e0_0 .net "S", 0 0, o0x7fe612e980d8;  alias, 0 drivers
v0x561e216767d0_0 .net "S_n", 0 0, L_0x561e21691500;  1 drivers
v0x561e21676890_0 .net "Y", 0 0, L_0x561e216916d0;  1 drivers
S_0x561e216769d0 .scope module, "i4" "MUX2X1" 2 60, 2 18 0, S_0x561e21618c60;
 .timescale 0 0;
    .port_info 0 /INPUT 1 "A";
    .port_info 1 /INPUT 1 "B";
    .port_info 2 /INPUT 1 "S";
    .port_info 3 /OUTPUT 1 "Y";
L_0x561e21686520 .functor NOT 1, o0x7fe612e980d8, C4<0>, C4<0>, C4<0>;
L_0x561e21686590 .functor NAND 1, L_0x561e216867b0, o0x7fe612e980d8, C4<1>, C4<1>;
L_0x561e21686600 .functor NAND 1, L_0x561e216868a0, L_0x561e21686520, C4<1>, C4<1>;
L_0x561e21686670 .functor NAND 1, L_0x561e21686590, L_0x561e21686600, C4<1>, C4<1>;
v0x561e21676c20_0 .net "A", 0 0, L_0x561e216867b0;  1 drivers
v0x561e21676d00_0 .net "AS", 0 0, L_0x561e21686590;  1 drivers
v0x561e21676dc0_0 .net "B", 0 0, L_0x561e216868a0;  1 drivers
v0x561e21676e90_0 .net "BS", 0 0, L_0x561e21686600;  1 drivers
v0x561e21676f50_0 .net "S", 0 0, o0x7fe612e980d8;  alias, 0 drivers
v0x561e21677040_0 .net "S_n", 0 0, L_0x561e21686520;  1 drivers
v0x561e21677100_0 .net "Y", 0 0, L_0x561e21686670;  1 drivers
S_0x561e21677240 .scope module, "i5" "MUX2X1" 2 66, 2 18 0, S_0x561e21618c60;
 .timescale 0 0;
    .port_info 0 /INPUT 1 "A";
    .port_info 1 /INPUT 1 "B";
    .port_info 2 /INPUT 1 "S";
    .port_info 3 /OUTPUT 1 "Y";
L_0x561e216869f0 .functor NOT 1, o0x7fe612e980d8, C4<0>, C4<0>, C4<0>;
L_0x561e21686a60 .functor NAND 1, L_0x561e21686cb0, o0x7fe612e980d8, C4<1>, C4<1>;
L_0x561e21686ad0 .functor NAND 1, L_0x561e21686da0, L_0x561e216869f0, C4<1>, C4<1>;
L_0x561e21686b70 .functor NAND 1, L_0x561e21686a60, L_0x561e21686ad0, C4<1>, C4<1>;
v0x561e21677490_0 .net "A", 0 0, L_0x561e21686cb0;  1 drivers
v0x561e21677570_0 .net "AS", 0 0, L_0x561e21686a60;  1 drivers
v0x561e21677630_0 .net "B", 0 0, L_0x561e21686da0;  1 drivers
v0x561e21677700_0 .net "BS", 0 0, L_0x561e21686ad0;  1 drivers
v0x561e216777c0_0 .net "S", 0 0, o0x7fe612e980d8;  alias, 0 drivers
v0x561e216778b0_0 .net "S_n", 0 0, L_0x561e216869f0;  1 drivers
v0x561e21677970_0 .net "Y", 0 0, L_0x561e21686b70;  1 drivers
S_0x561e21677ab0 .scope module, "i6" "MUX2X1" 2 72, 2 18 0, S_0x561e21618c60;
 .timescale 0 0;
    .port_info 0 /INPUT 1 "A";
    .port_info 1 /INPUT 1 "B";
    .port_info 2 /INPUT 1 "S";
    .port_info 3 /OUTPUT 1 "Y";
L_0x561e21686f00 .functor NOT 1, o0x7fe612e980d8, C4<0>, C4<0>, C4<0>;
L_0x561e21686f70 .functor NAND 1, L_0x561e21687210, o0x7fe612e980d8, C4<1>, C4<1>;
L_0x561e21686fe0 .functor NAND 1, L_0x561e21687300, L_0x561e21686f00, C4<1>, C4<1>;
L_0x561e216870d0 .functor NAND 1, L_0x561e21686f70, L_0x561e21686fe0, C4<1>, C4<1>;
v0x561e21677d00_0 .net "A", 0 0, L_0x561e21687210;  1 drivers
v0x561e21677de0_0 .net "AS", 0 0, L_0x561e21686f70;  1 drivers
v0x561e21677ea0_0 .net "B", 0 0, L_0x561e21687300;  1 drivers
v0x561e21677f70_0 .net "BS", 0 0, L_0x561e21686fe0;  1 drivers
v0x561e21678030_0 .net "S", 0 0, o0x7fe612e980d8;  alias, 0 drivers
v0x561e21678120_0 .net "S_n", 0 0, L_0x561e21686f00;  1 drivers
v0x561e216781e0_0 .net "Y", 0 0, L_0x561e216870d0;  1 drivers
S_0x561e21678320 .scope module, "i7" "MUX2X1" 2 78, 2 18 0, S_0x561e21618c60;
 .timescale 0 0;
    .port_info 0 /INPUT 1 "A";
    .port_info 1 /INPUT 1 "B";
    .port_info 2 /INPUT 1 "S";
    .port_info 3 /OUTPUT 1 "Y";
L_0x561e21686e90 .functor NOT 1, o0x7fe612e980d8, C4<0>, C4<0>, C4<0>;
L_0x561e21687470 .functor NAND 1, L_0x561e21687710, o0x7fe612e980d8, C4<1>, C4<1>;
L_0x561e216874e0 .functor NAND 1, L_0x561e21687800, L_0x561e21686e90, C4<1>, C4<1>;
L_0x561e216875d0 .functor NAND 1, L_0x561e21687470, L_0x561e216874e0, C4<1>, C4<1>;
v0x561e21678570_0 .net "A", 0 0, L_0x561e21687710;  1 drivers
v0x561e21678650_0 .net "AS", 0 0, L_0x561e21687470;  1 drivers
v0x561e21678710_0 .net "B", 0 0, L_0x561e21687800;  1 drivers
v0x561e216787e0_0 .net "BS", 0 0, L_0x561e216874e0;  1 drivers
v0x561e216788a0_0 .net "S", 0 0, o0x7fe612e980d8;  alias, 0 drivers
v0x561e21678990_0 .net "S_n", 0 0, L_0x561e21686e90;  1 drivers
v0x561e21678a50_0 .net "Y", 0 0, L_0x561e216875d0;  1 drivers
S_0x561e21678b90 .scope module, "i8" "MUX2X1" 2 84, 2 18 0, S_0x561e21618c60;
 .timescale 0 0;
    .port_info 0 /INPUT 1 "A";
    .port_info 1 /INPUT 1 "B";
    .port_info 2 /INPUT 1 "S";
    .port_info 3 /OUTPUT 1 "Y";
L_0x561e21687a90 .functor NOT 1, o0x7fe612e980d8, C4<0>, C4<0>, C4<0>;
L_0x561e21687b00 .functor NAND 1, L_0x561e21687da0, o0x7fe612e980d8, C4<1>, C4<1>;
L_0x561e21687b70 .functor NAND 1, L_0x561e21687e90, L_0x561e21687a90, C4<1>, C4<1>;
L_0x561e21687c60 .functor NAND 1, L_0x561e21687b00, L_0x561e21687b70, C4<1>, C4<1>;
v0x561e21678de0_0 .net "A", 0 0, L_0x561e21687da0;  1 drivers
v0x561e21678ec0_0 .net "AS", 0 0, L_0x561e21687b00;  1 drivers
v0x561e21678f80_0 .net "B", 0 0, L_0x561e21687e90;  1 drivers
v0x561e21679050_0 .net "BS", 0 0, L_0x561e21687b70;  1 drivers
v0x561e21679110_0 .net "S", 0 0, o0x7fe612e980d8;  alias, 0 drivers
v0x561e21679200_0 .net "S_n", 0 0, L_0x561e21687a90;  1 drivers
v0x561e216792c0_0 .net "Y", 0 0, L_0x561e21687c60;  1 drivers
S_0x561e21679400 .scope module, "i9" "MUX2X1" 2 90, 2 18 0, S_0x561e21618c60;
 .timescale 0 0;
    .port_info 0 /INPUT 1 "A";
    .port_info 1 /INPUT 1 "B";
    .port_info 2 /INPUT 1 "S";
    .port_info 3 /OUTPUT 1 "Y";
L_0x561e21688020 .functor NOT 1, o0x7fe612e980d8, C4<0>, C4<0>, C4<0>;
L_0x561e21688090 .functor NAND 1, L_0x561e21688330, o0x7fe612e980d8, C4<1>, C4<1>;
L_0x561e21688100 .functor NAND 1, L_0x561e21688420, L_0x561e21688020, C4<1>, C4<1>;
L_0x561e216881f0 .functor NAND 1, L_0x561e21688090, L_0x561e21688100, C4<1>, C4<1>;
v0x561e21679650_0 .net "A", 0 0, L_0x561e21688330;  1 drivers
v0x561e21679730_0 .net "AS", 0 0, L_0x561e21688090;  1 drivers
v0x561e216797f0_0 .net "B", 0 0, L_0x561e21688420;  1 drivers
v0x561e216798c0_0 .net "BS", 0 0, L_0x561e21688100;  1 drivers
v0x561e21679980_0 .net "S", 0 0, o0x7fe612e980d8;  alias, 0 drivers
v0x561e21679a70_0 .net "S_n", 0 0, L_0x561e21688020;  1 drivers
v0x561e21679b30_0 .net "Y", 0 0, L_0x561e216881f0;  1 drivers
S_0x561e2164e6c0 .scope module, "tb_SHIFTER_32" "tb_SHIFTER_32" 3 3;
 .timescale -9 -9;
v0x561e21684be0_0 .var "Arith", 0 0;
v0x561e21684ca0_0 .var "Right", 0 0;
v0x561e21684d40_0 .var "Sa", 4 0;
v0x561e21684de0_0 .var "X", 31 0;
v0x561e21684ed0_0 .var/i "j", 31 0;
S_0x561e2167a490 .scope module, "data" "SHIFTER_32" 3 20, 4 2 0, S_0x561e2164e6c0;
 .timescale 0 0;
    .port_info 0 /INPUT 32 "X";
    .port_info 1 /INPUT 5 "Sa";
    .port_info 2 /INPUT 1 "Arith";
    .port_info 3 /INPUT 1 "Right";
    .port_info 4 /OUTPUT 32 "Sh";
P_0x561e2167a690 .param/l "z" 0 4 12, C4<0000000000000000>;
L_0x561e21692b50 .functor AND 1, L_0x561e21692ab0, v0x561e21684be0_0, C4<1>, C4<1>;
v0x561e21682290_0 .net "Arith", 0 0, v0x561e21684be0_0;  1 drivers
v0x561e21682370_0 .net "L1d", 31 0, L_0x561e216a2f90;  1 drivers
v0x561e21682430_0 .net "L1u", 31 0, L_0x561e216a2e00;  1 drivers
v0x561e21682530_0 .net "L2d", 31 0, L_0x561e216a3770;  1 drivers
v0x561e21682600_0 .net "L2u", 31 0, L_0x561e216a3440;  1 drivers
v0x561e216826f0_0 .net "L3d", 31 0, L_0x561e216a3fc0;  1 drivers
v0x561e216827c0_0 .net "L3u", 31 0, L_0x561e216a3c20;  1 drivers
v0x561e21682890_0 .net "L4d", 31 0, L_0x561e216a4840;  1 drivers
v0x561e21682960_0 .net "L4u", 31 0, L_0x561e216a4100;  1 drivers
v0x561e21682ac0_0 .net "L5d", 31 0, L_0x561e216a52e0;  1 drivers
v0x561e21682b90_0 .net "L5u", 31 0, L_0x561e216a4f20;  1 drivers
v0x561e21682c60_0 .net "Right", 0 0, v0x561e21684ca0_0;  1 drivers
v0x561e21682d00_0 .net "S1", 31 0, L_0x561e216a4b40;  1 drivers
v0x561e21682da0_0 .net "S2", 31 0, L_0x561e216a4240;  1 drivers
v0x561e21682e90_0 .net "S3", 31 0, L_0x561e216a39c0;  1 drivers
v0x561e21682fa0_0 .net "S4", 31 0, L_0x561e216a31c0;  1 drivers
v0x561e216830b0_0 .net "Sa", 4 0, v0x561e21684d40_0;  1 drivers
v0x561e21683190_0 .net "Sh", 31 0, L_0x561e216a5610;  1 drivers
v0x561e21683250_0 .net "T0", 31 0, L_0x561e216a5570;  1 drivers
v0x561e21683340_0 .net "T1", 31 0, L_0x561e216a4aa0;  1 drivers
v0x561e21683450_0 .net "T2", 31 0, L_0x561e216a41a0;  1 drivers
v0x561e21683560_0 .net "T3", 31 0, L_0x561e216a3920;  1 drivers
v0x561e21683670_0 .net "T4", 31 0, L_0x561e216a3120;  1 drivers
v0x561e21683780_0 .net "X", 31 0, v0x561e21684de0_0;  1 drivers
v0x561e21683840_0 .net *"_ivl_1", 0 0, L_0x561e21692ab0;  1 drivers
v0x561e21683900_0 .net *"_ivl_13", 15 0, L_0x561e216a2ef0;  1 drivers
v0x561e216839e0_0 .net *"_ivl_19", 23 0, L_0x561e216a3350;  1 drivers
L_0x7fe612e4f060 .functor BUFT 1, C4<00000000>, C4<0>, C4<0>, C4<0>;
v0x561e21683ac0_0 .net/2u *"_ivl_20", 7 0, L_0x7fe612e4f060;  1 drivers
v0x561e21683ba0_0 .net *"_ivl_25", 7 0, L_0x561e216a35d0;  1 drivers
v0x561e21683c80_0 .net *"_ivl_27", 23 0, L_0x561e216a36d0;  1 drivers
v0x561e21683d60_0 .net *"_ivl_33", 27 0, L_0x561e216a3b00;  1 drivers
L_0x7fe612e4f0a8 .functor BUFT 1, C4<0000>, C4<0>, C4<0>, C4<0>;
v0x561e21683e40_0 .net/2u *"_ivl_34", 3 0, L_0x7fe612e4f0a8;  1 drivers
v0x561e21683f20_0 .net *"_ivl_39", 3 0, L_0x561e216a3d60;  1 drivers
v0x561e21684000_0 .net *"_ivl_41", 27 0, L_0x561e216a3f20;  1 drivers
v0x561e216840e0_0 .net *"_ivl_47", 29 0, L_0x561e216a44a0;  1 drivers
L_0x7fe612e4f0f0 .functor BUFT 1, C4<00>, C4<0>, C4<0>, C4<0>;
v0x561e216841c0_0 .net/2u *"_ivl_48", 1 0, L_0x7fe612e4f0f0;  1 drivers
v0x561e216842a0_0 .net *"_ivl_53", 1 0, L_0x561e216a4640;  1 drivers
v0x561e21684380_0 .net *"_ivl_55", 29 0, L_0x561e216a47a0;  1 drivers
v0x561e21684460_0 .net *"_ivl_61", 30 0, L_0x561e216a4da0;  1 drivers
L_0x7fe612e4f138 .functor BUFT 1, C4<0>, C4<0>, C4<0>, C4<0>;
v0x561e21684540_0 .net/2u *"_ivl_62", 0 0, L_0x7fe612e4f138;  1 drivers
v0x561e21684620_0 .net *"_ivl_67", 0 0, L_0x561e216a50b0;  1 drivers
v0x561e21684700_0 .net *"_ivl_69", 30 0, L_0x561e216a5240;  1 drivers
v0x561e216847e0_0 .net *"_ivl_7", 15 0, L_0x561e21692d50;  1 drivers
L_0x7fe612e4f018 .functor BUFT 1, C4<0000000000000000>, C4<0>, C4<0>, C4<0>;
v0x561e216848c0_0 .net/2u *"_ivl_8", 15 0, L_0x7fe612e4f018;  1 drivers
v0x561e216849a0_0 .net "a", 0 0, L_0x561e21692b50;  1 drivers
v0x561e21684a60_0 .net "e", 15 0, L_0x561e21692c60;  1 drivers
L_0x561e21692ab0 .part v0x561e21684de0_0, 31, 1;
LS_0x561e21692c60_0_0 .concat [ 1 1 1 1], L_0x561e21692b50, L_0x561e21692b50, L_0x561e21692b50, L_0x561e21692b50;
LS_0x561e21692c60_0_4 .concat [ 1 1 1 1], L_0x561e21692b50, L_0x561e21692b50, L_0x561e21692b50, L_0x561e21692b50;
LS_0x561e21692c60_0_8 .concat [ 1 1 1 1], L_0x561e21692b50, L_0x561e21692b50, L_0x561e21692b50, L_0x561e21692b50;
LS_0x561e21692c60_0_12 .concat [ 1 1 1 1], L_0x561e21692b50, L_0x561e21692b50, L_0x561e21692b50, L_0x561e21692b50;
L_0x561e21692c60 .concat [ 4 4 4 4], LS_0x561e21692c60_0_0, LS_0x561e21692c60_0_4, LS_0x561e21692c60_0_8, LS_0x561e21692c60_0_12;
L_0x561e21692d50 .part v0x561e21684de0_0, 0, 16;
L_0x561e216a2e00 .concat [ 16 16 0 0], L_0x7fe612e4f018, L_0x561e21692d50;
L_0x561e216a2ef0 .part v0x561e21684de0_0, 16, 16;
L_0x561e216a2f90 .concat [ 16 16 0 0], L_0x561e216a2ef0, L_0x561e21692c60;
L_0x561e216a3260 .part v0x561e21684d40_0, 4, 1;
L_0x561e216a3350 .part v0x561e21684de0_0, 0, 24;
L_0x561e216a3440 .concat [ 8 24 0 0], L_0x7fe612e4f060, L_0x561e216a3350;
L_0x561e216a35d0 .part L_0x561e21692c60, 0, 8;
L_0x561e216a36d0 .part v0x561e21684de0_0, 8, 24;
L_0x561e216a3770 .concat [ 24 8 0 0], L_0x561e216a36d0, L_0x561e216a35d0;
L_0x561e216a3a60 .part v0x561e21684d40_0, 3, 1;
L_0x561e216a3b00 .part v0x561e21684de0_0, 0, 28;
L_0x561e216a3c20 .concat [ 4 28 0 0], L_0x7fe612e4f0a8, L_0x561e216a3b00;
L_0x561e216a3d60 .part L_0x561e21692c60, 0, 4;
L_0x561e216a3f20 .part v0x561e21684de0_0, 4, 28;
L_0x561e216a3fc0 .concat [ 28 4 0 0], L_0x561e216a3f20, L_0x561e216a3d60;
L_0x561e216a4370 .part v0x561e21684d40_0, 2, 1;
L_0x561e216a44a0 .part v0x561e21684de0_0, 0, 30;
L_0x561e216a4100 .concat [ 2 30 0 0], L_0x7fe612e4f0f0, L_0x561e216a44a0;
L_0x561e216a4640 .part L_0x561e21692c60, 0, 2;
L_0x561e216a47a0 .part v0x561e21684de0_0, 2, 30;
L_0x561e216a4840 .concat [ 30 2 0 0], L_0x561e216a47a0, L_0x561e216a4640;
L_0x561e216a4d00 .part v0x561e21684d40_0, 1, 1;
L_0x561e216a4da0 .part v0x561e21684de0_0, 0, 31;
L_0x561e216a4f20 .concat [ 1 31 0 0], L_0x7fe612e4f138, L_0x561e216a4da0;
L_0x561e216a50b0 .part L_0x561e21692c60, 0, 1;
L_0x561e216a5240 .part v0x561e21684de0_0, 1, 31;
L_0x561e216a52e0 .concat [ 31 1 0 0], L_0x561e216a5240, L_0x561e216a50b0;
L_0x561e216a5820 .part v0x561e21684d40_0, 0, 1;
S_0x561e2167a820 .scope module, "M1l" "MUX2X32" 4 18, 2 1 0, S_0x561e2167a490;
 .timescale 0 0;
    .port_info 0 /INPUT 32 "A";
    .port_info 1 /INPUT 32 "B";
    .port_info 2 /INPUT 1 "S";
    .port_info 3 /OUTPUT 32 "Y";
v0x561e2167b020_0 .net "A", 31 0, L_0x561e216a2e00;  alias, 1 drivers
v0x561e2167b120_0 .net "B", 31 0, L_0x561e216a2f90;  alias, 1 drivers
v0x561e2167b200_0 .net "S", 0 0, v0x561e21684ca0_0;  alias, 1 drivers
v0x561e2167b2f0_0 .net "Y", 31 0, L_0x561e216a3120;  alias, 1 drivers
L_0x561e216a3120 .ufunc/vec4 TD_tb_SHIFTER_32.data.M1l.select, 32, L_0x561e216a2e00, L_0x561e216a2f90, v0x561e21684ca0_0 (v0x561e2167ac70_0, v0x561e2167ad70_0, v0x561e2167ae50_0) S_0x561e2167aa70;
S_0x561e2167aa70 .scope function.vec4.s32, "select" "select" 2 6, 2 6 0, S_0x561e2167a820;
 .timescale 0 0;
v0x561e2167ac70_0 .var "A", 31 0;
v0x561e2167ad70_0 .var "B", 31 0;
v0x561e2167ae50_0 .var "S", 0 0;
; Variable select is vec4 return value of scope S_0x561e2167aa70
TD_tb_SHIFTER_32.data.M1l.select ;
    %load/vec4 v0x561e2167ae50_0;
    %dup/vec4;
    %pushi/vec4 1, 0, 1;
    %cmp/u;
    %jmp/1 T_0.0, 6;
    %dup/vec4;
    %pushi/vec4 0, 0, 1;
    %cmp/u;
    %jmp/1 T_0.1, 6;
    %jmp T_0.2;
T_0.0 ;
    %load/vec4 v0x561e2167ad70_0;
    %ret/vec4 0, 0, 32;  Assign to select (store_vec4_to_lval)
    %jmp T_0.2;
T_0.1 ;
    %load/vec4 v0x561e2167ac70_0;
    %ret/vec4 0, 0, 32;  Assign to select (store_vec4_to_lval)
    %jmp T_0.2;
T_0.2 ;
    %pop/vec4 1;
    %end;
S_0x561e2167b480 .scope module, "M1r" "MUX2X32" 4 19, 2 1 0, S_0x561e2167a490;
 .timescale 0 0;
    .port_info 0 /INPUT 32 "A";
    .port_info 1 /INPUT 32 "B";
    .port_info 2 /INPUT 1 "S";
    .port_info 3 /OUTPUT 32 "Y";
v0x561e2167bc80_0 .net "A", 31 0, v0x561e21684de0_0;  alias, 1 drivers
v0x561e2167bd80_0 .net "B", 31 0, L_0x561e216a3120;  alias, 1 drivers
v0x561e2167be70_0 .net "S", 0 0, L_0x561e216a3260;  1 drivers
v0x561e2167bf40_0 .net "Y", 31 0, L_0x561e216a31c0;  alias, 1 drivers
L_0x561e216a31c0 .ufunc/vec4 TD_tb_SHIFTER_32.data.M1r.select, 32, v0x561e21684de0_0, L_0x561e216a3120, L_0x561e216a3260 (v0x561e2167b8d0_0, v0x561e2167b9d0_0, v0x561e2167bab0_0) S_0x561e2167b6f0;
S_0x561e2167b6f0 .scope function.vec4.s32, "select" "select" 2 6, 2 6 0, S_0x561e2167b480;
 .timescale 0 0;
v0x561e2167b8d0_0 .var "A", 31 0;
v0x561e2167b9d0_0 .var "B", 31 0;
v0x561e2167bab0_0 .var "S", 0 0;
; Variable select is vec4 return value of scope S_0x561e2167b6f0
TD_tb_SHIFTER_32.data.M1r.select ;
    %load/vec4 v0x561e2167bab0_0;
    %dup/vec4;
    %pushi/vec4 1, 0, 1;
    %cmp/u;
    %jmp/1 T_1.3, 6;
    %dup/vec4;
    %pushi/vec4 0, 0, 1;
    %cmp/u;
    %jmp/1 T_1.4, 6;
    %jmp T_1.5;
T_1.3 ;
    %load/vec4 v0x561e2167b9d0_0;
    %ret/vec4 0, 0, 32;  Assign to select (store_vec4_to_lval)
    %jmp T_1.5;
T_1.4 ;
    %load/vec4 v0x561e2167b8d0_0;
    %ret/vec4 0, 0, 32;  Assign to select (store_vec4_to_lval)
    %jmp T_1.5;
T_1.5 ;
    %pop/vec4 1;
    %end;
S_0x561e2167c0d0 .scope module, "M2l" "MUX2X32" 4 24, 2 1 0, S_0x561e2167a490;
 .timescale 0 0;
    .port_info 0 /INPUT 32 "A";
    .port_info 1 /INPUT 32 "B";
    .port_info 2 /INPUT 1 "S";
    .port_info 3 /OUTPUT 32 "Y";
v0x561e2167c8e0_0 .net "A", 31 0, L_0x561e216a3440;  alias, 1 drivers
v0x561e2167c9e0_0 .net "B", 31 0, L_0x561e216a3770;  alias, 1 drivers
v0x561e2167cac0_0 .net "S", 0 0, v0x561e21684ca0_0;  alias, 1 drivers
v0x561e2167cbc0_0 .net "Y", 31 0, L_0x561e216a3920;  alias, 1 drivers
L_0x561e216a3920 .ufunc/vec4 TD_tb_SHIFTER_32.data.M2l.select, 32, L_0x561e216a3440, L_0x561e216a3770, v0x561e21684ca0_0 (v0x561e2167c530_0, v0x561e2167c630_0, v0x561e2167c710_0) S_0x561e2167c350;
S_0x561e2167c350 .scope function.vec4.s32, "select" "select" 2 6, 2 6 0, S_0x561e2167c0d0;
 .timescale 0 0;
v0x561e2167c530_0 .var "A", 31 0;
v0x561e2167c630_0 .var "B", 31 0;
v0x561e2167c710_0 .var "S", 0 0;
; Variable select is vec4 return value of scope S_0x561e2167c350
TD_tb_SHIFTER_32.data.M2l.select ;
    %load/vec4 v0x561e2167c710_0;
    %dup/vec4;
    %pushi/vec4 1, 0, 1;
    %cmp/u;
    %jmp/1 T_2.6, 6;
    %dup/vec4;
    %pushi/vec4 0, 0, 1;
    %cmp/u;
    %jmp/1 T_2.7, 6;
    %jmp T_2.8;
T_2.6 ;
    %load/vec4 v0x561e2167c630_0;
    %ret/vec4 0, 0, 32;  Assign to select (store_vec4_to_lval)
    %jmp T_2.8;
T_2.7 ;
    %load/vec4 v0x561e2167c530_0;
    %ret/vec4 0, 0, 32;  Assign to select (store_vec4_to_lval)
    %jmp T_2.8;
T_2.8 ;
    %pop/vec4 1;
    %end;
S_0x561e2167cd30 .scope module, "M2r" "MUX2X32" 4 25, 2 1 0, S_0x561e2167a490;
 .timescale 0 0;
    .port_info 0 /INPUT 32 "A";
    .port_info 1 /INPUT 32 "B";
    .port_info 2 /INPUT 1 "S";
    .port_info 3 /OUTPUT 32 "Y";
v0x561e2167d530_0 .net "A", 31 0, L_0x561e216a31c0;  alias, 1 drivers
v0x561e2167d640_0 .net "B", 31 0, L_0x561e216a3920;  alias, 1 drivers
v0x561e2167d710_0 .net "S", 0 0, L_0x561e216a3a60;  1 drivers
v0x561e2167d7e0_0 .net "Y", 31 0, L_0x561e216a39c0;  alias, 1 drivers
L_0x561e216a39c0 .ufunc/vec4 TD_tb_SHIFTER_32.data.M2r.select, 32, L_0x561e216a31c0, L_0x561e216a3920, L_0x561e216a3a60 (v0x561e2167d180_0, v0x561e2167d280_0, v0x561e2167d360_0) S_0x561e2167cf80;
S_0x561e2167cf80 .scope function.vec4.s32, "select" "select" 2 6, 2 6 0, S_0x561e2167cd30;
 .timescale 0 0;
v0x561e2167d180_0 .var "A", 31 0;
v0x561e2167d280_0 .var "B", 31 0;
v0x561e2167d360_0 .var "S", 0 0;
; Variable select is vec4 return value of scope S_0x561e2167cf80
TD_tb_SHIFTER_32.data.M2r.select ;
    %load/vec4 v0x561e2167d360_0;
    %dup/vec4;
    %pushi/vec4 1, 0, 1;
    %cmp/u;
    %jmp/1 T_3.9, 6;
    %dup/vec4;
    %pushi/vec4 0, 0, 1;
    %cmp/u;
    %jmp/1 T_3.10, 6;
    %jmp T_3.11;
T_3.9 ;
    %load/vec4 v0x561e2167d280_0;
    %ret/vec4 0, 0, 32;  Assign to select (store_vec4_to_lval)
    %jmp T_3.11;
T_3.10 ;
    %load/vec4 v0x561e2167d180_0;
    %ret/vec4 0, 0, 32;  Assign to select (store_vec4_to_lval)
    %jmp T_3.11;
T_3.11 ;
    %pop/vec4 1;
    %end;
S_0x561e2167d970 .scope module, "M3l" "MUX2X32" 4 30, 2 1 0, S_0x561e2167a490;
 .timescale 0 0;
    .port_info 0 /INPUT 32 "A";
    .port_info 1 /INPUT 32 "B";
    .port_info 2 /INPUT 1 "S";
    .port_info 3 /OUTPUT 32 "Y";
v0x561e2167e190_0 .net "A", 31 0, L_0x561e216a3c20;  alias, 1 drivers
v0x561e2167e290_0 .net "B", 31 0, L_0x561e216a3fc0;  alias, 1 drivers
v0x561e2167e370_0 .net "S", 0 0, v0x561e21684ca0_0;  alias, 1 drivers
v0x561e2167e490_0 .net "Y", 31 0, L_0x561e216a41a0;  alias, 1 drivers
L_0x561e216a41a0 .ufunc/vec4 TD_tb_SHIFTER_32.data.M3l.select, 32, L_0x561e216a3c20, L_0x561e216a3fc0, v0x561e21684ca0_0 (v0x561e2167de10_0, v0x561e2167df10_0, v0x561e2167dff0_0) S_0x561e2167dc10;
S_0x561e2167dc10 .scope function.vec4.s32, "select" "select" 2 6, 2 6 0, S_0x561e2167d970;
 .timescale 0 0;
v0x561e2167de10_0 .var "A", 31 0;
v0x561e2167df10_0 .var "B", 31 0;
v0x561e2167dff0_0 .var "S", 0 0;
; Variable select is vec4 return value of scope S_0x561e2167dc10
TD_tb_SHIFTER_32.data.M3l.select ;
    %load/vec4 v0x561e2167dff0_0;
    %dup/vec4;
    %pushi/vec4 1, 0, 1;
    %cmp/u;
    %jmp/1 T_4.12, 6;
    %dup/vec4;
    %pushi/vec4 0, 0, 1;
    %cmp/u;
    %jmp/1 T_4.13, 6;
    %jmp T_4.14;
T_4.12 ;
    %load/vec4 v0x561e2167df10_0;
    %ret/vec4 0, 0, 32;  Assign to select (store_vec4_to_lval)
    %jmp T_4.14;
T_4.13 ;
    %load/vec4 v0x561e2167de10_0;
    %ret/vec4 0, 0, 32;  Assign to select (store_vec4_to_lval)
    %jmp T_4.14;
T_4.14 ;
    %pop/vec4 1;
    %end;
S_0x561e2167e5f0 .scope module, "M3r" "MUX2X32" 4 31, 2 1 0, S_0x561e2167a490;
 .timescale 0 0;
    .port_info 0 /INPUT 32 "A";
    .port_info 1 /INPUT 32 "B";
    .port_info 2 /INPUT 1 "S";
    .port_info 3 /OUTPUT 32 "Y";
v0x561e2167edf0_0 .net "A", 31 0, L_0x561e216a39c0;  alias, 1 drivers
v0x561e2167ef00_0 .net "B", 31 0, L_0x561e216a41a0;  alias, 1 drivers
v0x561e2167efd0_0 .net "S", 0 0, L_0x561e216a4370;  1 drivers
v0x561e2167f0a0_0 .net "Y", 31 0, L_0x561e216a4240;  alias, 1 drivers
L_0x561e216a4240 .ufunc/vec4 TD_tb_SHIFTER_32.data.M3r.select, 32, L_0x561e216a39c0, L_0x561e216a41a0, L_0x561e216a4370 (v0x561e2167ea40_0, v0x561e2167eb40_0, v0x561e2167ec20_0) S_0x561e2167e840;
S_0x561e2167e840 .scope function.vec4.s32, "select" "select" 2 6, 2 6 0, S_0x561e2167e5f0;
 .timescale 0 0;
v0x561e2167ea40_0 .var "A", 31 0;
v0x561e2167eb40_0 .var "B", 31 0;
v0x561e2167ec20_0 .var "S", 0 0;
; Variable select is vec4 return value of scope S_0x561e2167e840
TD_tb_SHIFTER_32.data.M3r.select ;
    %load/vec4 v0x561e2167ec20_0;
    %dup/vec4;
    %pushi/vec4 1, 0, 1;
    %cmp/u;
    %jmp/1 T_5.15, 6;
    %dup/vec4;
    %pushi/vec4 0, 0, 1;
    %cmp/u;
    %jmp/1 T_5.16, 6;
    %jmp T_5.17;
T_5.15 ;
    %load/vec4 v0x561e2167eb40_0;
    %ret/vec4 0, 0, 32;  Assign to select (store_vec4_to_lval)
    %jmp T_5.17;
T_5.16 ;
    %load/vec4 v0x561e2167ea40_0;
    %ret/vec4 0, 0, 32;  Assign to select (store_vec4_to_lval)
    %jmp T_5.17;
T_5.17 ;
    %pop/vec4 1;
    %end;
S_0x561e2167f230 .scope module, "M4l" "MUX2X32" 4 36, 2 1 0, S_0x561e2167a490;
 .timescale 0 0;
    .port_info 0 /INPUT 32 "A";
    .port_info 1 /INPUT 32 "B";
    .port_info 2 /INPUT 1 "S";
    .port_info 3 /OUTPUT 32 "Y";
v0x561e2167fa30_0 .net "A", 31 0, L_0x561e216a4100;  alias, 1 drivers
v0x561e2167fb30_0 .net "B", 31 0, L_0x561e216a4840;  alias, 1 drivers
v0x561e2167fc10_0 .net "S", 0 0, v0x561e21684ca0_0;  alias, 1 drivers
v0x561e2167fce0_0 .net "Y", 31 0, L_0x561e216a4aa0;  alias, 1 drivers
L_0x561e216a4aa0 .ufunc/vec4 TD_tb_SHIFTER_32.data.M4l.select, 32, L_0x561e216a4100, L_0x561e216a4840, v0x561e21684ca0_0 (v0x561e2167f680_0, v0x561e2167f780_0, v0x561e2167f860_0) S_0x561e2167f480;
S_0x561e2167f480 .scope function.vec4.s32, "select" "select" 2 6, 2 6 0, S_0x561e2167f230;
 .timescale 0 0;
v0x561e2167f680_0 .var "A", 31 0;
v0x561e2167f780_0 .var "B", 31 0;
v0x561e2167f860_0 .var "S", 0 0;
; Variable select is vec4 return value of scope S_0x561e2167f480
TD_tb_SHIFTER_32.data.M4l.select ;
    %load/vec4 v0x561e2167f860_0;
    %dup/vec4;
    %pushi/vec4 1, 0, 1;
    %cmp/u;
    %jmp/1 T_6.18, 6;
    %dup/vec4;
    %pushi/vec4 0, 0, 1;
    %cmp/u;
    %jmp/1 T_6.19, 6;
    %jmp T_6.20;
T_6.18 ;
    %load/vec4 v0x561e2167f780_0;
    %ret/vec4 0, 0, 32;  Assign to select (store_vec4_to_lval)
    %jmp T_6.20;
T_6.19 ;
    %load/vec4 v0x561e2167f680_0;
    %ret/vec4 0, 0, 32;  Assign to select (store_vec4_to_lval)
    %jmp T_6.20;
T_6.20 ;
    %pop/vec4 1;
    %end;
S_0x561e2167fe70 .scope module, "M4r" "MUX2X32" 4 37, 2 1 0, S_0x561e2167a490;
 .timescale 0 0;
    .port_info 0 /INPUT 32 "A";
    .port_info 1 /INPUT 32 "B";
    .port_info 2 /INPUT 1 "S";
    .port_info 3 /OUTPUT 32 "Y";
v0x561e21680670_0 .net "A", 31 0, L_0x561e216a4240;  alias, 1 drivers
v0x561e21680780_0 .net "B", 31 0, L_0x561e216a4aa0;  alias, 1 drivers
v0x561e21680850_0 .net "S", 0 0, L_0x561e216a4d00;  1 drivers
v0x561e21680920_0 .net "Y", 31 0, L_0x561e216a4b40;  alias, 1 drivers
L_0x561e216a4b40 .ufunc/vec4 TD_tb_SHIFTER_32.data.M4r.select, 32, L_0x561e216a4240, L_0x561e216a4aa0, L_0x561e216a4d00 (v0x561e216802c0_0, v0x561e216803c0_0, v0x561e216804a0_0) S_0x561e216800c0;
S_0x561e216800c0 .scope function.vec4.s32, "select" "select" 2 6, 2 6 0, S_0x561e2167fe70;
 .timescale 0 0;
v0x561e216802c0_0 .var "A", 31 0;
v0x561e216803c0_0 .var "B", 31 0;
v0x561e216804a0_0 .var "S", 0 0;
; Variable select is vec4 return value of scope S_0x561e216800c0
TD_tb_SHIFTER_32.data.M4r.select ;
    %load/vec4 v0x561e216804a0_0;
    %dup/vec4;
    %pushi/vec4 1, 0, 1;
    %cmp/u;
    %jmp/1 T_7.21, 6;
    %dup/vec4;
    %pushi/vec4 0, 0, 1;
    %cmp/u;
    %jmp/1 T_7.22, 6;
    %jmp T_7.23;
T_7.21 ;
    %load/vec4 v0x561e216803c0_0;
    %ret/vec4 0, 0, 32;  Assign to select (store_vec4_to_lval)
    %jmp T_7.23;
T_7.22 ;
    %load/vec4 v0x561e216802c0_0;
    %ret/vec4 0, 0, 32;  Assign to select (store_vec4_to_lval)
    %jmp T_7.23;
T_7.23 ;
    %pop/vec4 1;
    %end;
S_0x561e21680ab0 .scope module, "M5l" "MUX2X32" 4 42, 2 1 0, S_0x561e2167a490;
 .timescale 0 0;
    .port_info 0 /INPUT 32 "A";
    .port_info 1 /INPUT 32 "B";
    .port_info 2 /INPUT 1 "S";
    .port_info 3 /OUTPUT 32 "Y";
v0x561e21681260_0 .net "A", 31 0, L_0x561e216a4f20;  alias, 1 drivers
v0x561e21681360_0 .net "B", 31 0, L_0x561e216a52e0;  alias, 1 drivers
v0x561e21681440_0 .net "S", 0 0, v0x561e21684ca0_0;  alias, 1 drivers
v0x561e21681510_0 .net "Y", 31 0, L_0x561e216a5570;  alias, 1 drivers
L_0x561e216a5570 .ufunc/vec4 TD_tb_SHIFTER_32.data.M5l.select, 32, L_0x561e216a4f20, L_0x561e216a52e0, v0x561e21684ca0_0 (v0x561e21680eb0_0, v0x561e21680fb0_0, v0x561e21681090_0) S_0x561e21680d00;
S_0x561e21680d00 .scope function.vec4.s32, "select" "select" 2 6, 2 6 0, S_0x561e21680ab0;
 .timescale 0 0;
v0x561e21680eb0_0 .var "A", 31 0;
v0x561e21680fb0_0 .var "B", 31 0;
v0x561e21681090_0 .var "S", 0 0;
; Variable select is vec4 return value of scope S_0x561e21680d00
TD_tb_SHIFTER_32.data.M5l.select ;
    %load/vec4 v0x561e21681090_0;
    %dup/vec4;
    %pushi/vec4 1, 0, 1;
    %cmp/u;
    %jmp/1 T_8.24, 6;
    %dup/vec4;
    %pushi/vec4 0, 0, 1;
    %cmp/u;
    %jmp/1 T_8.25, 6;
    %jmp T_8.26;
T_8.24 ;
    %load/vec4 v0x561e21680fb0_0;
    %ret/vec4 0, 0, 32;  Assign to select (store_vec4_to_lval)
    %jmp T_8.26;
T_8.25 ;
    %load/vec4 v0x561e21680eb0_0;
    %ret/vec4 0, 0, 32;  Assign to select (store_vec4_to_lval)
    %jmp T_8.26;
T_8.26 ;
    %pop/vec4 1;
    %end;
S_0x561e216816a0 .scope module, "M5r" "MUX2X32" 4 43, 2 1 0, S_0x561e2167a490;
 .timescale 0 0;
    .port_info 0 /INPUT 32 "A";
    .port_info 1 /INPUT 32 "B";
    .port_info 2 /INPUT 1 "S";
    .port_info 3 /OUTPUT 32 "Y";
v0x561e21681e50_0 .net "A", 31 0, L_0x561e216a4b40;  alias, 1 drivers
v0x561e21681f60_0 .net "B", 31 0, L_0x561e216a5570;  alias, 1 drivers
v0x561e21682030_0 .net "S", 0 0, L_0x561e216a5820;  1 drivers
v0x561e21682100_0 .net "Y", 31 0, L_0x561e216a5610;  alias, 1 drivers
L_0x561e216a5610 .ufunc/vec4 TD_tb_SHIFTER_32.data.M5r.select, 32, L_0x561e216a4b40, L_0x561e216a5570, L_0x561e216a5820 (v0x561e21681aa0_0, v0x561e21681ba0_0, v0x561e21681c80_0) S_0x561e216818a0;
S_0x561e216818a0 .scope function.vec4.s32, "select" "select" 2 6, 2 6 0, S_0x561e216816a0;
 .timescale 0 0;
v0x561e21681aa0_0 .var "A", 31 0;
v0x561e21681ba0_0 .var "B", 31 0;
v0x561e21681c80_0 .var "S", 0 0;
; Variable select is vec4 return value of scope S_0x561e216818a0
TD_tb_SHIFTER_32.data.M5r.select ;
    %load/vec4 v0x561e21681c80_0;
    %dup/vec4;
    %pushi/vec4 1, 0, 1;
    %cmp/u;
    %jmp/1 T_9.27, 6;
    %dup/vec4;
    %pushi/vec4 0, 0, 1;
    %cmp/u;
    %jmp/1 T_9.28, 6;
    %jmp T_9.29;
T_9.27 ;
    %load/vec4 v0x561e21681ba0_0;
    %ret/vec4 0, 0, 32;  Assign to select (store_vec4_to_lval)
    %jmp T_9.29;
T_9.28 ;
    %load/vec4 v0x561e21681aa0_0;
    %ret/vec4 0, 0, 32;  Assign to select (store_vec4_to_lval)
    %jmp T_9.29;
T_9.29 ;
    %pop/vec4 1;
    %end;
    .scope S_0x561e2164e6c0;
T_10 ;
    %pushi/vec4 0, 0, 32;
    %store/vec4 v0x561e21684ed0_0, 0, 32;
    %end;
    .thread T_10;
    .scope S_0x561e2164e6c0;
T_11 ;
    %pushi/vec4 0, 0, 32;
    %store/vec4 v0x561e21684ed0_0, 0, 32;
T_11.0 ;
    %load/vec4 v0x561e21684ed0_0;
    %cmpi/s 1000, 0, 32;
    %jmp/0xz T_11.1, 5;
    %load/vec4 v0x561e21684ed0_0;
    %store/vec4 v0x561e21684de0_0, 0, 32;
    %load/vec4 v0x561e21684ed0_0;
    %muli 3, 0, 32;
    %addi 5, 0, 32;
    %pushi/vec4 32, 0, 32;
    %mod/s;
    %pad/s 5;
    %store/vec4 v0x561e21684d40_0, 0, 5;
    %load/vec4 v0x561e21684ed0_0;
    %pushi/vec4 2, 0, 32;
    %mod/s;
    %pad/s 1;
    %store/vec4 v0x561e21684be0_0, 0, 1;
    %load/vec4 v0x561e21684ed0_0;
    %muli 2, 0, 32;
    %addi 1, 0, 32;
    %pushi/vec4 23, 0, 32;
    %mod/s;
    %pushi/vec4 2, 0, 32;
    %mod/s;
    %pad/s 1;
    %store/vec4 v0x561e21684ca0_0, 0, 1;
    %delay 50, 0;
    ; show_stmt_assign_vector: Get l-value for compressed += operand
    %load/vec4 v0x561e21684ed0_0;
    %pushi/vec4 1, 0, 32;
    %add;
    %store/vec4 v0x561e21684ed0_0, 0, 32;
    %jmp T_11.0;
T_11.1 ;
    %end;
    .thread T_11;
    .scope S_0x561e2164e6c0;
T_12 ;
    %vpi_call 3 28 "$dumpfile", "SHIFTER_32.vcd" {0 0 0};
    %vpi_call 3 29 "$dumpvars", 32'sb00000000000000000000000000000000, S_0x561e2164e6c0 {0 0 0};
    %delay 10000, 0;
    %vpi_call 3 30 "$finish" {0 0 0};
    %end;
    .thread T_12;
# The file index is used to find the file name in the following table.
:file_names 5;
    "N/A";
    "<interactive>";
    "./../MUX2X32/mux.v";
    "SHIFTER_32_tb.v";
    "./SHIFTER_32.v";
