#! /usr/bin/vvp
:ivl_version "11.0 (stable)";
:ivl_delay_selection "TYPICAL";
:vpi_time_precision + 0;
:vpi_module "/usr/lib/x86_64-linux-gnu/ivl/system.vpi";
:vpi_module "/usr/lib/x86_64-linux-gnu/ivl/vhdl_sys.vpi";
:vpi_module "/usr/lib/x86_64-linux-gnu/ivl/vhdl_textio.vpi";
:vpi_module "/usr/lib/x86_64-linux-gnu/ivl/v2005_math.vpi";
:vpi_module "/usr/lib/x86_64-linux-gnu/ivl/va_math.vpi";
S_0x55945afc2740 .scope module, "MUX2X32" "MUX2X32" 2 1;
 .timescale 0 0;
    .port_info 0 /INPUT 32 "A";
    .port_info 1 /INPUT 32 "B";
    .port_info 2 /INPUT 1 "S";
    .port_info 3 /OUTPUT 32 "Y";
o0x7f09166b80d8 .functor BUFZ 32, C4<zzzzzzzzzzzzzzzzzzzzzzzzzzzzzzzz>; HiZ drive
v0x55945afb5210_0 .net "A", 31 0, o0x7f09166b80d8;  0 drivers
o0x7f09166b8108 .functor BUFZ 32, C4<zzzzzzzzzzzzzzzzzzzzzzzzzzzzzzzz>; HiZ drive
v0x55945afb4160_0 .net "B", 31 0, o0x7f09166b8108;  0 drivers
o0x7f09166b8138 .functor BUFZ 1, C4<z>; HiZ drive
v0x55945afb2f70_0 .net "S", 0 0, o0x7f09166b8138;  0 drivers
v0x55945afe71f0_0 .net "Y", 31 0, L_0x55945aff88a0;  1 drivers
L_0x55945aff88a0 .ufunc/vec4 TD_MUX2X32.select, 32, o0x7f09166b80d8, o0x7f09166b8108, o0x7f09166b8138 (v0x55945afb94d0_0, v0x55945afb8420_0, v0x55945afb7370_0) S_0x55945afc05e0;
S_0x55945afc05e0 .scope function.vec4.s32, "select" "select" 2 6, 2 6 0, S_0x55945afc2740;
 .timescale 0 0;
v0x55945afb94d0_0 .var "A", 31 0;
v0x55945afb8420_0 .var "B", 31 0;
v0x55945afb7370_0 .var "S", 0 0;
; Variable select is vec4 return value of scope S_0x55945afc05e0
TD_MUX2X32.select ;
    %load/vec4 v0x55945afb7370_0;
    %dup/vec4;
    %pushi/vec4 1, 0, 1;
    %cmp/u;
    %jmp/1 T_0.0, 6;
    %dup/vec4;
    %pushi/vec4 0, 0, 1;
    %cmp/u;
    %jmp/1 T_0.1, 6;
    %jmp T_0.2;
T_0.0 ;
    %load/vec4 v0x55945afb94d0_0;
    %ret/vec4 0, 0, 32;  Assign to select (store_vec4_to_lval)
    %jmp T_0.2;
T_0.1 ;
    %load/vec4 v0x55945afb8420_0;
    %ret/vec4 0, 0, 32;  Assign to select (store_vec4_to_lval)
    %jmp T_0.2;
T_0.2 ;
    %pop/vec4 1;
    %end;
S_0x55945afc1690 .scope module, "MUX2X32_another" "MUX2X32_another" 2 30;
 .timescale 0 0;
    .port_info 0 /INPUT 32 "A";
    .port_info 1 /INPUT 32 "B";
    .port_info 2 /INPUT 1 "S";
    .port_info 3 /OUTPUT 32 "Y";
o0x7f09166bbe88 .functor BUFZ 32, C4<zzzzzzzzzzzzzzzzzzzzzzzzzzzzzzzz>; HiZ drive
v0x55945aff8080_0 .net "A", 31 0, o0x7f09166bbe88;  0 drivers
o0x7f09166bbeb8 .functor BUFZ 32, C4<zzzzzzzzzzzzzzzzzzzzzzzzzzzzzzzz>; HiZ drive
v0x55945aff8180_0 .net "B", 31 0, o0x7f09166bbeb8;  0 drivers
o0x7f09166b8318 .functor BUFZ 1, C4<z>; HiZ drive
v0x55945aff8260_0 .net "S", 0 0, o0x7f09166b8318;  0 drivers
v0x55945aff8710_0 .net "Y", 31 0, L_0x55945b005840;  1 drivers
L_0x55945aff8dd0 .part o0x7f09166bbe88, 0, 1;
L_0x55945aff8ec0 .part o0x7f09166bbeb8, 0, 1;
L_0x55945aff9320 .part o0x7f09166bbe88, 1, 1;
L_0x55945aff9460 .part o0x7f09166bbeb8, 1, 1;
L_0x55945aff98b0 .part o0x7f09166bbe88, 2, 1;
L_0x55945aff99a0 .part o0x7f09166bbeb8, 2, 1;
L_0x55945aff9db0 .part o0x7f09166bbe88, 3, 1;
L_0x55945aff9ea0 .part o0x7f09166bbeb8, 3, 1;
L_0x55945affa220 .part o0x7f09166bbe88, 4, 1;
L_0x55945affa310 .part o0x7f09166bbeb8, 4, 1;
L_0x55945affa720 .part o0x7f09166bbe88, 5, 1;
L_0x55945affa810 .part o0x7f09166bbeb8, 5, 1;
L_0x55945affac80 .part o0x7f09166bbe88, 6, 1;
L_0x55945affad70 .part o0x7f09166bbeb8, 6, 1;
L_0x55945affb180 .part o0x7f09166bbe88, 7, 1;
L_0x55945affb270 .part o0x7f09166bbeb8, 7, 1;
L_0x55945affb810 .part o0x7f09166bbe88, 8, 1;
L_0x55945affb900 .part o0x7f09166bbeb8, 8, 1;
L_0x55945affbda0 .part o0x7f09166bbe88, 9, 1;
L_0x55945affbe90 .part o0x7f09166bbeb8, 9, 1;
L_0x55945affb9f0 .part o0x7f09166bbe88, 10, 1;
L_0x55945affc390 .part o0x7f09166bbeb8, 10, 1;
L_0x55945affc850 .part o0x7f09166bbe88, 11, 1;
L_0x55945affc940 .part o0x7f09166bbeb8, 11, 1;
L_0x55945affce10 .part o0x7f09166bbe88, 12, 1;
L_0x55945affcf00 .part o0x7f09166bbeb8, 12, 1;
L_0x55945affd3e0 .part o0x7f09166bbe88, 13, 1;
L_0x55945affd4d0 .part o0x7f09166bbeb8, 13, 1;
L_0x55945affd9c0 .part o0x7f09166bbe88, 14, 1;
L_0x55945affdab0 .part o0x7f09166bbeb8, 14, 1;
L_0x55945affe7c0 .part o0x7f09166bbe88, 15, 1;
L_0x55945affe8b0 .part o0x7f09166bbeb8, 15, 1;
L_0x55945affefd0 .part o0x7f09166bbe88, 16, 1;
L_0x55945afff0c0 .part o0x7f09166bbeb8, 16, 1;
L_0x55945afff5e0 .part o0x7f09166bbe88, 17, 1;
L_0x55945afff6d0 .part o0x7f09166bbeb8, 17, 1;
L_0x55945afffaf0 .part o0x7f09166bbe88, 18, 1;
L_0x55945afffbe0 .part o0x7f09166bbeb8, 18, 1;
L_0x55945b000120 .part o0x7f09166bbe88, 19, 1;
L_0x55945b000210 .part o0x7f09166bbeb8, 19, 1;
L_0x55945b000760 .part o0x7f09166bbe88, 20, 1;
L_0x55945b000850 .part o0x7f09166bbeb8, 20, 1;
L_0x55945b000db0 .part o0x7f09166bbe88, 21, 1;
L_0x55945b000ea0 .part o0x7f09166bbeb8, 21, 1;
L_0x55945b001410 .part o0x7f09166bbe88, 22, 1;
L_0x55945b001500 .part o0x7f09166bbeb8, 22, 1;
L_0x55945b001a80 .part o0x7f09166bbe88, 23, 1;
L_0x55945b001b70 .part o0x7f09166bbeb8, 23, 1;
L_0x55945b002100 .part o0x7f09166bbe88, 24, 1;
L_0x55945b0021f0 .part o0x7f09166bbeb8, 24, 1;
L_0x55945b002790 .part o0x7f09166bbe88, 25, 1;
L_0x55945b002880 .part o0x7f09166bbeb8, 25, 1;
L_0x55945b002e30 .part o0x7f09166bbe88, 26, 1;
L_0x55945b002f20 .part o0x7f09166bbeb8, 26, 1;
L_0x55945b0034e0 .part o0x7f09166bbe88, 27, 1;
L_0x55945b0035d0 .part o0x7f09166bbeb8, 27, 1;
L_0x55945b003ba0 .part o0x7f09166bbe88, 28, 1;
L_0x55945b003c90 .part o0x7f09166bbeb8, 28, 1;
L_0x55945b004270 .part o0x7f09166bbe88, 29, 1;
L_0x55945b004360 .part o0x7f09166bbeb8, 29, 1;
L_0x55945b004950 .part o0x7f09166bbe88, 30, 1;
L_0x55945b004a40 .part o0x7f09166bbeb8, 30, 1;
L_0x55945b005040 .part o0x7f09166bbe88, 31, 1;
L_0x55945b005130 .part o0x7f09166bbeb8, 31, 1;
LS_0x55945b005840_0_0 .concat8 [ 1 1 1 1], L_0x55945aff8c60, L_0x55945aff91b0, L_0x55945aff9770, L_0x55945aff9c70;
LS_0x55945b005840_0_4 .concat8 [ 1 1 1 1], L_0x55945affa0e0, L_0x55945affa5b0, L_0x55945affab10, L_0x55945affb010;
LS_0x55945b005840_0_8 .concat8 [ 1 1 1 1], L_0x55945affb6a0, L_0x55945affbc30, L_0x55945affc1d0, L_0x55945affc6e0;
LS_0x55945b005840_0_12 .concat8 [ 1 1 1 1], L_0x55945affcca0, L_0x55945affd270, L_0x55945affd850, L_0x55945affe650;
LS_0x55945b005840_0_16 .concat8 [ 1 1 1 1], L_0x55945affee60, L_0x55945afff470, L_0x55945afff9b0, L_0x55945affffb0;
LS_0x55945b005840_0_20 .concat8 [ 1 1 1 1], L_0x55945b0005f0, L_0x55945b000c40, L_0x55945b0012a0, L_0x55945b001910;
LS_0x55945b005840_0_24 .concat8 [ 1 1 1 1], L_0x55945b001f90, L_0x55945b002620, L_0x55945b002cc0, L_0x55945b003370;
LS_0x55945b005840_0_28 .concat8 [ 1 1 1 1], L_0x55945b003a30, L_0x55945b004100, L_0x55945b0047e0, L_0x55945b004ed0;
LS_0x55945b005840_1_0 .concat8 [ 4 4 4 4], LS_0x55945b005840_0_0, LS_0x55945b005840_0_4, LS_0x55945b005840_0_8, LS_0x55945b005840_0_12;
LS_0x55945b005840_1_4 .concat8 [ 4 4 4 4], LS_0x55945b005840_0_16, LS_0x55945b005840_0_20, LS_0x55945b005840_0_24, LS_0x55945b005840_0_28;
L_0x55945b005840 .concat8 [ 16 16 0 0], LS_0x55945b005840_1_0, LS_0x55945b005840_1_4;
S_0x55945afe7350 .scope module, "i0" "MUX2X1" 2 36, 2 18 0, S_0x55945afc1690;
 .timescale 0 0;
    .port_info 0 /INPUT 1 "A";
    .port_info 1 /INPUT 1 "B";
    .port_info 2 /INPUT 1 "S";
    .port_info 3 /OUTPUT 1 "Y";
L_0x55945aff8a00 .functor NOT 1, o0x7f09166b8318, C4<0>, C4<0>, C4<0>;
L_0x55945aff8aa0 .functor NAND 1, L_0x55945aff8dd0, L_0x55945aff8a00, C4<1>, C4<1>;
L_0x55945aff8bc0 .functor NAND 1, L_0x55945aff8ec0, o0x7f09166b8318, C4<1>, C4<1>;
L_0x55945aff8c60 .functor NAND 1, L_0x55945aff8aa0, L_0x55945aff8bc0, C4<1>, C4<1>;
v0x55945afe7500_0 .net "A", 0 0, L_0x55945aff8dd0;  1 drivers
v0x55945afe75e0_0 .net "AS", 0 0, L_0x55945aff8aa0;  1 drivers
v0x55945afe76a0_0 .net "B", 0 0, L_0x55945aff8ec0;  1 drivers
v0x55945afe7770_0 .net "BS", 0 0, L_0x55945aff8bc0;  1 drivers
v0x55945afe7830_0 .net "S", 0 0, o0x7f09166b8318;  alias, 0 drivers
v0x55945afe78f0_0 .net "S_n", 0 0, L_0x55945aff8a00;  1 drivers
v0x55945afe79b0_0 .net "Y", 0 0, L_0x55945aff8c60;  1 drivers
S_0x55945afe7af0 .scope module, "i1" "MUX2X1" 2 42, 2 18 0, S_0x55945afc1690;
 .timescale 0 0;
    .port_info 0 /INPUT 1 "A";
    .port_info 1 /INPUT 1 "B";
    .port_info 2 /INPUT 1 "S";
    .port_info 3 /OUTPUT 1 "Y";
L_0x55945aff8fb0 .functor NOT 1, o0x7f09166b8318, C4<0>, C4<0>, C4<0>;
L_0x55945aff9020 .functor NAND 1, L_0x55945aff9320, L_0x55945aff8fb0, C4<1>, C4<1>;
L_0x55945aff9110 .functor NAND 1, L_0x55945aff9460, o0x7f09166b8318, C4<1>, C4<1>;
L_0x55945aff91b0 .functor NAND 1, L_0x55945aff9020, L_0x55945aff9110, C4<1>, C4<1>;
v0x55945afe7ca0_0 .net "A", 0 0, L_0x55945aff9320;  1 drivers
v0x55945afe7d60_0 .net "AS", 0 0, L_0x55945aff9020;  1 drivers
v0x55945afe7e20_0 .net "B", 0 0, L_0x55945aff9460;  1 drivers
v0x55945afe7ef0_0 .net "BS", 0 0, L_0x55945aff9110;  1 drivers
v0x55945afe7fb0_0 .net "S", 0 0, o0x7f09166b8318;  alias, 0 drivers
v0x55945afe8050_0 .net "S_n", 0 0, L_0x55945aff8fb0;  1 drivers
v0x55945afe80f0_0 .net "Y", 0 0, L_0x55945aff91b0;  1 drivers
S_0x55945afe8260 .scope module, "i10" "MUX2X1" 2 96, 2 18 0, S_0x55945afc1690;
 .timescale 0 0;
    .port_info 0 /INPUT 1 "A";
    .port_info 1 /INPUT 1 "B";
    .port_info 2 /INPUT 1 "S";
    .port_info 3 /OUTPUT 1 "Y";
L_0x55945affc030 .functor NOT 1, o0x7f09166b8318, C4<0>, C4<0>, C4<0>;
L_0x55945affc0a0 .functor NAND 1, L_0x55945affb9f0, L_0x55945affc030, C4<1>, C4<1>;
L_0x55945affc160 .functor NAND 1, L_0x55945affc390, o0x7f09166b8318, C4<1>, C4<1>;
L_0x55945affc1d0 .functor NAND 1, L_0x55945affc0a0, L_0x55945affc160, C4<1>, C4<1>;
v0x55945afe8420_0 .net "A", 0 0, L_0x55945affb9f0;  1 drivers
v0x55945afe84e0_0 .net "AS", 0 0, L_0x55945affc0a0;  1 drivers
v0x55945afe85a0_0 .net "B", 0 0, L_0x55945affc390;  1 drivers
v0x55945afe8670_0 .net "BS", 0 0, L_0x55945affc160;  1 drivers
v0x55945afe8730_0 .net "S", 0 0, o0x7f09166b8318;  alias, 0 drivers
v0x55945afe8820_0 .net "S_n", 0 0, L_0x55945affc030;  1 drivers
v0x55945afe88e0_0 .net "Y", 0 0, L_0x55945affc1d0;  1 drivers
S_0x55945afe8a20 .scope module, "i11" "MUX2X1" 2 102, 2 18 0, S_0x55945afc1690;
 .timescale 0 0;
    .port_info 0 /INPUT 1 "A";
    .port_info 1 /INPUT 1 "B";
    .port_info 2 /INPUT 1 "S";
    .port_info 3 /OUTPUT 1 "Y";
L_0x55945affc540 .functor NOT 1, o0x7f09166b8318, C4<0>, C4<0>, C4<0>;
L_0x55945affc5b0 .functor NAND 1, L_0x55945affc850, L_0x55945affc540, C4<1>, C4<1>;
L_0x55945affc670 .functor NAND 1, L_0x55945affc940, o0x7f09166b8318, C4<1>, C4<1>;
L_0x55945affc6e0 .functor NAND 1, L_0x55945affc5b0, L_0x55945affc670, C4<1>, C4<1>;
v0x55945afe8c00_0 .net "A", 0 0, L_0x55945affc850;  1 drivers
v0x55945afe8ce0_0 .net "AS", 0 0, L_0x55945affc5b0;  1 drivers
v0x55945afe8da0_0 .net "B", 0 0, L_0x55945affc940;  1 drivers
v0x55945afe8e40_0 .net "BS", 0 0, L_0x55945affc670;  1 drivers
v0x55945afe8f00_0 .net "S", 0 0, o0x7f09166b8318;  alias, 0 drivers
v0x55945afe8ff0_0 .net "S_n", 0 0, L_0x55945affc540;  1 drivers
v0x55945afe90b0_0 .net "Y", 0 0, L_0x55945affc6e0;  1 drivers
S_0x55945afe91f0 .scope module, "i12" "MUX2X1" 2 108, 2 18 0, S_0x55945afc1690;
 .timescale 0 0;
    .port_info 0 /INPUT 1 "A";
    .port_info 1 /INPUT 1 "B";
    .port_info 2 /INPUT 1 "S";
    .port_info 3 /OUTPUT 1 "Y";
L_0x55945affcb00 .functor NOT 1, o0x7f09166b8318, C4<0>, C4<0>, C4<0>;
L_0x55945affcb70 .functor NAND 1, L_0x55945affce10, L_0x55945affcb00, C4<1>, C4<1>;
L_0x55945affcc30 .functor NAND 1, L_0x55945affcf00, o0x7f09166b8318, C4<1>, C4<1>;
L_0x55945affcca0 .functor NAND 1, L_0x55945affcb70, L_0x55945affcc30, C4<1>, C4<1>;
v0x55945afe9420_0 .net "A", 0 0, L_0x55945affce10;  1 drivers
v0x55945afe9500_0 .net "AS", 0 0, L_0x55945affcb70;  1 drivers
v0x55945afe95c0_0 .net "B", 0 0, L_0x55945affcf00;  1 drivers
v0x55945afe9660_0 .net "BS", 0 0, L_0x55945affcc30;  1 drivers
v0x55945afe9720_0 .net "S", 0 0, o0x7f09166b8318;  alias, 0 drivers
v0x55945afe9810_0 .net "S_n", 0 0, L_0x55945affcb00;  1 drivers
v0x55945afe98d0_0 .net "Y", 0 0, L_0x55945affcca0;  1 drivers
S_0x55945afe9a10 .scope module, "i13" "MUX2X1" 2 114, 2 18 0, S_0x55945afc1690;
 .timescale 0 0;
    .port_info 0 /INPUT 1 "A";
    .port_info 1 /INPUT 1 "B";
    .port_info 2 /INPUT 1 "S";
    .port_info 3 /OUTPUT 1 "Y";
L_0x55945affd0d0 .functor NOT 1, o0x7f09166b8318, C4<0>, C4<0>, C4<0>;
L_0x55945affd140 .functor NAND 1, L_0x55945affd3e0, L_0x55945affd0d0, C4<1>, C4<1>;
L_0x55945affd200 .functor NAND 1, L_0x55945affd4d0, o0x7f09166b8318, C4<1>, C4<1>;
L_0x55945affd270 .functor NAND 1, L_0x55945affd140, L_0x55945affd200, C4<1>, C4<1>;
v0x55945afe9ba0_0 .net "A", 0 0, L_0x55945affd3e0;  1 drivers
v0x55945afe9c80_0 .net "AS", 0 0, L_0x55945affd140;  1 drivers
v0x55945afe9d40_0 .net "B", 0 0, L_0x55945affd4d0;  1 drivers
v0x55945afe9e10_0 .net "BS", 0 0, L_0x55945affd200;  1 drivers
v0x55945afe9ed0_0 .net "S", 0 0, o0x7f09166b8318;  alias, 0 drivers
v0x55945afe9fc0_0 .net "S_n", 0 0, L_0x55945affd0d0;  1 drivers
v0x55945afea080_0 .net "Y", 0 0, L_0x55945affd270;  1 drivers
S_0x55945afea1c0 .scope module, "i14" "MUX2X1" 2 120, 2 18 0, S_0x55945afc1690;
 .timescale 0 0;
    .port_info 0 /INPUT 1 "A";
    .port_info 1 /INPUT 1 "B";
    .port_info 2 /INPUT 1 "S";
    .port_info 3 /OUTPUT 1 "Y";
L_0x55945affd6b0 .functor NOT 1, o0x7f09166b8318, C4<0>, C4<0>, C4<0>;
L_0x55945affd720 .functor NAND 1, L_0x55945affd9c0, L_0x55945affd6b0, C4<1>, C4<1>;
L_0x55945affd7e0 .functor NAND 1, L_0x55945affdab0, o0x7f09166b8318, C4<1>, C4<1>;
L_0x55945affd850 .functor NAND 1, L_0x55945affd720, L_0x55945affd7e0, C4<1>, C4<1>;
v0x55945afea410_0 .net "A", 0 0, L_0x55945affd9c0;  1 drivers
v0x55945afea4f0_0 .net "AS", 0 0, L_0x55945affd720;  1 drivers
v0x55945afea5b0_0 .net "B", 0 0, L_0x55945affdab0;  1 drivers
v0x55945afea680_0 .net "BS", 0 0, L_0x55945affd7e0;  1 drivers
v0x55945afea740_0 .net "S", 0 0, o0x7f09166b8318;  alias, 0 drivers
v0x55945afea830_0 .net "S_n", 0 0, L_0x55945affd6b0;  1 drivers
v0x55945afea8f0_0 .net "Y", 0 0, L_0x55945affd850;  1 drivers
S_0x55945afeaa30 .scope module, "i15" "MUX2X1" 2 126, 2 18 0, S_0x55945afc1690;
 .timescale 0 0;
    .port_info 0 /INPUT 1 "A";
    .port_info 1 /INPUT 1 "B";
    .port_info 2 /INPUT 1 "S";
    .port_info 3 /OUTPUT 1 "Y";
L_0x55945affdca0 .functor NOT 1, o0x7f09166b8318, C4<0>, C4<0>, C4<0>;
L_0x55945affdd10 .functor NAND 1, L_0x55945affe7c0, L_0x55945affdca0, C4<1>, C4<1>;
L_0x55945affddd0 .functor NAND 1, L_0x55945affe8b0, o0x7f09166b8318, C4<1>, C4<1>;
L_0x55945affe650 .functor NAND 1, L_0x55945affdd10, L_0x55945affddd0, C4<1>, C4<1>;
v0x55945afeac80_0 .net "A", 0 0, L_0x55945affe7c0;  1 drivers
v0x55945afead60_0 .net "AS", 0 0, L_0x55945affdd10;  1 drivers
v0x55945afeae20_0 .net "B", 0 0, L_0x55945affe8b0;  1 drivers
v0x55945afeaef0_0 .net "BS", 0 0, L_0x55945affddd0;  1 drivers
v0x55945afeafb0_0 .net "S", 0 0, o0x7f09166b8318;  alias, 0 drivers
v0x55945afeb0a0_0 .net "S_n", 0 0, L_0x55945affdca0;  1 drivers
v0x55945afeb160_0 .net "Y", 0 0, L_0x55945affe650;  1 drivers
S_0x55945afeb2a0 .scope module, "i16" "MUX2X1" 2 132, 2 18 0, S_0x55945afc1690;
 .timescale 0 0;
    .port_info 0 /INPUT 1 "A";
    .port_info 1 /INPUT 1 "B";
    .port_info 2 /INPUT 1 "S";
    .port_info 3 /OUTPUT 1 "Y";
L_0x55945affecc0 .functor NOT 1, o0x7f09166b8318, C4<0>, C4<0>, C4<0>;
L_0x55945affed30 .functor NAND 1, L_0x55945affefd0, L_0x55945affecc0, C4<1>, C4<1>;
L_0x55945affedf0 .functor NAND 1, L_0x55945afff0c0, o0x7f09166b8318, C4<1>, C4<1>;
L_0x55945affee60 .functor NAND 1, L_0x55945affed30, L_0x55945affedf0, C4<1>, C4<1>;
v0x55945afeb580_0 .net "A", 0 0, L_0x55945affefd0;  1 drivers
v0x55945afeb660_0 .net "AS", 0 0, L_0x55945affed30;  1 drivers
v0x55945afeb720_0 .net "B", 0 0, L_0x55945afff0c0;  1 drivers
v0x55945afeb7f0_0 .net "BS", 0 0, L_0x55945affedf0;  1 drivers
v0x55945afeb8b0_0 .net "S", 0 0, o0x7f09166b8318;  alias, 0 drivers
v0x55945afeb950_0 .net "S_n", 0 0, L_0x55945affecc0;  1 drivers
v0x55945afeba10_0 .net "Y", 0 0, L_0x55945affee60;  1 drivers
S_0x55945afebb50 .scope module, "i17" "MUX2X1" 2 138, 2 18 0, S_0x55945afc1690;
 .timescale 0 0;
    .port_info 0 /INPUT 1 "A";
    .port_info 1 /INPUT 1 "B";
    .port_info 2 /INPUT 1 "S";
    .port_info 3 /OUTPUT 1 "Y";
L_0x55945afff2d0 .functor NOT 1, o0x7f09166b8318, C4<0>, C4<0>, C4<0>;
L_0x55945afff340 .functor NAND 1, L_0x55945afff5e0, L_0x55945afff2d0, C4<1>, C4<1>;
L_0x55945afff400 .functor NAND 1, L_0x55945afff6d0, o0x7f09166b8318, C4<1>, C4<1>;
L_0x55945afff470 .functor NAND 1, L_0x55945afff340, L_0x55945afff400, C4<1>, C4<1>;
v0x55945afebda0_0 .net "A", 0 0, L_0x55945afff5e0;  1 drivers
v0x55945afebe80_0 .net "AS", 0 0, L_0x55945afff340;  1 drivers
v0x55945afebf40_0 .net "B", 0 0, L_0x55945afff6d0;  1 drivers
v0x55945afec010_0 .net "BS", 0 0, L_0x55945afff400;  1 drivers
v0x55945afec0d0_0 .net "S", 0 0, o0x7f09166b8318;  alias, 0 drivers
v0x55945afec1c0_0 .net "S_n", 0 0, L_0x55945afff2d0;  1 drivers
v0x55945afec280_0 .net "Y", 0 0, L_0x55945afff470;  1 drivers
S_0x55945afec3c0 .scope module, "i18" "MUX2X1" 2 144, 2 18 0, S_0x55945afc1690;
 .timescale 0 0;
    .port_info 0 /INPUT 1 "A";
    .port_info 1 /INPUT 1 "B";
    .port_info 2 /INPUT 1 "S";
    .port_info 3 /OUTPUT 1 "Y";
L_0x55945afff1b0 .functor NOT 1, o0x7f09166b8318, C4<0>, C4<0>, C4<0>;
L_0x55945afff220 .functor NAND 1, L_0x55945afffaf0, L_0x55945afff1b0, C4<1>, C4<1>;
L_0x55945afff940 .functor NAND 1, L_0x55945afffbe0, o0x7f09166b8318, C4<1>, C4<1>;
L_0x55945afff9b0 .functor NAND 1, L_0x55945afff220, L_0x55945afff940, C4<1>, C4<1>;
v0x55945afec610_0 .net "A", 0 0, L_0x55945afffaf0;  1 drivers
v0x55945afec6f0_0 .net "AS", 0 0, L_0x55945afff220;  1 drivers
v0x55945afec7b0_0 .net "B", 0 0, L_0x55945afffbe0;  1 drivers
v0x55945afec880_0 .net "BS", 0 0, L_0x55945afff940;  1 drivers
v0x55945afec940_0 .net "S", 0 0, o0x7f09166b8318;  alias, 0 drivers
v0x55945afeca30_0 .net "S_n", 0 0, L_0x55945afff1b0;  1 drivers
v0x55945afecaf0_0 .net "Y", 0 0, L_0x55945afff9b0;  1 drivers
S_0x55945afecc30 .scope module, "i19" "MUX2X1" 2 150, 2 18 0, S_0x55945afc1690;
 .timescale 0 0;
    .port_info 0 /INPUT 1 "A";
    .port_info 1 /INPUT 1 "B";
    .port_info 2 /INPUT 1 "S";
    .port_info 3 /OUTPUT 1 "Y";
L_0x55945afffe10 .functor NOT 1, o0x7f09166b8318, C4<0>, C4<0>, C4<0>;
L_0x55945afffe80 .functor NAND 1, L_0x55945b000120, L_0x55945afffe10, C4<1>, C4<1>;
L_0x55945affff40 .functor NAND 1, L_0x55945b000210, o0x7f09166b8318, C4<1>, C4<1>;
L_0x55945affffb0 .functor NAND 1, L_0x55945afffe80, L_0x55945affff40, C4<1>, C4<1>;
v0x55945afece80_0 .net "A", 0 0, L_0x55945b000120;  1 drivers
v0x55945afecf60_0 .net "AS", 0 0, L_0x55945afffe80;  1 drivers
v0x55945afed020_0 .net "B", 0 0, L_0x55945b000210;  1 drivers
v0x55945afed0f0_0 .net "BS", 0 0, L_0x55945affff40;  1 drivers
v0x55945afed1b0_0 .net "S", 0 0, o0x7f09166b8318;  alias, 0 drivers
v0x55945afed2a0_0 .net "S_n", 0 0, L_0x55945afffe10;  1 drivers
v0x55945afed360_0 .net "Y", 0 0, L_0x55945affffb0;  1 drivers
S_0x55945afed4a0 .scope module, "i2" "MUX2X1" 2 48, 2 18 0, S_0x55945afc1690;
 .timescale 0 0;
    .port_info 0 /INPUT 1 "A";
    .port_info 1 /INPUT 1 "B";
    .port_info 2 /INPUT 1 "S";
    .port_info 3 /OUTPUT 1 "Y";
L_0x55945aff95d0 .functor NOT 1, o0x7f09166b8318, C4<0>, C4<0>, C4<0>;
L_0x55945aff9640 .functor NAND 1, L_0x55945aff98b0, L_0x55945aff95d0, C4<1>, C4<1>;
L_0x55945aff9700 .functor NAND 1, L_0x55945aff99a0, o0x7f09166b8318, C4<1>, C4<1>;
L_0x55945aff9770 .functor NAND 1, L_0x55945aff9640, L_0x55945aff9700, C4<1>, C4<1>;
v0x55945afed6f0_0 .net "A", 0 0, L_0x55945aff98b0;  1 drivers
v0x55945afed7d0_0 .net "AS", 0 0, L_0x55945aff9640;  1 drivers
v0x55945afed890_0 .net "B", 0 0, L_0x55945aff99a0;  1 drivers
v0x55945afed960_0 .net "BS", 0 0, L_0x55945aff9700;  1 drivers
v0x55945afeda20_0 .net "S", 0 0, o0x7f09166b8318;  alias, 0 drivers
v0x55945afedb10_0 .net "S_n", 0 0, L_0x55945aff95d0;  1 drivers
v0x55945afedbd0_0 .net "Y", 0 0, L_0x55945aff9770;  1 drivers
S_0x55945afedd10 .scope module, "i20" "MUX2X1" 2 156, 2 18 0, S_0x55945afc1690;
 .timescale 0 0;
    .port_info 0 /INPUT 1 "A";
    .port_info 1 /INPUT 1 "B";
    .port_info 2 /INPUT 1 "S";
    .port_info 3 /OUTPUT 1 "Y";
L_0x55945b000450 .functor NOT 1, o0x7f09166b8318, C4<0>, C4<0>, C4<0>;
L_0x55945b0004c0 .functor NAND 1, L_0x55945b000760, L_0x55945b000450, C4<1>, C4<1>;
L_0x55945b000580 .functor NAND 1, L_0x55945b000850, o0x7f09166b8318, C4<1>, C4<1>;
L_0x55945b0005f0 .functor NAND 1, L_0x55945b0004c0, L_0x55945b000580, C4<1>, C4<1>;
v0x55945afedf60_0 .net "A", 0 0, L_0x55945b000760;  1 drivers
v0x55945afee040_0 .net "AS", 0 0, L_0x55945b0004c0;  1 drivers
v0x55945afee100_0 .net "B", 0 0, L_0x55945b000850;  1 drivers
v0x55945afee1d0_0 .net "BS", 0 0, L_0x55945b000580;  1 drivers
v0x55945afee290_0 .net "S", 0 0, o0x7f09166b8318;  alias, 0 drivers
v0x55945afee380_0 .net "S_n", 0 0, L_0x55945b000450;  1 drivers
v0x55945afee440_0 .net "Y", 0 0, L_0x55945b0005f0;  1 drivers
S_0x55945afee580 .scope module, "i21" "MUX2X1" 2 162, 2 18 0, S_0x55945afc1690;
 .timescale 0 0;
    .port_info 0 /INPUT 1 "A";
    .port_info 1 /INPUT 1 "B";
    .port_info 2 /INPUT 1 "S";
    .port_info 3 /OUTPUT 1 "Y";
L_0x55945b000aa0 .functor NOT 1, o0x7f09166b8318, C4<0>, C4<0>, C4<0>;
L_0x55945b000b10 .functor NAND 1, L_0x55945b000db0, L_0x55945b000aa0, C4<1>, C4<1>;
L_0x55945b000bd0 .functor NAND 1, L_0x55945b000ea0, o0x7f09166b8318, C4<1>, C4<1>;
L_0x55945b000c40 .functor NAND 1, L_0x55945b000b10, L_0x55945b000bd0, C4<1>, C4<1>;
v0x55945afee7d0_0 .net "A", 0 0, L_0x55945b000db0;  1 drivers
v0x55945afee8b0_0 .net "AS", 0 0, L_0x55945b000b10;  1 drivers
v0x55945afee970_0 .net "B", 0 0, L_0x55945b000ea0;  1 drivers
v0x55945afeea40_0 .net "BS", 0 0, L_0x55945b000bd0;  1 drivers
v0x55945afeeb00_0 .net "S", 0 0, o0x7f09166b8318;  alias, 0 drivers
v0x55945afeebf0_0 .net "S_n", 0 0, L_0x55945b000aa0;  1 drivers
v0x55945afeecb0_0 .net "Y", 0 0, L_0x55945b000c40;  1 drivers
S_0x55945afeedf0 .scope module, "i22" "MUX2X1" 2 168, 2 18 0, S_0x55945afc1690;
 .timescale 0 0;
    .port_info 0 /INPUT 1 "A";
    .port_info 1 /INPUT 1 "B";
    .port_info 2 /INPUT 1 "S";
    .port_info 3 /OUTPUT 1 "Y";
L_0x55945b001100 .functor NOT 1, o0x7f09166b8318, C4<0>, C4<0>, C4<0>;
L_0x55945b001170 .functor NAND 1, L_0x55945b001410, L_0x55945b001100, C4<1>, C4<1>;
L_0x55945b001230 .functor NAND 1, L_0x55945b001500, o0x7f09166b8318, C4<1>, C4<1>;
L_0x55945b0012a0 .functor NAND 1, L_0x55945b001170, L_0x55945b001230, C4<1>, C4<1>;
v0x55945afef040_0 .net "A", 0 0, L_0x55945b001410;  1 drivers
v0x55945afef120_0 .net "AS", 0 0, L_0x55945b001170;  1 drivers
v0x55945afef1e0_0 .net "B", 0 0, L_0x55945b001500;  1 drivers
v0x55945afef2b0_0 .net "BS", 0 0, L_0x55945b001230;  1 drivers
v0x55945afef370_0 .net "S", 0 0, o0x7f09166b8318;  alias, 0 drivers
v0x55945afef460_0 .net "S_n", 0 0, L_0x55945b001100;  1 drivers
v0x55945afef520_0 .net "Y", 0 0, L_0x55945b0012a0;  1 drivers
S_0x55945afef660 .scope module, "i23" "MUX2X1" 2 174, 2 18 0, S_0x55945afc1690;
 .timescale 0 0;
    .port_info 0 /INPUT 1 "A";
    .port_info 1 /INPUT 1 "B";
    .port_info 2 /INPUT 1 "S";
    .port_info 3 /OUTPUT 1 "Y";
L_0x55945b001770 .functor NOT 1, o0x7f09166b8318, C4<0>, C4<0>, C4<0>;
L_0x55945b0017e0 .functor NAND 1, L_0x55945b001a80, L_0x55945b001770, C4<1>, C4<1>;
L_0x55945b0018a0 .functor NAND 1, L_0x55945b001b70, o0x7f09166b8318, C4<1>, C4<1>;
L_0x55945b001910 .functor NAND 1, L_0x55945b0017e0, L_0x55945b0018a0, C4<1>, C4<1>;
v0x55945afef9c0_0 .net "A", 0 0, L_0x55945b001a80;  1 drivers
v0x55945afefaa0_0 .net "AS", 0 0, L_0x55945b0017e0;  1 drivers
v0x55945afefb60_0 .net "B", 0 0, L_0x55945b001b70;  1 drivers
v0x55945afefc30_0 .net "BS", 0 0, L_0x55945b0018a0;  1 drivers
v0x55945afefcf0_0 .net "S", 0 0, o0x7f09166b8318;  alias, 0 drivers
v0x55945afefff0_0 .net "S_n", 0 0, L_0x55945b001770;  1 drivers
v0x55945aff00b0_0 .net "Y", 0 0, L_0x55945b001910;  1 drivers
S_0x55945aff01f0 .scope module, "i24" "MUX2X1" 2 180, 2 18 0, S_0x55945afc1690;
 .timescale 0 0;
    .port_info 0 /INPUT 1 "A";
    .port_info 1 /INPUT 1 "B";
    .port_info 2 /INPUT 1 "S";
    .port_info 3 /OUTPUT 1 "Y";
L_0x55945b001df0 .functor NOT 1, o0x7f09166b8318, C4<0>, C4<0>, C4<0>;
L_0x55945b001e60 .functor NAND 1, L_0x55945b002100, L_0x55945b001df0, C4<1>, C4<1>;
L_0x55945b001f20 .functor NAND 1, L_0x55945b0021f0, o0x7f09166b8318, C4<1>, C4<1>;
L_0x55945b001f90 .functor NAND 1, L_0x55945b001e60, L_0x55945b001f20, C4<1>, C4<1>;
v0x55945aff0440_0 .net "A", 0 0, L_0x55945b002100;  1 drivers
v0x55945aff0520_0 .net "AS", 0 0, L_0x55945b001e60;  1 drivers
v0x55945aff05e0_0 .net "B", 0 0, L_0x55945b0021f0;  1 drivers
v0x55945aff06b0_0 .net "BS", 0 0, L_0x55945b001f20;  1 drivers
v0x55945aff0770_0 .net "S", 0 0, o0x7f09166b8318;  alias, 0 drivers
v0x55945aff0860_0 .net "S_n", 0 0, L_0x55945b001df0;  1 drivers
v0x55945aff0920_0 .net "Y", 0 0, L_0x55945b001f90;  1 drivers
S_0x55945aff0a60 .scope module, "i25" "MUX2X1" 2 186, 2 18 0, S_0x55945afc1690;
 .timescale 0 0;
    .port_info 0 /INPUT 1 "A";
    .port_info 1 /INPUT 1 "B";
    .port_info 2 /INPUT 1 "S";
    .port_info 3 /OUTPUT 1 "Y";
L_0x55945b002480 .functor NOT 1, o0x7f09166b8318, C4<0>, C4<0>, C4<0>;
L_0x55945b0024f0 .functor NAND 1, L_0x55945b002790, L_0x55945b002480, C4<1>, C4<1>;
L_0x55945b0025b0 .functor NAND 1, L_0x55945b002880, o0x7f09166b8318, C4<1>, C4<1>;
L_0x55945b002620 .functor NAND 1, L_0x55945b0024f0, L_0x55945b0025b0, C4<1>, C4<1>;
v0x55945aff0cb0_0 .net "A", 0 0, L_0x55945b002790;  1 drivers
v0x55945aff0d90_0 .net "AS", 0 0, L_0x55945b0024f0;  1 drivers
v0x55945aff0e50_0 .net "B", 0 0, L_0x55945b002880;  1 drivers
v0x55945aff0f20_0 .net "BS", 0 0, L_0x55945b0025b0;  1 drivers
v0x55945aff0fe0_0 .net "S", 0 0, o0x7f09166b8318;  alias, 0 drivers
v0x55945aff10d0_0 .net "S_n", 0 0, L_0x55945b002480;  1 drivers
v0x55945aff1190_0 .net "Y", 0 0, L_0x55945b002620;  1 drivers
S_0x55945aff12d0 .scope module, "i26" "MUX2X1" 2 192, 2 18 0, S_0x55945afc1690;
 .timescale 0 0;
    .port_info 0 /INPUT 1 "A";
    .port_info 1 /INPUT 1 "B";
    .port_info 2 /INPUT 1 "S";
    .port_info 3 /OUTPUT 1 "Y";
L_0x55945b002b20 .functor NOT 1, o0x7f09166b8318, C4<0>, C4<0>, C4<0>;
L_0x55945b002b90 .functor NAND 1, L_0x55945b002e30, L_0x55945b002b20, C4<1>, C4<1>;
L_0x55945b002c50 .functor NAND 1, L_0x55945b002f20, o0x7f09166b8318, C4<1>, C4<1>;
L_0x55945b002cc0 .functor NAND 1, L_0x55945b002b90, L_0x55945b002c50, C4<1>, C4<1>;
v0x55945aff1520_0 .net "A", 0 0, L_0x55945b002e30;  1 drivers
v0x55945aff1600_0 .net "AS", 0 0, L_0x55945b002b90;  1 drivers
v0x55945aff16c0_0 .net "B", 0 0, L_0x55945b002f20;  1 drivers
v0x55945aff1790_0 .net "BS", 0 0, L_0x55945b002c50;  1 drivers
v0x55945aff1850_0 .net "S", 0 0, o0x7f09166b8318;  alias, 0 drivers
v0x55945aff1940_0 .net "S_n", 0 0, L_0x55945b002b20;  1 drivers
v0x55945aff1a00_0 .net "Y", 0 0, L_0x55945b002cc0;  1 drivers
S_0x55945aff1b40 .scope module, "i27" "MUX2X1" 2 198, 2 18 0, S_0x55945afc1690;
 .timescale 0 0;
    .port_info 0 /INPUT 1 "A";
    .port_info 1 /INPUT 1 "B";
    .port_info 2 /INPUT 1 "S";
    .port_info 3 /OUTPUT 1 "Y";
L_0x55945b0031d0 .functor NOT 1, o0x7f09166b8318, C4<0>, C4<0>, C4<0>;
L_0x55945b003240 .functor NAND 1, L_0x55945b0034e0, L_0x55945b0031d0, C4<1>, C4<1>;
L_0x55945b003300 .functor NAND 1, L_0x55945b0035d0, o0x7f09166b8318, C4<1>, C4<1>;
L_0x55945b003370 .functor NAND 1, L_0x55945b003240, L_0x55945b003300, C4<1>, C4<1>;
v0x55945aff1d90_0 .net "A", 0 0, L_0x55945b0034e0;  1 drivers
v0x55945aff1e70_0 .net "AS", 0 0, L_0x55945b003240;  1 drivers
v0x55945aff1f30_0 .net "B", 0 0, L_0x55945b0035d0;  1 drivers
v0x55945aff2000_0 .net "BS", 0 0, L_0x55945b003300;  1 drivers
v0x55945aff20c0_0 .net "S", 0 0, o0x7f09166b8318;  alias, 0 drivers
v0x55945aff21b0_0 .net "S_n", 0 0, L_0x55945b0031d0;  1 drivers
v0x55945aff2270_0 .net "Y", 0 0, L_0x55945b003370;  1 drivers
S_0x55945aff23b0 .scope module, "i28" "MUX2X1" 2 204, 2 18 0, S_0x55945afc1690;
 .timescale 0 0;
    .port_info 0 /INPUT 1 "A";
    .port_info 1 /INPUT 1 "B";
    .port_info 2 /INPUT 1 "S";
    .port_info 3 /OUTPUT 1 "Y";
L_0x55945b003890 .functor NOT 1, o0x7f09166b8318, C4<0>, C4<0>, C4<0>;
L_0x55945b003900 .functor NAND 1, L_0x55945b003ba0, L_0x55945b003890, C4<1>, C4<1>;
L_0x55945b0039c0 .functor NAND 1, L_0x55945b003c90, o0x7f09166b8318, C4<1>, C4<1>;
L_0x55945b003a30 .functor NAND 1, L_0x55945b003900, L_0x55945b0039c0, C4<1>, C4<1>;
v0x55945aff2600_0 .net "A", 0 0, L_0x55945b003ba0;  1 drivers
v0x55945aff26e0_0 .net "AS", 0 0, L_0x55945b003900;  1 drivers
v0x55945aff27a0_0 .net "B", 0 0, L_0x55945b003c90;  1 drivers
v0x55945aff2870_0 .net "BS", 0 0, L_0x55945b0039c0;  1 drivers
v0x55945aff2930_0 .net "S", 0 0, o0x7f09166b8318;  alias, 0 drivers
v0x55945aff2a20_0 .net "S_n", 0 0, L_0x55945b003890;  1 drivers
v0x55945aff2ae0_0 .net "Y", 0 0, L_0x55945b003a30;  1 drivers
S_0x55945aff2c20 .scope module, "i29" "MUX2X1" 2 210, 2 18 0, S_0x55945afc1690;
 .timescale 0 0;
    .port_info 0 /INPUT 1 "A";
    .port_info 1 /INPUT 1 "B";
    .port_info 2 /INPUT 1 "S";
    .port_info 3 /OUTPUT 1 "Y";
L_0x55945b003f60 .functor NOT 1, o0x7f09166b8318, C4<0>, C4<0>, C4<0>;
L_0x55945b003fd0 .functor NAND 1, L_0x55945b004270, L_0x55945b003f60, C4<1>, C4<1>;
L_0x55945b004090 .functor NAND 1, L_0x55945b004360, o0x7f09166b8318, C4<1>, C4<1>;
L_0x55945b004100 .functor NAND 1, L_0x55945b003fd0, L_0x55945b004090, C4<1>, C4<1>;
v0x55945aff2e70_0 .net "A", 0 0, L_0x55945b004270;  1 drivers
v0x55945aff2f50_0 .net "AS", 0 0, L_0x55945b003fd0;  1 drivers
v0x55945aff3010_0 .net "B", 0 0, L_0x55945b004360;  1 drivers
v0x55945aff30e0_0 .net "BS", 0 0, L_0x55945b004090;  1 drivers
v0x55945aff31a0_0 .net "S", 0 0, o0x7f09166b8318;  alias, 0 drivers
v0x55945aff3290_0 .net "S_n", 0 0, L_0x55945b003f60;  1 drivers
v0x55945aff3350_0 .net "Y", 0 0, L_0x55945b004100;  1 drivers
S_0x55945aff3490 .scope module, "i3" "MUX2X1" 2 54, 2 18 0, S_0x55945afc1690;
 .timescale 0 0;
    .port_info 0 /INPUT 1 "A";
    .port_info 1 /INPUT 1 "B";
    .port_info 2 /INPUT 1 "S";
    .port_info 3 /OUTPUT 1 "Y";
L_0x55945aff9ad0 .functor NOT 1, o0x7f09166b8318, C4<0>, C4<0>, C4<0>;
L_0x55945aff9b40 .functor NAND 1, L_0x55945aff9db0, L_0x55945aff9ad0, C4<1>, C4<1>;
L_0x55945aff9c00 .functor NAND 1, L_0x55945aff9ea0, o0x7f09166b8318, C4<1>, C4<1>;
L_0x55945aff9c70 .functor NAND 1, L_0x55945aff9b40, L_0x55945aff9c00, C4<1>, C4<1>;
v0x55945aff36e0_0 .net "A", 0 0, L_0x55945aff9db0;  1 drivers
v0x55945aff37c0_0 .net "AS", 0 0, L_0x55945aff9b40;  1 drivers
v0x55945aff3880_0 .net "B", 0 0, L_0x55945aff9ea0;  1 drivers
v0x55945aff3950_0 .net "BS", 0 0, L_0x55945aff9c00;  1 drivers
v0x55945aff3a10_0 .net "S", 0 0, o0x7f09166b8318;  alias, 0 drivers
v0x55945aff3b00_0 .net "S_n", 0 0, L_0x55945aff9ad0;  1 drivers
v0x55945aff3bc0_0 .net "Y", 0 0, L_0x55945aff9c70;  1 drivers
S_0x55945aff3d00 .scope module, "i30" "MUX2X1" 2 216, 2 18 0, S_0x55945afc1690;
 .timescale 0 0;
    .port_info 0 /INPUT 1 "A";
    .port_info 1 /INPUT 1 "B";
    .port_info 2 /INPUT 1 "S";
    .port_info 3 /OUTPUT 1 "Y";
L_0x55945b004640 .functor NOT 1, o0x7f09166b8318, C4<0>, C4<0>, C4<0>;
L_0x55945b0046b0 .functor NAND 1, L_0x55945b004950, L_0x55945b004640, C4<1>, C4<1>;
L_0x55945b004770 .functor NAND 1, L_0x55945b004a40, o0x7f09166b8318, C4<1>, C4<1>;
L_0x55945b0047e0 .functor NAND 1, L_0x55945b0046b0, L_0x55945b004770, C4<1>, C4<1>;
v0x55945aff3f50_0 .net "A", 0 0, L_0x55945b004950;  1 drivers
v0x55945aff4030_0 .net "AS", 0 0, L_0x55945b0046b0;  1 drivers
v0x55945aff40f0_0 .net "B", 0 0, L_0x55945b004a40;  1 drivers
v0x55945aff41c0_0 .net "BS", 0 0, L_0x55945b004770;  1 drivers
v0x55945aff4280_0 .net "S", 0 0, o0x7f09166b8318;  alias, 0 drivers
v0x55945aff4370_0 .net "S_n", 0 0, L_0x55945b004640;  1 drivers
v0x55945aff4430_0 .net "Y", 0 0, L_0x55945b0047e0;  1 drivers
S_0x55945aff4570 .scope module, "i31" "MUX2X1" 2 222, 2 18 0, S_0x55945afc1690;
 .timescale 0 0;
    .port_info 0 /INPUT 1 "A";
    .port_info 1 /INPUT 1 "B";
    .port_info 2 /INPUT 1 "S";
    .port_info 3 /OUTPUT 1 "Y";
L_0x55945b004d30 .functor NOT 1, o0x7f09166b8318, C4<0>, C4<0>, C4<0>;
L_0x55945b004da0 .functor NAND 1, L_0x55945b005040, L_0x55945b004d30, C4<1>, C4<1>;
L_0x55945b004e60 .functor NAND 1, L_0x55945b005130, o0x7f09166b8318, C4<1>, C4<1>;
L_0x55945b004ed0 .functor NAND 1, L_0x55945b004da0, L_0x55945b004e60, C4<1>, C4<1>;
v0x55945aff47c0_0 .net "A", 0 0, L_0x55945b005040;  1 drivers
v0x55945aff48a0_0 .net "AS", 0 0, L_0x55945b004da0;  1 drivers
v0x55945aff4960_0 .net "B", 0 0, L_0x55945b005130;  1 drivers
v0x55945aff4a30_0 .net "BS", 0 0, L_0x55945b004e60;  1 drivers
v0x55945aff4af0_0 .net "S", 0 0, o0x7f09166b8318;  alias, 0 drivers
v0x55945aff4be0_0 .net "S_n", 0 0, L_0x55945b004d30;  1 drivers
v0x55945aff4ca0_0 .net "Y", 0 0, L_0x55945b004ed0;  1 drivers
S_0x55945aff4de0 .scope module, "i4" "MUX2X1" 2 60, 2 18 0, S_0x55945afc1690;
 .timescale 0 0;
    .port_info 0 /INPUT 1 "A";
    .port_info 1 /INPUT 1 "B";
    .port_info 2 /INPUT 1 "S";
    .port_info 3 /OUTPUT 1 "Y";
L_0x55945aff9f90 .functor NOT 1, o0x7f09166b8318, C4<0>, C4<0>, C4<0>;
L_0x55945affa000 .functor NAND 1, L_0x55945affa220, L_0x55945aff9f90, C4<1>, C4<1>;
L_0x55945affa070 .functor NAND 1, L_0x55945affa310, o0x7f09166b8318, C4<1>, C4<1>;
L_0x55945affa0e0 .functor NAND 1, L_0x55945affa000, L_0x55945affa070, C4<1>, C4<1>;
v0x55945aff5030_0 .net "A", 0 0, L_0x55945affa220;  1 drivers
v0x55945aff5110_0 .net "AS", 0 0, L_0x55945affa000;  1 drivers
v0x55945aff51d0_0 .net "B", 0 0, L_0x55945affa310;  1 drivers
v0x55945aff52a0_0 .net "BS", 0 0, L_0x55945affa070;  1 drivers
v0x55945aff5360_0 .net "S", 0 0, o0x7f09166b8318;  alias, 0 drivers
v0x55945aff5450_0 .net "S_n", 0 0, L_0x55945aff9f90;  1 drivers
v0x55945aff5510_0 .net "Y", 0 0, L_0x55945affa0e0;  1 drivers
S_0x55945aff5650 .scope module, "i5" "MUX2X1" 2 66, 2 18 0, S_0x55945afc1690;
 .timescale 0 0;
    .port_info 0 /INPUT 1 "A";
    .port_info 1 /INPUT 1 "B";
    .port_info 2 /INPUT 1 "S";
    .port_info 3 /OUTPUT 1 "Y";
L_0x55945affa460 .functor NOT 1, o0x7f09166b8318, C4<0>, C4<0>, C4<0>;
L_0x55945affa4d0 .functor NAND 1, L_0x55945affa720, L_0x55945affa460, C4<1>, C4<1>;
L_0x55945affa540 .functor NAND 1, L_0x55945affa810, o0x7f09166b8318, C4<1>, C4<1>;
L_0x55945affa5b0 .functor NAND 1, L_0x55945affa4d0, L_0x55945affa540, C4<1>, C4<1>;
v0x55945aff58a0_0 .net "A", 0 0, L_0x55945affa720;  1 drivers
v0x55945aff5980_0 .net "AS", 0 0, L_0x55945affa4d0;  1 drivers
v0x55945aff5a40_0 .net "B", 0 0, L_0x55945affa810;  1 drivers
v0x55945aff5b10_0 .net "BS", 0 0, L_0x55945affa540;  1 drivers
v0x55945aff5bd0_0 .net "S", 0 0, o0x7f09166b8318;  alias, 0 drivers
v0x55945aff5cc0_0 .net "S_n", 0 0, L_0x55945affa460;  1 drivers
v0x55945aff5d80_0 .net "Y", 0 0, L_0x55945affa5b0;  1 drivers
S_0x55945aff5ec0 .scope module, "i6" "MUX2X1" 2 72, 2 18 0, S_0x55945afc1690;
 .timescale 0 0;
    .port_info 0 /INPUT 1 "A";
    .port_info 1 /INPUT 1 "B";
    .port_info 2 /INPUT 1 "S";
    .port_info 3 /OUTPUT 1 "Y";
L_0x55945affa970 .functor NOT 1, o0x7f09166b8318, C4<0>, C4<0>, C4<0>;
L_0x55945affa9e0 .functor NAND 1, L_0x55945affac80, L_0x55945affa970, C4<1>, C4<1>;
L_0x55945affaaa0 .functor NAND 1, L_0x55945affad70, o0x7f09166b8318, C4<1>, C4<1>;
L_0x55945affab10 .functor NAND 1, L_0x55945affa9e0, L_0x55945affaaa0, C4<1>, C4<1>;
v0x55945aff6110_0 .net "A", 0 0, L_0x55945affac80;  1 drivers
v0x55945aff61f0_0 .net "AS", 0 0, L_0x55945affa9e0;  1 drivers
v0x55945aff62b0_0 .net "B", 0 0, L_0x55945affad70;  1 drivers
v0x55945aff6380_0 .net "BS", 0 0, L_0x55945affaaa0;  1 drivers
v0x55945aff6440_0 .net "S", 0 0, o0x7f09166b8318;  alias, 0 drivers
v0x55945aff6530_0 .net "S_n", 0 0, L_0x55945affa970;  1 drivers
v0x55945aff65f0_0 .net "Y", 0 0, L_0x55945affab10;  1 drivers
S_0x55945aff6730 .scope module, "i7" "MUX2X1" 2 78, 2 18 0, S_0x55945afc1690;
 .timescale 0 0;
    .port_info 0 /INPUT 1 "A";
    .port_info 1 /INPUT 1 "B";
    .port_info 2 /INPUT 1 "S";
    .port_info 3 /OUTPUT 1 "Y";
L_0x55945affa900 .functor NOT 1, o0x7f09166b8318, C4<0>, C4<0>, C4<0>;
L_0x55945affaee0 .functor NAND 1, L_0x55945affb180, L_0x55945affa900, C4<1>, C4<1>;
L_0x55945affafa0 .functor NAND 1, L_0x55945affb270, o0x7f09166b8318, C4<1>, C4<1>;
L_0x55945affb010 .functor NAND 1, L_0x55945affaee0, L_0x55945affafa0, C4<1>, C4<1>;
v0x55945aff6980_0 .net "A", 0 0, L_0x55945affb180;  1 drivers
v0x55945aff6a60_0 .net "AS", 0 0, L_0x55945affaee0;  1 drivers
v0x55945aff6b20_0 .net "B", 0 0, L_0x55945affb270;  1 drivers
v0x55945aff6bf0_0 .net "BS", 0 0, L_0x55945affafa0;  1 drivers
v0x55945aff6cb0_0 .net "S", 0 0, o0x7f09166b8318;  alias, 0 drivers
v0x55945aff6da0_0 .net "S_n", 0 0, L_0x55945affa900;  1 drivers
v0x55945aff6e60_0 .net "Y", 0 0, L_0x55945affb010;  1 drivers
S_0x55945aff6fa0 .scope module, "i8" "MUX2X1" 2 84, 2 18 0, S_0x55945afc1690;
 .timescale 0 0;
    .port_info 0 /INPUT 1 "A";
    .port_info 1 /INPUT 1 "B";
    .port_info 2 /INPUT 1 "S";
    .port_info 3 /OUTPUT 1 "Y";
L_0x55945affb500 .functor NOT 1, o0x7f09166b8318, C4<0>, C4<0>, C4<0>;
L_0x55945affb570 .functor NAND 1, L_0x55945affb810, L_0x55945affb500, C4<1>, C4<1>;
L_0x55945affb630 .functor NAND 1, L_0x55945affb900, o0x7f09166b8318, C4<1>, C4<1>;
L_0x55945affb6a0 .functor NAND 1, L_0x55945affb570, L_0x55945affb630, C4<1>, C4<1>;
v0x55945aff71f0_0 .net "A", 0 0, L_0x55945affb810;  1 drivers
v0x55945aff72d0_0 .net "AS", 0 0, L_0x55945affb570;  1 drivers
v0x55945aff7390_0 .net "B", 0 0, L_0x55945affb900;  1 drivers
v0x55945aff7460_0 .net "BS", 0 0, L_0x55945affb630;  1 drivers
v0x55945aff7520_0 .net "S", 0 0, o0x7f09166b8318;  alias, 0 drivers
v0x55945aff7610_0 .net "S_n", 0 0, L_0x55945affb500;  1 drivers
v0x55945aff76d0_0 .net "Y", 0 0, L_0x55945affb6a0;  1 drivers
S_0x55945aff7810 .scope module, "i9" "MUX2X1" 2 90, 2 18 0, S_0x55945afc1690;
 .timescale 0 0;
    .port_info 0 /INPUT 1 "A";
    .port_info 1 /INPUT 1 "B";
    .port_info 2 /INPUT 1 "S";
    .port_info 3 /OUTPUT 1 "Y";
L_0x55945affba90 .functor NOT 1, o0x7f09166b8318, C4<0>, C4<0>, C4<0>;
L_0x55945affbb00 .functor NAND 1, L_0x55945affbda0, L_0x55945affba90, C4<1>, C4<1>;
L_0x55945affbbc0 .functor NAND 1, L_0x55945affbe90, o0x7f09166b8318, C4<1>, C4<1>;
L_0x55945affbc30 .functor NAND 1, L_0x55945affbb00, L_0x55945affbbc0, C4<1>, C4<1>;
v0x55945aff7a60_0 .net "A", 0 0, L_0x55945affbda0;  1 drivers
v0x55945aff7b40_0 .net "AS", 0 0, L_0x55945affbb00;  1 drivers
v0x55945aff7c00_0 .net "B", 0 0, L_0x55945affbe90;  1 drivers
v0x55945aff7cd0_0 .net "BS", 0 0, L_0x55945affbbc0;  1 drivers
v0x55945aff7d90_0 .net "S", 0 0, o0x7f09166b8318;  alias, 0 drivers
v0x55945aff7e80_0 .net "S_n", 0 0, L_0x55945affba90;  1 drivers
v0x55945aff7f40_0 .net "Y", 0 0, L_0x55945affbc30;  1 drivers
# The file index is used to find the file name in the following table.
:file_names 3;
    "N/A";
    "<interactive>";
    "mux.v";
