#! /usr/bin/vvp
:ivl_version "11.0 (stable)";
:ivl_delay_selection "TYPICAL";
:vpi_time_precision - 9;
:vpi_module "/usr/lib/x86_64-linux-gnu/ivl/system.vpi";
:vpi_module "/usr/lib/x86_64-linux-gnu/ivl/vhdl_sys.vpi";
:vpi_module "/usr/lib/x86_64-linux-gnu/ivl/vhdl_textio.vpi";
:vpi_module "/usr/lib/x86_64-linux-gnu/ivl/v2005_math.vpi";
:vpi_module "/usr/lib/x86_64-linux-gnu/ivl/va_math.vpi";
S_0x558099c42110 .scope module, "tb_MUX2X32" "tb_MUX2X32" 2 4;
 .timescale -9 -9;
v0x558099c78690_0 .var "A", 31 0;
v0x558099c787c0_0 .var "B", 31 0;
v0x558099c788d0_0 .var "S", 0 0;
S_0x558099c41060 .scope module, "data1" "MUX2X32" 2 17, 3 1 0, S_0x558099c42110;
 .timescale -9 -9;
    .port_info 0 /INPUT 32 "A";
    .port_info 1 /INPUT 32 "B";
    .port_info 2 /INPUT 1 "S";
    .port_info 3 /OUTPUT 32 "Y";
v0x558099c34be0_0 .net "A", 31 0, v0x558099c78690_0;  1 drivers
v0x558099c33b30_0 .net "B", 31 0, v0x558099c787c0_0;  1 drivers
v0x558099c32940_0 .net "S", 0 0, v0x558099c788d0_0;  1 drivers
v0x558099c66e50_0 .net "Y", 31 0, L_0x558099c78970;  1 drivers
L_0x558099c78970 .ufunc/vec4 TD_tb_MUX2X32.data1.select, 32, v0x558099c78690_0, v0x558099c787c0_0, v0x558099c788d0_0 (v0x558099c38ea0_0, v0x558099c37df0_0, v0x558099c36d40_0) S_0x558099c3ffb0;
S_0x558099c3ffb0 .scope function.vec4.s32, "select" "select" 3 6, 3 6 0, S_0x558099c41060;
 .timescale -9 -9;
v0x558099c38ea0_0 .var "A", 31 0;
v0x558099c37df0_0 .var "B", 31 0;
v0x558099c36d40_0 .var "S", 0 0;
; Variable select is vec4 return value of scope S_0x558099c3ffb0
TD_tb_MUX2X32.data1.select ;
    %load/vec4 v0x558099c36d40_0;
    %dup/vec4;
    %pushi/vec4 1, 0, 1;
    %cmp/u;
    %jmp/1 T_0.0, 6;
    %dup/vec4;
    %pushi/vec4 0, 0, 1;
    %cmp/u;
    %jmp/1 T_0.1, 6;
    %jmp T_0.2;
T_0.0 ;
    %load/vec4 v0x558099c38ea0_0;
    %ret/vec4 0, 0, 32;  Assign to select (store_vec4_to_lval)
    %jmp T_0.2;
T_0.1 ;
    %load/vec4 v0x558099c37df0_0;
    %ret/vec4 0, 0, 32;  Assign to select (store_vec4_to_lval)
    %jmp T_0.2;
T_0.2 ;
    %pop/vec4 1;
    %end;
S_0x558099c66fb0 .scope module, "data2" "MUX2X32_another" 2 23, 3 30 0, S_0x558099c42110;
 .timescale -9 -9;
    .port_info 0 /INPUT 32 "A";
    .port_info 1 /INPUT 32 "B";
    .port_info 2 /INPUT 1 "S";
    .port_info 3 /OUTPUT 32 "Y";
v0x558099c782a0_0 .net "A", 31 0, v0x558099c78690_0;  alias, 1 drivers
v0x558099c78380_0 .net "B", 31 0, v0x558099c787c0_0;  alias, 1 drivers
v0x558099c78450_0 .net "S", 0 0, v0x558099c788d0_0;  alias, 1 drivers
v0x558099c78520_0 .net "Y", 31 0, L_0x558099c85860;  1 drivers
L_0x558099c78e00 .part v0x558099c78690_0, 0, 1;
L_0x558099c78ef0 .part v0x558099c787c0_0, 0, 1;
L_0x558099c792e0 .part v0x558099c78690_0, 1, 1;
L_0x558099c793d0 .part v0x558099c787c0_0, 1, 1;
L_0x558099c79800 .part v0x558099c78690_0, 2, 1;
L_0x558099c798f0 .part v0x558099c787c0_0, 2, 1;
L_0x558099c79d00 .part v0x558099c78690_0, 3, 1;
L_0x558099c79df0 .part v0x558099c787c0_0, 3, 1;
L_0x558099c7a240 .part v0x558099c78690_0, 4, 1;
L_0x558099c7a330 .part v0x558099c787c0_0, 4, 1;
L_0x558099c7a850 .part v0x558099c78690_0, 5, 1;
L_0x558099c7a940 .part v0x558099c787c0_0, 5, 1;
L_0x558099c7adb0 .part v0x558099c78690_0, 6, 1;
L_0x558099c7aea0 .part v0x558099c787c0_0, 6, 1;
L_0x558099c7b2b0 .part v0x558099c78690_0, 7, 1;
L_0x558099c7b3a0 .part v0x558099c787c0_0, 7, 1;
L_0x558099c7b830 .part v0x558099c78690_0, 8, 1;
L_0x558099c7b920 .part v0x558099c787c0_0, 8, 1;
L_0x558099c7bdc0 .part v0x558099c78690_0, 9, 1;
L_0x558099c7beb0 .part v0x558099c787c0_0, 9, 1;
L_0x558099c7ba10 .part v0x558099c78690_0, 10, 1;
L_0x558099c7c3b0 .part v0x558099c787c0_0, 10, 1;
L_0x558099c7c870 .part v0x558099c78690_0, 11, 1;
L_0x558099c7c960 .part v0x558099c787c0_0, 11, 1;
L_0x558099c7ce30 .part v0x558099c78690_0, 12, 1;
L_0x558099c7cf20 .part v0x558099c787c0_0, 12, 1;
L_0x558099c7d610 .part v0x558099c78690_0, 13, 1;
L_0x558099c7d700 .part v0x558099c787c0_0, 13, 1;
L_0x558099c7e400 .part v0x558099c78690_0, 14, 1;
L_0x558099c7e4f0 .part v0x558099c787c0_0, 14, 1;
L_0x558099c7e9f0 .part v0x558099c78690_0, 15, 1;
L_0x558099c7eae0 .part v0x558099c787c0_0, 15, 1;
L_0x558099c7eff0 .part v0x558099c78690_0, 16, 1;
L_0x558099c7f0e0 .part v0x558099c787c0_0, 16, 1;
L_0x558099c7f600 .part v0x558099c78690_0, 17, 1;
L_0x558099c7f6f0 .part v0x558099c787c0_0, 17, 1;
L_0x558099c7fb10 .part v0x558099c78690_0, 18, 1;
L_0x558099c7fc00 .part v0x558099c787c0_0, 18, 1;
L_0x558099c80140 .part v0x558099c78690_0, 19, 1;
L_0x558099c80230 .part v0x558099c787c0_0, 19, 1;
L_0x558099c80780 .part v0x558099c78690_0, 20, 1;
L_0x558099c80870 .part v0x558099c787c0_0, 20, 1;
L_0x558099c80dd0 .part v0x558099c78690_0, 21, 1;
L_0x558099c80ec0 .part v0x558099c787c0_0, 21, 1;
L_0x558099c81430 .part v0x558099c78690_0, 22, 1;
L_0x558099c81520 .part v0x558099c787c0_0, 22, 1;
L_0x558099c81aa0 .part v0x558099c78690_0, 23, 1;
L_0x558099c81b90 .part v0x558099c787c0_0, 23, 1;
L_0x558099c82120 .part v0x558099c78690_0, 24, 1;
L_0x558099c82210 .part v0x558099c787c0_0, 24, 1;
L_0x558099c827b0 .part v0x558099c78690_0, 25, 1;
L_0x558099c828a0 .part v0x558099c787c0_0, 25, 1;
L_0x558099c82e50 .part v0x558099c78690_0, 26, 1;
L_0x558099c82f40 .part v0x558099c787c0_0, 26, 1;
L_0x558099c83500 .part v0x558099c78690_0, 27, 1;
L_0x558099c835f0 .part v0x558099c787c0_0, 27, 1;
L_0x558099c83bc0 .part v0x558099c78690_0, 28, 1;
L_0x558099c83cb0 .part v0x558099c787c0_0, 28, 1;
L_0x558099c846a0 .part v0x558099c78690_0, 29, 1;
L_0x558099c84790 .part v0x558099c787c0_0, 29, 1;
L_0x558099c84d80 .part v0x558099c78690_0, 30, 1;
L_0x558099c84e70 .part v0x558099c787c0_0, 30, 1;
L_0x558099c85470 .part v0x558099c78690_0, 31, 1;
L_0x558099c85560 .part v0x558099c787c0_0, 31, 1;
LS_0x558099c85860_0_0 .concat8 [ 1 1 1 1], L_0x558099c78c90, L_0x558099c79170, L_0x558099c79690, L_0x558099c79bc0;
LS_0x558099c85860_0_4 .concat8 [ 1 1 1 1], L_0x558099c7a0d0, L_0x558099c7a6e0, L_0x558099c7ac40, L_0x558099c7b140;
LS_0x558099c85860_0_8 .concat8 [ 1 1 1 1], L_0x558099c7b6c0, L_0x558099c7bc50, L_0x558099c7c1f0, L_0x558099c7c700;
LS_0x558099c85860_0_12 .concat8 [ 1 1 1 1], L_0x558099c7ccc0, L_0x558099c7d4a0, L_0x558099c7e290, L_0x558099c7e880;
LS_0x558099c85860_0_16 .concat8 [ 1 1 1 1], L_0x558099c7ee80, L_0x558099c7f490, L_0x558099c7f9d0, L_0x558099c7ffd0;
LS_0x558099c85860_0_20 .concat8 [ 1 1 1 1], L_0x558099c80610, L_0x558099c80c60, L_0x558099c812c0, L_0x558099c81930;
LS_0x558099c85860_0_24 .concat8 [ 1 1 1 1], L_0x558099c81fb0, L_0x558099c82640, L_0x558099c82ce0, L_0x558099c83390;
LS_0x558099c85860_0_28 .concat8 [ 1 1 1 1], L_0x558099c83a50, L_0x558099c84530, L_0x558099c84c10, L_0x558099c85300;
LS_0x558099c85860_1_0 .concat8 [ 4 4 4 4], LS_0x558099c85860_0_0, LS_0x558099c85860_0_4, LS_0x558099c85860_0_8, LS_0x558099c85860_0_12;
LS_0x558099c85860_1_4 .concat8 [ 4 4 4 4], LS_0x558099c85860_0_16, LS_0x558099c85860_0_20, LS_0x558099c85860_0_24, LS_0x558099c85860_0_28;
L_0x558099c85860 .concat8 [ 16 16 0 0], LS_0x558099c85860_1_0, LS_0x558099c85860_1_4;
S_0x558099c67160 .scope module, "i0" "MUX2X1" 3 36, 3 18 0, S_0x558099c66fb0;
 .timescale -9 -9;
    .port_info 0 /INPUT 1 "A";
    .port_info 1 /INPUT 1 "B";
    .port_info 2 /INPUT 1 "S";
    .port_info 3 /OUTPUT 1 "Y";
L_0x558099c78a10 .functor NOT 1, v0x558099c788d0_0, C4<0>, C4<0>, C4<0>;
L_0x558099c78ab0 .functor NAND 1, L_0x558099c78e00, L_0x558099c78a10, C4<1>, C4<1>;
L_0x558099c78bf0 .functor NAND 1, L_0x558099c78ef0, v0x558099c788d0_0, C4<1>, C4<1>;
L_0x558099c78c90 .functor NAND 1, L_0x558099c78ab0, L_0x558099c78bf0, C4<1>, C4<1>;
v0x558099c67340_0 .net "A", 0 0, L_0x558099c78e00;  1 drivers
v0x558099c67420_0 .net "AS", 0 0, L_0x558099c78ab0;  1 drivers
v0x558099c674e0_0 .net "B", 0 0, L_0x558099c78ef0;  1 drivers
v0x558099c675b0_0 .net "BS", 0 0, L_0x558099c78bf0;  1 drivers
v0x558099c67670_0 .net "S", 0 0, v0x558099c788d0_0;  alias, 1 drivers
v0x558099c67760_0 .net "S_n", 0 0, L_0x558099c78a10;  1 drivers
v0x558099c67800_0 .net "Y", 0 0, L_0x558099c78c90;  1 drivers
S_0x558099c67970 .scope module, "i1" "MUX2X1" 3 42, 3 18 0, S_0x558099c66fb0;
 .timescale -9 -9;
    .port_info 0 /INPUT 1 "A";
    .port_info 1 /INPUT 1 "B";
    .port_info 2 /INPUT 1 "S";
    .port_info 3 /OUTPUT 1 "Y";
L_0x558099c79020 .functor NOT 1, v0x558099c788d0_0, C4<0>, C4<0>, C4<0>;
L_0x558099c79090 .functor NAND 1, L_0x558099c792e0, L_0x558099c79020, C4<1>, C4<1>;
L_0x558099c79100 .functor NAND 1, L_0x558099c793d0, v0x558099c788d0_0, C4<1>, C4<1>;
L_0x558099c79170 .functor NAND 1, L_0x558099c79090, L_0x558099c79100, C4<1>, C4<1>;
v0x558099c67b70_0 .net "A", 0 0, L_0x558099c792e0;  1 drivers
v0x558099c67c30_0 .net "AS", 0 0, L_0x558099c79090;  1 drivers
v0x558099c67cf0_0 .net "B", 0 0, L_0x558099c793d0;  1 drivers
v0x558099c67dc0_0 .net "BS", 0 0, L_0x558099c79100;  1 drivers
v0x558099c67e80_0 .net "S", 0 0, v0x558099c788d0_0;  alias, 1 drivers
v0x558099c67fc0_0 .net "S_n", 0 0, L_0x558099c79020;  1 drivers
v0x558099c68080_0 .net "Y", 0 0, L_0x558099c79170;  1 drivers
S_0x558099c681c0 .scope module, "i10" "MUX2X1" 3 96, 3 18 0, S_0x558099c66fb0;
 .timescale -9 -9;
    .port_info 0 /INPUT 1 "A";
    .port_info 1 /INPUT 1 "B";
    .port_info 2 /INPUT 1 "S";
    .port_info 3 /OUTPUT 1 "Y";
L_0x558099c7c050 .functor NOT 1, v0x558099c788d0_0, C4<0>, C4<0>, C4<0>;
L_0x558099c7c0c0 .functor NAND 1, L_0x558099c7ba10, L_0x558099c7c050, C4<1>, C4<1>;
L_0x558099c7c180 .functor NAND 1, L_0x558099c7c3b0, v0x558099c788d0_0, C4<1>, C4<1>;
L_0x558099c7c1f0 .functor NAND 1, L_0x558099c7c0c0, L_0x558099c7c180, C4<1>, C4<1>;
v0x558099c683a0_0 .net "A", 0 0, L_0x558099c7ba10;  1 drivers
v0x558099c68460_0 .net "AS", 0 0, L_0x558099c7c0c0;  1 drivers
v0x558099c68520_0 .net "B", 0 0, L_0x558099c7c3b0;  1 drivers
v0x558099c685f0_0 .net "BS", 0 0, L_0x558099c7c180;  1 drivers
v0x558099c686b0_0 .net "S", 0 0, v0x558099c788d0_0;  alias, 1 drivers
v0x558099c687a0_0 .net "S_n", 0 0, L_0x558099c7c050;  1 drivers
v0x558099c68860_0 .net "Y", 0 0, L_0x558099c7c1f0;  1 drivers
S_0x558099c689a0 .scope module, "i11" "MUX2X1" 3 102, 3 18 0, S_0x558099c66fb0;
 .timescale -9 -9;
    .port_info 0 /INPUT 1 "A";
    .port_info 1 /INPUT 1 "B";
    .port_info 2 /INPUT 1 "S";
    .port_info 3 /OUTPUT 1 "Y";
L_0x558099c7c560 .functor NOT 1, v0x558099c788d0_0, C4<0>, C4<0>, C4<0>;
L_0x558099c7c5d0 .functor NAND 1, L_0x558099c7c870, L_0x558099c7c560, C4<1>, C4<1>;
L_0x558099c7c690 .functor NAND 1, L_0x558099c7c960, v0x558099c788d0_0, C4<1>, C4<1>;
L_0x558099c7c700 .functor NAND 1, L_0x558099c7c5d0, L_0x558099c7c690, C4<1>, C4<1>;
v0x558099c68b80_0 .net "A", 0 0, L_0x558099c7c870;  1 drivers
v0x558099c68c60_0 .net "AS", 0 0, L_0x558099c7c5d0;  1 drivers
v0x558099c68d20_0 .net "B", 0 0, L_0x558099c7c960;  1 drivers
v0x558099c68df0_0 .net "BS", 0 0, L_0x558099c7c690;  1 drivers
v0x558099c68eb0_0 .net "S", 0 0, v0x558099c788d0_0;  alias, 1 drivers
v0x558099c68fa0_0 .net "S_n", 0 0, L_0x558099c7c560;  1 drivers
v0x558099c69060_0 .net "Y", 0 0, L_0x558099c7c700;  1 drivers
S_0x558099c691a0 .scope module, "i12" "MUX2X1" 3 108, 3 18 0, S_0x558099c66fb0;
 .timescale -9 -9;
    .port_info 0 /INPUT 1 "A";
    .port_info 1 /INPUT 1 "B";
    .port_info 2 /INPUT 1 "S";
    .port_info 3 /OUTPUT 1 "Y";
L_0x558099c7cb20 .functor NOT 1, v0x558099c788d0_0, C4<0>, C4<0>, C4<0>;
L_0x558099c7cb90 .functor NAND 1, L_0x558099c7ce30, L_0x558099c7cb20, C4<1>, C4<1>;
L_0x558099c7cc50 .functor NAND 1, L_0x558099c7cf20, v0x558099c788d0_0, C4<1>, C4<1>;
L_0x558099c7ccc0 .functor NAND 1, L_0x558099c7cb90, L_0x558099c7cc50, C4<1>, C4<1>;
v0x558099c69380_0 .net "A", 0 0, L_0x558099c7ce30;  1 drivers
v0x558099c69460_0 .net "AS", 0 0, L_0x558099c7cb90;  1 drivers
v0x558099c69520_0 .net "B", 0 0, L_0x558099c7cf20;  1 drivers
v0x558099c695c0_0 .net "BS", 0 0, L_0x558099c7cc50;  1 drivers
v0x558099c69680_0 .net "S", 0 0, v0x558099c788d0_0;  alias, 1 drivers
v0x558099c69770_0 .net "S_n", 0 0, L_0x558099c7cb20;  1 drivers
v0x558099c69830_0 .net "Y", 0 0, L_0x558099c7ccc0;  1 drivers
S_0x558099c69970 .scope module, "i13" "MUX2X1" 3 114, 3 18 0, S_0x558099c66fb0;
 .timescale -9 -9;
    .port_info 0 /INPUT 1 "A";
    .port_info 1 /INPUT 1 "B";
    .port_info 2 /INPUT 1 "S";
    .port_info 3 /OUTPUT 1 "Y";
L_0x558099c7d300 .functor NOT 1, v0x558099c788d0_0, C4<0>, C4<0>, C4<0>;
L_0x558099c7d370 .functor NAND 1, L_0x558099c7d610, L_0x558099c7d300, C4<1>, C4<1>;
L_0x558099c7d430 .functor NAND 1, L_0x558099c7d700, v0x558099c788d0_0, C4<1>, C4<1>;
L_0x558099c7d4a0 .functor NAND 1, L_0x558099c7d370, L_0x558099c7d430, C4<1>, C4<1>;
v0x558099c69b50_0 .net "A", 0 0, L_0x558099c7d610;  1 drivers
v0x558099c69c30_0 .net "AS", 0 0, L_0x558099c7d370;  1 drivers
v0x558099c69cf0_0 .net "B", 0 0, L_0x558099c7d700;  1 drivers
v0x558099c69dc0_0 .net "BS", 0 0, L_0x558099c7d430;  1 drivers
v0x558099c69e80_0 .net "S", 0 0, v0x558099c788d0_0;  alias, 1 drivers
v0x558099c69f70_0 .net "S_n", 0 0, L_0x558099c7d300;  1 drivers
v0x558099c6a030_0 .net "Y", 0 0, L_0x558099c7d4a0;  1 drivers
S_0x558099c6a170 .scope module, "i14" "MUX2X1" 3 120, 3 18 0, S_0x558099c66fb0;
 .timescale -9 -9;
    .port_info 0 /INPUT 1 "A";
    .port_info 1 /INPUT 1 "B";
    .port_info 2 /INPUT 1 "S";
    .port_info 3 /OUTPUT 1 "Y";
L_0x558099c7d8e0 .functor NOT 1, v0x558099c788d0_0, C4<0>, C4<0>, C4<0>;
L_0x558099c7e160 .functor NAND 1, L_0x558099c7e400, L_0x558099c7d8e0, C4<1>, C4<1>;
L_0x558099c7e220 .functor NAND 1, L_0x558099c7e4f0, v0x558099c788d0_0, C4<1>, C4<1>;
L_0x558099c7e290 .functor NAND 1, L_0x558099c7e160, L_0x558099c7e220, C4<1>, C4<1>;
v0x558099c6a3c0_0 .net "A", 0 0, L_0x558099c7e400;  1 drivers
v0x558099c6a4a0_0 .net "AS", 0 0, L_0x558099c7e160;  1 drivers
v0x558099c6a560_0 .net "B", 0 0, L_0x558099c7e4f0;  1 drivers
v0x558099c6a630_0 .net "BS", 0 0, L_0x558099c7e220;  1 drivers
v0x558099c6a6f0_0 .net "S", 0 0, v0x558099c788d0_0;  alias, 1 drivers
v0x558099c6a7e0_0 .net "S_n", 0 0, L_0x558099c7d8e0;  1 drivers
v0x558099c6a8a0_0 .net "Y", 0 0, L_0x558099c7e290;  1 drivers
S_0x558099c6a9e0 .scope module, "i15" "MUX2X1" 3 126, 3 18 0, S_0x558099c66fb0;
 .timescale -9 -9;
    .port_info 0 /INPUT 1 "A";
    .port_info 1 /INPUT 1 "B";
    .port_info 2 /INPUT 1 "S";
    .port_info 3 /OUTPUT 1 "Y";
L_0x558099c7e6e0 .functor NOT 1, v0x558099c788d0_0, C4<0>, C4<0>, C4<0>;
L_0x558099c7e750 .functor NAND 1, L_0x558099c7e9f0, L_0x558099c7e6e0, C4<1>, C4<1>;
L_0x558099c7e810 .functor NAND 1, L_0x558099c7eae0, v0x558099c788d0_0, C4<1>, C4<1>;
L_0x558099c7e880 .functor NAND 1, L_0x558099c7e750, L_0x558099c7e810, C4<1>, C4<1>;
v0x558099c6ac30_0 .net "A", 0 0, L_0x558099c7e9f0;  1 drivers
v0x558099c6ad10_0 .net "AS", 0 0, L_0x558099c7e750;  1 drivers
v0x558099c6add0_0 .net "B", 0 0, L_0x558099c7eae0;  1 drivers
v0x558099c6aea0_0 .net "BS", 0 0, L_0x558099c7e810;  1 drivers
v0x558099c6af60_0 .net "S", 0 0, v0x558099c788d0_0;  alias, 1 drivers
v0x558099c6b050_0 .net "S_n", 0 0, L_0x558099c7e6e0;  1 drivers
v0x558099c6b110_0 .net "Y", 0 0, L_0x558099c7e880;  1 drivers
S_0x558099c6b250 .scope module, "i16" "MUX2X1" 3 132, 3 18 0, S_0x558099c66fb0;
 .timescale -9 -9;
    .port_info 0 /INPUT 1 "A";
    .port_info 1 /INPUT 1 "B";
    .port_info 2 /INPUT 1 "S";
    .port_info 3 /OUTPUT 1 "Y";
L_0x558099c7ece0 .functor NOT 1, v0x558099c788d0_0, C4<0>, C4<0>, C4<0>;
L_0x558099c7ed50 .functor NAND 1, L_0x558099c7eff0, L_0x558099c7ece0, C4<1>, C4<1>;
L_0x558099c7ee10 .functor NAND 1, L_0x558099c7f0e0, v0x558099c788d0_0, C4<1>, C4<1>;
L_0x558099c7ee80 .functor NAND 1, L_0x558099c7ed50, L_0x558099c7ee10, C4<1>, C4<1>;
v0x558099c6b4a0_0 .net "A", 0 0, L_0x558099c7eff0;  1 drivers
v0x558099c6b580_0 .net "AS", 0 0, L_0x558099c7ed50;  1 drivers
v0x558099c6b640_0 .net "B", 0 0, L_0x558099c7f0e0;  1 drivers
v0x558099c6b710_0 .net "BS", 0 0, L_0x558099c7ee10;  1 drivers
v0x558099c6b7d0_0 .net "S", 0 0, v0x558099c788d0_0;  alias, 1 drivers
v0x558099c6b870_0 .net "S_n", 0 0, L_0x558099c7ece0;  1 drivers
v0x558099c6b930_0 .net "Y", 0 0, L_0x558099c7ee80;  1 drivers
S_0x558099c6ba70 .scope module, "i17" "MUX2X1" 3 138, 3 18 0, S_0x558099c66fb0;
 .timescale -9 -9;
    .port_info 0 /INPUT 1 "A";
    .port_info 1 /INPUT 1 "B";
    .port_info 2 /INPUT 1 "S";
    .port_info 3 /OUTPUT 1 "Y";
L_0x558099c7f2f0 .functor NOT 1, v0x558099c788d0_0, C4<0>, C4<0>, C4<0>;
L_0x558099c7f360 .functor NAND 1, L_0x558099c7f600, L_0x558099c7f2f0, C4<1>, C4<1>;
L_0x558099c7f420 .functor NAND 1, L_0x558099c7f6f0, v0x558099c788d0_0, C4<1>, C4<1>;
L_0x558099c7f490 .functor NAND 1, L_0x558099c7f360, L_0x558099c7f420, C4<1>, C4<1>;
v0x558099c6bcc0_0 .net "A", 0 0, L_0x558099c7f600;  1 drivers
v0x558099c6bda0_0 .net "AS", 0 0, L_0x558099c7f360;  1 drivers
v0x558099c6be60_0 .net "B", 0 0, L_0x558099c7f6f0;  1 drivers
v0x558099c6bf30_0 .net "BS", 0 0, L_0x558099c7f420;  1 drivers
v0x558099c6bff0_0 .net "S", 0 0, v0x558099c788d0_0;  alias, 1 drivers
v0x558099c6c0e0_0 .net "S_n", 0 0, L_0x558099c7f2f0;  1 drivers
v0x558099c6c1a0_0 .net "Y", 0 0, L_0x558099c7f490;  1 drivers
S_0x558099c6c2e0 .scope module, "i18" "MUX2X1" 3 144, 3 18 0, S_0x558099c66fb0;
 .timescale -9 -9;
    .port_info 0 /INPUT 1 "A";
    .port_info 1 /INPUT 1 "B";
    .port_info 2 /INPUT 1 "S";
    .port_info 3 /OUTPUT 1 "Y";
L_0x558099c7f1d0 .functor NOT 1, v0x558099c788d0_0, C4<0>, C4<0>, C4<0>;
L_0x558099c7f240 .functor NAND 1, L_0x558099c7fb10, L_0x558099c7f1d0, C4<1>, C4<1>;
L_0x558099c7f960 .functor NAND 1, L_0x558099c7fc00, v0x558099c788d0_0, C4<1>, C4<1>;
L_0x558099c7f9d0 .functor NAND 1, L_0x558099c7f240, L_0x558099c7f960, C4<1>, C4<1>;
v0x558099c6c530_0 .net "A", 0 0, L_0x558099c7fb10;  1 drivers
v0x558099c6c610_0 .net "AS", 0 0, L_0x558099c7f240;  1 drivers
v0x558099c6c6d0_0 .net "B", 0 0, L_0x558099c7fc00;  1 drivers
v0x558099c6c7a0_0 .net "BS", 0 0, L_0x558099c7f960;  1 drivers
v0x558099c6c860_0 .net "S", 0 0, v0x558099c788d0_0;  alias, 1 drivers
v0x558099c6c950_0 .net "S_n", 0 0, L_0x558099c7f1d0;  1 drivers
v0x558099c6ca10_0 .net "Y", 0 0, L_0x558099c7f9d0;  1 drivers
S_0x558099c6cb50 .scope module, "i19" "MUX2X1" 3 150, 3 18 0, S_0x558099c66fb0;
 .timescale -9 -9;
    .port_info 0 /INPUT 1 "A";
    .port_info 1 /INPUT 1 "B";
    .port_info 2 /INPUT 1 "S";
    .port_info 3 /OUTPUT 1 "Y";
L_0x558099c7fe30 .functor NOT 1, v0x558099c788d0_0, C4<0>, C4<0>, C4<0>;
L_0x558099c7fea0 .functor NAND 1, L_0x558099c80140, L_0x558099c7fe30, C4<1>, C4<1>;
L_0x558099c7ff60 .functor NAND 1, L_0x558099c80230, v0x558099c788d0_0, C4<1>, C4<1>;
L_0x558099c7ffd0 .functor NAND 1, L_0x558099c7fea0, L_0x558099c7ff60, C4<1>, C4<1>;
v0x558099c6cda0_0 .net "A", 0 0, L_0x558099c80140;  1 drivers
v0x558099c6ce80_0 .net "AS", 0 0, L_0x558099c7fea0;  1 drivers
v0x558099c6cf40_0 .net "B", 0 0, L_0x558099c80230;  1 drivers
v0x558099c6d010_0 .net "BS", 0 0, L_0x558099c7ff60;  1 drivers
v0x558099c6d0d0_0 .net "S", 0 0, v0x558099c788d0_0;  alias, 1 drivers
v0x558099c6d1c0_0 .net "S_n", 0 0, L_0x558099c7fe30;  1 drivers
v0x558099c6d280_0 .net "Y", 0 0, L_0x558099c7ffd0;  1 drivers
S_0x558099c6d3c0 .scope module, "i2" "MUX2X1" 3 48, 3 18 0, S_0x558099c66fb0;
 .timescale -9 -9;
    .port_info 0 /INPUT 1 "A";
    .port_info 1 /INPUT 1 "B";
    .port_info 2 /INPUT 1 "S";
    .port_info 3 /OUTPUT 1 "Y";
L_0x558099c794f0 .functor NOT 1, v0x558099c788d0_0, C4<0>, C4<0>, C4<0>;
L_0x558099c79560 .functor NAND 1, L_0x558099c79800, L_0x558099c794f0, C4<1>, C4<1>;
L_0x558099c79620 .functor NAND 1, L_0x558099c798f0, v0x558099c788d0_0, C4<1>, C4<1>;
L_0x558099c79690 .functor NAND 1, L_0x558099c79560, L_0x558099c79620, C4<1>, C4<1>;
v0x558099c6d610_0 .net "A", 0 0, L_0x558099c79800;  1 drivers
v0x558099c6d6f0_0 .net "AS", 0 0, L_0x558099c79560;  1 drivers
v0x558099c6d7b0_0 .net "B", 0 0, L_0x558099c798f0;  1 drivers
v0x558099c6d880_0 .net "BS", 0 0, L_0x558099c79620;  1 drivers
v0x558099c6d940_0 .net "S", 0 0, v0x558099c788d0_0;  alias, 1 drivers
v0x558099c6da30_0 .net "S_n", 0 0, L_0x558099c794f0;  1 drivers
v0x558099c6daf0_0 .net "Y", 0 0, L_0x558099c79690;  1 drivers
S_0x558099c6dc30 .scope module, "i20" "MUX2X1" 3 156, 3 18 0, S_0x558099c66fb0;
 .timescale -9 -9;
    .port_info 0 /INPUT 1 "A";
    .port_info 1 /INPUT 1 "B";
    .port_info 2 /INPUT 1 "S";
    .port_info 3 /OUTPUT 1 "Y";
L_0x558099c80470 .functor NOT 1, v0x558099c788d0_0, C4<0>, C4<0>, C4<0>;
L_0x558099c804e0 .functor NAND 1, L_0x558099c80780, L_0x558099c80470, C4<1>, C4<1>;
L_0x558099c805a0 .functor NAND 1, L_0x558099c80870, v0x558099c788d0_0, C4<1>, C4<1>;
L_0x558099c80610 .functor NAND 1, L_0x558099c804e0, L_0x558099c805a0, C4<1>, C4<1>;
v0x558099c6de80_0 .net "A", 0 0, L_0x558099c80780;  1 drivers
v0x558099c6df60_0 .net "AS", 0 0, L_0x558099c804e0;  1 drivers
v0x558099c6e020_0 .net "B", 0 0, L_0x558099c80870;  1 drivers
v0x558099c6e0f0_0 .net "BS", 0 0, L_0x558099c805a0;  1 drivers
v0x558099c6e1b0_0 .net "S", 0 0, v0x558099c788d0_0;  alias, 1 drivers
v0x558099c6e2a0_0 .net "S_n", 0 0, L_0x558099c80470;  1 drivers
v0x558099c6e360_0 .net "Y", 0 0, L_0x558099c80610;  1 drivers
S_0x558099c6e4a0 .scope module, "i21" "MUX2X1" 3 162, 3 18 0, S_0x558099c66fb0;
 .timescale -9 -9;
    .port_info 0 /INPUT 1 "A";
    .port_info 1 /INPUT 1 "B";
    .port_info 2 /INPUT 1 "S";
    .port_info 3 /OUTPUT 1 "Y";
L_0x558099c80ac0 .functor NOT 1, v0x558099c788d0_0, C4<0>, C4<0>, C4<0>;
L_0x558099c80b30 .functor NAND 1, L_0x558099c80dd0, L_0x558099c80ac0, C4<1>, C4<1>;
L_0x558099c80bf0 .functor NAND 1, L_0x558099c80ec0, v0x558099c788d0_0, C4<1>, C4<1>;
L_0x558099c80c60 .functor NAND 1, L_0x558099c80b30, L_0x558099c80bf0, C4<1>, C4<1>;
v0x558099c6e6f0_0 .net "A", 0 0, L_0x558099c80dd0;  1 drivers
v0x558099c6e7d0_0 .net "AS", 0 0, L_0x558099c80b30;  1 drivers
v0x558099c6e890_0 .net "B", 0 0, L_0x558099c80ec0;  1 drivers
v0x558099c6e960_0 .net "BS", 0 0, L_0x558099c80bf0;  1 drivers
v0x558099c6ea20_0 .net "S", 0 0, v0x558099c788d0_0;  alias, 1 drivers
v0x558099c6eb10_0 .net "S_n", 0 0, L_0x558099c80ac0;  1 drivers
v0x558099c6ebd0_0 .net "Y", 0 0, L_0x558099c80c60;  1 drivers
S_0x558099c6ed10 .scope module, "i22" "MUX2X1" 3 168, 3 18 0, S_0x558099c66fb0;
 .timescale -9 -9;
    .port_info 0 /INPUT 1 "A";
    .port_info 1 /INPUT 1 "B";
    .port_info 2 /INPUT 1 "S";
    .port_info 3 /OUTPUT 1 "Y";
L_0x558099c81120 .functor NOT 1, v0x558099c788d0_0, C4<0>, C4<0>, C4<0>;
L_0x558099c81190 .functor NAND 1, L_0x558099c81430, L_0x558099c81120, C4<1>, C4<1>;
L_0x558099c81250 .functor NAND 1, L_0x558099c81520, v0x558099c788d0_0, C4<1>, C4<1>;
L_0x558099c812c0 .functor NAND 1, L_0x558099c81190, L_0x558099c81250, C4<1>, C4<1>;
v0x558099c6ef60_0 .net "A", 0 0, L_0x558099c81430;  1 drivers
v0x558099c6f040_0 .net "AS", 0 0, L_0x558099c81190;  1 drivers
v0x558099c6f100_0 .net "B", 0 0, L_0x558099c81520;  1 drivers
v0x558099c6f1d0_0 .net "BS", 0 0, L_0x558099c81250;  1 drivers
v0x558099c6f290_0 .net "S", 0 0, v0x558099c788d0_0;  alias, 1 drivers
v0x558099c6f590_0 .net "S_n", 0 0, L_0x558099c81120;  1 drivers
v0x558099c6f650_0 .net "Y", 0 0, L_0x558099c812c0;  1 drivers
S_0x558099c6f790 .scope module, "i23" "MUX2X1" 3 174, 3 18 0, S_0x558099c66fb0;
 .timescale -9 -9;
    .port_info 0 /INPUT 1 "A";
    .port_info 1 /INPUT 1 "B";
    .port_info 2 /INPUT 1 "S";
    .port_info 3 /OUTPUT 1 "Y";
L_0x558099c81790 .functor NOT 1, v0x558099c788d0_0, C4<0>, C4<0>, C4<0>;
L_0x558099c81800 .functor NAND 1, L_0x558099c81aa0, L_0x558099c81790, C4<1>, C4<1>;
L_0x558099c818c0 .functor NAND 1, L_0x558099c81b90, v0x558099c788d0_0, C4<1>, C4<1>;
L_0x558099c81930 .functor NAND 1, L_0x558099c81800, L_0x558099c818c0, C4<1>, C4<1>;
v0x558099c6f9e0_0 .net "A", 0 0, L_0x558099c81aa0;  1 drivers
v0x558099c6fac0_0 .net "AS", 0 0, L_0x558099c81800;  1 drivers
v0x558099c6fb80_0 .net "B", 0 0, L_0x558099c81b90;  1 drivers
v0x558099c6fc50_0 .net "BS", 0 0, L_0x558099c818c0;  1 drivers
v0x558099c6fd10_0 .net "S", 0 0, v0x558099c788d0_0;  alias, 1 drivers
v0x558099c6fe00_0 .net "S_n", 0 0, L_0x558099c81790;  1 drivers
v0x558099c6fec0_0 .net "Y", 0 0, L_0x558099c81930;  1 drivers
S_0x558099c70000 .scope module, "i24" "MUX2X1" 3 180, 3 18 0, S_0x558099c66fb0;
 .timescale -9 -9;
    .port_info 0 /INPUT 1 "A";
    .port_info 1 /INPUT 1 "B";
    .port_info 2 /INPUT 1 "S";
    .port_info 3 /OUTPUT 1 "Y";
L_0x558099c81e10 .functor NOT 1, v0x558099c788d0_0, C4<0>, C4<0>, C4<0>;
L_0x558099c81e80 .functor NAND 1, L_0x558099c82120, L_0x558099c81e10, C4<1>, C4<1>;
L_0x558099c81f40 .functor NAND 1, L_0x558099c82210, v0x558099c788d0_0, C4<1>, C4<1>;
L_0x558099c81fb0 .functor NAND 1, L_0x558099c81e80, L_0x558099c81f40, C4<1>, C4<1>;
v0x558099c70250_0 .net "A", 0 0, L_0x558099c82120;  1 drivers
v0x558099c70330_0 .net "AS", 0 0, L_0x558099c81e80;  1 drivers
v0x558099c703f0_0 .net "B", 0 0, L_0x558099c82210;  1 drivers
v0x558099c704c0_0 .net "BS", 0 0, L_0x558099c81f40;  1 drivers
v0x558099c70580_0 .net "S", 0 0, v0x558099c788d0_0;  alias, 1 drivers
v0x558099c70670_0 .net "S_n", 0 0, L_0x558099c81e10;  1 drivers
v0x558099c70730_0 .net "Y", 0 0, L_0x558099c81fb0;  1 drivers
S_0x558099c70870 .scope module, "i25" "MUX2X1" 3 186, 3 18 0, S_0x558099c66fb0;
 .timescale -9 -9;
    .port_info 0 /INPUT 1 "A";
    .port_info 1 /INPUT 1 "B";
    .port_info 2 /INPUT 1 "S";
    .port_info 3 /OUTPUT 1 "Y";
L_0x558099c824a0 .functor NOT 1, v0x558099c788d0_0, C4<0>, C4<0>, C4<0>;
L_0x558099c82510 .functor NAND 1, L_0x558099c827b0, L_0x558099c824a0, C4<1>, C4<1>;
L_0x558099c825d0 .functor NAND 1, L_0x558099c828a0, v0x558099c788d0_0, C4<1>, C4<1>;
L_0x558099c82640 .functor NAND 1, L_0x558099c82510, L_0x558099c825d0, C4<1>, C4<1>;
v0x558099c70ac0_0 .net "A", 0 0, L_0x558099c827b0;  1 drivers
v0x558099c70ba0_0 .net "AS", 0 0, L_0x558099c82510;  1 drivers
v0x558099c70c60_0 .net "B", 0 0, L_0x558099c828a0;  1 drivers
v0x558099c70d30_0 .net "BS", 0 0, L_0x558099c825d0;  1 drivers
v0x558099c70df0_0 .net "S", 0 0, v0x558099c788d0_0;  alias, 1 drivers
v0x558099c70ee0_0 .net "S_n", 0 0, L_0x558099c824a0;  1 drivers
v0x558099c70fa0_0 .net "Y", 0 0, L_0x558099c82640;  1 drivers
S_0x558099c710e0 .scope module, "i26" "MUX2X1" 3 192, 3 18 0, S_0x558099c66fb0;
 .timescale -9 -9;
    .port_info 0 /INPUT 1 "A";
    .port_info 1 /INPUT 1 "B";
    .port_info 2 /INPUT 1 "S";
    .port_info 3 /OUTPUT 1 "Y";
L_0x558099c82b40 .functor NOT 1, v0x558099c788d0_0, C4<0>, C4<0>, C4<0>;
L_0x558099c82bb0 .functor NAND 1, L_0x558099c82e50, L_0x558099c82b40, C4<1>, C4<1>;
L_0x558099c82c70 .functor NAND 1, L_0x558099c82f40, v0x558099c788d0_0, C4<1>, C4<1>;
L_0x558099c82ce0 .functor NAND 1, L_0x558099c82bb0, L_0x558099c82c70, C4<1>, C4<1>;
v0x558099c71330_0 .net "A", 0 0, L_0x558099c82e50;  1 drivers
v0x558099c71410_0 .net "AS", 0 0, L_0x558099c82bb0;  1 drivers
v0x558099c714d0_0 .net "B", 0 0, L_0x558099c82f40;  1 drivers
v0x558099c715a0_0 .net "BS", 0 0, L_0x558099c82c70;  1 drivers
v0x558099c71660_0 .net "S", 0 0, v0x558099c788d0_0;  alias, 1 drivers
v0x558099c71750_0 .net "S_n", 0 0, L_0x558099c82b40;  1 drivers
v0x558099c71810_0 .net "Y", 0 0, L_0x558099c82ce0;  1 drivers
S_0x558099c71950 .scope module, "i27" "MUX2X1" 3 198, 3 18 0, S_0x558099c66fb0;
 .timescale -9 -9;
    .port_info 0 /INPUT 1 "A";
    .port_info 1 /INPUT 1 "B";
    .port_info 2 /INPUT 1 "S";
    .port_info 3 /OUTPUT 1 "Y";
L_0x558099c831f0 .functor NOT 1, v0x558099c788d0_0, C4<0>, C4<0>, C4<0>;
L_0x558099c83260 .functor NAND 1, L_0x558099c83500, L_0x558099c831f0, C4<1>, C4<1>;
L_0x558099c83320 .functor NAND 1, L_0x558099c835f0, v0x558099c788d0_0, C4<1>, C4<1>;
L_0x558099c83390 .functor NAND 1, L_0x558099c83260, L_0x558099c83320, C4<1>, C4<1>;
v0x558099c71ba0_0 .net "A", 0 0, L_0x558099c83500;  1 drivers
v0x558099c71c80_0 .net "AS", 0 0, L_0x558099c83260;  1 drivers
v0x558099c71d40_0 .net "B", 0 0, L_0x558099c835f0;  1 drivers
v0x558099c71e10_0 .net "BS", 0 0, L_0x558099c83320;  1 drivers
v0x558099c71ed0_0 .net "S", 0 0, v0x558099c788d0_0;  alias, 1 drivers
v0x558099c71fc0_0 .net "S_n", 0 0, L_0x558099c831f0;  1 drivers
v0x558099c72080_0 .net "Y", 0 0, L_0x558099c83390;  1 drivers
S_0x558099c721c0 .scope module, "i28" "MUX2X1" 3 204, 3 18 0, S_0x558099c66fb0;
 .timescale -9 -9;
    .port_info 0 /INPUT 1 "A";
    .port_info 1 /INPUT 1 "B";
    .port_info 2 /INPUT 1 "S";
    .port_info 3 /OUTPUT 1 "Y";
L_0x558099c838b0 .functor NOT 1, v0x558099c788d0_0, C4<0>, C4<0>, C4<0>;
L_0x558099c83920 .functor NAND 1, L_0x558099c83bc0, L_0x558099c838b0, C4<1>, C4<1>;
L_0x558099c839e0 .functor NAND 1, L_0x558099c83cb0, v0x558099c788d0_0, C4<1>, C4<1>;
L_0x558099c83a50 .functor NAND 1, L_0x558099c83920, L_0x558099c839e0, C4<1>, C4<1>;
v0x558099c72410_0 .net "A", 0 0, L_0x558099c83bc0;  1 drivers
v0x558099c724f0_0 .net "AS", 0 0, L_0x558099c83920;  1 drivers
v0x558099c725b0_0 .net "B", 0 0, L_0x558099c83cb0;  1 drivers
v0x558099c72680_0 .net "BS", 0 0, L_0x558099c839e0;  1 drivers
v0x558099c72740_0 .net "S", 0 0, v0x558099c788d0_0;  alias, 1 drivers
v0x558099c72830_0 .net "S_n", 0 0, L_0x558099c838b0;  1 drivers
v0x558099c728f0_0 .net "Y", 0 0, L_0x558099c83a50;  1 drivers
S_0x558099c72a30 .scope module, "i29" "MUX2X1" 3 210, 3 18 0, S_0x558099c66fb0;
 .timescale -9 -9;
    .port_info 0 /INPUT 1 "A";
    .port_info 1 /INPUT 1 "B";
    .port_info 2 /INPUT 1 "S";
    .port_info 3 /OUTPUT 1 "Y";
L_0x558099c84390 .functor NOT 1, v0x558099c788d0_0, C4<0>, C4<0>, C4<0>;
L_0x558099c84400 .functor NAND 1, L_0x558099c846a0, L_0x558099c84390, C4<1>, C4<1>;
L_0x558099c844c0 .functor NAND 1, L_0x558099c84790, v0x558099c788d0_0, C4<1>, C4<1>;
L_0x558099c84530 .functor NAND 1, L_0x558099c84400, L_0x558099c844c0, C4<1>, C4<1>;
v0x558099c72c80_0 .net "A", 0 0, L_0x558099c846a0;  1 drivers
v0x558099c72d60_0 .net "AS", 0 0, L_0x558099c84400;  1 drivers
v0x558099c72e20_0 .net "B", 0 0, L_0x558099c84790;  1 drivers
v0x558099c72ef0_0 .net "BS", 0 0, L_0x558099c844c0;  1 drivers
v0x558099c72fb0_0 .net "S", 0 0, v0x558099c788d0_0;  alias, 1 drivers
v0x558099c730a0_0 .net "S_n", 0 0, L_0x558099c84390;  1 drivers
v0x558099c73160_0 .net "Y", 0 0, L_0x558099c84530;  1 drivers
S_0x558099c732a0 .scope module, "i3" "MUX2X1" 3 54, 3 18 0, S_0x558099c66fb0;
 .timescale -9 -9;
    .port_info 0 /INPUT 1 "A";
    .port_info 1 /INPUT 1 "B";
    .port_info 2 /INPUT 1 "S";
    .port_info 3 /OUTPUT 1 "Y";
L_0x558099c79a20 .functor NOT 1, v0x558099c788d0_0, C4<0>, C4<0>, C4<0>;
L_0x558099c79a90 .functor NAND 1, L_0x558099c79d00, L_0x558099c79a20, C4<1>, C4<1>;
L_0x558099c79b50 .functor NAND 1, L_0x558099c79df0, v0x558099c788d0_0, C4<1>, C4<1>;
L_0x558099c79bc0 .functor NAND 1, L_0x558099c79a90, L_0x558099c79b50, C4<1>, C4<1>;
v0x558099c734f0_0 .net "A", 0 0, L_0x558099c79d00;  1 drivers
v0x558099c735d0_0 .net "AS", 0 0, L_0x558099c79a90;  1 drivers
v0x558099c73690_0 .net "B", 0 0, L_0x558099c79df0;  1 drivers
v0x558099c73760_0 .net "BS", 0 0, L_0x558099c79b50;  1 drivers
v0x558099c73820_0 .net "S", 0 0, v0x558099c788d0_0;  alias, 1 drivers
v0x558099c73910_0 .net "S_n", 0 0, L_0x558099c79a20;  1 drivers
v0x558099c739d0_0 .net "Y", 0 0, L_0x558099c79bc0;  1 drivers
S_0x558099c73b10 .scope module, "i30" "MUX2X1" 3 216, 3 18 0, S_0x558099c66fb0;
 .timescale -9 -9;
    .port_info 0 /INPUT 1 "A";
    .port_info 1 /INPUT 1 "B";
    .port_info 2 /INPUT 1 "S";
    .port_info 3 /OUTPUT 1 "Y";
L_0x558099c84a70 .functor NOT 1, v0x558099c788d0_0, C4<0>, C4<0>, C4<0>;
L_0x558099c84ae0 .functor NAND 1, L_0x558099c84d80, L_0x558099c84a70, C4<1>, C4<1>;
L_0x558099c84ba0 .functor NAND 1, L_0x558099c84e70, v0x558099c788d0_0, C4<1>, C4<1>;
L_0x558099c84c10 .functor NAND 1, L_0x558099c84ae0, L_0x558099c84ba0, C4<1>, C4<1>;
v0x558099c73d60_0 .net "A", 0 0, L_0x558099c84d80;  1 drivers
v0x558099c73e40_0 .net "AS", 0 0, L_0x558099c84ae0;  1 drivers
v0x558099c73f00_0 .net "B", 0 0, L_0x558099c84e70;  1 drivers
v0x558099c73fd0_0 .net "BS", 0 0, L_0x558099c84ba0;  1 drivers
v0x558099c74090_0 .net "S", 0 0, v0x558099c788d0_0;  alias, 1 drivers
v0x558099c74180_0 .net "S_n", 0 0, L_0x558099c84a70;  1 drivers
v0x558099c74240_0 .net "Y", 0 0, L_0x558099c84c10;  1 drivers
S_0x558099c74380 .scope module, "i31" "MUX2X1" 3 222, 3 18 0, S_0x558099c66fb0;
 .timescale -9 -9;
    .port_info 0 /INPUT 1 "A";
    .port_info 1 /INPUT 1 "B";
    .port_info 2 /INPUT 1 "S";
    .port_info 3 /OUTPUT 1 "Y";
L_0x558099c85160 .functor NOT 1, v0x558099c788d0_0, C4<0>, C4<0>, C4<0>;
L_0x558099c851d0 .functor NAND 1, L_0x558099c85470, L_0x558099c85160, C4<1>, C4<1>;
L_0x558099c85290 .functor NAND 1, L_0x558099c85560, v0x558099c788d0_0, C4<1>, C4<1>;
L_0x558099c85300 .functor NAND 1, L_0x558099c851d0, L_0x558099c85290, C4<1>, C4<1>;
v0x558099c745d0_0 .net "A", 0 0, L_0x558099c85470;  1 drivers
v0x558099c746b0_0 .net "AS", 0 0, L_0x558099c851d0;  1 drivers
v0x558099c74770_0 .net "B", 0 0, L_0x558099c85560;  1 drivers
v0x558099c74840_0 .net "BS", 0 0, L_0x558099c85290;  1 drivers
v0x558099c74900_0 .net "S", 0 0, v0x558099c788d0_0;  alias, 1 drivers
v0x558099c749f0_0 .net "S_n", 0 0, L_0x558099c85160;  1 drivers
v0x558099c74ab0_0 .net "Y", 0 0, L_0x558099c85300;  1 drivers
S_0x558099c74bf0 .scope module, "i4" "MUX2X1" 3 60, 3 18 0, S_0x558099c66fb0;
 .timescale -9 -9;
    .port_info 0 /INPUT 1 "A";
    .port_info 1 /INPUT 1 "B";
    .port_info 2 /INPUT 1 "S";
    .port_info 3 /OUTPUT 1 "Y";
L_0x558099c79f30 .functor NOT 1, v0x558099c788d0_0, C4<0>, C4<0>, C4<0>;
L_0x558099c79fa0 .functor NAND 1, L_0x558099c7a240, L_0x558099c79f30, C4<1>, C4<1>;
L_0x558099c7a060 .functor NAND 1, L_0x558099c7a330, v0x558099c788d0_0, C4<1>, C4<1>;
L_0x558099c7a0d0 .functor NAND 1, L_0x558099c79fa0, L_0x558099c7a060, C4<1>, C4<1>;
v0x558099c74e40_0 .net "A", 0 0, L_0x558099c7a240;  1 drivers
v0x558099c74f20_0 .net "AS", 0 0, L_0x558099c79fa0;  1 drivers
v0x558099c74fe0_0 .net "B", 0 0, L_0x558099c7a330;  1 drivers
v0x558099c750b0_0 .net "BS", 0 0, L_0x558099c7a060;  1 drivers
v0x558099c75170_0 .net "S", 0 0, v0x558099c788d0_0;  alias, 1 drivers
v0x558099c75260_0 .net "S_n", 0 0, L_0x558099c79f30;  1 drivers
v0x558099c75320_0 .net "Y", 0 0, L_0x558099c7a0d0;  1 drivers
S_0x558099c75460 .scope module, "i5" "MUX2X1" 3 66, 3 18 0, S_0x558099c66fb0;
 .timescale -9 -9;
    .port_info 0 /INPUT 1 "A";
    .port_info 1 /INPUT 1 "B";
    .port_info 2 /INPUT 1 "S";
    .port_info 3 /OUTPUT 1 "Y";
L_0x558099c7a590 .functor NOT 1, v0x558099c788d0_0, C4<0>, C4<0>, C4<0>;
L_0x558099c7a600 .functor NAND 1, L_0x558099c7a850, L_0x558099c7a590, C4<1>, C4<1>;
L_0x558099c7a670 .functor NAND 1, L_0x558099c7a940, v0x558099c788d0_0, C4<1>, C4<1>;
L_0x558099c7a6e0 .functor NAND 1, L_0x558099c7a600, L_0x558099c7a670, C4<1>, C4<1>;
v0x558099c756b0_0 .net "A", 0 0, L_0x558099c7a850;  1 drivers
v0x558099c75790_0 .net "AS", 0 0, L_0x558099c7a600;  1 drivers
v0x558099c75850_0 .net "B", 0 0, L_0x558099c7a940;  1 drivers
v0x558099c75920_0 .net "BS", 0 0, L_0x558099c7a670;  1 drivers
v0x558099c759e0_0 .net "S", 0 0, v0x558099c788d0_0;  alias, 1 drivers
v0x558099c75ad0_0 .net "S_n", 0 0, L_0x558099c7a590;  1 drivers
v0x558099c75b90_0 .net "Y", 0 0, L_0x558099c7a6e0;  1 drivers
S_0x558099c75cd0 .scope module, "i6" "MUX2X1" 3 72, 3 18 0, S_0x558099c66fb0;
 .timescale -9 -9;
    .port_info 0 /INPUT 1 "A";
    .port_info 1 /INPUT 1 "B";
    .port_info 2 /INPUT 1 "S";
    .port_info 3 /OUTPUT 1 "Y";
L_0x558099c7aaa0 .functor NOT 1, v0x558099c788d0_0, C4<0>, C4<0>, C4<0>;
L_0x558099c7ab10 .functor NAND 1, L_0x558099c7adb0, L_0x558099c7aaa0, C4<1>, C4<1>;
L_0x558099c7abd0 .functor NAND 1, L_0x558099c7aea0, v0x558099c788d0_0, C4<1>, C4<1>;
L_0x558099c7ac40 .functor NAND 1, L_0x558099c7ab10, L_0x558099c7abd0, C4<1>, C4<1>;
v0x558099c75f20_0 .net "A", 0 0, L_0x558099c7adb0;  1 drivers
v0x558099c76000_0 .net "AS", 0 0, L_0x558099c7ab10;  1 drivers
v0x558099c760c0_0 .net "B", 0 0, L_0x558099c7aea0;  1 drivers
v0x558099c76190_0 .net "BS", 0 0, L_0x558099c7abd0;  1 drivers
v0x558099c76250_0 .net "S", 0 0, v0x558099c788d0_0;  alias, 1 drivers
v0x558099c76340_0 .net "S_n", 0 0, L_0x558099c7aaa0;  1 drivers
v0x558099c76400_0 .net "Y", 0 0, L_0x558099c7ac40;  1 drivers
S_0x558099c76540 .scope module, "i7" "MUX2X1" 3 78, 3 18 0, S_0x558099c66fb0;
 .timescale -9 -9;
    .port_info 0 /INPUT 1 "A";
    .port_info 1 /INPUT 1 "B";
    .port_info 2 /INPUT 1 "S";
    .port_info 3 /OUTPUT 1 "Y";
L_0x558099c7aa30 .functor NOT 1, v0x558099c788d0_0, C4<0>, C4<0>, C4<0>;
L_0x558099c7b010 .functor NAND 1, L_0x558099c7b2b0, L_0x558099c7aa30, C4<1>, C4<1>;
L_0x558099c7b0d0 .functor NAND 1, L_0x558099c7b3a0, v0x558099c788d0_0, C4<1>, C4<1>;
L_0x558099c7b140 .functor NAND 1, L_0x558099c7b010, L_0x558099c7b0d0, C4<1>, C4<1>;
v0x558099c76790_0 .net "A", 0 0, L_0x558099c7b2b0;  1 drivers
v0x558099c76870_0 .net "AS", 0 0, L_0x558099c7b010;  1 drivers
v0x558099c76930_0 .net "B", 0 0, L_0x558099c7b3a0;  1 drivers
v0x558099c76a00_0 .net "BS", 0 0, L_0x558099c7b0d0;  1 drivers
v0x558099c76ac0_0 .net "S", 0 0, v0x558099c788d0_0;  alias, 1 drivers
v0x558099c76bb0_0 .net "S_n", 0 0, L_0x558099c7aa30;  1 drivers
v0x558099c76c70_0 .net "Y", 0 0, L_0x558099c7b140;  1 drivers
S_0x558099c76db0 .scope module, "i8" "MUX2X1" 3 84, 3 18 0, S_0x558099c66fb0;
 .timescale -9 -9;
    .port_info 0 /INPUT 1 "A";
    .port_info 1 /INPUT 1 "B";
    .port_info 2 /INPUT 1 "S";
    .port_info 3 /OUTPUT 1 "Y";
L_0x558099c7b520 .functor NOT 1, v0x558099c788d0_0, C4<0>, C4<0>, C4<0>;
L_0x558099c7b590 .functor NAND 1, L_0x558099c7b830, L_0x558099c7b520, C4<1>, C4<1>;
L_0x558099c7b650 .functor NAND 1, L_0x558099c7b920, v0x558099c788d0_0, C4<1>, C4<1>;
L_0x558099c7b6c0 .functor NAND 1, L_0x558099c7b590, L_0x558099c7b650, C4<1>, C4<1>;
v0x558099c77000_0 .net "A", 0 0, L_0x558099c7b830;  1 drivers
v0x558099c770e0_0 .net "AS", 0 0, L_0x558099c7b590;  1 drivers
v0x558099c771a0_0 .net "B", 0 0, L_0x558099c7b920;  1 drivers
v0x558099c77270_0 .net "BS", 0 0, L_0x558099c7b650;  1 drivers
v0x558099c77330_0 .net "S", 0 0, v0x558099c788d0_0;  alias, 1 drivers
v0x558099c77420_0 .net "S_n", 0 0, L_0x558099c7b520;  1 drivers
v0x558099c774e0_0 .net "Y", 0 0, L_0x558099c7b6c0;  1 drivers
S_0x558099c77620 .scope module, "i9" "MUX2X1" 3 90, 3 18 0, S_0x558099c66fb0;
 .timescale -9 -9;
    .port_info 0 /INPUT 1 "A";
    .port_info 1 /INPUT 1 "B";
    .port_info 2 /INPUT 1 "S";
    .port_info 3 /OUTPUT 1 "Y";
L_0x558099c7bab0 .functor NOT 1, v0x558099c788d0_0, C4<0>, C4<0>, C4<0>;
L_0x558099c7bb20 .functor NAND 1, L_0x558099c7bdc0, L_0x558099c7bab0, C4<1>, C4<1>;
L_0x558099c7bbe0 .functor NAND 1, L_0x558099c7beb0, v0x558099c788d0_0, C4<1>, C4<1>;
L_0x558099c7bc50 .functor NAND 1, L_0x558099c7bb20, L_0x558099c7bbe0, C4<1>, C4<1>;
v0x558099c77870_0 .net "A", 0 0, L_0x558099c7bdc0;  1 drivers
v0x558099c77950_0 .net "AS", 0 0, L_0x558099c7bb20;  1 drivers
v0x558099c77a10_0 .net "B", 0 0, L_0x558099c7beb0;  1 drivers
v0x558099c77ae0_0 .net "BS", 0 0, L_0x558099c7bbe0;  1 drivers
v0x558099c77ba0_0 .net "S", 0 0, v0x558099c788d0_0;  alias, 1 drivers
v0x558099c780a0_0 .net "S_n", 0 0, L_0x558099c7bab0;  1 drivers
v0x558099c78160_0 .net "Y", 0 0, L_0x558099c7bc50;  1 drivers
    .scope S_0x558099c42110;
T_1 ;
    %pushi/vec4 139, 0, 32;
    %store/vec4 v0x558099c78690_0, 0, 32;
    %pushi/vec4 95, 0, 32;
    %store/vec4 v0x558099c787c0_0, 0, 32;
    %pushi/vec4 1, 0, 1;
    %store/vec4 v0x558099c788d0_0, 0, 1;
    %delay 100, 0;
    %pushi/vec4 0, 0, 1;
    %store/vec4 v0x558099c788d0_0, 0, 1;
    %end;
    .thread T_1;
    .scope S_0x558099c42110;
T_2 ;
    %vpi_call 2 30 "$dumpfile", "MUX2X32.vcd" {0 0 0};
    %vpi_call 2 31 "$dumpvars", 32'sb00000000000000000000000000000000, S_0x558099c42110 {0 0 0};
    %delay 10000, 0;
    %vpi_call 2 32 "$finish" {0 0 0};
    %end;
    .thread T_2;
# The file index is used to find the file name in the following table.
:file_names 4;
    "N/A";
    "<interactive>";
    "mux_tb.v";
    "./mux.v";
