#! /usr/bin/vvp
:ivl_version "11.0 (stable)";
:ivl_delay_selection "TYPICAL";
:vpi_time_precision + 0;
:vpi_module "/usr/lib/x86_64-linux-gnu/ivl/system.vpi";
:vpi_module "/usr/lib/x86_64-linux-gnu/ivl/vhdl_sys.vpi";
:vpi_module "/usr/lib/x86_64-linux-gnu/ivl/vhdl_textio.vpi";
:vpi_module "/usr/lib/x86_64-linux-gnu/ivl/v2005_math.vpi";
:vpi_module "/usr/lib/x86_64-linux-gnu/ivl/va_math.vpi";
S_0x5616dd387d90 .scope module, "CAL_4" "CAL_4" 2 1;
 .timescale 0 0;
    .port_info 0 /INPUT 4 "X";
    .port_info 1 /INPUT 4 "Y";
    .port_info 2 /INPUT 1 "Cin";
    .port_info 3 /OUTPUT 4 "S";
    .port_info 4 /OUTPUT 1 "Cout";
o0x7f5d1925e468 .functor BUFZ 4, C4<zzzz>; HiZ drive
o0x7f5d1925e498 .functor BUFZ 4, C4<zzzz>; HiZ drive
L_0x5616dd3ea0d0 .functor OR 4, o0x7f5d1925e468, o0x7f5d1925e498, C4<0000>, C4<0000>;
L_0x5616dd3ea1c0 .functor AND 4, o0x7f5d1925e468, o0x7f5d1925e498, C4<1111>, C4<1111>;
L_0x5616dd3ea2b0 .functor NOT 4, L_0x5616dd3ea1c0, C4<0000>, C4<0000>, C4<0000>;
L_0x5616dd3ea370 .functor AND 1, L_0x5616dd3ea440, L_0x5616dd3ea580, C4<1>, C4<1>;
o0x7f5d1925e018 .functor BUFZ 1, C4<z>; HiZ drive
L_0x5616dd3ea6c0 .functor XOR 1, L_0x5616dd3ea370, o0x7f5d1925e018, C4<0>, C4<0>;
L_0x5616dd3ea780 .functor NAND 1, L_0x5616dd3ea880, o0x7f5d1925e018, C4<1>, C4<1>;
L_0x5616dd3ea970 .functor NAND 1, L_0x5616dd3eaa30, L_0x5616dd3ea780, C4<1>, C4<1>;
L_0x5616dd3eab50 .functor AND 1, L_0x5616dd3eac10, L_0x5616dd3ead00, C4<1>, C4<1>;
L_0x5616dd3eae70 .functor XOR 1, L_0x5616dd3eab50, L_0x5616dd3ea970, C4<0>, C4<0>;
L_0x5616dd3eaf30 .functor NAND 1, L_0x5616dd3eb000, L_0x5616dd3eb0a0, o0x7f5d1925e018, C4<1>;
L_0x5616dd3eb1e0 .functor NAND 1, L_0x5616dd3eb250, L_0x5616dd3eb340, C4<1>, C4<1>;
L_0x5616dd3eb490 .functor NAND 1, L_0x5616dd3eb5f0, L_0x5616dd3eb1e0, L_0x5616dd3eaf30, C4<1>;
L_0x5616dd3eb6e0 .functor AND 1, L_0x5616dd3eb750, L_0x5616dd3eb8b0, C4<1>, C4<1>;
L_0x5616dd3eb9a0 .functor XOR 1, L_0x5616dd3eb6e0, L_0x5616dd3eb490, C4<0>, C4<0>;
L_0x5616dd3eb580 .functor NAND 1, L_0x5616dd3ebb90, L_0x5616dd3ebcb0, L_0x5616dd3ebda0, o0x7f5d1925e018;
L_0x5616dd3eb840 .functor NAND 1, L_0x5616dd3ec010, L_0x5616dd3ec100, L_0x5616dd3ec290, C4<1>;
L_0x5616dd3ec380 .functor NAND 1, L_0x5616dd3ec3f0, L_0x5616dd3ec1f0, C4<1>, C4<1>;
L_0x5616dd3ec590 .functor NAND 1, L_0x5616dd3ec7c0, L_0x5616dd3ec380, L_0x5616dd3eb840, L_0x5616dd3eb580;
L_0x5616dd3ec970 .functor AND 1, L_0x5616dd3ec9e0, L_0x5616dd3ecad0, C4<1>, C4<1>;
L_0x5616dd3ecf30 .functor XOR 1, L_0x5616dd3ec970, L_0x5616dd3ec590, C4<0>, C4<0>;
L_0x5616dd3ed140/0/0 .functor AND 1, L_0x5616dd3ec720, L_0x5616dd3ed2e0, L_0x5616dd3ed3d0, L_0x5616dd3ed5b0;
L_0x5616dd3ed140/0/4 .functor AND 1, o0x7f5d1925e018, C4<1>, C4<1>, C4<1>;
L_0x5616dd3ed140 .functor NAND 1, L_0x5616dd3ed140/0/0, L_0x5616dd3ed140/0/4, C4<1>, C4<1>;
L_0x5616dd3ed6a0 .functor NAND 1, L_0x5616dd3ed800, L_0x5616dd3ed9f0, L_0x5616dd3edae0, L_0x5616dd3edce0;
L_0x5616dd3eddd0 .functor NAND 1, L_0x5616dd3ede70, L_0x5616dd3ee080, L_0x5616dd3ee170, C4<1>;
L_0x5616dd3ee390 .functor NAND 1, L_0x5616dd3ee4d0, L_0x5616dd3ee5c0, C4<1>, C4<1>;
L_0x5616dd3ee7f0/0/0 .functor AND 1, L_0x5616dd3ee9a0, L_0x5616dd3ee390, L_0x5616dd3eddd0, L_0x5616dd3ed6a0;
L_0x5616dd3ee7f0/0/4 .functor AND 1, L_0x5616dd3ed140, C4<1>, C4<1>, C4<1>;
L_0x5616dd3ee7f0 .functor NAND 1, L_0x5616dd3ee7f0/0/0, L_0x5616dd3ee7f0/0/4, C4<1>, C4<1>;
v0x5616dd387f20_0 .net "Cin", 0 0, o0x7f5d1925e018;  0 drivers
v0x5616dd3e6130_0 .net "Cout", 0 0, L_0x5616dd3ee7f0;  1 drivers
v0x5616dd3e6210_0 .net "Cout0", 0 0, L_0x5616dd3ea970;  1 drivers
v0x5616dd3e62b0_0 .net "Cout1", 0 0, L_0x5616dd3eb490;  1 drivers
v0x5616dd3e6370_0 .net "Cout2", 0 0, L_0x5616dd3ec590;  1 drivers
v0x5616dd3e6480_0 .net "G", 3 0, L_0x5616dd3ea1c0;  1 drivers
v0x5616dd3e6560_0 .net "Gn", 3 0, L_0x5616dd3ea2b0;  1 drivers
v0x5616dd3e6640_0 .net "P", 3 0, L_0x5616dd3ea0d0;  1 drivers
v0x5616dd3e6720_0 .net "P0Cin0", 0 0, L_0x5616dd3ea780;  1 drivers
v0x5616dd3e67e0_0 .net "P0Gn0", 0 0, L_0x5616dd3ea370;  1 drivers
v0x5616dd3e68a0_0 .net "P1G0", 0 0, L_0x5616dd3eb1e0;  1 drivers
v0x5616dd3e6960_0 .net "P1Gn1", 0 0, L_0x5616dd3eab50;  1 drivers
v0x5616dd3e6a20_0 .net "P1P0Cin0", 0 0, L_0x5616dd3eaf30;  1 drivers
v0x5616dd3e6ae0_0 .net "P2G1", 0 0, L_0x5616dd3ec380;  1 drivers
v0x5616dd3e6ba0_0 .net "P2Gn2", 0 0, L_0x5616dd3eb6e0;  1 drivers
v0x5616dd3e6c60_0 .net "P2P1G0", 0 0, L_0x5616dd3eb840;  1 drivers
v0x5616dd3e6d20_0 .net "P2P1P0Cin0", 0 0, L_0x5616dd3eb580;  1 drivers
v0x5616dd3e6ef0_0 .net "P3G2", 0 0, L_0x5616dd3ee390;  1 drivers
v0x5616dd3e6fb0_0 .net "P3Gn3", 0 0, L_0x5616dd3ec970;  1 drivers
v0x5616dd3e7070_0 .net "P3P2G1", 0 0, L_0x5616dd3eddd0;  1 drivers
v0x5616dd3e7130_0 .net "P3P2P1G0", 0 0, L_0x5616dd3ed6a0;  1 drivers
v0x5616dd3e71f0_0 .net "P3P2P1P0Cin0", 0 0, L_0x5616dd3ed140;  1 drivers
v0x5616dd3e72b0_0 .net "S", 3 0, L_0x5616dd3ecda0;  1 drivers
v0x5616dd3e7390_0 .net "X", 3 0, o0x7f5d1925e468;  0 drivers
v0x5616dd3e7470_0 .net "Y", 3 0, o0x7f5d1925e498;  0 drivers
v0x5616dd3e7550_0 .net *"_ivl_101", 0 0, L_0x5616dd3ee080;  1 drivers
v0x5616dd3e7630_0 .net *"_ivl_103", 0 0, L_0x5616dd3ee170;  1 drivers
v0x5616dd3e7710_0 .net *"_ivl_106", 0 0, L_0x5616dd3ee4d0;  1 drivers
v0x5616dd3e77f0_0 .net *"_ivl_108", 0 0, L_0x5616dd3ee5c0;  1 drivers
v0x5616dd3e78d0_0 .net *"_ivl_11", 0 0, L_0x5616dd3ea6c0;  1 drivers
v0x5616dd3e79b0_0 .net *"_ivl_111", 0 0, L_0x5616dd3ee9a0;  1 drivers
v0x5616dd3e7a90_0 .net *"_ivl_15", 0 0, L_0x5616dd3ea880;  1 drivers
v0x5616dd3e7b70_0 .net *"_ivl_18", 0 0, L_0x5616dd3eaa30;  1 drivers
v0x5616dd3e7e60_0 .net *"_ivl_21", 0 0, L_0x5616dd3eac10;  1 drivers
v0x5616dd3e7f40_0 .net *"_ivl_23", 0 0, L_0x5616dd3ead00;  1 drivers
v0x5616dd3e8020_0 .net *"_ivl_25", 0 0, L_0x5616dd3eae70;  1 drivers
v0x5616dd3e8100_0 .net *"_ivl_29", 0 0, L_0x5616dd3eb000;  1 drivers
v0x5616dd3e81e0_0 .net *"_ivl_31", 0 0, L_0x5616dd3eb0a0;  1 drivers
v0x5616dd3e82c0_0 .net *"_ivl_34", 0 0, L_0x5616dd3eb250;  1 drivers
v0x5616dd3e83a0_0 .net *"_ivl_36", 0 0, L_0x5616dd3eb340;  1 drivers
v0x5616dd3e8480_0 .net *"_ivl_39", 0 0, L_0x5616dd3eb5f0;  1 drivers
v0x5616dd3e8560_0 .net *"_ivl_42", 0 0, L_0x5616dd3eb750;  1 drivers
v0x5616dd3e8640_0 .net *"_ivl_44", 0 0, L_0x5616dd3eb8b0;  1 drivers
v0x5616dd3e8720_0 .net *"_ivl_46", 0 0, L_0x5616dd3eb9a0;  1 drivers
v0x5616dd3e8800_0 .net *"_ivl_50", 0 0, L_0x5616dd3ebb90;  1 drivers
v0x5616dd3e88e0_0 .net *"_ivl_52", 0 0, L_0x5616dd3ebcb0;  1 drivers
v0x5616dd3e89c0_0 .net *"_ivl_54", 0 0, L_0x5616dd3ebda0;  1 drivers
v0x5616dd3e8aa0_0 .net *"_ivl_57", 0 0, L_0x5616dd3ec010;  1 drivers
v0x5616dd3e8b80_0 .net *"_ivl_59", 0 0, L_0x5616dd3ec100;  1 drivers
v0x5616dd3e8c60_0 .net *"_ivl_61", 0 0, L_0x5616dd3ec290;  1 drivers
v0x5616dd3e8d40_0 .net *"_ivl_64", 0 0, L_0x5616dd3ec3f0;  1 drivers
v0x5616dd3e8e20_0 .net *"_ivl_66", 0 0, L_0x5616dd3ec1f0;  1 drivers
v0x5616dd3e8f00_0 .net *"_ivl_69", 0 0, L_0x5616dd3ec7c0;  1 drivers
v0x5616dd3e8fe0_0 .net *"_ivl_7", 0 0, L_0x5616dd3ea440;  1 drivers
v0x5616dd3e90c0_0 .net *"_ivl_72", 0 0, L_0x5616dd3ec9e0;  1 drivers
v0x5616dd3e91a0_0 .net *"_ivl_74", 0 0, L_0x5616dd3ecad0;  1 drivers
v0x5616dd3e9280_0 .net *"_ivl_76", 0 0, L_0x5616dd3ecf30;  1 drivers
v0x5616dd3e9360_0 .net *"_ivl_81", 0 0, L_0x5616dd3ec720;  1 drivers
v0x5616dd3e9440_0 .net *"_ivl_83", 0 0, L_0x5616dd3ed2e0;  1 drivers
v0x5616dd3e9520_0 .net *"_ivl_85", 0 0, L_0x5616dd3ed3d0;  1 drivers
v0x5616dd3e9600_0 .net *"_ivl_87", 0 0, L_0x5616dd3ed5b0;  1 drivers
v0x5616dd3e96e0_0 .net *"_ivl_9", 0 0, L_0x5616dd3ea580;  1 drivers
v0x5616dd3e97c0_0 .net *"_ivl_90", 0 0, L_0x5616dd3ed800;  1 drivers
v0x5616dd3e98a0_0 .net *"_ivl_92", 0 0, L_0x5616dd3ed9f0;  1 drivers
v0x5616dd3e9980_0 .net *"_ivl_94", 0 0, L_0x5616dd3edae0;  1 drivers
v0x5616dd3e9e70_0 .net *"_ivl_96", 0 0, L_0x5616dd3edce0;  1 drivers
v0x5616dd3e9f50_0 .net *"_ivl_99", 0 0, L_0x5616dd3ede70;  1 drivers
L_0x5616dd3ea440 .part L_0x5616dd3ea0d0, 0, 1;
L_0x5616dd3ea580 .part L_0x5616dd3ea2b0, 0, 1;
L_0x5616dd3ea880 .part L_0x5616dd3ea0d0, 0, 1;
L_0x5616dd3eaa30 .part L_0x5616dd3ea2b0, 0, 1;
L_0x5616dd3eac10 .part L_0x5616dd3ea0d0, 1, 1;
L_0x5616dd3ead00 .part L_0x5616dd3ea2b0, 1, 1;
L_0x5616dd3eb000 .part L_0x5616dd3ea0d0, 1, 1;
L_0x5616dd3eb0a0 .part L_0x5616dd3ea0d0, 0, 1;
L_0x5616dd3eb250 .part L_0x5616dd3ea0d0, 1, 1;
L_0x5616dd3eb340 .part L_0x5616dd3ea1c0, 0, 1;
L_0x5616dd3eb5f0 .part L_0x5616dd3ea2b0, 1, 1;
L_0x5616dd3eb750 .part L_0x5616dd3ea0d0, 2, 1;
L_0x5616dd3eb8b0 .part L_0x5616dd3ea2b0, 2, 1;
L_0x5616dd3ebb90 .part L_0x5616dd3ea0d0, 2, 1;
L_0x5616dd3ebcb0 .part L_0x5616dd3ea0d0, 1, 1;
L_0x5616dd3ebda0 .part L_0x5616dd3ea0d0, 0, 1;
L_0x5616dd3ec010 .part L_0x5616dd3ea0d0, 2, 1;
L_0x5616dd3ec100 .part L_0x5616dd3ea0d0, 1, 1;
L_0x5616dd3ec290 .part L_0x5616dd3ea1c0, 0, 1;
L_0x5616dd3ec3f0 .part L_0x5616dd3ea0d0, 2, 1;
L_0x5616dd3ec1f0 .part L_0x5616dd3ea1c0, 1, 1;
L_0x5616dd3ec7c0 .part L_0x5616dd3ea2b0, 2, 1;
L_0x5616dd3ec9e0 .part L_0x5616dd3ea0d0, 3, 1;
L_0x5616dd3ecad0 .part L_0x5616dd3ea2b0, 3, 1;
L_0x5616dd3ecda0 .concat8 [ 1 1 1 1], L_0x5616dd3ea6c0, L_0x5616dd3eae70, L_0x5616dd3eb9a0, L_0x5616dd3ecf30;
L_0x5616dd3ec720 .part L_0x5616dd3ea0d0, 3, 1;
L_0x5616dd3ed2e0 .part L_0x5616dd3ea0d0, 2, 1;
L_0x5616dd3ed3d0 .part L_0x5616dd3ea0d0, 1, 1;
L_0x5616dd3ed5b0 .part L_0x5616dd3ea0d0, 0, 1;
L_0x5616dd3ed800 .part L_0x5616dd3ea0d0, 3, 1;
L_0x5616dd3ed9f0 .part L_0x5616dd3ea0d0, 2, 1;
L_0x5616dd3edae0 .part L_0x5616dd3ea0d0, 1, 1;
L_0x5616dd3edce0 .part L_0x5616dd3ea1c0, 0, 1;
L_0x5616dd3ede70 .part L_0x5616dd3ea0d0, 3, 1;
L_0x5616dd3ee080 .part L_0x5616dd3ea0d0, 2, 1;
L_0x5616dd3ee170 .part L_0x5616dd3ea1c0, 1, 1;
L_0x5616dd3ee4d0 .part L_0x5616dd3ea0d0, 3, 1;
L_0x5616dd3ee5c0 .part L_0x5616dd3ea1c0, 2, 1;
L_0x5616dd3ee9a0 .part L_0x5616dd3ea2b0, 3, 1;
# The file index is used to find the file name in the following table.
:file_names 3;
    "N/A";
    "<interactive>";
    "CAL_4.v";
