#! /usr/bin/vvp
:ivl_version "11.0 (stable)";
:ivl_delay_selection "TYPICAL";
:vpi_time_precision - 9;
:vpi_module "/usr/lib/x86_64-linux-gnu/ivl/system.vpi";
:vpi_module "/usr/lib/x86_64-linux-gnu/ivl/vhdl_sys.vpi";
:vpi_module "/usr/lib/x86_64-linux-gnu/ivl/vhdl_textio.vpi";
:vpi_module "/usr/lib/x86_64-linux-gnu/ivl/v2005_math.vpi";
:vpi_module "/usr/lib/x86_64-linux-gnu/ivl/va_math.vpi";
S_0x560257836d90 .scope module, "tb_D_FF" "tb_D_FF" 2 4;
 .timescale -9 -9;
v0x560257887a70_0 .var "Clk", 0 0;
v0x560257887b60_0 .var "D", 0 0;
v0x560257887c50_0 .net "Q", 0 0, L_0x560257888470;  1 drivers
v0x560257887d40_0 .net "Qn", 0 0, L_0x560257888560;  1 drivers
S_0x560257836f20 .scope module, "D_FF_test" "D_FF" 2 18, 3 2 0, S_0x560257836d90;
 .timescale 0 0;
    .port_info 0 /INPUT 1 "D";
    .port_info 1 /INPUT 1 "Clk";
    .port_info 2 /OUTPUT 1 "Q";
    .port_info 3 /OUTPUT 1 "Qn";
L_0x560257887e30 .functor NOT 1, v0x560257887a70_0, C4<0>, C4<0>, C4<0>;
v0x560257887460_0 .net "Clk", 0 0, v0x560257887a70_0;  1 drivers
v0x560257887520_0 .net "Clkn", 0 0, L_0x560257887e30;  1 drivers
v0x5602578875f0_0 .net "D", 0 0, v0x560257887b60_0;  1 drivers
v0x5602578876f0_0 .net "Q", 0 0, L_0x560257888470;  alias, 1 drivers
v0x5602578877c0_0 .net "Q0", 0 0, L_0x560257888060;  1 drivers
v0x560257887900_0 .net "Qn", 0 0, L_0x560257888560;  alias, 1 drivers
v0x5602578879a0_0 .net "Qn0", 0 0, L_0x560257888150;  1 drivers
S_0x560257872d50 .scope module, "d0" "D_Latch" 3 10, 4 1 0, S_0x560257836f20;
 .timescale 0 0;
    .port_info 0 /INPUT 1 "D";
    .port_info 1 /INPUT 1 "En";
    .port_info 2 /OUTPUT 1 "Q";
    .port_info 3 /OUTPUT 1 "Qn";
L_0x560257887ef0 .functor NOT 1, v0x560257887b60_0, C4<0>, C4<0>, C4<0>;
L_0x560257887f60 .functor NAND 1, v0x560257887b60_0, L_0x560257887e30, C4<1>, C4<1>;
L_0x560257887ff0 .functor NAND 1, L_0x560257887e30, L_0x560257887ef0, C4<1>, C4<1>;
L_0x560257888060 .functor NAND 1, L_0x560257887f60, L_0x560257888150, C4<1>, C4<1>;
L_0x560257888150 .functor NAND 1, L_0x560257888060, L_0x560257887ff0, C4<1>, C4<1>;
v0x560257872fd0_0 .net "D", 0 0, v0x560257887b60_0;  alias, 1 drivers
v0x560257886680_0 .net "Dn", 0 0, L_0x560257887ef0;  1 drivers
v0x560257886740_0 .net "En", 0 0, L_0x560257887e30;  alias, 1 drivers
v0x560257886810_0 .net "Q", 0 0, L_0x560257888060;  alias, 1 drivers
v0x5602578868d0_0 .net "Qn", 0 0, L_0x560257888150;  alias, 1 drivers
v0x5602578869e0_0 .net "Rn", 0 0, L_0x560257887ff0;  1 drivers
v0x560257886aa0_0 .net "Sn", 0 0, L_0x560257887f60;  1 drivers
S_0x560257886be0 .scope module, "d1" "D_Latch" 3 11, 4 1 0, S_0x560257836f20;
 .timescale 0 0;
    .port_info 0 /INPUT 1 "D";
    .port_info 1 /INPUT 1 "En";
    .port_info 2 /OUTPUT 1 "Q";
    .port_info 3 /OUTPUT 1 "Qn";
L_0x560257888250 .functor NOT 1, L_0x560257888060, C4<0>, C4<0>, C4<0>;
L_0x5602578882e0 .functor NAND 1, L_0x560257888060, v0x560257887a70_0, C4<1>, C4<1>;
L_0x560257888400 .functor NAND 1, v0x560257887a70_0, L_0x560257888250, C4<1>, C4<1>;
L_0x560257888470 .functor NAND 1, L_0x5602578882e0, L_0x560257888560, C4<1>, C4<1>;
L_0x560257888560 .functor NAND 1, L_0x560257888470, L_0x560257888400, C4<1>, C4<1>;
v0x560257886e50_0 .net "D", 0 0, L_0x560257888060;  alias, 1 drivers
v0x560257886f20_0 .net "Dn", 0 0, L_0x560257888250;  1 drivers
v0x560257886fc0_0 .net "En", 0 0, v0x560257887a70_0;  alias, 1 drivers
v0x560257887090_0 .net "Q", 0 0, L_0x560257888470;  alias, 1 drivers
v0x560257887150_0 .net "Qn", 0 0, L_0x560257888560;  alias, 1 drivers
v0x560257887260_0 .net "Rn", 0 0, L_0x560257888400;  1 drivers
v0x560257887320_0 .net "Sn", 0 0, L_0x5602578882e0;  1 drivers
    .scope S_0x560257836d90;
T_0 ;
    %delay 30, 0;
    %load/vec4 v0x560257887a70_0;
    %inv;
    %store/vec4 v0x560257887a70_0, 0, 1;
    %jmp T_0;
    .thread T_0;
    .scope S_0x560257836d90;
T_1 ;
    %pushi/vec4 0, 0, 1;
    %store/vec4 v0x560257887a70_0, 0, 1;
    %pushi/vec4 1, 0, 1;
    %store/vec4 v0x560257887b60_0, 0, 1;
    %delay 50, 0;
    %pushi/vec4 0, 0, 1;
    %store/vec4 v0x560257887b60_0, 0, 1;
    %delay 50, 0;
    %pushi/vec4 1, 0, 1;
    %store/vec4 v0x560257887b60_0, 0, 1;
    %end;
    .thread T_1;
    .scope S_0x560257836d90;
T_2 ;
    %vpi_call 2 25 "$dumpfile", "D_FF.vcd" {0 0 0};
    %vpi_call 2 26 "$dumpvars", 32'sb00000000000000000000000000000000, S_0x560257836d90 {0 0 0};
    %delay 10000, 0;
    %vpi_call 2 27 "$finish" {0 0 0};
    %end;
    .thread T_2;
# The file index is used to find the file name in the following table.
:file_names 5;
    "N/A";
    "<interactive>";
    "tb_D_FF.v";
    "./D_FF.v";
    "./D_Latch.v";
