#! /usr/bin/vvp
:ivl_version "11.0 (stable)";
:ivl_delay_selection "TYPICAL";
:vpi_time_precision + 0;
:vpi_module "/usr/lib/x86_64-linux-gnu/ivl/system.vpi";
:vpi_module "/usr/lib/x86_64-linux-gnu/ivl/vhdl_sys.vpi";
:vpi_module "/usr/lib/x86_64-linux-gnu/ivl/vhdl_textio.vpi";
:vpi_module "/usr/lib/x86_64-linux-gnu/ivl/v2005_math.vpi";
:vpi_module "/usr/lib/x86_64-linux-gnu/ivl/va_math.vpi";
S_0x559ebd61b0d0 .scope module, "CLA_16" "CLA_16" 2 40;
 .timescale 0 0;
    .port_info 0 /INPUT 16 "X";
    .port_info 1 /INPUT 16 "Y";
    .port_info 2 /INPUT 1 "Cin";
    .port_info 3 /OUTPUT 16 "S";
    .port_info 4 /OUTPUT 1 "Cout";
o0x7f970299f018 .functor BUFZ 1, C4<z>; HiZ drive
v0x559ebd6636d0_0 .net "Cin", 0 0, o0x7f970299f018;  0 drivers
v0x559ebd663790_0 .net "Cout", 0 0, L_0x559ebd673990;  1 drivers
v0x559ebd663860_0 .net "Cout0", 0 0, L_0x559ebd6683e0;  1 drivers
v0x559ebd663930_0 .net "Cout1", 0 0, L_0x559ebd66cf70;  1 drivers
v0x559ebd663a20_0 .net "Cout2", 0 0, L_0x559ebd66efe0;  1 drivers
v0x559ebd663b60_0 .net "S", 15 0, L_0x559ebd676780;  1 drivers
o0x7f97029a25b8 .functor BUFZ 16, C4<zzzzzzzzzzzzzzzz>; HiZ drive
v0x559ebd663c00_0 .net "X", 15 0, o0x7f97029a25b8;  0 drivers
o0x7f97029a25e8 .functor BUFZ 16, C4<zzzzzzzzzzzzzzzz>; HiZ drive
v0x559ebd663cc0_0 .net "Y", 15 0, o0x7f97029a25e8;  0 drivers
L_0x559ebd668680 .part o0x7f97029a25b8, 0, 4;
L_0x559ebd668720 .part o0x7f97029a25e8, 0, 4;
L_0x559ebd66d210 .part o0x7f97029a25b8, 4, 4;
L_0x559ebd66d300 .part o0x7f97029a25e8, 4, 4;
L_0x559ebd671d80 .part o0x7f97029a25b8, 8, 4;
L_0x559ebd671e20 .part o0x7f97029a25e8, 8, 4;
L_0x559ebd6765f0 .part o0x7f97029a25b8, 12, 4;
L_0x559ebd676690 .part o0x7f97029a25e8, 12, 4;
L_0x559ebd676780 .concat8 [ 4 4 4 4], L_0x559ebd666aa0, L_0x559ebd66b310, L_0x559ebd66fef0, L_0x559ebd6748a0;
S_0x559ebd628950 .scope module, "add0" "CLA_4" 2 48, 2 1 0, S_0x559ebd61b0d0;
 .timescale 0 0;
    .port_info 0 /INPUT 4 "X";
    .port_info 1 /INPUT 4 "Y";
    .port_info 2 /INPUT 1 "Cin";
    .port_info 3 /OUTPUT 4 "S";
    .port_info 4 /OUTPUT 1 "Cout";
L_0x559ebd663e40 .functor OR 4, L_0x559ebd668680, L_0x559ebd668720, C4<0000>, C4<0000>;
L_0x559ebd663ed0 .functor AND 4, L_0x559ebd668680, L_0x559ebd668720, C4<1111>, C4<1111>;
L_0x559ebd663fe0 .functor NOT 4, L_0x559ebd663ed0, C4<0000>, C4<0000>, C4<0000>;
L_0x559ebd6640a0 .functor AND 1, L_0x559ebd664170, L_0x559ebd6642b0, C4<1>, C4<1>;
L_0x559ebd6643f0 .functor XOR 1, L_0x559ebd6640a0, o0x7f970299f018, C4<0>, C4<0>;
L_0x559ebd664500 .functor NAND 1, L_0x559ebd6645b0, o0x7f970299f018, C4<1>, C4<1>;
L_0x559ebd6646a0 .functor NAND 1, L_0x559ebd664760, L_0x559ebd664500, C4<1>, C4<1>;
L_0x559ebd664880 .functor AND 1, L_0x559ebd664940, L_0x559ebd664a30, C4<1>, C4<1>;
L_0x559ebd664b10 .functor XOR 1, L_0x559ebd664880, L_0x559ebd6646a0, C4<0>, C4<0>;
L_0x559ebd664bd0 .functor NAND 1, L_0x559ebd664d30, L_0x559ebd664dd0, o0x7f970299f018, C4<1>;
L_0x559ebd664ec0 .functor NAND 1, L_0x559ebd664f30, L_0x559ebd665020, C4<1>, C4<1>;
L_0x559ebd665170 .functor NAND 1, L_0x559ebd6652a0, L_0x559ebd664ec0, L_0x559ebd664bd0, C4<1>;
L_0x559ebd665390 .functor AND 1, L_0x559ebd665400, L_0x559ebd665560, C4<1>, C4<1>;
L_0x559ebd665650 .functor XOR 1, L_0x559ebd665390, L_0x559ebd665170, C4<0>, C4<0>;
L_0x559ebd665230 .functor NAND 1, L_0x559ebd665840, L_0x559ebd6659b0, L_0x559ebd665aa0, o0x7f970299f018;
L_0x559ebd6654f0 .functor NAND 1, L_0x559ebd665d10, L_0x559ebd665e00, L_0x559ebd665f90, C4<1>;
L_0x559ebd666080 .functor NAND 1, L_0x559ebd6660f0, L_0x559ebd665ef0, C4<1>, C4<1>;
L_0x559ebd666290 .functor NAND 1, L_0x559ebd6664c0, L_0x559ebd666080, L_0x559ebd6654f0, L_0x559ebd665230;
L_0x559ebd666670 .functor AND 1, L_0x559ebd6666e0, L_0x559ebd6667d0, C4<1>, C4<1>;
L_0x559ebd666c30 .functor XOR 1, L_0x559ebd666670, L_0x559ebd666290, C4<0>, C4<0>;
L_0x559ebd666e40/0/0 .functor AND 1, L_0x559ebd666420, L_0x559ebd666fe0, L_0x559ebd6670d0, L_0x559ebd6672b0;
L_0x559ebd666e40/0/4 .functor AND 1, o0x7f970299f018, C4<1>, C4<1>, C4<1>;
L_0x559ebd666e40 .functor NAND 1, L_0x559ebd666e40/0/0, L_0x559ebd666e40/0/4, C4<1>, C4<1>;
L_0x559ebd6673a0 .functor NAND 1, L_0x559ebd667500, L_0x559ebd6676f0, L_0x559ebd6677e0, L_0x559ebd6679e0;
L_0x559ebd667ad0 .functor NAND 1, L_0x559ebd667b70, L_0x559ebd667d80, L_0x559ebd667e70, C4<1>;
L_0x559ebd667c60 .functor NAND 1, L_0x559ebd667cd0, L_0x559ebd6681b0, C4<1>, C4<1>;
L_0x559ebd6683e0/0/0 .functor AND 1, L_0x559ebd668590, L_0x559ebd667c60, L_0x559ebd667ad0, L_0x559ebd6673a0;
L_0x559ebd6683e0/0/4 .functor AND 1, L_0x559ebd666e40, C4<1>, C4<1>, C4<1>;
L_0x559ebd6683e0 .functor NAND 1, L_0x559ebd6683e0/0/0, L_0x559ebd6683e0/0/4, C4<1>, C4<1>;
v0x559ebd6367d0_0 .net "Cin", 0 0, o0x7f970299f018;  alias, 0 drivers
v0x559ebd628f50_0 .net "Cout", 0 0, L_0x559ebd6683e0;  alias, 1 drivers
v0x559ebd61b6d0_0 .net "Cout0", 0 0, L_0x559ebd6646a0;  1 drivers
v0x559ebd60de20_0 .net "Cout1", 0 0, L_0x559ebd665170;  1 drivers
v0x559ebd653dc0_0 .net "Cout2", 0 0, L_0x559ebd666290;  1 drivers
v0x559ebd653ed0_0 .net "G", 3 0, L_0x559ebd663ed0;  1 drivers
v0x559ebd653fb0_0 .net "Gn", 3 0, L_0x559ebd663fe0;  1 drivers
v0x559ebd654090_0 .net "P", 3 0, L_0x559ebd663e40;  1 drivers
v0x559ebd654170_0 .net "P0Cin0", 0 0, L_0x559ebd664500;  1 drivers
v0x559ebd654230_0 .net "P0Gn0", 0 0, L_0x559ebd6640a0;  1 drivers
v0x559ebd6542f0_0 .net "P1G0", 0 0, L_0x559ebd664ec0;  1 drivers
v0x559ebd6543b0_0 .net "P1Gn1", 0 0, L_0x559ebd664880;  1 drivers
v0x559ebd654470_0 .net "P1P0Cin0", 0 0, L_0x559ebd664bd0;  1 drivers
v0x559ebd654530_0 .net "P2G1", 0 0, L_0x559ebd666080;  1 drivers
v0x559ebd6545f0_0 .net "P2Gn2", 0 0, L_0x559ebd665390;  1 drivers
v0x559ebd6546b0_0 .net "P2P1G0", 0 0, L_0x559ebd6654f0;  1 drivers
v0x559ebd654770_0 .net "P2P1P0Cin0", 0 0, L_0x559ebd665230;  1 drivers
v0x559ebd654940_0 .net "P3G2", 0 0, L_0x559ebd667c60;  1 drivers
v0x559ebd654a00_0 .net "P3Gn3", 0 0, L_0x559ebd666670;  1 drivers
v0x559ebd654ac0_0 .net "P3P2G1", 0 0, L_0x559ebd667ad0;  1 drivers
v0x559ebd654b80_0 .net "P3P2P1G0", 0 0, L_0x559ebd6673a0;  1 drivers
v0x559ebd654c40_0 .net "P3P2P1P0Cin0", 0 0, L_0x559ebd666e40;  1 drivers
v0x559ebd654d00_0 .net "S", 3 0, L_0x559ebd666aa0;  1 drivers
v0x559ebd654de0_0 .net "X", 3 0, L_0x559ebd668680;  1 drivers
v0x559ebd654ec0_0 .net "Y", 3 0, L_0x559ebd668720;  1 drivers
v0x559ebd654fa0_0 .net *"_ivl_101", 0 0, L_0x559ebd667d80;  1 drivers
v0x559ebd655080_0 .net *"_ivl_103", 0 0, L_0x559ebd667e70;  1 drivers
v0x559ebd655160_0 .net *"_ivl_106", 0 0, L_0x559ebd667cd0;  1 drivers
v0x559ebd655240_0 .net *"_ivl_108", 0 0, L_0x559ebd6681b0;  1 drivers
v0x559ebd655320_0 .net *"_ivl_11", 0 0, L_0x559ebd6643f0;  1 drivers
v0x559ebd655400_0 .net *"_ivl_111", 0 0, L_0x559ebd668590;  1 drivers
v0x559ebd6554e0_0 .net *"_ivl_15", 0 0, L_0x559ebd6645b0;  1 drivers
v0x559ebd6555c0_0 .net *"_ivl_18", 0 0, L_0x559ebd664760;  1 drivers
v0x559ebd6558b0_0 .net *"_ivl_21", 0 0, L_0x559ebd664940;  1 drivers
v0x559ebd655990_0 .net *"_ivl_23", 0 0, L_0x559ebd664a30;  1 drivers
v0x559ebd655a70_0 .net *"_ivl_25", 0 0, L_0x559ebd664b10;  1 drivers
v0x559ebd655b50_0 .net *"_ivl_29", 0 0, L_0x559ebd664d30;  1 drivers
v0x559ebd655c30_0 .net *"_ivl_31", 0 0, L_0x559ebd664dd0;  1 drivers
v0x559ebd655d10_0 .net *"_ivl_34", 0 0, L_0x559ebd664f30;  1 drivers
v0x559ebd655df0_0 .net *"_ivl_36", 0 0, L_0x559ebd665020;  1 drivers
v0x559ebd655ed0_0 .net *"_ivl_39", 0 0, L_0x559ebd6652a0;  1 drivers
v0x559ebd655fb0_0 .net *"_ivl_42", 0 0, L_0x559ebd665400;  1 drivers
v0x559ebd656090_0 .net *"_ivl_44", 0 0, L_0x559ebd665560;  1 drivers
v0x559ebd656170_0 .net *"_ivl_46", 0 0, L_0x559ebd665650;  1 drivers
v0x559ebd656250_0 .net *"_ivl_50", 0 0, L_0x559ebd665840;  1 drivers
v0x559ebd656330_0 .net *"_ivl_52", 0 0, L_0x559ebd6659b0;  1 drivers
v0x559ebd656410_0 .net *"_ivl_54", 0 0, L_0x559ebd665aa0;  1 drivers
v0x559ebd6564f0_0 .net *"_ivl_57", 0 0, L_0x559ebd665d10;  1 drivers
v0x559ebd6565d0_0 .net *"_ivl_59", 0 0, L_0x559ebd665e00;  1 drivers
v0x559ebd6566b0_0 .net *"_ivl_61", 0 0, L_0x559ebd665f90;  1 drivers
v0x559ebd656790_0 .net *"_ivl_64", 0 0, L_0x559ebd6660f0;  1 drivers
v0x559ebd656870_0 .net *"_ivl_66", 0 0, L_0x559ebd665ef0;  1 drivers
v0x559ebd656950_0 .net *"_ivl_69", 0 0, L_0x559ebd6664c0;  1 drivers
v0x559ebd656a30_0 .net *"_ivl_7", 0 0, L_0x559ebd664170;  1 drivers
v0x559ebd656b10_0 .net *"_ivl_72", 0 0, L_0x559ebd6666e0;  1 drivers
v0x559ebd656bf0_0 .net *"_ivl_74", 0 0, L_0x559ebd6667d0;  1 drivers
v0x559ebd656cd0_0 .net *"_ivl_76", 0 0, L_0x559ebd666c30;  1 drivers
v0x559ebd656db0_0 .net *"_ivl_81", 0 0, L_0x559ebd666420;  1 drivers
v0x559ebd656e90_0 .net *"_ivl_83", 0 0, L_0x559ebd666fe0;  1 drivers
v0x559ebd656f70_0 .net *"_ivl_85", 0 0, L_0x559ebd6670d0;  1 drivers
v0x559ebd657050_0 .net *"_ivl_87", 0 0, L_0x559ebd6672b0;  1 drivers
v0x559ebd657130_0 .net *"_ivl_9", 0 0, L_0x559ebd6642b0;  1 drivers
v0x559ebd657210_0 .net *"_ivl_90", 0 0, L_0x559ebd667500;  1 drivers
v0x559ebd6572f0_0 .net *"_ivl_92", 0 0, L_0x559ebd6676f0;  1 drivers
v0x559ebd6573d0_0 .net *"_ivl_94", 0 0, L_0x559ebd6677e0;  1 drivers
v0x559ebd6578c0_0 .net *"_ivl_96", 0 0, L_0x559ebd6679e0;  1 drivers
v0x559ebd6579a0_0 .net *"_ivl_99", 0 0, L_0x559ebd667b70;  1 drivers
L_0x559ebd664170 .part L_0x559ebd663e40, 0, 1;
L_0x559ebd6642b0 .part L_0x559ebd663fe0, 0, 1;
L_0x559ebd6645b0 .part L_0x559ebd663e40, 0, 1;
L_0x559ebd664760 .part L_0x559ebd663fe0, 0, 1;
L_0x559ebd664940 .part L_0x559ebd663e40, 1, 1;
L_0x559ebd664a30 .part L_0x559ebd663fe0, 1, 1;
L_0x559ebd664d30 .part L_0x559ebd663e40, 1, 1;
L_0x559ebd664dd0 .part L_0x559ebd663e40, 0, 1;
L_0x559ebd664f30 .part L_0x559ebd663e40, 1, 1;
L_0x559ebd665020 .part L_0x559ebd663ed0, 0, 1;
L_0x559ebd6652a0 .part L_0x559ebd663fe0, 1, 1;
L_0x559ebd665400 .part L_0x559ebd663e40, 2, 1;
L_0x559ebd665560 .part L_0x559ebd663fe0, 2, 1;
L_0x559ebd665840 .part L_0x559ebd663e40, 2, 1;
L_0x559ebd6659b0 .part L_0x559ebd663e40, 1, 1;
L_0x559ebd665aa0 .part L_0x559ebd663e40, 0, 1;
L_0x559ebd665d10 .part L_0x559ebd663e40, 2, 1;
L_0x559ebd665e00 .part L_0x559ebd663e40, 1, 1;
L_0x559ebd665f90 .part L_0x559ebd663ed0, 0, 1;
L_0x559ebd6660f0 .part L_0x559ebd663e40, 2, 1;
L_0x559ebd665ef0 .part L_0x559ebd663ed0, 1, 1;
L_0x559ebd6664c0 .part L_0x559ebd663fe0, 2, 1;
L_0x559ebd6666e0 .part L_0x559ebd663e40, 3, 1;
L_0x559ebd6667d0 .part L_0x559ebd663fe0, 3, 1;
L_0x559ebd666aa0 .concat8 [ 1 1 1 1], L_0x559ebd6643f0, L_0x559ebd664b10, L_0x559ebd665650, L_0x559ebd666c30;
L_0x559ebd666420 .part L_0x559ebd663e40, 3, 1;
L_0x559ebd666fe0 .part L_0x559ebd663e40, 2, 1;
L_0x559ebd6670d0 .part L_0x559ebd663e40, 1, 1;
L_0x559ebd6672b0 .part L_0x559ebd663e40, 0, 1;
L_0x559ebd667500 .part L_0x559ebd663e40, 3, 1;
L_0x559ebd6676f0 .part L_0x559ebd663e40, 2, 1;
L_0x559ebd6677e0 .part L_0x559ebd663e40, 1, 1;
L_0x559ebd6679e0 .part L_0x559ebd663ed0, 0, 1;
L_0x559ebd667b70 .part L_0x559ebd663e40, 3, 1;
L_0x559ebd667d80 .part L_0x559ebd663e40, 2, 1;
L_0x559ebd667e70 .part L_0x559ebd663ed0, 1, 1;
L_0x559ebd667cd0 .part L_0x559ebd663e40, 3, 1;
L_0x559ebd6681b0 .part L_0x559ebd663ed0, 2, 1;
L_0x559ebd668590 .part L_0x559ebd663fe0, 3, 1;
S_0x559ebd6361d0 .scope module, "add1" "CLA_4" 2 49, 2 1 0, S_0x559ebd61b0d0;
 .timescale 0 0;
    .port_info 0 /INPUT 4 "X";
    .port_info 1 /INPUT 4 "Y";
    .port_info 2 /INPUT 1 "Cin";
    .port_info 3 /OUTPUT 4 "S";
    .port_info 4 /OUTPUT 1 "Cout";
L_0x559ebd6687c0 .functor OR 4, L_0x559ebd66d210, L_0x559ebd66d300, C4<0000>, C4<0000>;
L_0x559ebd668830 .functor AND 4, L_0x559ebd66d210, L_0x559ebd66d300, C4<1111>, C4<1111>;
L_0x559ebd668940 .functor NOT 4, L_0x559ebd668830, C4<0000>, C4<0000>, C4<0000>;
L_0x559ebd668a00 .functor AND 1, L_0x559ebd668ad0, L_0x559ebd668c10, C4<1>, C4<1>;
L_0x559ebd668d50 .functor XOR 1, L_0x559ebd668a00, L_0x559ebd6683e0, C4<0>, C4<0>;
L_0x559ebd668e10 .functor NAND 1, L_0x559ebd668e80, L_0x559ebd6683e0, C4<1>, C4<1>;
L_0x559ebd668f20 .functor NAND 1, L_0x559ebd668fe0, L_0x559ebd668e10, C4<1>, C4<1>;
L_0x559ebd669100 .functor AND 1, L_0x559ebd6691c0, L_0x559ebd6692b0, C4<1>, C4<1>;
L_0x559ebd669390 .functor XOR 1, L_0x559ebd669100, L_0x559ebd668f20, C4<0>, C4<0>;
L_0x559ebd669450 .functor NAND 1, L_0x559ebd669520, L_0x559ebd6695c0, L_0x559ebd6683e0, C4<1>;
L_0x559ebd669700 .functor NAND 1, L_0x559ebd669770, L_0x559ebd669860, C4<1>, C4<1>;
L_0x559ebd6699b0 .functor NAND 1, L_0x559ebd669b10, L_0x559ebd669700, L_0x559ebd669450, C4<1>;
L_0x559ebd669c00 .functor AND 1, L_0x559ebd669c70, L_0x559ebd669dd0, C4<1>, C4<1>;
L_0x559ebd669ec0 .functor XOR 1, L_0x559ebd669c00, L_0x559ebd6699b0, C4<0>, C4<0>;
L_0x559ebd669aa0 .functor NAND 1, L_0x559ebd66a0b0, L_0x559ebd66a220, L_0x559ebd66a310, L_0x559ebd6683e0;
L_0x559ebd669d60 .functor NAND 1, L_0x559ebd66a580, L_0x559ebd66a670, L_0x559ebd66a800, C4<1>;
L_0x559ebd66a8f0 .functor NAND 1, L_0x559ebd66a960, L_0x559ebd66a760, C4<1>, C4<1>;
L_0x559ebd66ab00 .functor NAND 1, L_0x559ebd66ad30, L_0x559ebd66a8f0, L_0x559ebd669d60, L_0x559ebd669aa0;
L_0x559ebd66aee0 .functor AND 1, L_0x559ebd66af50, L_0x559ebd66b040, C4<1>, C4<1>;
L_0x559ebd66b4a0 .functor XOR 1, L_0x559ebd66aee0, L_0x559ebd66ab00, C4<0>, C4<0>;
L_0x559ebd66b6b0/0/0 .functor AND 1, L_0x559ebd66ac90, L_0x559ebd66bb70, L_0x559ebd66bc60, L_0x559ebd66be40;
L_0x559ebd66b6b0/0/4 .functor AND 1, L_0x559ebd6683e0, C4<1>, C4<1>, C4<1>;
L_0x559ebd66b6b0 .functor NAND 1, L_0x559ebd66b6b0/0/0, L_0x559ebd66b6b0/0/4, C4<1>, C4<1>;
L_0x559ebd66bf30 .functor NAND 1, L_0x559ebd66c090, L_0x559ebd66c280, L_0x559ebd66c370, L_0x559ebd66c570;
L_0x559ebd66c660 .functor NAND 1, L_0x559ebd66c700, L_0x559ebd66c910, L_0x559ebd66ca00, C4<1>;
L_0x559ebd66c7f0 .functor NAND 1, L_0x559ebd66c860, L_0x559ebd66cd40, C4<1>, C4<1>;
L_0x559ebd66cf70/0/0 .functor AND 1, L_0x559ebd66d120, L_0x559ebd66c7f0, L_0x559ebd66c660, L_0x559ebd66bf30;
L_0x559ebd66cf70/0/4 .functor AND 1, L_0x559ebd66b6b0, C4<1>, C4<1>, C4<1>;
L_0x559ebd66cf70 .functor NAND 1, L_0x559ebd66cf70/0/0, L_0x559ebd66cf70/0/4, C4<1>, C4<1>;
v0x559ebd657b40_0 .net "Cin", 0 0, L_0x559ebd6683e0;  alias, 1 drivers
v0x559ebd657c00_0 .net "Cout", 0 0, L_0x559ebd66cf70;  alias, 1 drivers
v0x559ebd657cc0_0 .net "Cout0", 0 0, L_0x559ebd668f20;  1 drivers
v0x559ebd657d60_0 .net "Cout1", 0 0, L_0x559ebd6699b0;  1 drivers
v0x559ebd657e20_0 .net "Cout2", 0 0, L_0x559ebd66ab00;  1 drivers
v0x559ebd657f30_0 .net "G", 3 0, L_0x559ebd668830;  1 drivers
v0x559ebd658010_0 .net "Gn", 3 0, L_0x559ebd668940;  1 drivers
v0x559ebd6580f0_0 .net "P", 3 0, L_0x559ebd6687c0;  1 drivers
v0x559ebd6581d0_0 .net "P0Cin0", 0 0, L_0x559ebd668e10;  1 drivers
v0x559ebd658290_0 .net "P0Gn0", 0 0, L_0x559ebd668a00;  1 drivers
v0x559ebd658350_0 .net "P1G0", 0 0, L_0x559ebd669700;  1 drivers
v0x559ebd658410_0 .net "P1Gn1", 0 0, L_0x559ebd669100;  1 drivers
v0x559ebd6584d0_0 .net "P1P0Cin0", 0 0, L_0x559ebd669450;  1 drivers
v0x559ebd658590_0 .net "P2G1", 0 0, L_0x559ebd66a8f0;  1 drivers
v0x559ebd658650_0 .net "P2Gn2", 0 0, L_0x559ebd669c00;  1 drivers
v0x559ebd658710_0 .net "P2P1G0", 0 0, L_0x559ebd669d60;  1 drivers
v0x559ebd6587d0_0 .net "P2P1P0Cin0", 0 0, L_0x559ebd669aa0;  1 drivers
v0x559ebd658890_0 .net "P3G2", 0 0, L_0x559ebd66c7f0;  1 drivers
v0x559ebd658950_0 .net "P3Gn3", 0 0, L_0x559ebd66aee0;  1 drivers
v0x559ebd658a10_0 .net "P3P2G1", 0 0, L_0x559ebd66c660;  1 drivers
v0x559ebd658ad0_0 .net "P3P2P1G0", 0 0, L_0x559ebd66bf30;  1 drivers
v0x559ebd658b90_0 .net "P3P2P1P0Cin0", 0 0, L_0x559ebd66b6b0;  1 drivers
v0x559ebd658c50_0 .net "S", 3 0, L_0x559ebd66b310;  1 drivers
v0x559ebd658d30_0 .net "X", 3 0, L_0x559ebd66d210;  1 drivers
v0x559ebd658e10_0 .net "Y", 3 0, L_0x559ebd66d300;  1 drivers
v0x559ebd658ef0_0 .net *"_ivl_101", 0 0, L_0x559ebd66c910;  1 drivers
v0x559ebd658fd0_0 .net *"_ivl_103", 0 0, L_0x559ebd66ca00;  1 drivers
v0x559ebd6590b0_0 .net *"_ivl_106", 0 0, L_0x559ebd66c860;  1 drivers
v0x559ebd659190_0 .net *"_ivl_108", 0 0, L_0x559ebd66cd40;  1 drivers
v0x559ebd659270_0 .net *"_ivl_11", 0 0, L_0x559ebd668d50;  1 drivers
v0x559ebd659350_0 .net *"_ivl_111", 0 0, L_0x559ebd66d120;  1 drivers
v0x559ebd659430_0 .net *"_ivl_15", 0 0, L_0x559ebd668e80;  1 drivers
v0x559ebd659510_0 .net *"_ivl_18", 0 0, L_0x559ebd668fe0;  1 drivers
v0x559ebd6595f0_0 .net *"_ivl_21", 0 0, L_0x559ebd6691c0;  1 drivers
v0x559ebd6596d0_0 .net *"_ivl_23", 0 0, L_0x559ebd6692b0;  1 drivers
v0x559ebd6597b0_0 .net *"_ivl_25", 0 0, L_0x559ebd669390;  1 drivers
v0x559ebd659890_0 .net *"_ivl_29", 0 0, L_0x559ebd669520;  1 drivers
v0x559ebd659970_0 .net *"_ivl_31", 0 0, L_0x559ebd6695c0;  1 drivers
v0x559ebd659a50_0 .net *"_ivl_34", 0 0, L_0x559ebd669770;  1 drivers
v0x559ebd659b30_0 .net *"_ivl_36", 0 0, L_0x559ebd669860;  1 drivers
v0x559ebd659c10_0 .net *"_ivl_39", 0 0, L_0x559ebd669b10;  1 drivers
v0x559ebd659cf0_0 .net *"_ivl_42", 0 0, L_0x559ebd669c70;  1 drivers
v0x559ebd659dd0_0 .net *"_ivl_44", 0 0, L_0x559ebd669dd0;  1 drivers
v0x559ebd659eb0_0 .net *"_ivl_46", 0 0, L_0x559ebd669ec0;  1 drivers
v0x559ebd659f90_0 .net *"_ivl_50", 0 0, L_0x559ebd66a0b0;  1 drivers
v0x559ebd65a070_0 .net *"_ivl_52", 0 0, L_0x559ebd66a220;  1 drivers
v0x559ebd65a150_0 .net *"_ivl_54", 0 0, L_0x559ebd66a310;  1 drivers
v0x559ebd65a230_0 .net *"_ivl_57", 0 0, L_0x559ebd66a580;  1 drivers
v0x559ebd65a310_0 .net *"_ivl_59", 0 0, L_0x559ebd66a670;  1 drivers
v0x559ebd65a3f0_0 .net *"_ivl_61", 0 0, L_0x559ebd66a800;  1 drivers
v0x559ebd65a4d0_0 .net *"_ivl_64", 0 0, L_0x559ebd66a960;  1 drivers
v0x559ebd65a5b0_0 .net *"_ivl_66", 0 0, L_0x559ebd66a760;  1 drivers
v0x559ebd65a690_0 .net *"_ivl_69", 0 0, L_0x559ebd66ad30;  1 drivers
v0x559ebd65a770_0 .net *"_ivl_7", 0 0, L_0x559ebd668ad0;  1 drivers
v0x559ebd65a850_0 .net *"_ivl_72", 0 0, L_0x559ebd66af50;  1 drivers
v0x559ebd65a930_0 .net *"_ivl_74", 0 0, L_0x559ebd66b040;  1 drivers
v0x559ebd65aa10_0 .net *"_ivl_76", 0 0, L_0x559ebd66b4a0;  1 drivers
v0x559ebd65aaf0_0 .net *"_ivl_81", 0 0, L_0x559ebd66ac90;  1 drivers
v0x559ebd65abd0_0 .net *"_ivl_83", 0 0, L_0x559ebd66bb70;  1 drivers
v0x559ebd65acb0_0 .net *"_ivl_85", 0 0, L_0x559ebd66bc60;  1 drivers
v0x559ebd65ad90_0 .net *"_ivl_87", 0 0, L_0x559ebd66be40;  1 drivers
v0x559ebd65ae70_0 .net *"_ivl_9", 0 0, L_0x559ebd668c10;  1 drivers
v0x559ebd65af50_0 .net *"_ivl_90", 0 0, L_0x559ebd66c090;  1 drivers
v0x559ebd65b030_0 .net *"_ivl_92", 0 0, L_0x559ebd66c280;  1 drivers
v0x559ebd65b110_0 .net *"_ivl_94", 0 0, L_0x559ebd66c370;  1 drivers
v0x559ebd65b600_0 .net *"_ivl_96", 0 0, L_0x559ebd66c570;  1 drivers
v0x559ebd65b6e0_0 .net *"_ivl_99", 0 0, L_0x559ebd66c700;  1 drivers
L_0x559ebd668ad0 .part L_0x559ebd6687c0, 0, 1;
L_0x559ebd668c10 .part L_0x559ebd668940, 0, 1;
L_0x559ebd668e80 .part L_0x559ebd6687c0, 0, 1;
L_0x559ebd668fe0 .part L_0x559ebd668940, 0, 1;
L_0x559ebd6691c0 .part L_0x559ebd6687c0, 1, 1;
L_0x559ebd6692b0 .part L_0x559ebd668940, 1, 1;
L_0x559ebd669520 .part L_0x559ebd6687c0, 1, 1;
L_0x559ebd6695c0 .part L_0x559ebd6687c0, 0, 1;
L_0x559ebd669770 .part L_0x559ebd6687c0, 1, 1;
L_0x559ebd669860 .part L_0x559ebd668830, 0, 1;
L_0x559ebd669b10 .part L_0x559ebd668940, 1, 1;
L_0x559ebd669c70 .part L_0x559ebd6687c0, 2, 1;
L_0x559ebd669dd0 .part L_0x559ebd668940, 2, 1;
L_0x559ebd66a0b0 .part L_0x559ebd6687c0, 2, 1;
L_0x559ebd66a220 .part L_0x559ebd6687c0, 1, 1;
L_0x559ebd66a310 .part L_0x559ebd6687c0, 0, 1;
L_0x559ebd66a580 .part L_0x559ebd6687c0, 2, 1;
L_0x559ebd66a670 .part L_0x559ebd6687c0, 1, 1;
L_0x559ebd66a800 .part L_0x559ebd668830, 0, 1;
L_0x559ebd66a960 .part L_0x559ebd6687c0, 2, 1;
L_0x559ebd66a760 .part L_0x559ebd668830, 1, 1;
L_0x559ebd66ad30 .part L_0x559ebd668940, 2, 1;
L_0x559ebd66af50 .part L_0x559ebd6687c0, 3, 1;
L_0x559ebd66b040 .part L_0x559ebd668940, 3, 1;
L_0x559ebd66b310 .concat8 [ 1 1 1 1], L_0x559ebd668d50, L_0x559ebd669390, L_0x559ebd669ec0, L_0x559ebd66b4a0;
L_0x559ebd66ac90 .part L_0x559ebd6687c0, 3, 1;
L_0x559ebd66bb70 .part L_0x559ebd6687c0, 2, 1;
L_0x559ebd66bc60 .part L_0x559ebd6687c0, 1, 1;
L_0x559ebd66be40 .part L_0x559ebd6687c0, 0, 1;
L_0x559ebd66c090 .part L_0x559ebd6687c0, 3, 1;
L_0x559ebd66c280 .part L_0x559ebd6687c0, 2, 1;
L_0x559ebd66c370 .part L_0x559ebd6687c0, 1, 1;
L_0x559ebd66c570 .part L_0x559ebd668830, 0, 1;
L_0x559ebd66c700 .part L_0x559ebd6687c0, 3, 1;
L_0x559ebd66c910 .part L_0x559ebd6687c0, 2, 1;
L_0x559ebd66ca00 .part L_0x559ebd668830, 1, 1;
L_0x559ebd66c860 .part L_0x559ebd6687c0, 3, 1;
L_0x559ebd66cd40 .part L_0x559ebd668830, 2, 1;
L_0x559ebd66d120 .part L_0x559ebd668940, 3, 1;
S_0x559ebd65b860 .scope module, "add2" "CLA_4" 2 50, 2 1 0, S_0x559ebd61b0d0;
 .timescale 0 0;
    .port_info 0 /INPUT 4 "X";
    .port_info 1 /INPUT 4 "Y";
    .port_info 2 /INPUT 1 "Cin";
    .port_info 3 /OUTPUT 4 "S";
    .port_info 4 /OUTPUT 1 "Cout";
L_0x559ebd66d3f0 .functor OR 4, L_0x559ebd671d80, L_0x559ebd671e20, C4<0000>, C4<0000>;
L_0x559ebd66d460 .functor AND 4, L_0x559ebd671d80, L_0x559ebd671e20, C4<1111>, C4<1111>;
L_0x559ebd66d570 .functor NOT 4, L_0x559ebd66d460, C4<0000>, C4<0000>, C4<0000>;
L_0x559ebd66d630 .functor AND 1, L_0x559ebd66d6d0, L_0x559ebd66d810, C4<1>, C4<1>;
L_0x559ebd66d950 .functor XOR 1, L_0x559ebd66d630, L_0x559ebd66cf70, C4<0>, C4<0>;
L_0x559ebd66da10 .functor NAND 1, L_0x559ebd66dac0, L_0x559ebd66cf70, C4<1>, C4<1>;
L_0x559ebd66db60 .functor NAND 1, L_0x559ebd66dc20, L_0x559ebd66da10, C4<1>, C4<1>;
L_0x559ebd66dd40 .functor AND 1, L_0x559ebd66de00, L_0x559ebd66def0, C4<1>, C4<1>;
L_0x559ebd66dfd0 .functor XOR 1, L_0x559ebd66dd40, L_0x559ebd66db60, C4<0>, C4<0>;
L_0x559ebd66e090 .functor NAND 1, L_0x559ebd66e160, L_0x559ebd66e200, L_0x559ebd66cf70, C4<1>;
L_0x559ebd66e340 .functor NAND 1, L_0x559ebd66e3b0, L_0x559ebd66e4a0, C4<1>, C4<1>;
L_0x559ebd66e5f0 .functor NAND 1, L_0x559ebd66e720, L_0x559ebd66e340, L_0x559ebd66e090, C4<1>;
L_0x559ebd66e810 .functor AND 1, L_0x559ebd66e880, L_0x559ebd66e9e0, C4<1>, C4<1>;
L_0x559ebd66ead0 .functor XOR 1, L_0x559ebd66e810, L_0x559ebd66e5f0, C4<0>, C4<0>;
L_0x559ebd66e6b0 .functor NAND 1, L_0x559ebd66ec90, L_0x559ebd66ee00, L_0x559ebd66eef0, L_0x559ebd66cf70;
L_0x559ebd66e970 .functor NAND 1, L_0x559ebd66f160, L_0x559ebd66f250, L_0x559ebd66f3e0, C4<1>;
L_0x559ebd66f4d0 .functor NAND 1, L_0x559ebd66f540, L_0x559ebd66f340, C4<1>, C4<1>;
L_0x559ebd66f6e0 .functor NAND 1, L_0x559ebd66f910, L_0x559ebd66f4d0, L_0x559ebd66e970, L_0x559ebd66e6b0;
L_0x559ebd66fac0 .functor AND 1, L_0x559ebd66fb30, L_0x559ebd66fc20, C4<1>, C4<1>;
L_0x559ebd670080 .functor XOR 1, L_0x559ebd66fac0, L_0x559ebd66f6e0, C4<0>, C4<0>;
L_0x559ebd670290/0/0 .functor AND 1, L_0x559ebd66f870, L_0x559ebd670750, L_0x559ebd670840, L_0x559ebd670a20;
L_0x559ebd670290/0/4 .functor AND 1, L_0x559ebd66cf70, C4<1>, C4<1>, C4<1>;
L_0x559ebd670290 .functor NAND 1, L_0x559ebd670290/0/0, L_0x559ebd670290/0/4, C4<1>, C4<1>;
L_0x559ebd670b10 .functor NAND 1, L_0x559ebd670c70, L_0x559ebd670e60, L_0x559ebd670f50, L_0x559ebd671150;
L_0x559ebd671240 .functor NAND 1, L_0x559ebd6712e0, L_0x559ebd6714f0, L_0x559ebd6715e0, C4<1>;
L_0x559ebd6713d0 .functor NAND 1, L_0x559ebd671440, L_0x559ebd671920, C4<1>, C4<1>;
L_0x559ebd66efe0/0/0 .functor AND 1, L_0x559ebd671c90, L_0x559ebd6713d0, L_0x559ebd671240, L_0x559ebd670b10;
L_0x559ebd66efe0/0/4 .functor AND 1, L_0x559ebd670290, C4<1>, C4<1>, C4<1>;
L_0x559ebd66efe0 .functor NAND 1, L_0x559ebd66efe0/0/0, L_0x559ebd66efe0/0/4, C4<1>, C4<1>;
v0x559ebd65ba20_0 .net "Cin", 0 0, L_0x559ebd66cf70;  alias, 1 drivers
v0x559ebd65bb10_0 .net "Cout", 0 0, L_0x559ebd66efe0;  alias, 1 drivers
v0x559ebd65bbd0_0 .net "Cout0", 0 0, L_0x559ebd66db60;  1 drivers
v0x559ebd65bca0_0 .net "Cout1", 0 0, L_0x559ebd66e5f0;  1 drivers
v0x559ebd65bd60_0 .net "Cout2", 0 0, L_0x559ebd66f6e0;  1 drivers
v0x559ebd65be70_0 .net "G", 3 0, L_0x559ebd66d460;  1 drivers
v0x559ebd65bf50_0 .net "Gn", 3 0, L_0x559ebd66d570;  1 drivers
v0x559ebd65c030_0 .net "P", 3 0, L_0x559ebd66d3f0;  1 drivers
v0x559ebd65c110_0 .net "P0Cin0", 0 0, L_0x559ebd66da10;  1 drivers
v0x559ebd65c1d0_0 .net "P0Gn0", 0 0, L_0x559ebd66d630;  1 drivers
v0x559ebd65c290_0 .net "P1G0", 0 0, L_0x559ebd66e340;  1 drivers
v0x559ebd65c350_0 .net "P1Gn1", 0 0, L_0x559ebd66dd40;  1 drivers
v0x559ebd65c410_0 .net "P1P0Cin0", 0 0, L_0x559ebd66e090;  1 drivers
v0x559ebd65c4d0_0 .net "P2G1", 0 0, L_0x559ebd66f4d0;  1 drivers
v0x559ebd65c590_0 .net "P2Gn2", 0 0, L_0x559ebd66e810;  1 drivers
v0x559ebd65c650_0 .net "P2P1G0", 0 0, L_0x559ebd66e970;  1 drivers
v0x559ebd65c710_0 .net "P2P1P0Cin0", 0 0, L_0x559ebd66e6b0;  1 drivers
v0x559ebd65c7d0_0 .net "P3G2", 0 0, L_0x559ebd6713d0;  1 drivers
v0x559ebd65c890_0 .net "P3Gn3", 0 0, L_0x559ebd66fac0;  1 drivers
v0x559ebd65c950_0 .net "P3P2G1", 0 0, L_0x559ebd671240;  1 drivers
v0x559ebd65ca10_0 .net "P3P2P1G0", 0 0, L_0x559ebd670b10;  1 drivers
v0x559ebd65cad0_0 .net "P3P2P1P0Cin0", 0 0, L_0x559ebd670290;  1 drivers
v0x559ebd65cb90_0 .net "S", 3 0, L_0x559ebd66fef0;  1 drivers
v0x559ebd65cc70_0 .net "X", 3 0, L_0x559ebd671d80;  1 drivers
v0x559ebd65cd50_0 .net "Y", 3 0, L_0x559ebd671e20;  1 drivers
v0x559ebd65ce30_0 .net *"_ivl_101", 0 0, L_0x559ebd6714f0;  1 drivers
v0x559ebd65cf10_0 .net *"_ivl_103", 0 0, L_0x559ebd6715e0;  1 drivers
v0x559ebd65cff0_0 .net *"_ivl_106", 0 0, L_0x559ebd671440;  1 drivers
v0x559ebd65d0d0_0 .net *"_ivl_108", 0 0, L_0x559ebd671920;  1 drivers
v0x559ebd65d1b0_0 .net *"_ivl_11", 0 0, L_0x559ebd66d950;  1 drivers
v0x559ebd65d290_0 .net *"_ivl_111", 0 0, L_0x559ebd671c90;  1 drivers
v0x559ebd65d370_0 .net *"_ivl_15", 0 0, L_0x559ebd66dac0;  1 drivers
v0x559ebd65d450_0 .net *"_ivl_18", 0 0, L_0x559ebd66dc20;  1 drivers
v0x559ebd65d530_0 .net *"_ivl_21", 0 0, L_0x559ebd66de00;  1 drivers
v0x559ebd65d610_0 .net *"_ivl_23", 0 0, L_0x559ebd66def0;  1 drivers
v0x559ebd65d6f0_0 .net *"_ivl_25", 0 0, L_0x559ebd66dfd0;  1 drivers
v0x559ebd65d7d0_0 .net *"_ivl_29", 0 0, L_0x559ebd66e160;  1 drivers
v0x559ebd65d8b0_0 .net *"_ivl_31", 0 0, L_0x559ebd66e200;  1 drivers
v0x559ebd65d990_0 .net *"_ivl_34", 0 0, L_0x559ebd66e3b0;  1 drivers
v0x559ebd65da70_0 .net *"_ivl_36", 0 0, L_0x559ebd66e4a0;  1 drivers
v0x559ebd65db50_0 .net *"_ivl_39", 0 0, L_0x559ebd66e720;  1 drivers
v0x559ebd65dc30_0 .net *"_ivl_42", 0 0, L_0x559ebd66e880;  1 drivers
v0x559ebd65dd10_0 .net *"_ivl_44", 0 0, L_0x559ebd66e9e0;  1 drivers
v0x559ebd65ddf0_0 .net *"_ivl_46", 0 0, L_0x559ebd66ead0;  1 drivers
v0x559ebd65ded0_0 .net *"_ivl_50", 0 0, L_0x559ebd66ec90;  1 drivers
v0x559ebd65dfb0_0 .net *"_ivl_52", 0 0, L_0x559ebd66ee00;  1 drivers
v0x559ebd65e090_0 .net *"_ivl_54", 0 0, L_0x559ebd66eef0;  1 drivers
v0x559ebd65e170_0 .net *"_ivl_57", 0 0, L_0x559ebd66f160;  1 drivers
v0x559ebd65e250_0 .net *"_ivl_59", 0 0, L_0x559ebd66f250;  1 drivers
v0x559ebd65e330_0 .net *"_ivl_61", 0 0, L_0x559ebd66f3e0;  1 drivers
v0x559ebd65e410_0 .net *"_ivl_64", 0 0, L_0x559ebd66f540;  1 drivers
v0x559ebd65e4f0_0 .net *"_ivl_66", 0 0, L_0x559ebd66f340;  1 drivers
v0x559ebd65e5d0_0 .net *"_ivl_69", 0 0, L_0x559ebd66f910;  1 drivers
v0x559ebd65e6b0_0 .net *"_ivl_7", 0 0, L_0x559ebd66d6d0;  1 drivers
v0x559ebd65e790_0 .net *"_ivl_72", 0 0, L_0x559ebd66fb30;  1 drivers
v0x559ebd65e870_0 .net *"_ivl_74", 0 0, L_0x559ebd66fc20;  1 drivers
v0x559ebd65e950_0 .net *"_ivl_76", 0 0, L_0x559ebd670080;  1 drivers
v0x559ebd65ea30_0 .net *"_ivl_81", 0 0, L_0x559ebd66f870;  1 drivers
v0x559ebd65eb10_0 .net *"_ivl_83", 0 0, L_0x559ebd670750;  1 drivers
v0x559ebd65ebf0_0 .net *"_ivl_85", 0 0, L_0x559ebd670840;  1 drivers
v0x559ebd65ecd0_0 .net *"_ivl_87", 0 0, L_0x559ebd670a20;  1 drivers
v0x559ebd65edb0_0 .net *"_ivl_9", 0 0, L_0x559ebd66d810;  1 drivers
v0x559ebd65ee90_0 .net *"_ivl_90", 0 0, L_0x559ebd670c70;  1 drivers
v0x559ebd65ef70_0 .net *"_ivl_92", 0 0, L_0x559ebd670e60;  1 drivers
v0x559ebd65f050_0 .net *"_ivl_94", 0 0, L_0x559ebd670f50;  1 drivers
v0x559ebd65f540_0 .net *"_ivl_96", 0 0, L_0x559ebd671150;  1 drivers
v0x559ebd65f620_0 .net *"_ivl_99", 0 0, L_0x559ebd6712e0;  1 drivers
L_0x559ebd66d6d0 .part L_0x559ebd66d3f0, 0, 1;
L_0x559ebd66d810 .part L_0x559ebd66d570, 0, 1;
L_0x559ebd66dac0 .part L_0x559ebd66d3f0, 0, 1;
L_0x559ebd66dc20 .part L_0x559ebd66d570, 0, 1;
L_0x559ebd66de00 .part L_0x559ebd66d3f0, 1, 1;
L_0x559ebd66def0 .part L_0x559ebd66d570, 1, 1;
L_0x559ebd66e160 .part L_0x559ebd66d3f0, 1, 1;
L_0x559ebd66e200 .part L_0x559ebd66d3f0, 0, 1;
L_0x559ebd66e3b0 .part L_0x559ebd66d3f0, 1, 1;
L_0x559ebd66e4a0 .part L_0x559ebd66d460, 0, 1;
L_0x559ebd66e720 .part L_0x559ebd66d570, 1, 1;
L_0x559ebd66e880 .part L_0x559ebd66d3f0, 2, 1;
L_0x559ebd66e9e0 .part L_0x559ebd66d570, 2, 1;
L_0x559ebd66ec90 .part L_0x559ebd66d3f0, 2, 1;
L_0x559ebd66ee00 .part L_0x559ebd66d3f0, 1, 1;
L_0x559ebd66eef0 .part L_0x559ebd66d3f0, 0, 1;
L_0x559ebd66f160 .part L_0x559ebd66d3f0, 2, 1;
L_0x559ebd66f250 .part L_0x559ebd66d3f0, 1, 1;
L_0x559ebd66f3e0 .part L_0x559ebd66d460, 0, 1;
L_0x559ebd66f540 .part L_0x559ebd66d3f0, 2, 1;
L_0x559ebd66f340 .part L_0x559ebd66d460, 1, 1;
L_0x559ebd66f910 .part L_0x559ebd66d570, 2, 1;
L_0x559ebd66fb30 .part L_0x559ebd66d3f0, 3, 1;
L_0x559ebd66fc20 .part L_0x559ebd66d570, 3, 1;
L_0x559ebd66fef0 .concat8 [ 1 1 1 1], L_0x559ebd66d950, L_0x559ebd66dfd0, L_0x559ebd66ead0, L_0x559ebd670080;
L_0x559ebd66f870 .part L_0x559ebd66d3f0, 3, 1;
L_0x559ebd670750 .part L_0x559ebd66d3f0, 2, 1;
L_0x559ebd670840 .part L_0x559ebd66d3f0, 1, 1;
L_0x559ebd670a20 .part L_0x559ebd66d3f0, 0, 1;
L_0x559ebd670c70 .part L_0x559ebd66d3f0, 3, 1;
L_0x559ebd670e60 .part L_0x559ebd66d3f0, 2, 1;
L_0x559ebd670f50 .part L_0x559ebd66d3f0, 1, 1;
L_0x559ebd671150 .part L_0x559ebd66d460, 0, 1;
L_0x559ebd6712e0 .part L_0x559ebd66d3f0, 3, 1;
L_0x559ebd6714f0 .part L_0x559ebd66d3f0, 2, 1;
L_0x559ebd6715e0 .part L_0x559ebd66d460, 1, 1;
L_0x559ebd671440 .part L_0x559ebd66d3f0, 3, 1;
L_0x559ebd671920 .part L_0x559ebd66d460, 2, 1;
L_0x559ebd671c90 .part L_0x559ebd66d570, 3, 1;
S_0x559ebd65f7a0 .scope module, "add3" "CLA_4" 2 51, 2 1 0, S_0x559ebd61b0d0;
 .timescale 0 0;
    .port_info 0 /INPUT 4 "X";
    .port_info 1 /INPUT 4 "Y";
    .port_info 2 /INPUT 1 "Cin";
    .port_info 3 /OUTPUT 4 "S";
    .port_info 4 /OUTPUT 1 "Cout";
L_0x559ebd671f00 .functor OR 4, L_0x559ebd6765f0, L_0x559ebd676690, C4<0000>, C4<0000>;
L_0x559ebd671f70 .functor AND 4, L_0x559ebd6765f0, L_0x559ebd676690, C4<1111>, C4<1111>;
L_0x559ebd672080 .functor NOT 4, L_0x559ebd671f70, C4<0000>, C4<0000>, C4<0000>;
L_0x559ebd672140 .functor AND 1, L_0x559ebd6721e0, L_0x559ebd672320, C4<1>, C4<1>;
L_0x559ebd672460 .functor XOR 1, L_0x559ebd672140, L_0x559ebd66efe0, C4<0>, C4<0>;
L_0x559ebd672520 .functor NAND 1, L_0x559ebd6725d0, L_0x559ebd66efe0, C4<1>, C4<1>;
L_0x559ebd672670 .functor NAND 1, L_0x559ebd672730, L_0x559ebd672520, C4<1>, C4<1>;
L_0x559ebd672850 .functor AND 1, L_0x559ebd672910, L_0x559ebd672a00, C4<1>, C4<1>;
L_0x559ebd672ae0 .functor XOR 1, L_0x559ebd672850, L_0x559ebd672670, C4<0>, C4<0>;
L_0x559ebd672ba0 .functor NAND 1, L_0x559ebd672c10, L_0x559ebd672cb0, L_0x559ebd66efe0, C4<1>;
L_0x559ebd672df0 .functor NAND 1, L_0x559ebd672e60, L_0x559ebd672f50, C4<1>, C4<1>;
L_0x559ebd6730a0 .functor NAND 1, L_0x559ebd6731d0, L_0x559ebd672df0, L_0x559ebd672ba0, C4<1>;
L_0x559ebd6732c0 .functor AND 1, L_0x559ebd673330, L_0x559ebd673490, C4<1>, C4<1>;
L_0x559ebd673580 .functor XOR 1, L_0x559ebd6732c0, L_0x559ebd6730a0, C4<0>, C4<0>;
L_0x559ebd673160 .functor NAND 1, L_0x559ebd6736c0, L_0x559ebd6737b0, L_0x559ebd6738a0, L_0x559ebd66efe0;
L_0x559ebd673420 .functor NAND 1, L_0x559ebd673b10, L_0x559ebd673c00, L_0x559ebd673d90, C4<1>;
L_0x559ebd673e80 .functor NAND 1, L_0x559ebd673ef0, L_0x559ebd673cf0, C4<1>, C4<1>;
L_0x559ebd674090 .functor NAND 1, L_0x559ebd6742c0, L_0x559ebd673e80, L_0x559ebd673420, L_0x559ebd673160;
L_0x559ebd674470 .functor AND 1, L_0x559ebd6744e0, L_0x559ebd6745d0, C4<1>, C4<1>;
L_0x559ebd674a30 .functor XOR 1, L_0x559ebd674470, L_0x559ebd674090, C4<0>, C4<0>;
L_0x559ebd674c40/0/0 .functor AND 1, L_0x559ebd674220, L_0x559ebd6750b0, L_0x559ebd6751a0, L_0x559ebd675380;
L_0x559ebd674c40/0/4 .functor AND 1, L_0x559ebd66efe0, C4<1>, C4<1>, C4<1>;
L_0x559ebd674c40 .functor NAND 1, L_0x559ebd674c40/0/0, L_0x559ebd674c40/0/4, C4<1>, C4<1>;
L_0x559ebd675470 .functor NAND 1, L_0x559ebd674b90, L_0x559ebd6756f0, L_0x559ebd6757e0, L_0x559ebd6759e0;
L_0x559ebd675ad0 .functor NAND 1, L_0x559ebd675ba0, L_0x559ebd675db0, L_0x559ebd675ea0, C4<1>;
L_0x559ebd675c90 .functor NAND 1, L_0x559ebd675d00, L_0x559ebd676190, C4<1>, C4<1>;
L_0x559ebd673990/0/0 .functor AND 1, L_0x559ebd676500, L_0x559ebd675c90, L_0x559ebd675ad0, L_0x559ebd675470;
L_0x559ebd673990/0/4 .functor AND 1, L_0x559ebd674c40, C4<1>, C4<1>, C4<1>;
L_0x559ebd673990 .functor NAND 1, L_0x559ebd673990/0/0, L_0x559ebd673990/0/4, C4<1>, C4<1>;
v0x559ebd65f930_0 .net "Cin", 0 0, L_0x559ebd66efe0;  alias, 1 drivers
v0x559ebd65fa40_0 .net "Cout", 0 0, L_0x559ebd673990;  alias, 1 drivers
v0x559ebd65fb00_0 .net "Cout0", 0 0, L_0x559ebd672670;  1 drivers
v0x559ebd65fbd0_0 .net "Cout1", 0 0, L_0x559ebd6730a0;  1 drivers
v0x559ebd65fc90_0 .net "Cout2", 0 0, L_0x559ebd674090;  1 drivers
v0x559ebd65fda0_0 .net "G", 3 0, L_0x559ebd671f70;  1 drivers
v0x559ebd65fe80_0 .net "Gn", 3 0, L_0x559ebd672080;  1 drivers
v0x559ebd65ff60_0 .net "P", 3 0, L_0x559ebd671f00;  1 drivers
v0x559ebd660040_0 .net "P0Cin0", 0 0, L_0x559ebd672520;  1 drivers
v0x559ebd660100_0 .net "P0Gn0", 0 0, L_0x559ebd672140;  1 drivers
v0x559ebd6601c0_0 .net "P1G0", 0 0, L_0x559ebd672df0;  1 drivers
v0x559ebd660280_0 .net "P1Gn1", 0 0, L_0x559ebd672850;  1 drivers
v0x559ebd660340_0 .net "P1P0Cin0", 0 0, L_0x559ebd672ba0;  1 drivers
v0x559ebd660400_0 .net "P2G1", 0 0, L_0x559ebd673e80;  1 drivers
v0x559ebd6604c0_0 .net "P2Gn2", 0 0, L_0x559ebd6732c0;  1 drivers
v0x559ebd660580_0 .net "P2P1G0", 0 0, L_0x559ebd673420;  1 drivers
v0x559ebd660640_0 .net "P2P1P0Cin0", 0 0, L_0x559ebd673160;  1 drivers
v0x559ebd660700_0 .net "P3G2", 0 0, L_0x559ebd675c90;  1 drivers
v0x559ebd6607c0_0 .net "P3Gn3", 0 0, L_0x559ebd674470;  1 drivers
v0x559ebd660880_0 .net "P3P2G1", 0 0, L_0x559ebd675ad0;  1 drivers
v0x559ebd660940_0 .net "P3P2P1G0", 0 0, L_0x559ebd675470;  1 drivers
v0x559ebd660a00_0 .net "P3P2P1P0Cin0", 0 0, L_0x559ebd674c40;  1 drivers
v0x559ebd660ac0_0 .net "S", 3 0, L_0x559ebd6748a0;  1 drivers
v0x559ebd660ba0_0 .net "X", 3 0, L_0x559ebd6765f0;  1 drivers
v0x559ebd660c80_0 .net "Y", 3 0, L_0x559ebd676690;  1 drivers
v0x559ebd660d60_0 .net *"_ivl_101", 0 0, L_0x559ebd675db0;  1 drivers
v0x559ebd660e40_0 .net *"_ivl_103", 0 0, L_0x559ebd675ea0;  1 drivers
v0x559ebd660f20_0 .net *"_ivl_106", 0 0, L_0x559ebd675d00;  1 drivers
v0x559ebd661000_0 .net *"_ivl_108", 0 0, L_0x559ebd676190;  1 drivers
v0x559ebd6610e0_0 .net *"_ivl_11", 0 0, L_0x559ebd672460;  1 drivers
v0x559ebd6611c0_0 .net *"_ivl_111", 0 0, L_0x559ebd676500;  1 drivers
v0x559ebd6612a0_0 .net *"_ivl_15", 0 0, L_0x559ebd6725d0;  1 drivers
v0x559ebd661380_0 .net *"_ivl_18", 0 0, L_0x559ebd672730;  1 drivers
v0x559ebd661460_0 .net *"_ivl_21", 0 0, L_0x559ebd672910;  1 drivers
v0x559ebd661540_0 .net *"_ivl_23", 0 0, L_0x559ebd672a00;  1 drivers
v0x559ebd661620_0 .net *"_ivl_25", 0 0, L_0x559ebd672ae0;  1 drivers
v0x559ebd661700_0 .net *"_ivl_29", 0 0, L_0x559ebd672c10;  1 drivers
v0x559ebd6617e0_0 .net *"_ivl_31", 0 0, L_0x559ebd672cb0;  1 drivers
v0x559ebd6618c0_0 .net *"_ivl_34", 0 0, L_0x559ebd672e60;  1 drivers
v0x559ebd6619a0_0 .net *"_ivl_36", 0 0, L_0x559ebd672f50;  1 drivers
v0x559ebd661a80_0 .net *"_ivl_39", 0 0, L_0x559ebd6731d0;  1 drivers
v0x559ebd661b60_0 .net *"_ivl_42", 0 0, L_0x559ebd673330;  1 drivers
v0x559ebd661c40_0 .net *"_ivl_44", 0 0, L_0x559ebd673490;  1 drivers
v0x559ebd661d20_0 .net *"_ivl_46", 0 0, L_0x559ebd673580;  1 drivers
v0x559ebd661e00_0 .net *"_ivl_50", 0 0, L_0x559ebd6736c0;  1 drivers
v0x559ebd661ee0_0 .net *"_ivl_52", 0 0, L_0x559ebd6737b0;  1 drivers
v0x559ebd661fc0_0 .net *"_ivl_54", 0 0, L_0x559ebd6738a0;  1 drivers
v0x559ebd6620a0_0 .net *"_ivl_57", 0 0, L_0x559ebd673b10;  1 drivers
v0x559ebd662180_0 .net *"_ivl_59", 0 0, L_0x559ebd673c00;  1 drivers
v0x559ebd662260_0 .net *"_ivl_61", 0 0, L_0x559ebd673d90;  1 drivers
v0x559ebd662340_0 .net *"_ivl_64", 0 0, L_0x559ebd673ef0;  1 drivers
v0x559ebd662420_0 .net *"_ivl_66", 0 0, L_0x559ebd673cf0;  1 drivers
v0x559ebd662500_0 .net *"_ivl_69", 0 0, L_0x559ebd6742c0;  1 drivers
v0x559ebd6625e0_0 .net *"_ivl_7", 0 0, L_0x559ebd6721e0;  1 drivers
v0x559ebd6626c0_0 .net *"_ivl_72", 0 0, L_0x559ebd6744e0;  1 drivers
v0x559ebd6627a0_0 .net *"_ivl_74", 0 0, L_0x559ebd6745d0;  1 drivers
v0x559ebd662880_0 .net *"_ivl_76", 0 0, L_0x559ebd674a30;  1 drivers
v0x559ebd662960_0 .net *"_ivl_81", 0 0, L_0x559ebd674220;  1 drivers
v0x559ebd662a40_0 .net *"_ivl_83", 0 0, L_0x559ebd6750b0;  1 drivers
v0x559ebd662b20_0 .net *"_ivl_85", 0 0, L_0x559ebd6751a0;  1 drivers
v0x559ebd662c00_0 .net *"_ivl_87", 0 0, L_0x559ebd675380;  1 drivers
v0x559ebd662ce0_0 .net *"_ivl_9", 0 0, L_0x559ebd672320;  1 drivers
v0x559ebd662dc0_0 .net *"_ivl_90", 0 0, L_0x559ebd674b90;  1 drivers
v0x559ebd662ea0_0 .net *"_ivl_92", 0 0, L_0x559ebd6756f0;  1 drivers
v0x559ebd662f80_0 .net *"_ivl_94", 0 0, L_0x559ebd6757e0;  1 drivers
v0x559ebd663470_0 .net *"_ivl_96", 0 0, L_0x559ebd6759e0;  1 drivers
v0x559ebd663550_0 .net *"_ivl_99", 0 0, L_0x559ebd675ba0;  1 drivers
L_0x559ebd6721e0 .part L_0x559ebd671f00, 0, 1;
L_0x559ebd672320 .part L_0x559ebd672080, 0, 1;
L_0x559ebd6725d0 .part L_0x559ebd671f00, 0, 1;
L_0x559ebd672730 .part L_0x559ebd672080, 0, 1;
L_0x559ebd672910 .part L_0x559ebd671f00, 1, 1;
L_0x559ebd672a00 .part L_0x559ebd672080, 1, 1;
L_0x559ebd672c10 .part L_0x559ebd671f00, 1, 1;
L_0x559ebd672cb0 .part L_0x559ebd671f00, 0, 1;
L_0x559ebd672e60 .part L_0x559ebd671f00, 1, 1;
L_0x559ebd672f50 .part L_0x559ebd671f70, 0, 1;
L_0x559ebd6731d0 .part L_0x559ebd672080, 1, 1;
L_0x559ebd673330 .part L_0x559ebd671f00, 2, 1;
L_0x559ebd673490 .part L_0x559ebd672080, 2, 1;
L_0x559ebd6736c0 .part L_0x559ebd671f00, 2, 1;
L_0x559ebd6737b0 .part L_0x559ebd671f00, 1, 1;
L_0x559ebd6738a0 .part L_0x559ebd671f00, 0, 1;
L_0x559ebd673b10 .part L_0x559ebd671f00, 2, 1;
L_0x559ebd673c00 .part L_0x559ebd671f00, 1, 1;
L_0x559ebd673d90 .part L_0x559ebd671f70, 0, 1;
L_0x559ebd673ef0 .part L_0x559ebd671f00, 2, 1;
L_0x559ebd673cf0 .part L_0x559ebd671f70, 1, 1;
L_0x559ebd6742c0 .part L_0x559ebd672080, 2, 1;
L_0x559ebd6744e0 .part L_0x559ebd671f00, 3, 1;
L_0x559ebd6745d0 .part L_0x559ebd672080, 3, 1;
L_0x559ebd6748a0 .concat8 [ 1 1 1 1], L_0x559ebd672460, L_0x559ebd672ae0, L_0x559ebd673580, L_0x559ebd674a30;
L_0x559ebd674220 .part L_0x559ebd671f00, 3, 1;
L_0x559ebd6750b0 .part L_0x559ebd671f00, 2, 1;
L_0x559ebd6751a0 .part L_0x559ebd671f00, 1, 1;
L_0x559ebd675380 .part L_0x559ebd671f00, 0, 1;
L_0x559ebd674b90 .part L_0x559ebd671f00, 3, 1;
L_0x559ebd6756f0 .part L_0x559ebd671f00, 2, 1;
L_0x559ebd6757e0 .part L_0x559ebd671f00, 1, 1;
L_0x559ebd6759e0 .part L_0x559ebd671f70, 0, 1;
L_0x559ebd675ba0 .part L_0x559ebd671f00, 3, 1;
L_0x559ebd675db0 .part L_0x559ebd671f00, 2, 1;
L_0x559ebd675ea0 .part L_0x559ebd671f70, 1, 1;
L_0x559ebd675d00 .part L_0x559ebd671f00, 3, 1;
L_0x559ebd676190 .part L_0x559ebd671f70, 2, 1;
L_0x559ebd676500 .part L_0x559ebd672080, 3, 1;
# The file index is used to find the file name in the following table.
:file_names 3;
    "N/A";
    "<interactive>";
    "CLA_16.v";
