#! /usr/bin/vvp
:ivl_version "11.0 (stable)";
:ivl_delay_selection "TYPICAL";
:vpi_time_precision - 9;
:vpi_module "/usr/lib/x86_64-linux-gnu/ivl/system.vpi";
:vpi_module "/usr/lib/x86_64-linux-gnu/ivl/vhdl_sys.vpi";
:vpi_module "/usr/lib/x86_64-linux-gnu/ivl/vhdl_textio.vpi";
:vpi_module "/usr/lib/x86_64-linux-gnu/ivl/v2005_math.vpi";
:vpi_module "/usr/lib/x86_64-linux-gnu/ivl/va_math.vpi";
S_0x5632362bfc20 .scope module, "tb_CLA_16" "tb_CLA_16" 2 3;
 .timescale -9 -9;
v0x563236309760_0 .var "Cin", 0 0;
v0x563236309870_0 .var "X", 15 0;
v0x563236309930_0 .var "Y", 15 0;
v0x5632363099d0_0 .var/i "j", 31 0;
S_0x5632362cd4a0 .scope module, "data" "CLA_16" 2 15, 3 5 0, S_0x5632362bfc20;
 .timescale -9 -9;
    .port_info 0 /INPUT 16 "X";
    .port_info 1 /INPUT 16 "Y";
    .port_info 2 /INPUT 1 "Cin";
    .port_info 3 /OUTPUT 16 "S";
    .port_info 4 /OUTPUT 1 "Cout";
v0x563236308ff0_0 .net "Cin", 0 0, v0x563236309760_0;  1 drivers
v0x5632363090b0_0 .net "Cout", 0 0, L_0x56323631be80;  1 drivers
v0x563236309180_0 .net "Cout0", 0 0, L_0x56323630df40;  1 drivers
v0x563236309250_0 .net "Cout1", 0 0, L_0x563236312ab0;  1 drivers
v0x563236309340_0 .net "Cout2", 0 0, L_0x563236314ae0;  1 drivers
v0x563236309480_0 .net "S", 15 0, L_0x56323631c210;  1 drivers
v0x563236309520_0 .net "X", 15 0, v0x563236309870_0;  1 drivers
v0x5632363095e0_0 .net "Y", 15 0, v0x563236309930_0;  1 drivers
L_0x56323630e1e0 .part v0x563236309870_0, 0, 4;
L_0x56323630e2d0 .part v0x563236309930_0, 0, 4;
L_0x563236312d50 .part v0x563236309870_0, 4, 4;
L_0x563236312df0 .part v0x563236309930_0, 4, 4;
L_0x563236317880 .part v0x563236309870_0, 8, 4;
L_0x563236317920 .part v0x563236309930_0, 8, 4;
L_0x56323631c080 .part v0x563236309870_0, 12, 4;
L_0x56323631c120 .part v0x563236309930_0, 12, 4;
L_0x56323631c210 .concat8 [ 4 4 4 4], L_0x56323630c600, L_0x563236310e50, L_0x5632363159f0, L_0x56323631a360;
S_0x5632362dad20 .scope module, "add0" "CLA_4" 3 13, 4 4 0, S_0x5632362cd4a0;
 .timescale -9 -9;
    .port_info 0 /INPUT 4 "X";
    .port_info 1 /INPUT 4 "Y";
    .port_info 2 /INPUT 1 "Cin";
    .port_info 3 /OUTPUT 4 "S";
    .port_info 4 /OUTPUT 1 "Cout";
L_0x563236309a70 .functor OR 4, L_0x56323630e1e0, L_0x56323630e2d0, C4<0000>, C4<0000>;
L_0x563236309b30 .functor AND 4, L_0x56323630e1e0, L_0x56323630e2d0, C4<1111>, C4<1111>;
L_0x563236309c70 .functor NOT 4, L_0x563236309b30, C4<0000>, C4<0000>, C4<0000>;
L_0x563236309d30 .functor AND 1, L_0x563236309e00, L_0x563236309f40, C4<1>, C4<1>;
L_0x56323630a080 .functor XOR 1, L_0x563236309d30, v0x563236309760_0, C4<0>, C4<0>;
L_0x56323630a140 .functor NAND 1, L_0x56323630a1f0, v0x563236309760_0, C4<1>, C4<1>;
L_0x56323630a290 .functor NAND 1, L_0x56323630a350, L_0x56323630a140, C4<1>, C4<1>;
L_0x56323630a470 .functor AND 1, L_0x56323630a530, L_0x56323630a620, C4<1>, C4<1>;
L_0x56323630a790 .functor XOR 1, L_0x56323630a470, L_0x56323630a290, C4<0>, C4<0>;
L_0x56323630a850 .functor NAND 1, L_0x56323630a920, L_0x56323630a9c0, v0x563236309760_0, C4<1>;
L_0x56323630ab00 .functor NAND 1, L_0x56323630ab70, L_0x56323630ac60, C4<1>, C4<1>;
L_0x56323630adb0 .functor NAND 1, L_0x56323630af10, L_0x56323630ab00, L_0x56323630a850, C4<1>;
L_0x56323630b000 .functor AND 1, L_0x56323630b070, L_0x56323630b1d0, C4<1>, C4<1>;
L_0x56323630b2c0 .functor XOR 1, L_0x56323630b000, L_0x56323630adb0, C4<0>, C4<0>;
L_0x56323630aea0 .functor NAND 1, L_0x56323630b4b0, L_0x56323630b620, L_0x56323630b710, v0x563236309760_0;
L_0x56323630b160 .functor NAND 1, L_0x56323630b980, L_0x56323630ba70, L_0x56323630bc00, C4<1>;
L_0x56323630bcf0 .functor NAND 1, L_0x56323630bd60, L_0x56323630bb60, C4<1>, C4<1>;
L_0x56323630bf00 .functor NAND 1, L_0x56323630c130, L_0x56323630bcf0, L_0x56323630b160, L_0x56323630aea0;
L_0x56323630c2e0 .functor AND 1, L_0x56323630c350, L_0x56323630c440, C4<1>, C4<1>;
L_0x56323630c790 .functor XOR 1, L_0x56323630c2e0, L_0x56323630bf00, C4<0>, C4<0>;
L_0x56323630c9a0/0/0 .functor AND 1, L_0x56323630c090, L_0x56323630cb40, L_0x56323630cc30, L_0x56323630ce10;
L_0x56323630c9a0/0/4 .functor AND 1, v0x563236309760_0, C4<1>, C4<1>, C4<1>;
L_0x56323630c9a0 .functor NAND 1, L_0x56323630c9a0/0/0, L_0x56323630c9a0/0/4, C4<1>, C4<1>;
L_0x56323630cf00 .functor NAND 1, L_0x56323630d060, L_0x56323630d250, L_0x56323630d340, L_0x56323630d540;
L_0x56323630d630 .functor NAND 1, L_0x56323630d6d0, L_0x56323630d8e0, L_0x56323630d9d0, C4<1>;
L_0x56323630d7c0 .functor NAND 1, L_0x56323630d830, L_0x56323630dd10, C4<1>, C4<1>;
L_0x56323630df40/0/0 .functor AND 1, L_0x56323630e0f0, L_0x56323630d7c0, L_0x56323630d630, L_0x56323630cf00;
L_0x56323630df40/0/4 .functor AND 1, L_0x56323630c9a0, C4<1>, C4<1>, C4<1>;
L_0x56323630df40 .functor NAND 1, L_0x56323630df40/0/0, L_0x56323630df40/0/4, C4<1>, C4<1>;
v0x5632362db320_0 .net "Cin", 0 0, v0x563236309760_0;  alias, 1 drivers
v0x5632362cdaa0_0 .net "Cout", 0 0, L_0x56323630df40;  alias, 1 drivers
v0x5632362c0220_0 .net "Cout0", 0 0, L_0x56323630a290;  1 drivers
v0x5632362b2970_0 .net "Cout1", 0 0, L_0x56323630adb0;  1 drivers
v0x5632362f9660_0 .net "Cout2", 0 0, L_0x56323630bf00;  1 drivers
v0x5632362f9770_0 .net "G", 3 0, L_0x563236309b30;  1 drivers
v0x5632362f9850_0 .net "Gn", 3 0, L_0x563236309c70;  1 drivers
v0x5632362f9930_0 .net "P", 3 0, L_0x563236309a70;  1 drivers
v0x5632362f9a10_0 .net "P0Cin0", 0 0, L_0x56323630a140;  1 drivers
v0x5632362f9ad0_0 .net "P0Gn0", 0 0, L_0x563236309d30;  1 drivers
v0x5632362f9b90_0 .net "P1G0", 0 0, L_0x56323630ab00;  1 drivers
v0x5632362f9c50_0 .net "P1Gn1", 0 0, L_0x56323630a470;  1 drivers
v0x5632362f9d10_0 .net "P1P0Cin0", 0 0, L_0x56323630a850;  1 drivers
v0x5632362f9dd0_0 .net "P2G1", 0 0, L_0x56323630bcf0;  1 drivers
v0x5632362f9e90_0 .net "P2Gn2", 0 0, L_0x56323630b000;  1 drivers
v0x5632362f9f50_0 .net "P2P1G0", 0 0, L_0x56323630b160;  1 drivers
v0x5632362fa010_0 .net "P2P1P0Cin0", 0 0, L_0x56323630aea0;  1 drivers
v0x5632362fa0d0_0 .net "P3G2", 0 0, L_0x56323630d7c0;  1 drivers
v0x5632362fa190_0 .net "P3Gn3", 0 0, L_0x56323630c2e0;  1 drivers
v0x5632362fa250_0 .net "P3P2G1", 0 0, L_0x56323630d630;  1 drivers
v0x5632362fa310_0 .net "P3P2P1G0", 0 0, L_0x56323630cf00;  1 drivers
v0x5632362fa3d0_0 .net "P3P2P1P0Cin0", 0 0, L_0x56323630c9a0;  1 drivers
v0x5632362fa490_0 .net "S", 3 0, L_0x56323630c600;  1 drivers
v0x5632362fa570_0 .net "X", 3 0, L_0x56323630e1e0;  1 drivers
v0x5632362fa650_0 .net "Y", 3 0, L_0x56323630e2d0;  1 drivers
v0x5632362fa730_0 .net *"_ivl_101", 0 0, L_0x56323630d8e0;  1 drivers
v0x5632362fa810_0 .net *"_ivl_103", 0 0, L_0x56323630d9d0;  1 drivers
v0x5632362fa8f0_0 .net *"_ivl_106", 0 0, L_0x56323630d830;  1 drivers
v0x5632362fa9d0_0 .net *"_ivl_108", 0 0, L_0x56323630dd10;  1 drivers
v0x5632362faab0_0 .net *"_ivl_11", 0 0, L_0x56323630a080;  1 drivers
v0x5632362fab90_0 .net *"_ivl_111", 0 0, L_0x56323630e0f0;  1 drivers
v0x5632362fac70_0 .net *"_ivl_15", 0 0, L_0x56323630a1f0;  1 drivers
v0x5632362fad50_0 .net *"_ivl_18", 0 0, L_0x56323630a350;  1 drivers
v0x5632362fb040_0 .net *"_ivl_21", 0 0, L_0x56323630a530;  1 drivers
v0x5632362fb120_0 .net *"_ivl_23", 0 0, L_0x56323630a620;  1 drivers
v0x5632362fb200_0 .net *"_ivl_25", 0 0, L_0x56323630a790;  1 drivers
v0x5632362fb2e0_0 .net *"_ivl_29", 0 0, L_0x56323630a920;  1 drivers
v0x5632362fb3c0_0 .net *"_ivl_31", 0 0, L_0x56323630a9c0;  1 drivers
v0x5632362fb4a0_0 .net *"_ivl_34", 0 0, L_0x56323630ab70;  1 drivers
v0x5632362fb580_0 .net *"_ivl_36", 0 0, L_0x56323630ac60;  1 drivers
v0x5632362fb660_0 .net *"_ivl_39", 0 0, L_0x56323630af10;  1 drivers
v0x5632362fb740_0 .net *"_ivl_42", 0 0, L_0x56323630b070;  1 drivers
v0x5632362fb820_0 .net *"_ivl_44", 0 0, L_0x56323630b1d0;  1 drivers
v0x5632362fb900_0 .net *"_ivl_46", 0 0, L_0x56323630b2c0;  1 drivers
v0x5632362fb9e0_0 .net *"_ivl_50", 0 0, L_0x56323630b4b0;  1 drivers
v0x5632362fbac0_0 .net *"_ivl_52", 0 0, L_0x56323630b620;  1 drivers
v0x5632362fbba0_0 .net *"_ivl_54", 0 0, L_0x56323630b710;  1 drivers
v0x5632362fbc80_0 .net *"_ivl_57", 0 0, L_0x56323630b980;  1 drivers
v0x5632362fbd60_0 .net *"_ivl_59", 0 0, L_0x56323630ba70;  1 drivers
v0x5632362fbe40_0 .net *"_ivl_61", 0 0, L_0x56323630bc00;  1 drivers
v0x5632362fbf20_0 .net *"_ivl_64", 0 0, L_0x56323630bd60;  1 drivers
v0x5632362fc000_0 .net *"_ivl_66", 0 0, L_0x56323630bb60;  1 drivers
v0x5632362fc0e0_0 .net *"_ivl_69", 0 0, L_0x56323630c130;  1 drivers
v0x5632362fc1c0_0 .net *"_ivl_7", 0 0, L_0x563236309e00;  1 drivers
v0x5632362fc2a0_0 .net *"_ivl_72", 0 0, L_0x56323630c350;  1 drivers
v0x5632362fc380_0 .net *"_ivl_74", 0 0, L_0x56323630c440;  1 drivers
v0x5632362fc460_0 .net *"_ivl_76", 0 0, L_0x56323630c790;  1 drivers
v0x5632362fc540_0 .net *"_ivl_81", 0 0, L_0x56323630c090;  1 drivers
v0x5632362fc620_0 .net *"_ivl_83", 0 0, L_0x56323630cb40;  1 drivers
v0x5632362fc700_0 .net *"_ivl_85", 0 0, L_0x56323630cc30;  1 drivers
v0x5632362fc7e0_0 .net *"_ivl_87", 0 0, L_0x56323630ce10;  1 drivers
v0x5632362fc8c0_0 .net *"_ivl_9", 0 0, L_0x563236309f40;  1 drivers
v0x5632362fc9a0_0 .net *"_ivl_90", 0 0, L_0x56323630d060;  1 drivers
v0x5632362fca80_0 .net *"_ivl_92", 0 0, L_0x56323630d250;  1 drivers
v0x5632362fcb60_0 .net *"_ivl_94", 0 0, L_0x56323630d340;  1 drivers
v0x5632362fd050_0 .net *"_ivl_96", 0 0, L_0x56323630d540;  1 drivers
v0x5632362fd130_0 .net *"_ivl_99", 0 0, L_0x56323630d6d0;  1 drivers
L_0x563236309e00 .part L_0x563236309a70, 0, 1;
L_0x563236309f40 .part L_0x563236309c70, 0, 1;
L_0x56323630a1f0 .part L_0x563236309a70, 0, 1;
L_0x56323630a350 .part L_0x563236309c70, 0, 1;
L_0x56323630a530 .part L_0x563236309a70, 1, 1;
L_0x56323630a620 .part L_0x563236309c70, 1, 1;
L_0x56323630a920 .part L_0x563236309a70, 1, 1;
L_0x56323630a9c0 .part L_0x563236309a70, 0, 1;
L_0x56323630ab70 .part L_0x563236309a70, 1, 1;
L_0x56323630ac60 .part L_0x563236309b30, 0, 1;
L_0x56323630af10 .part L_0x563236309c70, 1, 1;
L_0x56323630b070 .part L_0x563236309a70, 2, 1;
L_0x56323630b1d0 .part L_0x563236309c70, 2, 1;
L_0x56323630b4b0 .part L_0x563236309a70, 2, 1;
L_0x56323630b620 .part L_0x563236309a70, 1, 1;
L_0x56323630b710 .part L_0x563236309a70, 0, 1;
L_0x56323630b980 .part L_0x563236309a70, 2, 1;
L_0x56323630ba70 .part L_0x563236309a70, 1, 1;
L_0x56323630bc00 .part L_0x563236309b30, 0, 1;
L_0x56323630bd60 .part L_0x563236309a70, 2, 1;
L_0x56323630bb60 .part L_0x563236309b30, 1, 1;
L_0x56323630c130 .part L_0x563236309c70, 2, 1;
L_0x56323630c350 .part L_0x563236309a70, 3, 1;
L_0x56323630c440 .part L_0x563236309c70, 3, 1;
L_0x56323630c600 .concat8 [ 1 1 1 1], L_0x56323630a080, L_0x56323630a790, L_0x56323630b2c0, L_0x56323630c790;
L_0x56323630c090 .part L_0x563236309a70, 3, 1;
L_0x56323630cb40 .part L_0x563236309a70, 2, 1;
L_0x56323630cc30 .part L_0x563236309a70, 1, 1;
L_0x56323630ce10 .part L_0x563236309a70, 0, 1;
L_0x56323630d060 .part L_0x563236309a70, 3, 1;
L_0x56323630d250 .part L_0x563236309a70, 2, 1;
L_0x56323630d340 .part L_0x563236309a70, 1, 1;
L_0x56323630d540 .part L_0x563236309b30, 0, 1;
L_0x56323630d6d0 .part L_0x563236309a70, 3, 1;
L_0x56323630d8e0 .part L_0x563236309a70, 2, 1;
L_0x56323630d9d0 .part L_0x563236309b30, 1, 1;
L_0x56323630d830 .part L_0x563236309a70, 3, 1;
L_0x56323630dd10 .part L_0x563236309b30, 2, 1;
L_0x56323630e0f0 .part L_0x563236309c70, 3, 1;
S_0x5632362fd2b0 .scope module, "add1" "CLA_4" 3 14, 4 4 0, S_0x5632362cd4a0;
 .timescale -9 -9;
    .port_info 0 /INPUT 4 "X";
    .port_info 1 /INPUT 4 "Y";
    .port_info 2 /INPUT 1 "Cin";
    .port_info 3 /OUTPUT 4 "S";
    .port_info 4 /OUTPUT 1 "Cout";
L_0x56323630e3c0 .functor OR 4, L_0x563236312d50, L_0x563236312df0, C4<0000>, C4<0000>;
L_0x56323630e430 .functor AND 4, L_0x563236312d50, L_0x563236312df0, C4<1111>, C4<1111>;
L_0x56323630e540 .functor NOT 4, L_0x56323630e430, C4<0000>, C4<0000>, C4<0000>;
L_0x56323630e600 .functor AND 1, L_0x56323630e670, L_0x56323630e7b0, C4<1>, C4<1>;
L_0x56323630e8f0 .functor XOR 1, L_0x56323630e600, L_0x56323630df40, C4<0>, C4<0>;
L_0x56323630e9b0 .functor NAND 1, L_0x56323630ea20, L_0x56323630df40, C4<1>, C4<1>;
L_0x56323630eac0 .functor NAND 1, L_0x56323630eb80, L_0x56323630e9b0, C4<1>, C4<1>;
L_0x56323630eca0 .functor AND 1, L_0x56323630ed60, L_0x56323630ee50, C4<1>, C4<1>;
L_0x56323630ef30 .functor XOR 1, L_0x56323630eca0, L_0x56323630eac0, C4<0>, C4<0>;
L_0x56323630eff0 .functor NAND 1, L_0x56323630f0c0, L_0x56323630f160, L_0x56323630df40, C4<1>;
L_0x56323630f2a0 .functor NAND 1, L_0x56323630f310, L_0x56323630f400, C4<1>, C4<1>;
L_0x56323630f550 .functor NAND 1, L_0x56323630f680, L_0x56323630f2a0, L_0x56323630eff0, C4<1>;
L_0x56323630f770 .functor AND 1, L_0x56323630f7e0, L_0x56323630f940, C4<1>, C4<1>;
L_0x56323630fa30 .functor XOR 1, L_0x56323630f770, L_0x56323630f550, C4<0>, C4<0>;
L_0x56323630f610 .functor NAND 1, L_0x56323630fbf0, L_0x56323630fd60, L_0x56323630fe50, L_0x56323630df40;
L_0x56323630f8d0 .functor NAND 1, L_0x5632363100c0, L_0x5632363101b0, L_0x563236310340, C4<1>;
L_0x563236310430 .functor NAND 1, L_0x5632363104a0, L_0x5632363102a0, C4<1>, C4<1>;
L_0x563236310640 .functor NAND 1, L_0x563236310870, L_0x563236310430, L_0x56323630f8d0, L_0x56323630f610;
L_0x563236310a20 .functor AND 1, L_0x563236310a90, L_0x563236310b80, C4<1>, C4<1>;
L_0x563236310fe0 .functor XOR 1, L_0x563236310a20, L_0x563236310640, C4<0>, C4<0>;
L_0x5632363111f0/0/0 .functor AND 1, L_0x5632363107d0, L_0x5632363116b0, L_0x5632363117a0, L_0x563236311980;
L_0x5632363111f0/0/4 .functor AND 1, L_0x56323630df40, C4<1>, C4<1>, C4<1>;
L_0x5632363111f0 .functor NAND 1, L_0x5632363111f0/0/0, L_0x5632363111f0/0/4, C4<1>, C4<1>;
L_0x563236311a70 .functor NAND 1, L_0x563236311bd0, L_0x563236311dc0, L_0x563236311eb0, L_0x5632363120b0;
L_0x5632363121a0 .functor NAND 1, L_0x563236312240, L_0x563236312450, L_0x563236312540, C4<1>;
L_0x563236312330 .functor NAND 1, L_0x5632363123a0, L_0x563236312880, C4<1>, C4<1>;
L_0x563236312ab0/0/0 .functor AND 1, L_0x563236312c60, L_0x563236312330, L_0x5632363121a0, L_0x563236311a70;
L_0x563236312ab0/0/4 .functor AND 1, L_0x5632363111f0, C4<1>, C4<1>, C4<1>;
L_0x563236312ab0 .functor NAND 1, L_0x563236312ab0/0/0, L_0x563236312ab0/0/4, C4<1>, C4<1>;
v0x5632362fd460_0 .net "Cin", 0 0, L_0x56323630df40;  alias, 1 drivers
v0x5632362fd520_0 .net "Cout", 0 0, L_0x563236312ab0;  alias, 1 drivers
v0x5632362fd5e0_0 .net "Cout0", 0 0, L_0x56323630eac0;  1 drivers
v0x5632362fd680_0 .net "Cout1", 0 0, L_0x56323630f550;  1 drivers
v0x5632362fd740_0 .net "Cout2", 0 0, L_0x563236310640;  1 drivers
v0x5632362fd850_0 .net "G", 3 0, L_0x56323630e430;  1 drivers
v0x5632362fd930_0 .net "Gn", 3 0, L_0x56323630e540;  1 drivers
v0x5632362fda10_0 .net "P", 3 0, L_0x56323630e3c0;  1 drivers
v0x5632362fdaf0_0 .net "P0Cin0", 0 0, L_0x56323630e9b0;  1 drivers
v0x5632362fdbb0_0 .net "P0Gn0", 0 0, L_0x56323630e600;  1 drivers
v0x5632362fdc70_0 .net "P1G0", 0 0, L_0x56323630f2a0;  1 drivers
v0x5632362fdd30_0 .net "P1Gn1", 0 0, L_0x56323630eca0;  1 drivers
v0x5632362fddf0_0 .net "P1P0Cin0", 0 0, L_0x56323630eff0;  1 drivers
v0x5632362fdeb0_0 .net "P2G1", 0 0, L_0x563236310430;  1 drivers
v0x5632362fdf70_0 .net "P2Gn2", 0 0, L_0x56323630f770;  1 drivers
v0x5632362fe030_0 .net "P2P1G0", 0 0, L_0x56323630f8d0;  1 drivers
v0x5632362fe0f0_0 .net "P2P1P0Cin0", 0 0, L_0x56323630f610;  1 drivers
v0x5632362fe1b0_0 .net "P3G2", 0 0, L_0x563236312330;  1 drivers
v0x5632362fe270_0 .net "P3Gn3", 0 0, L_0x563236310a20;  1 drivers
v0x5632362fe330_0 .net "P3P2G1", 0 0, L_0x5632363121a0;  1 drivers
v0x5632362fe3f0_0 .net "P3P2P1G0", 0 0, L_0x563236311a70;  1 drivers
v0x5632362fe4b0_0 .net "P3P2P1P0Cin0", 0 0, L_0x5632363111f0;  1 drivers
v0x5632362fe570_0 .net "S", 3 0, L_0x563236310e50;  1 drivers
v0x5632362fe650_0 .net "X", 3 0, L_0x563236312d50;  1 drivers
v0x5632362fe730_0 .net "Y", 3 0, L_0x563236312df0;  1 drivers
v0x5632362fe810_0 .net *"_ivl_101", 0 0, L_0x563236312450;  1 drivers
v0x5632362fe8f0_0 .net *"_ivl_103", 0 0, L_0x563236312540;  1 drivers
v0x5632362fe9d0_0 .net *"_ivl_106", 0 0, L_0x5632363123a0;  1 drivers
v0x5632362feab0_0 .net *"_ivl_108", 0 0, L_0x563236312880;  1 drivers
v0x5632362feb90_0 .net *"_ivl_11", 0 0, L_0x56323630e8f0;  1 drivers
v0x5632362fec70_0 .net *"_ivl_111", 0 0, L_0x563236312c60;  1 drivers
v0x5632362fed50_0 .net *"_ivl_15", 0 0, L_0x56323630ea20;  1 drivers
v0x5632362fee30_0 .net *"_ivl_18", 0 0, L_0x56323630eb80;  1 drivers
v0x5632362fef10_0 .net *"_ivl_21", 0 0, L_0x56323630ed60;  1 drivers
v0x5632362feff0_0 .net *"_ivl_23", 0 0, L_0x56323630ee50;  1 drivers
v0x5632362ff0d0_0 .net *"_ivl_25", 0 0, L_0x56323630ef30;  1 drivers
v0x5632362ff1b0_0 .net *"_ivl_29", 0 0, L_0x56323630f0c0;  1 drivers
v0x5632362ff290_0 .net *"_ivl_31", 0 0, L_0x56323630f160;  1 drivers
v0x5632362ff370_0 .net *"_ivl_34", 0 0, L_0x56323630f310;  1 drivers
v0x5632362ff450_0 .net *"_ivl_36", 0 0, L_0x56323630f400;  1 drivers
v0x5632362ff530_0 .net *"_ivl_39", 0 0, L_0x56323630f680;  1 drivers
v0x5632362ff610_0 .net *"_ivl_42", 0 0, L_0x56323630f7e0;  1 drivers
v0x5632362ff6f0_0 .net *"_ivl_44", 0 0, L_0x56323630f940;  1 drivers
v0x5632362ff7d0_0 .net *"_ivl_46", 0 0, L_0x56323630fa30;  1 drivers
v0x5632362ff8b0_0 .net *"_ivl_50", 0 0, L_0x56323630fbf0;  1 drivers
v0x5632362ff990_0 .net *"_ivl_52", 0 0, L_0x56323630fd60;  1 drivers
v0x5632362ffa70_0 .net *"_ivl_54", 0 0, L_0x56323630fe50;  1 drivers
v0x5632362ffb50_0 .net *"_ivl_57", 0 0, L_0x5632363100c0;  1 drivers
v0x5632362ffc30_0 .net *"_ivl_59", 0 0, L_0x5632363101b0;  1 drivers
v0x5632362ffd10_0 .net *"_ivl_61", 0 0, L_0x563236310340;  1 drivers
v0x5632362ffdf0_0 .net *"_ivl_64", 0 0, L_0x5632363104a0;  1 drivers
v0x5632362ffed0_0 .net *"_ivl_66", 0 0, L_0x5632363102a0;  1 drivers
v0x5632362fffb0_0 .net *"_ivl_69", 0 0, L_0x563236310870;  1 drivers
v0x563236300090_0 .net *"_ivl_7", 0 0, L_0x56323630e670;  1 drivers
v0x563236300170_0 .net *"_ivl_72", 0 0, L_0x563236310a90;  1 drivers
v0x563236300250_0 .net *"_ivl_74", 0 0, L_0x563236310b80;  1 drivers
v0x563236300330_0 .net *"_ivl_76", 0 0, L_0x563236310fe0;  1 drivers
v0x563236300410_0 .net *"_ivl_81", 0 0, L_0x5632363107d0;  1 drivers
v0x5632363004f0_0 .net *"_ivl_83", 0 0, L_0x5632363116b0;  1 drivers
v0x5632363005d0_0 .net *"_ivl_85", 0 0, L_0x5632363117a0;  1 drivers
v0x5632363006b0_0 .net *"_ivl_87", 0 0, L_0x563236311980;  1 drivers
v0x563236300790_0 .net *"_ivl_9", 0 0, L_0x56323630e7b0;  1 drivers
v0x563236300870_0 .net *"_ivl_90", 0 0, L_0x563236311bd0;  1 drivers
v0x563236300950_0 .net *"_ivl_92", 0 0, L_0x563236311dc0;  1 drivers
v0x563236300a30_0 .net *"_ivl_94", 0 0, L_0x563236311eb0;  1 drivers
v0x563236300f20_0 .net *"_ivl_96", 0 0, L_0x5632363120b0;  1 drivers
v0x563236301000_0 .net *"_ivl_99", 0 0, L_0x563236312240;  1 drivers
L_0x56323630e670 .part L_0x56323630e3c0, 0, 1;
L_0x56323630e7b0 .part L_0x56323630e540, 0, 1;
L_0x56323630ea20 .part L_0x56323630e3c0, 0, 1;
L_0x56323630eb80 .part L_0x56323630e540, 0, 1;
L_0x56323630ed60 .part L_0x56323630e3c0, 1, 1;
L_0x56323630ee50 .part L_0x56323630e540, 1, 1;
L_0x56323630f0c0 .part L_0x56323630e3c0, 1, 1;
L_0x56323630f160 .part L_0x56323630e3c0, 0, 1;
L_0x56323630f310 .part L_0x56323630e3c0, 1, 1;
L_0x56323630f400 .part L_0x56323630e430, 0, 1;
L_0x56323630f680 .part L_0x56323630e540, 1, 1;
L_0x56323630f7e0 .part L_0x56323630e3c0, 2, 1;
L_0x56323630f940 .part L_0x56323630e540, 2, 1;
L_0x56323630fbf0 .part L_0x56323630e3c0, 2, 1;
L_0x56323630fd60 .part L_0x56323630e3c0, 1, 1;
L_0x56323630fe50 .part L_0x56323630e3c0, 0, 1;
L_0x5632363100c0 .part L_0x56323630e3c0, 2, 1;
L_0x5632363101b0 .part L_0x56323630e3c0, 1, 1;
L_0x563236310340 .part L_0x56323630e430, 0, 1;
L_0x5632363104a0 .part L_0x56323630e3c0, 2, 1;
L_0x5632363102a0 .part L_0x56323630e430, 1, 1;
L_0x563236310870 .part L_0x56323630e540, 2, 1;
L_0x563236310a90 .part L_0x56323630e3c0, 3, 1;
L_0x563236310b80 .part L_0x56323630e540, 3, 1;
L_0x563236310e50 .concat8 [ 1 1 1 1], L_0x56323630e8f0, L_0x56323630ef30, L_0x56323630fa30, L_0x563236310fe0;
L_0x5632363107d0 .part L_0x56323630e3c0, 3, 1;
L_0x5632363116b0 .part L_0x56323630e3c0, 2, 1;
L_0x5632363117a0 .part L_0x56323630e3c0, 1, 1;
L_0x563236311980 .part L_0x56323630e3c0, 0, 1;
L_0x563236311bd0 .part L_0x56323630e3c0, 3, 1;
L_0x563236311dc0 .part L_0x56323630e3c0, 2, 1;
L_0x563236311eb0 .part L_0x56323630e3c0, 1, 1;
L_0x5632363120b0 .part L_0x56323630e430, 0, 1;
L_0x563236312240 .part L_0x56323630e3c0, 3, 1;
L_0x563236312450 .part L_0x56323630e3c0, 2, 1;
L_0x563236312540 .part L_0x56323630e430, 1, 1;
L_0x5632363123a0 .part L_0x56323630e3c0, 3, 1;
L_0x563236312880 .part L_0x56323630e430, 2, 1;
L_0x563236312c60 .part L_0x56323630e540, 3, 1;
S_0x563236301180 .scope module, "add2" "CLA_4" 3 15, 4 4 0, S_0x5632362cd4a0;
 .timescale -9 -9;
    .port_info 0 /INPUT 4 "X";
    .port_info 1 /INPUT 4 "Y";
    .port_info 2 /INPUT 1 "Cin";
    .port_info 3 /OUTPUT 4 "S";
    .port_info 4 /OUTPUT 1 "Cout";
L_0x563236312ec0 .functor OR 4, L_0x563236317880, L_0x563236317920, C4<0000>, C4<0000>;
L_0x563236312f30 .functor AND 4, L_0x563236317880, L_0x563236317920, C4<1111>, C4<1111>;
L_0x563236313040 .functor NOT 4, L_0x563236312f30, C4<0000>, C4<0000>, C4<0000>;
L_0x563236313100 .functor AND 1, L_0x5632363131a0, L_0x5632363132e0, C4<1>, C4<1>;
L_0x563236313420 .functor XOR 1, L_0x563236313100, L_0x563236312ab0, C4<0>, C4<0>;
L_0x5632363134e0 .functor NAND 1, L_0x563236313590, L_0x563236312ab0, C4<1>, C4<1>;
L_0x563236313630 .functor NAND 1, L_0x5632363136f0, L_0x5632363134e0, C4<1>, C4<1>;
L_0x563236313810 .functor AND 1, L_0x5632363138d0, L_0x5632363139c0, C4<1>, C4<1>;
L_0x563236313aa0 .functor XOR 1, L_0x563236313810, L_0x563236313630, C4<0>, C4<0>;
L_0x563236313b60 .functor NAND 1, L_0x563236313c30, L_0x563236313cd0, L_0x563236312ab0, C4<1>;
L_0x563236313e10 .functor NAND 1, L_0x563236313e80, L_0x563236313f70, C4<1>, C4<1>;
L_0x5632363140c0 .functor NAND 1, L_0x5632363141f0, L_0x563236313e10, L_0x563236313b60, C4<1>;
L_0x5632363142e0 .functor AND 1, L_0x563236314350, L_0x5632363144b0, C4<1>, C4<1>;
L_0x5632363145a0 .functor XOR 1, L_0x5632363142e0, L_0x5632363140c0, C4<0>, C4<0>;
L_0x563236314180 .functor NAND 1, L_0x563236314790, L_0x563236314900, L_0x5632363149f0, L_0x563236312ab0;
L_0x563236314440 .functor NAND 1, L_0x563236314c60, L_0x563236314d50, L_0x563236314ee0, C4<1>;
L_0x563236314fd0 .functor NAND 1, L_0x563236315040, L_0x563236314e40, C4<1>, C4<1>;
L_0x5632363151e0 .functor NAND 1, L_0x563236315410, L_0x563236314fd0, L_0x563236314440, L_0x563236314180;
L_0x5632363155c0 .functor AND 1, L_0x563236315630, L_0x563236315720, C4<1>, C4<1>;
L_0x563236315b80 .functor XOR 1, L_0x5632363155c0, L_0x5632363151e0, C4<0>, C4<0>;
L_0x563236315d90/0/0 .functor AND 1, L_0x563236315370, L_0x563236316250, L_0x563236316340, L_0x563236316520;
L_0x563236315d90/0/4 .functor AND 1, L_0x563236312ab0, C4<1>, C4<1>, C4<1>;
L_0x563236315d90 .functor NAND 1, L_0x563236315d90/0/0, L_0x563236315d90/0/4, C4<1>, C4<1>;
L_0x563236316610 .functor NAND 1, L_0x563236316770, L_0x563236316960, L_0x563236316a50, L_0x563236316c50;
L_0x563236316d40 .functor NAND 1, L_0x563236316de0, L_0x563236316ff0, L_0x5632363170e0, C4<1>;
L_0x563236316ed0 .functor NAND 1, L_0x563236316f40, L_0x563236317420, C4<1>, C4<1>;
L_0x563236314ae0/0/0 .functor AND 1, L_0x563236317790, L_0x563236316ed0, L_0x563236316d40, L_0x563236316610;
L_0x563236314ae0/0/4 .functor AND 1, L_0x563236315d90, C4<1>, C4<1>, C4<1>;
L_0x563236314ae0 .functor NAND 1, L_0x563236314ae0/0/0, L_0x563236314ae0/0/4, C4<1>, C4<1>;
v0x563236301340_0 .net "Cin", 0 0, L_0x563236312ab0;  alias, 1 drivers
v0x563236301430_0 .net "Cout", 0 0, L_0x563236314ae0;  alias, 1 drivers
v0x5632363014f0_0 .net "Cout0", 0 0, L_0x563236313630;  1 drivers
v0x5632363015c0_0 .net "Cout1", 0 0, L_0x5632363140c0;  1 drivers
v0x563236301680_0 .net "Cout2", 0 0, L_0x5632363151e0;  1 drivers
v0x563236301790_0 .net "G", 3 0, L_0x563236312f30;  1 drivers
v0x563236301870_0 .net "Gn", 3 0, L_0x563236313040;  1 drivers
v0x563236301950_0 .net "P", 3 0, L_0x563236312ec0;  1 drivers
v0x563236301a30_0 .net "P0Cin0", 0 0, L_0x5632363134e0;  1 drivers
v0x563236301af0_0 .net "P0Gn0", 0 0, L_0x563236313100;  1 drivers
v0x563236301bb0_0 .net "P1G0", 0 0, L_0x563236313e10;  1 drivers
v0x563236301c70_0 .net "P1Gn1", 0 0, L_0x563236313810;  1 drivers
v0x563236301d30_0 .net "P1P0Cin0", 0 0, L_0x563236313b60;  1 drivers
v0x563236301df0_0 .net "P2G1", 0 0, L_0x563236314fd0;  1 drivers
v0x563236301eb0_0 .net "P2Gn2", 0 0, L_0x5632363142e0;  1 drivers
v0x563236301f70_0 .net "P2P1G0", 0 0, L_0x563236314440;  1 drivers
v0x563236302030_0 .net "P2P1P0Cin0", 0 0, L_0x563236314180;  1 drivers
v0x5632363020f0_0 .net "P3G2", 0 0, L_0x563236316ed0;  1 drivers
v0x5632363021b0_0 .net "P3Gn3", 0 0, L_0x5632363155c0;  1 drivers
v0x563236302270_0 .net "P3P2G1", 0 0, L_0x563236316d40;  1 drivers
v0x563236302330_0 .net "P3P2P1G0", 0 0, L_0x563236316610;  1 drivers
v0x5632363023f0_0 .net "P3P2P1P0Cin0", 0 0, L_0x563236315d90;  1 drivers
v0x5632363024b0_0 .net "S", 3 0, L_0x5632363159f0;  1 drivers
v0x563236302590_0 .net "X", 3 0, L_0x563236317880;  1 drivers
v0x563236302670_0 .net "Y", 3 0, L_0x563236317920;  1 drivers
v0x563236302750_0 .net *"_ivl_101", 0 0, L_0x563236316ff0;  1 drivers
v0x563236302830_0 .net *"_ivl_103", 0 0, L_0x5632363170e0;  1 drivers
v0x563236302910_0 .net *"_ivl_106", 0 0, L_0x563236316f40;  1 drivers
v0x5632363029f0_0 .net *"_ivl_108", 0 0, L_0x563236317420;  1 drivers
v0x563236302ad0_0 .net *"_ivl_11", 0 0, L_0x563236313420;  1 drivers
v0x563236302bb0_0 .net *"_ivl_111", 0 0, L_0x563236317790;  1 drivers
v0x563236302c90_0 .net *"_ivl_15", 0 0, L_0x563236313590;  1 drivers
v0x563236302d70_0 .net *"_ivl_18", 0 0, L_0x5632363136f0;  1 drivers
v0x563236302e50_0 .net *"_ivl_21", 0 0, L_0x5632363138d0;  1 drivers
v0x563236302f30_0 .net *"_ivl_23", 0 0, L_0x5632363139c0;  1 drivers
v0x563236303010_0 .net *"_ivl_25", 0 0, L_0x563236313aa0;  1 drivers
v0x5632363030f0_0 .net *"_ivl_29", 0 0, L_0x563236313c30;  1 drivers
v0x5632363031d0_0 .net *"_ivl_31", 0 0, L_0x563236313cd0;  1 drivers
v0x5632363032b0_0 .net *"_ivl_34", 0 0, L_0x563236313e80;  1 drivers
v0x563236303390_0 .net *"_ivl_36", 0 0, L_0x563236313f70;  1 drivers
v0x563236303470_0 .net *"_ivl_39", 0 0, L_0x5632363141f0;  1 drivers
v0x563236303550_0 .net *"_ivl_42", 0 0, L_0x563236314350;  1 drivers
v0x563236303630_0 .net *"_ivl_44", 0 0, L_0x5632363144b0;  1 drivers
v0x563236303710_0 .net *"_ivl_46", 0 0, L_0x5632363145a0;  1 drivers
v0x5632363037f0_0 .net *"_ivl_50", 0 0, L_0x563236314790;  1 drivers
v0x5632363038d0_0 .net *"_ivl_52", 0 0, L_0x563236314900;  1 drivers
v0x5632363039b0_0 .net *"_ivl_54", 0 0, L_0x5632363149f0;  1 drivers
v0x563236303a90_0 .net *"_ivl_57", 0 0, L_0x563236314c60;  1 drivers
v0x563236303b70_0 .net *"_ivl_59", 0 0, L_0x563236314d50;  1 drivers
v0x563236303c50_0 .net *"_ivl_61", 0 0, L_0x563236314ee0;  1 drivers
v0x563236303d30_0 .net *"_ivl_64", 0 0, L_0x563236315040;  1 drivers
v0x563236303e10_0 .net *"_ivl_66", 0 0, L_0x563236314e40;  1 drivers
v0x563236303ef0_0 .net *"_ivl_69", 0 0, L_0x563236315410;  1 drivers
v0x563236303fd0_0 .net *"_ivl_7", 0 0, L_0x5632363131a0;  1 drivers
v0x5632363040b0_0 .net *"_ivl_72", 0 0, L_0x563236315630;  1 drivers
v0x563236304190_0 .net *"_ivl_74", 0 0, L_0x563236315720;  1 drivers
v0x563236304270_0 .net *"_ivl_76", 0 0, L_0x563236315b80;  1 drivers
v0x563236304350_0 .net *"_ivl_81", 0 0, L_0x563236315370;  1 drivers
v0x563236304430_0 .net *"_ivl_83", 0 0, L_0x563236316250;  1 drivers
v0x563236304510_0 .net *"_ivl_85", 0 0, L_0x563236316340;  1 drivers
v0x5632363045f0_0 .net *"_ivl_87", 0 0, L_0x563236316520;  1 drivers
v0x5632363046d0_0 .net *"_ivl_9", 0 0, L_0x5632363132e0;  1 drivers
v0x5632363047b0_0 .net *"_ivl_90", 0 0, L_0x563236316770;  1 drivers
v0x563236304890_0 .net *"_ivl_92", 0 0, L_0x563236316960;  1 drivers
v0x563236304970_0 .net *"_ivl_94", 0 0, L_0x563236316a50;  1 drivers
v0x563236304e60_0 .net *"_ivl_96", 0 0, L_0x563236316c50;  1 drivers
v0x563236304f40_0 .net *"_ivl_99", 0 0, L_0x563236316de0;  1 drivers
L_0x5632363131a0 .part L_0x563236312ec0, 0, 1;
L_0x5632363132e0 .part L_0x563236313040, 0, 1;
L_0x563236313590 .part L_0x563236312ec0, 0, 1;
L_0x5632363136f0 .part L_0x563236313040, 0, 1;
L_0x5632363138d0 .part L_0x563236312ec0, 1, 1;
L_0x5632363139c0 .part L_0x563236313040, 1, 1;
L_0x563236313c30 .part L_0x563236312ec0, 1, 1;
L_0x563236313cd0 .part L_0x563236312ec0, 0, 1;
L_0x563236313e80 .part L_0x563236312ec0, 1, 1;
L_0x563236313f70 .part L_0x563236312f30, 0, 1;
L_0x5632363141f0 .part L_0x563236313040, 1, 1;
L_0x563236314350 .part L_0x563236312ec0, 2, 1;
L_0x5632363144b0 .part L_0x563236313040, 2, 1;
L_0x563236314790 .part L_0x563236312ec0, 2, 1;
L_0x563236314900 .part L_0x563236312ec0, 1, 1;
L_0x5632363149f0 .part L_0x563236312ec0, 0, 1;
L_0x563236314c60 .part L_0x563236312ec0, 2, 1;
L_0x563236314d50 .part L_0x563236312ec0, 1, 1;
L_0x563236314ee0 .part L_0x563236312f30, 0, 1;
L_0x563236315040 .part L_0x563236312ec0, 2, 1;
L_0x563236314e40 .part L_0x563236312f30, 1, 1;
L_0x563236315410 .part L_0x563236313040, 2, 1;
L_0x563236315630 .part L_0x563236312ec0, 3, 1;
L_0x563236315720 .part L_0x563236313040, 3, 1;
L_0x5632363159f0 .concat8 [ 1 1 1 1], L_0x563236313420, L_0x563236313aa0, L_0x5632363145a0, L_0x563236315b80;
L_0x563236315370 .part L_0x563236312ec0, 3, 1;
L_0x563236316250 .part L_0x563236312ec0, 2, 1;
L_0x563236316340 .part L_0x563236312ec0, 1, 1;
L_0x563236316520 .part L_0x563236312ec0, 0, 1;
L_0x563236316770 .part L_0x563236312ec0, 3, 1;
L_0x563236316960 .part L_0x563236312ec0, 2, 1;
L_0x563236316a50 .part L_0x563236312ec0, 1, 1;
L_0x563236316c50 .part L_0x563236312f30, 0, 1;
L_0x563236316de0 .part L_0x563236312ec0, 3, 1;
L_0x563236316ff0 .part L_0x563236312ec0, 2, 1;
L_0x5632363170e0 .part L_0x563236312f30, 1, 1;
L_0x563236316f40 .part L_0x563236312ec0, 3, 1;
L_0x563236317420 .part L_0x563236312f30, 2, 1;
L_0x563236317790 .part L_0x563236313040, 3, 1;
S_0x5632363050c0 .scope module, "add3" "CLA_4" 3 16, 4 4 0, S_0x5632362cd4a0;
 .timescale -9 -9;
    .port_info 0 /INPUT 4 "X";
    .port_info 1 /INPUT 4 "Y";
    .port_info 2 /INPUT 1 "Cin";
    .port_info 3 /OUTPUT 4 "S";
    .port_info 4 /OUTPUT 1 "Cout";
L_0x563236317a00 .functor OR 4, L_0x56323631c080, L_0x56323631c120, C4<0000>, C4<0000>;
L_0x563236317a70 .functor AND 4, L_0x56323631c080, L_0x56323631c120, C4<1111>, C4<1111>;
L_0x563236317ae0 .functor NOT 4, L_0x563236317a70, C4<0000>, C4<0000>, C4<0000>;
L_0x563236317ba0 .functor AND 1, L_0x563236317c40, L_0x563236317d80, C4<1>, C4<1>;
L_0x563236317ec0 .functor XOR 1, L_0x563236317ba0, L_0x563236314ae0, C4<0>, C4<0>;
L_0x563236317f80 .functor NAND 1, L_0x563236318030, L_0x563236314ae0, C4<1>, C4<1>;
L_0x5632363180d0 .functor NAND 1, L_0x563236318190, L_0x563236317f80, C4<1>, C4<1>;
L_0x5632363182b0 .functor AND 1, L_0x563236318370, L_0x563236318460, C4<1>, C4<1>;
L_0x563236318540 .functor XOR 1, L_0x5632363182b0, L_0x5632363180d0, C4<0>, C4<0>;
L_0x563236318600 .functor NAND 1, L_0x5632363186d0, L_0x563236318770, L_0x563236314ae0, C4<1>;
L_0x5632363188b0 .functor NAND 1, L_0x563236318920, L_0x563236318a10, C4<1>, C4<1>;
L_0x563236318b60 .functor NAND 1, L_0x563236318c90, L_0x5632363188b0, L_0x563236318600, C4<1>;
L_0x563236318d80 .functor AND 1, L_0x563236318df0, L_0x563236318f50, C4<1>, C4<1>;
L_0x563236319040 .functor XOR 1, L_0x563236318d80, L_0x563236318b60, C4<0>, C4<0>;
L_0x563236318c20 .functor NAND 1, L_0x563236319180, L_0x563236319270, L_0x563236319360, L_0x563236314ae0;
L_0x563236318ee0 .functor NAND 1, L_0x5632363195d0, L_0x5632363196c0, L_0x563236319850, C4<1>;
L_0x563236319940 .functor NAND 1, L_0x5632363199b0, L_0x5632363197b0, C4<1>, C4<1>;
L_0x563236319b50 .functor NAND 1, L_0x563236319d80, L_0x563236319940, L_0x563236318ee0, L_0x563236318c20;
L_0x563236319f30 .functor AND 1, L_0x563236319fa0, L_0x56323631a090, C4<1>, C4<1>;
L_0x56323631a4f0 .functor XOR 1, L_0x563236319f30, L_0x563236319b50, C4<0>, C4<0>;
L_0x56323631a700/0/0 .functor AND 1, L_0x563236319ce0, L_0x56323631abc0, L_0x56323631acb0, L_0x56323631ae90;
L_0x56323631a700/0/4 .functor AND 1, L_0x563236314ae0, C4<1>, C4<1>, C4<1>;
L_0x56323631a700 .functor NAND 1, L_0x56323631a700/0/0, L_0x56323631a700/0/4, C4<1>, C4<1>;
L_0x56323631af80 .functor NAND 1, L_0x56323631a650, L_0x56323631b230, L_0x56323631b320, L_0x56323631b520;
L_0x56323631b610 .functor NAND 1, L_0x56323631b6b0, L_0x56323631b8c0, L_0x56323631b9b0, C4<1>;
L_0x56323631b7a0 .functor NAND 1, L_0x56323631b810, L_0x56323631bca0, C4<1>, C4<1>;
L_0x56323631be80/0/0 .functor AND 1, L_0x56323631bfe0, L_0x56323631b7a0, L_0x56323631b610, L_0x56323631af80;
L_0x56323631be80/0/4 .functor AND 1, L_0x56323631a700, C4<1>, C4<1>, C4<1>;
L_0x56323631be80 .functor NAND 1, L_0x56323631be80/0/0, L_0x56323631be80/0/4, C4<1>, C4<1>;
v0x563236305250_0 .net "Cin", 0 0, L_0x563236314ae0;  alias, 1 drivers
v0x563236305360_0 .net "Cout", 0 0, L_0x56323631be80;  alias, 1 drivers
v0x563236305420_0 .net "Cout0", 0 0, L_0x5632363180d0;  1 drivers
v0x5632363054f0_0 .net "Cout1", 0 0, L_0x563236318b60;  1 drivers
v0x5632363055b0_0 .net "Cout2", 0 0, L_0x563236319b50;  1 drivers
v0x5632363056c0_0 .net "G", 3 0, L_0x563236317a70;  1 drivers
v0x5632363057a0_0 .net "Gn", 3 0, L_0x563236317ae0;  1 drivers
v0x563236305880_0 .net "P", 3 0, L_0x563236317a00;  1 drivers
v0x563236305960_0 .net "P0Cin0", 0 0, L_0x563236317f80;  1 drivers
v0x563236305a20_0 .net "P0Gn0", 0 0, L_0x563236317ba0;  1 drivers
v0x563236305ae0_0 .net "P1G0", 0 0, L_0x5632363188b0;  1 drivers
v0x563236305ba0_0 .net "P1Gn1", 0 0, L_0x5632363182b0;  1 drivers
v0x563236305c60_0 .net "P1P0Cin0", 0 0, L_0x563236318600;  1 drivers
v0x563236305d20_0 .net "P2G1", 0 0, L_0x563236319940;  1 drivers
v0x563236305de0_0 .net "P2Gn2", 0 0, L_0x563236318d80;  1 drivers
v0x563236305ea0_0 .net "P2P1G0", 0 0, L_0x563236318ee0;  1 drivers
v0x563236305f60_0 .net "P2P1P0Cin0", 0 0, L_0x563236318c20;  1 drivers
v0x563236306020_0 .net "P3G2", 0 0, L_0x56323631b7a0;  1 drivers
v0x5632363060e0_0 .net "P3Gn3", 0 0, L_0x563236319f30;  1 drivers
v0x5632363061a0_0 .net "P3P2G1", 0 0, L_0x56323631b610;  1 drivers
v0x563236306260_0 .net "P3P2P1G0", 0 0, L_0x56323631af80;  1 drivers
v0x563236306320_0 .net "P3P2P1P0Cin0", 0 0, L_0x56323631a700;  1 drivers
v0x5632363063e0_0 .net "S", 3 0, L_0x56323631a360;  1 drivers
v0x5632363064c0_0 .net "X", 3 0, L_0x56323631c080;  1 drivers
v0x5632363065a0_0 .net "Y", 3 0, L_0x56323631c120;  1 drivers
v0x563236306680_0 .net *"_ivl_101", 0 0, L_0x56323631b8c0;  1 drivers
v0x563236306760_0 .net *"_ivl_103", 0 0, L_0x56323631b9b0;  1 drivers
v0x563236306840_0 .net *"_ivl_106", 0 0, L_0x56323631b810;  1 drivers
v0x563236306920_0 .net *"_ivl_108", 0 0, L_0x56323631bca0;  1 drivers
v0x563236306a00_0 .net *"_ivl_11", 0 0, L_0x563236317ec0;  1 drivers
v0x563236306ae0_0 .net *"_ivl_111", 0 0, L_0x56323631bfe0;  1 drivers
v0x563236306bc0_0 .net *"_ivl_15", 0 0, L_0x563236318030;  1 drivers
v0x563236306ca0_0 .net *"_ivl_18", 0 0, L_0x563236318190;  1 drivers
v0x563236306d80_0 .net *"_ivl_21", 0 0, L_0x563236318370;  1 drivers
v0x563236306e60_0 .net *"_ivl_23", 0 0, L_0x563236318460;  1 drivers
v0x563236306f40_0 .net *"_ivl_25", 0 0, L_0x563236318540;  1 drivers
v0x563236307020_0 .net *"_ivl_29", 0 0, L_0x5632363186d0;  1 drivers
v0x563236307100_0 .net *"_ivl_31", 0 0, L_0x563236318770;  1 drivers
v0x5632363071e0_0 .net *"_ivl_34", 0 0, L_0x563236318920;  1 drivers
v0x5632363072c0_0 .net *"_ivl_36", 0 0, L_0x563236318a10;  1 drivers
v0x5632363073a0_0 .net *"_ivl_39", 0 0, L_0x563236318c90;  1 drivers
v0x563236307480_0 .net *"_ivl_42", 0 0, L_0x563236318df0;  1 drivers
v0x563236307560_0 .net *"_ivl_44", 0 0, L_0x563236318f50;  1 drivers
v0x563236307640_0 .net *"_ivl_46", 0 0, L_0x563236319040;  1 drivers
v0x563236307720_0 .net *"_ivl_50", 0 0, L_0x563236319180;  1 drivers
v0x563236307800_0 .net *"_ivl_52", 0 0, L_0x563236319270;  1 drivers
v0x5632363078e0_0 .net *"_ivl_54", 0 0, L_0x563236319360;  1 drivers
v0x5632363079c0_0 .net *"_ivl_57", 0 0, L_0x5632363195d0;  1 drivers
v0x563236307aa0_0 .net *"_ivl_59", 0 0, L_0x5632363196c0;  1 drivers
v0x563236307b80_0 .net *"_ivl_61", 0 0, L_0x563236319850;  1 drivers
v0x563236307c60_0 .net *"_ivl_64", 0 0, L_0x5632363199b0;  1 drivers
v0x563236307d40_0 .net *"_ivl_66", 0 0, L_0x5632363197b0;  1 drivers
v0x563236307e20_0 .net *"_ivl_69", 0 0, L_0x563236319d80;  1 drivers
v0x563236307f00_0 .net *"_ivl_7", 0 0, L_0x563236317c40;  1 drivers
v0x563236307fe0_0 .net *"_ivl_72", 0 0, L_0x563236319fa0;  1 drivers
v0x5632363080c0_0 .net *"_ivl_74", 0 0, L_0x56323631a090;  1 drivers
v0x5632363081a0_0 .net *"_ivl_76", 0 0, L_0x56323631a4f0;  1 drivers
v0x563236308280_0 .net *"_ivl_81", 0 0, L_0x563236319ce0;  1 drivers
v0x563236308360_0 .net *"_ivl_83", 0 0, L_0x56323631abc0;  1 drivers
v0x563236308440_0 .net *"_ivl_85", 0 0, L_0x56323631acb0;  1 drivers
v0x563236308520_0 .net *"_ivl_87", 0 0, L_0x56323631ae90;  1 drivers
v0x563236308600_0 .net *"_ivl_9", 0 0, L_0x563236317d80;  1 drivers
v0x5632363086e0_0 .net *"_ivl_90", 0 0, L_0x56323631a650;  1 drivers
v0x5632363087c0_0 .net *"_ivl_92", 0 0, L_0x56323631b230;  1 drivers
v0x5632363088a0_0 .net *"_ivl_94", 0 0, L_0x56323631b320;  1 drivers
v0x563236308d90_0 .net *"_ivl_96", 0 0, L_0x56323631b520;  1 drivers
v0x563236308e70_0 .net *"_ivl_99", 0 0, L_0x56323631b6b0;  1 drivers
L_0x563236317c40 .part L_0x563236317a00, 0, 1;
L_0x563236317d80 .part L_0x563236317ae0, 0, 1;
L_0x563236318030 .part L_0x563236317a00, 0, 1;
L_0x563236318190 .part L_0x563236317ae0, 0, 1;
L_0x563236318370 .part L_0x563236317a00, 1, 1;
L_0x563236318460 .part L_0x563236317ae0, 1, 1;
L_0x5632363186d0 .part L_0x563236317a00, 1, 1;
L_0x563236318770 .part L_0x563236317a00, 0, 1;
L_0x563236318920 .part L_0x563236317a00, 1, 1;
L_0x563236318a10 .part L_0x563236317a70, 0, 1;
L_0x563236318c90 .part L_0x563236317ae0, 1, 1;
L_0x563236318df0 .part L_0x563236317a00, 2, 1;
L_0x563236318f50 .part L_0x563236317ae0, 2, 1;
L_0x563236319180 .part L_0x563236317a00, 2, 1;
L_0x563236319270 .part L_0x563236317a00, 1, 1;
L_0x563236319360 .part L_0x563236317a00, 0, 1;
L_0x5632363195d0 .part L_0x563236317a00, 2, 1;
L_0x5632363196c0 .part L_0x563236317a00, 1, 1;
L_0x563236319850 .part L_0x563236317a70, 0, 1;
L_0x5632363199b0 .part L_0x563236317a00, 2, 1;
L_0x5632363197b0 .part L_0x563236317a70, 1, 1;
L_0x563236319d80 .part L_0x563236317ae0, 2, 1;
L_0x563236319fa0 .part L_0x563236317a00, 3, 1;
L_0x56323631a090 .part L_0x563236317ae0, 3, 1;
L_0x56323631a360 .concat8 [ 1 1 1 1], L_0x563236317ec0, L_0x563236318540, L_0x563236319040, L_0x56323631a4f0;
L_0x563236319ce0 .part L_0x563236317a00, 3, 1;
L_0x56323631abc0 .part L_0x563236317a00, 2, 1;
L_0x56323631acb0 .part L_0x563236317a00, 1, 1;
L_0x56323631ae90 .part L_0x563236317a00, 0, 1;
L_0x56323631a650 .part L_0x563236317a00, 3, 1;
L_0x56323631b230 .part L_0x563236317a00, 2, 1;
L_0x56323631b320 .part L_0x563236317a00, 1, 1;
L_0x56323631b520 .part L_0x563236317a70, 0, 1;
L_0x56323631b6b0 .part L_0x563236317a00, 3, 1;
L_0x56323631b8c0 .part L_0x563236317a00, 2, 1;
L_0x56323631b9b0 .part L_0x563236317a70, 1, 1;
L_0x56323631b810 .part L_0x563236317a00, 3, 1;
L_0x56323631bca0 .part L_0x563236317a70, 2, 1;
L_0x56323631bfe0 .part L_0x563236317ae0, 3, 1;
    .scope S_0x5632362bfc20;
T_0 ;
    %pushi/vec4 0, 0, 1;
    %store/vec4 v0x563236309760_0, 0, 1;
    %end;
    .thread T_0;
    .scope S_0x5632362bfc20;
T_1 ;
    %pushi/vec4 0, 0, 32;
    %store/vec4 v0x5632363099d0_0, 0, 32;
T_1.0 ;
    %load/vec4 v0x5632363099d0_0;
    %cmpi/s 1000, 0, 32;
    %jmp/0xz T_1.1, 5;
    %load/vec4 v0x5632363099d0_0;
    %pad/s 16;
    %store/vec4 v0x563236309870_0, 0, 16;
    %pushi/vec4 56797, 0, 32;
    %load/vec4 v0x5632363099d0_0;
    %sub;
    %pad/u 16;
    %store/vec4 v0x563236309930_0, 0, 16;
    %delay 100, 0;
    ; show_stmt_assign_vector: Get l-value for compressed += operand
    %load/vec4 v0x5632363099d0_0;
    %pushi/vec4 1, 0, 32;
    %add;
    %store/vec4 v0x5632363099d0_0, 0, 32;
    %jmp T_1.0;
T_1.1 ;
    %end;
    .thread T_1;
    .scope S_0x5632362bfc20;
T_2 ;
    %vpi_call 2 21 "$dumpfile", "CLA_16.vcd" {0 0 0};
    %vpi_call 2 22 "$dumpvars", 32'sb00000000000000000000000000000000, S_0x5632362bfc20 {0 0 0};
    %delay 10000, 0;
    %vpi_call 2 23 "$finish" {0 0 0};
    %end;
    .thread T_2;
# The file index is used to find the file name in the following table.
:file_names 5;
    "N/A";
    "<interactive>";
    "CLA_16_tb.v";
    "./CLA_16.v";
    "./../CLA_4/CLA_4.v";
