#! /usr/bin/vvp
:ivl_version "11.0 (stable)";
:ivl_delay_selection "TYPICAL";
:vpi_time_precision + 0;
:vpi_module "/usr/lib/x86_64-linux-gnu/ivl/system.vpi";
:vpi_module "/usr/lib/x86_64-linux-gnu/ivl/vhdl_sys.vpi";
:vpi_module "/usr/lib/x86_64-linux-gnu/ivl/vhdl_textio.vpi";
:vpi_module "/usr/lib/x86_64-linux-gnu/ivl/v2005_math.vpi";
:vpi_module "/usr/lib/x86_64-linux-gnu/ivl/va_math.vpi";
S_0x55f5956349d0 .scope module, "MUX2X32" "MUX2X32" 2 5;
 .timescale 0 0;
    .port_info 0 /INPUT 32 "A";
    .port_info 1 /INPUT 32 "B";
    .port_info 2 /INPUT 1 "S";
    .port_info 3 /OUTPUT 32 "Y";
o0x7fb4a5e9bc48 .functor BUFZ 32, C4<zzzzzzzzzzzzzzzzzzzzzzzzzzzzzzzz>; HiZ drive
v0x55f59566a050_0 .net "A", 31 0, o0x7fb4a5e9bc48;  0 drivers
o0x7fb4a5e9bc78 .functor BUFZ 32, C4<zzzzzzzzzzzzzzzzzzzzzzzzzzzzzzzz>; HiZ drive
v0x55f59566a150_0 .net "B", 31 0, o0x7fb4a5e9bc78;  0 drivers
o0x7fb4a5e980d8 .functor BUFZ 1, C4<z>; HiZ drive
v0x55f59566a230_0 .net "S", 0 0, o0x7fb4a5e980d8;  0 drivers
v0x55f59566a6e0_0 .net "Y", 31 0, L_0x55f5956776c0;  1 drivers
L_0x55f59566ac50 .part o0x7fb4a5e9bc48, 0, 1;
L_0x55f59566ad40 .part o0x7fb4a5e9bc78, 0, 1;
L_0x55f59566b1a0 .part o0x7fb4a5e9bc48, 1, 1;
L_0x55f59566b2e0 .part o0x7fb4a5e9bc78, 1, 1;
L_0x55f59566b730 .part o0x7fb4a5e9bc48, 2, 1;
L_0x55f59566b820 .part o0x7fb4a5e9bc78, 2, 1;
L_0x55f59566bc30 .part o0x7fb4a5e9bc48, 3, 1;
L_0x55f59566bd20 .part o0x7fb4a5e9bc78, 3, 1;
L_0x55f59566c0a0 .part o0x7fb4a5e9bc48, 4, 1;
L_0x55f59566c190 .part o0x7fb4a5e9bc78, 4, 1;
L_0x55f59566c5a0 .part o0x7fb4a5e9bc48, 5, 1;
L_0x55f59566c690 .part o0x7fb4a5e9bc78, 5, 1;
L_0x55f59566cb00 .part o0x7fb4a5e9bc48, 6, 1;
L_0x55f59566cbf0 .part o0x7fb4a5e9bc78, 6, 1;
L_0x55f59566d000 .part o0x7fb4a5e9bc48, 7, 1;
L_0x55f59566d0f0 .part o0x7fb4a5e9bc78, 7, 1;
L_0x55f59566d690 .part o0x7fb4a5e9bc48, 8, 1;
L_0x55f59566d780 .part o0x7fb4a5e9bc78, 8, 1;
L_0x55f59566dc20 .part o0x7fb4a5e9bc48, 9, 1;
L_0x55f59566dd10 .part o0x7fb4a5e9bc78, 9, 1;
L_0x55f59566d870 .part o0x7fb4a5e9bc48, 10, 1;
L_0x55f59566e210 .part o0x7fb4a5e9bc78, 10, 1;
L_0x55f59566e6d0 .part o0x7fb4a5e9bc48, 11, 1;
L_0x55f59566e7c0 .part o0x7fb4a5e9bc78, 11, 1;
L_0x55f59566ec90 .part o0x7fb4a5e9bc48, 12, 1;
L_0x55f59566ed80 .part o0x7fb4a5e9bc78, 12, 1;
L_0x55f59566f260 .part o0x7fb4a5e9bc48, 13, 1;
L_0x55f59566f350 .part o0x7fb4a5e9bc78, 13, 1;
L_0x55f59566f840 .part o0x7fb4a5e9bc48, 14, 1;
L_0x55f59566f930 .part o0x7fb4a5e9bc78, 14, 1;
L_0x55f595670640 .part o0x7fb4a5e9bc48, 15, 1;
L_0x55f595670730 .part o0x7fb4a5e9bc78, 15, 1;
L_0x55f595670e50 .part o0x7fb4a5e9bc48, 16, 1;
L_0x55f595670f40 .part o0x7fb4a5e9bc78, 16, 1;
L_0x55f595671460 .part o0x7fb4a5e9bc48, 17, 1;
L_0x55f595671550 .part o0x7fb4a5e9bc78, 17, 1;
L_0x55f595671970 .part o0x7fb4a5e9bc48, 18, 1;
L_0x55f595671a60 .part o0x7fb4a5e9bc78, 18, 1;
L_0x55f595671fa0 .part o0x7fb4a5e9bc48, 19, 1;
L_0x55f595672090 .part o0x7fb4a5e9bc78, 19, 1;
L_0x55f5956725e0 .part o0x7fb4a5e9bc48, 20, 1;
L_0x55f5956726d0 .part o0x7fb4a5e9bc78, 20, 1;
L_0x55f595672c30 .part o0x7fb4a5e9bc48, 21, 1;
L_0x55f595672d20 .part o0x7fb4a5e9bc78, 21, 1;
L_0x55f595673290 .part o0x7fb4a5e9bc48, 22, 1;
L_0x55f595673380 .part o0x7fb4a5e9bc78, 22, 1;
L_0x55f595673900 .part o0x7fb4a5e9bc48, 23, 1;
L_0x55f5956739f0 .part o0x7fb4a5e9bc78, 23, 1;
L_0x55f595673f80 .part o0x7fb4a5e9bc48, 24, 1;
L_0x55f595674070 .part o0x7fb4a5e9bc78, 24, 1;
L_0x55f595674610 .part o0x7fb4a5e9bc48, 25, 1;
L_0x55f595674700 .part o0x7fb4a5e9bc78, 25, 1;
L_0x55f595674cb0 .part o0x7fb4a5e9bc48, 26, 1;
L_0x55f595674da0 .part o0x7fb4a5e9bc78, 26, 1;
L_0x55f595675360 .part o0x7fb4a5e9bc48, 27, 1;
L_0x55f595675450 .part o0x7fb4a5e9bc78, 27, 1;
L_0x55f595675a20 .part o0x7fb4a5e9bc48, 28, 1;
L_0x55f595675b10 .part o0x7fb4a5e9bc78, 28, 1;
L_0x55f5956760f0 .part o0x7fb4a5e9bc48, 29, 1;
L_0x55f5956761e0 .part o0x7fb4a5e9bc78, 29, 1;
L_0x55f5956767d0 .part o0x7fb4a5e9bc48, 30, 1;
L_0x55f5956768c0 .part o0x7fb4a5e9bc78, 30, 1;
L_0x55f595676ec0 .part o0x7fb4a5e9bc48, 31, 1;
L_0x55f595676fb0 .part o0x7fb4a5e9bc78, 31, 1;
LS_0x55f5956776c0_0_0 .concat8 [ 1 1 1 1], L_0x55f59566aae0, L_0x55f59566b030, L_0x55f59566b5f0, L_0x55f59566baf0;
LS_0x55f5956776c0_0_4 .concat8 [ 1 1 1 1], L_0x55f59566bf60, L_0x55f59566c430, L_0x55f59566c990, L_0x55f59566ce90;
LS_0x55f5956776c0_0_8 .concat8 [ 1 1 1 1], L_0x55f59566d520, L_0x55f59566dab0, L_0x55f59566e050, L_0x55f59566e560;
LS_0x55f5956776c0_0_12 .concat8 [ 1 1 1 1], L_0x55f59566eb20, L_0x55f59566f0f0, L_0x55f59566f6d0, L_0x55f5956704d0;
LS_0x55f5956776c0_0_16 .concat8 [ 1 1 1 1], L_0x55f595670ce0, L_0x55f5956712f0, L_0x55f595671830, L_0x55f595671e30;
LS_0x55f5956776c0_0_20 .concat8 [ 1 1 1 1], L_0x55f595672470, L_0x55f595672ac0, L_0x55f595673120, L_0x55f595673790;
LS_0x55f5956776c0_0_24 .concat8 [ 1 1 1 1], L_0x55f595673e10, L_0x55f5956744a0, L_0x55f595674b40, L_0x55f5956751f0;
LS_0x55f5956776c0_0_28 .concat8 [ 1 1 1 1], L_0x55f5956758b0, L_0x55f595675f80, L_0x55f595676660, L_0x55f595676d50;
LS_0x55f5956776c0_1_0 .concat8 [ 4 4 4 4], LS_0x55f5956776c0_0_0, LS_0x55f5956776c0_0_4, LS_0x55f5956776c0_0_8, LS_0x55f5956776c0_0_12;
LS_0x55f5956776c0_1_4 .concat8 [ 4 4 4 4], LS_0x55f5956776c0_0_16, LS_0x55f5956776c0_0_20, LS_0x55f5956776c0_0_24, LS_0x55f5956776c0_0_28;
L_0x55f5956776c0 .concat8 [ 16 16 0 0], LS_0x55f5956776c0_1_0, LS_0x55f5956776c0_1_4;
S_0x55f595633920 .scope module, "i0" "MUX2X1" 2 11, 3 4 0, S_0x55f5956349d0;
 .timescale 0 0;
    .port_info 0 /INPUT 1 "A";
    .port_info 1 /INPUT 1 "B";
    .port_info 2 /INPUT 1 "S";
    .port_info 3 /OUTPUT 1 "Y";
L_0x55f59566a870 .functor NOT 1, o0x7fb4a5e980d8, C4<0>, C4<0>, C4<0>;
L_0x55f59566a900 .functor NAND 1, L_0x55f59566ac50, L_0x55f59566a870, C4<1>, C4<1>;
L_0x55f59566aa40 .functor NAND 1, L_0x55f59566ad40, o0x7fb4a5e980d8, C4<1>, C4<1>;
L_0x55f59566aae0 .functor NAND 1, L_0x55f59566a900, L_0x55f59566aa40, C4<1>, C4<1>;
v0x55f59562b760_0 .net "A", 0 0, L_0x55f59566ac50;  1 drivers
v0x55f59562a6b0_0 .net "AS", 0 0, L_0x55f59566a900;  1 drivers
v0x55f595629600_0 .net "B", 0 0, L_0x55f59566ad40;  1 drivers
v0x55f595628550_0 .net "BS", 0 0, L_0x55f59566aa40;  1 drivers
v0x55f5956274a0_0 .net "S", 0 0, o0x7fb4a5e980d8;  alias, 0 drivers
v0x55f5956263f0_0 .net "S_n", 0 0, L_0x55f59566a870;  1 drivers
v0x55f595625200_0 .net "Y", 0 0, L_0x55f59566aae0;  1 drivers
S_0x55f595659be0 .scope module, "i1" "MUX2X1" 2 17, 3 4 0, S_0x55f5956349d0;
 .timescale 0 0;
    .port_info 0 /INPUT 1 "A";
    .port_info 1 /INPUT 1 "B";
    .port_info 2 /INPUT 1 "S";
    .port_info 3 /OUTPUT 1 "Y";
L_0x55f59566ae30 .functor NOT 1, o0x7fb4a5e980d8, C4<0>, C4<0>, C4<0>;
L_0x55f59566aea0 .functor NAND 1, L_0x55f59566b1a0, L_0x55f59566ae30, C4<1>, C4<1>;
L_0x55f59566af90 .functor NAND 1, L_0x55f59566b2e0, o0x7fb4a5e980d8, C4<1>, C4<1>;
L_0x55f59566b030 .functor NAND 1, L_0x55f59566aea0, L_0x55f59566af90, C4<1>, C4<1>;
v0x55f595659d90_0 .net "A", 0 0, L_0x55f59566b1a0;  1 drivers
v0x55f595659e50_0 .net "AS", 0 0, L_0x55f59566aea0;  1 drivers
v0x55f595659f10_0 .net "B", 0 0, L_0x55f59566b2e0;  1 drivers
v0x55f595659fb0_0 .net "BS", 0 0, L_0x55f59566af90;  1 drivers
v0x55f59565a070_0 .net "S", 0 0, o0x7fb4a5e980d8;  alias, 0 drivers
v0x55f59565a110_0 .net "S_n", 0 0, L_0x55f59566ae30;  1 drivers
v0x55f59565a1b0_0 .net "Y", 0 0, L_0x55f59566b030;  1 drivers
S_0x55f59565a2f0 .scope module, "i10" "MUX2X1" 2 71, 3 4 0, S_0x55f5956349d0;
 .timescale 0 0;
    .port_info 0 /INPUT 1 "A";
    .port_info 1 /INPUT 1 "B";
    .port_info 2 /INPUT 1 "S";
    .port_info 3 /OUTPUT 1 "Y";
L_0x55f59566deb0 .functor NOT 1, o0x7fb4a5e980d8, C4<0>, C4<0>, C4<0>;
L_0x55f59566df20 .functor NAND 1, L_0x55f59566d870, L_0x55f59566deb0, C4<1>, C4<1>;
L_0x55f59566dfe0 .functor NAND 1, L_0x55f59566e210, o0x7fb4a5e980d8, C4<1>, C4<1>;
L_0x55f59566e050 .functor NAND 1, L_0x55f59566df20, L_0x55f59566dfe0, C4<1>, C4<1>;
v0x55f59565a4b0_0 .net "A", 0 0, L_0x55f59566d870;  1 drivers
v0x55f59565a570_0 .net "AS", 0 0, L_0x55f59566df20;  1 drivers
v0x55f59565a630_0 .net "B", 0 0, L_0x55f59566e210;  1 drivers
v0x55f59565a700_0 .net "BS", 0 0, L_0x55f59566dfe0;  1 drivers
v0x55f59565a7c0_0 .net "S", 0 0, o0x7fb4a5e980d8;  alias, 0 drivers
v0x55f59565a860_0 .net "S_n", 0 0, L_0x55f59566deb0;  1 drivers
v0x55f59565a920_0 .net "Y", 0 0, L_0x55f59566e050;  1 drivers
S_0x55f59565aa60 .scope module, "i11" "MUX2X1" 2 77, 3 4 0, S_0x55f5956349d0;
 .timescale 0 0;
    .port_info 0 /INPUT 1 "A";
    .port_info 1 /INPUT 1 "B";
    .port_info 2 /INPUT 1 "S";
    .port_info 3 /OUTPUT 1 "Y";
L_0x55f59566e3c0 .functor NOT 1, o0x7fb4a5e980d8, C4<0>, C4<0>, C4<0>;
L_0x55f59566e430 .functor NAND 1, L_0x55f59566e6d0, L_0x55f59566e3c0, C4<1>, C4<1>;
L_0x55f59566e4f0 .functor NAND 1, L_0x55f59566e7c0, o0x7fb4a5e980d8, C4<1>, C4<1>;
L_0x55f59566e560 .functor NAND 1, L_0x55f59566e430, L_0x55f59566e4f0, C4<1>, C4<1>;
v0x55f59565ac40_0 .net "A", 0 0, L_0x55f59566e6d0;  1 drivers
v0x55f59565ad20_0 .net "AS", 0 0, L_0x55f59566e430;  1 drivers
v0x55f59565ade0_0 .net "B", 0 0, L_0x55f59566e7c0;  1 drivers
v0x55f59565ae80_0 .net "BS", 0 0, L_0x55f59566e4f0;  1 drivers
v0x55f59565af40_0 .net "S", 0 0, o0x7fb4a5e980d8;  alias, 0 drivers
v0x55f59565b030_0 .net "S_n", 0 0, L_0x55f59566e3c0;  1 drivers
v0x55f59565b0f0_0 .net "Y", 0 0, L_0x55f59566e560;  1 drivers
S_0x55f59565b230 .scope module, "i12" "MUX2X1" 2 83, 3 4 0, S_0x55f5956349d0;
 .timescale 0 0;
    .port_info 0 /INPUT 1 "A";
    .port_info 1 /INPUT 1 "B";
    .port_info 2 /INPUT 1 "S";
    .port_info 3 /OUTPUT 1 "Y";
L_0x55f59566e980 .functor NOT 1, o0x7fb4a5e980d8, C4<0>, C4<0>, C4<0>;
L_0x55f59566e9f0 .functor NAND 1, L_0x55f59566ec90, L_0x55f59566e980, C4<1>, C4<1>;
L_0x55f59566eab0 .functor NAND 1, L_0x55f59566ed80, o0x7fb4a5e980d8, C4<1>, C4<1>;
L_0x55f59566eb20 .functor NAND 1, L_0x55f59566e9f0, L_0x55f59566eab0, C4<1>, C4<1>;
v0x55f59565b460_0 .net "A", 0 0, L_0x55f59566ec90;  1 drivers
v0x55f59565b540_0 .net "AS", 0 0, L_0x55f59566e9f0;  1 drivers
v0x55f59565b600_0 .net "B", 0 0, L_0x55f59566ed80;  1 drivers
v0x55f59565b6a0_0 .net "BS", 0 0, L_0x55f59566eab0;  1 drivers
v0x55f59565b760_0 .net "S", 0 0, o0x7fb4a5e980d8;  alias, 0 drivers
v0x55f59565b850_0 .net "S_n", 0 0, L_0x55f59566e980;  1 drivers
v0x55f59565b910_0 .net "Y", 0 0, L_0x55f59566eb20;  1 drivers
S_0x55f59565ba50 .scope module, "i13" "MUX2X1" 2 89, 3 4 0, S_0x55f5956349d0;
 .timescale 0 0;
    .port_info 0 /INPUT 1 "A";
    .port_info 1 /INPUT 1 "B";
    .port_info 2 /INPUT 1 "S";
    .port_info 3 /OUTPUT 1 "Y";
L_0x55f59566ef50 .functor NOT 1, o0x7fb4a5e980d8, C4<0>, C4<0>, C4<0>;
L_0x55f59566efc0 .functor NAND 1, L_0x55f59566f260, L_0x55f59566ef50, C4<1>, C4<1>;
L_0x55f59566f080 .functor NAND 1, L_0x55f59566f350, o0x7fb4a5e980d8, C4<1>, C4<1>;
L_0x55f59566f0f0 .functor NAND 1, L_0x55f59566efc0, L_0x55f59566f080, C4<1>, C4<1>;
v0x55f59565bbe0_0 .net "A", 0 0, L_0x55f59566f260;  1 drivers
v0x55f59565bcc0_0 .net "AS", 0 0, L_0x55f59566efc0;  1 drivers
v0x55f59565bd80_0 .net "B", 0 0, L_0x55f59566f350;  1 drivers
v0x55f59565be50_0 .net "BS", 0 0, L_0x55f59566f080;  1 drivers
v0x55f59565bf10_0 .net "S", 0 0, o0x7fb4a5e980d8;  alias, 0 drivers
v0x55f59565c000_0 .net "S_n", 0 0, L_0x55f59566ef50;  1 drivers
v0x55f59565c0c0_0 .net "Y", 0 0, L_0x55f59566f0f0;  1 drivers
S_0x55f59565c200 .scope module, "i14" "MUX2X1" 2 95, 3 4 0, S_0x55f5956349d0;
 .timescale 0 0;
    .port_info 0 /INPUT 1 "A";
    .port_info 1 /INPUT 1 "B";
    .port_info 2 /INPUT 1 "S";
    .port_info 3 /OUTPUT 1 "Y";
L_0x55f59566f530 .functor NOT 1, o0x7fb4a5e980d8, C4<0>, C4<0>, C4<0>;
L_0x55f59566f5a0 .functor NAND 1, L_0x55f59566f840, L_0x55f59566f530, C4<1>, C4<1>;
L_0x55f59566f660 .functor NAND 1, L_0x55f59566f930, o0x7fb4a5e980d8, C4<1>, C4<1>;
L_0x55f59566f6d0 .functor NAND 1, L_0x55f59566f5a0, L_0x55f59566f660, C4<1>, C4<1>;
v0x55f59565c3e0_0 .net "A", 0 0, L_0x55f59566f840;  1 drivers
v0x55f59565c4c0_0 .net "AS", 0 0, L_0x55f59566f5a0;  1 drivers
v0x55f59565c580_0 .net "B", 0 0, L_0x55f59566f930;  1 drivers
v0x55f59565c650_0 .net "BS", 0 0, L_0x55f59566f660;  1 drivers
v0x55f59565c710_0 .net "S", 0 0, o0x7fb4a5e980d8;  alias, 0 drivers
v0x55f59565c800_0 .net "S_n", 0 0, L_0x55f59566f530;  1 drivers
v0x55f59565c8c0_0 .net "Y", 0 0, L_0x55f59566f6d0;  1 drivers
S_0x55f59565ca00 .scope module, "i15" "MUX2X1" 2 101, 3 4 0, S_0x55f5956349d0;
 .timescale 0 0;
    .port_info 0 /INPUT 1 "A";
    .port_info 1 /INPUT 1 "B";
    .port_info 2 /INPUT 1 "S";
    .port_info 3 /OUTPUT 1 "Y";
L_0x55f59566fb20 .functor NOT 1, o0x7fb4a5e980d8, C4<0>, C4<0>, C4<0>;
L_0x55f59566fb90 .functor NAND 1, L_0x55f595670640, L_0x55f59566fb20, C4<1>, C4<1>;
L_0x55f59566fc50 .functor NAND 1, L_0x55f595670730, o0x7fb4a5e980d8, C4<1>, C4<1>;
L_0x55f5956704d0 .functor NAND 1, L_0x55f59566fb90, L_0x55f59566fc50, C4<1>, C4<1>;
v0x55f59565cc50_0 .net "A", 0 0, L_0x55f595670640;  1 drivers
v0x55f59565cd30_0 .net "AS", 0 0, L_0x55f59566fb90;  1 drivers
v0x55f59565cdf0_0 .net "B", 0 0, L_0x55f595670730;  1 drivers
v0x55f59565cec0_0 .net "BS", 0 0, L_0x55f59566fc50;  1 drivers
v0x55f59565cf80_0 .net "S", 0 0, o0x7fb4a5e980d8;  alias, 0 drivers
v0x55f59565d070_0 .net "S_n", 0 0, L_0x55f59566fb20;  1 drivers
v0x55f59565d130_0 .net "Y", 0 0, L_0x55f5956704d0;  1 drivers
S_0x55f59565d270 .scope module, "i16" "MUX2X1" 2 107, 3 4 0, S_0x55f5956349d0;
 .timescale 0 0;
    .port_info 0 /INPUT 1 "A";
    .port_info 1 /INPUT 1 "B";
    .port_info 2 /INPUT 1 "S";
    .port_info 3 /OUTPUT 1 "Y";
L_0x55f595670b40 .functor NOT 1, o0x7fb4a5e980d8, C4<0>, C4<0>, C4<0>;
L_0x55f595670bb0 .functor NAND 1, L_0x55f595670e50, L_0x55f595670b40, C4<1>, C4<1>;
L_0x55f595670c70 .functor NAND 1, L_0x55f595670f40, o0x7fb4a5e980d8, C4<1>, C4<1>;
L_0x55f595670ce0 .functor NAND 1, L_0x55f595670bb0, L_0x55f595670c70, C4<1>, C4<1>;
v0x55f59565d550_0 .net "A", 0 0, L_0x55f595670e50;  1 drivers
v0x55f59565d630_0 .net "AS", 0 0, L_0x55f595670bb0;  1 drivers
v0x55f59565d6f0_0 .net "B", 0 0, L_0x55f595670f40;  1 drivers
v0x55f59565d7c0_0 .net "BS", 0 0, L_0x55f595670c70;  1 drivers
v0x55f59565d880_0 .net "S", 0 0, o0x7fb4a5e980d8;  alias, 0 drivers
v0x55f59565d920_0 .net "S_n", 0 0, L_0x55f595670b40;  1 drivers
v0x55f59565d9e0_0 .net "Y", 0 0, L_0x55f595670ce0;  1 drivers
S_0x55f59565db20 .scope module, "i17" "MUX2X1" 2 113, 3 4 0, S_0x55f5956349d0;
 .timescale 0 0;
    .port_info 0 /INPUT 1 "A";
    .port_info 1 /INPUT 1 "B";
    .port_info 2 /INPUT 1 "S";
    .port_info 3 /OUTPUT 1 "Y";
L_0x55f595671150 .functor NOT 1, o0x7fb4a5e980d8, C4<0>, C4<0>, C4<0>;
L_0x55f5956711c0 .functor NAND 1, L_0x55f595671460, L_0x55f595671150, C4<1>, C4<1>;
L_0x55f595671280 .functor NAND 1, L_0x55f595671550, o0x7fb4a5e980d8, C4<1>, C4<1>;
L_0x55f5956712f0 .functor NAND 1, L_0x55f5956711c0, L_0x55f595671280, C4<1>, C4<1>;
v0x55f59565dd70_0 .net "A", 0 0, L_0x55f595671460;  1 drivers
v0x55f59565de50_0 .net "AS", 0 0, L_0x55f5956711c0;  1 drivers
v0x55f59565df10_0 .net "B", 0 0, L_0x55f595671550;  1 drivers
v0x55f59565dfe0_0 .net "BS", 0 0, L_0x55f595671280;  1 drivers
v0x55f59565e0a0_0 .net "S", 0 0, o0x7fb4a5e980d8;  alias, 0 drivers
v0x55f59565e190_0 .net "S_n", 0 0, L_0x55f595671150;  1 drivers
v0x55f59565e250_0 .net "Y", 0 0, L_0x55f5956712f0;  1 drivers
S_0x55f59565e390 .scope module, "i18" "MUX2X1" 2 119, 3 4 0, S_0x55f5956349d0;
 .timescale 0 0;
    .port_info 0 /INPUT 1 "A";
    .port_info 1 /INPUT 1 "B";
    .port_info 2 /INPUT 1 "S";
    .port_info 3 /OUTPUT 1 "Y";
L_0x55f595671030 .functor NOT 1, o0x7fb4a5e980d8, C4<0>, C4<0>, C4<0>;
L_0x55f5956710a0 .functor NAND 1, L_0x55f595671970, L_0x55f595671030, C4<1>, C4<1>;
L_0x55f5956717c0 .functor NAND 1, L_0x55f595671a60, o0x7fb4a5e980d8, C4<1>, C4<1>;
L_0x55f595671830 .functor NAND 1, L_0x55f5956710a0, L_0x55f5956717c0, C4<1>, C4<1>;
v0x55f59565e5e0_0 .net "A", 0 0, L_0x55f595671970;  1 drivers
v0x55f59565e6c0_0 .net "AS", 0 0, L_0x55f5956710a0;  1 drivers
v0x55f59565e780_0 .net "B", 0 0, L_0x55f595671a60;  1 drivers
v0x55f59565e850_0 .net "BS", 0 0, L_0x55f5956717c0;  1 drivers
v0x55f59565e910_0 .net "S", 0 0, o0x7fb4a5e980d8;  alias, 0 drivers
v0x55f59565ea00_0 .net "S_n", 0 0, L_0x55f595671030;  1 drivers
v0x55f59565eac0_0 .net "Y", 0 0, L_0x55f595671830;  1 drivers
S_0x55f59565ec00 .scope module, "i19" "MUX2X1" 2 125, 3 4 0, S_0x55f5956349d0;
 .timescale 0 0;
    .port_info 0 /INPUT 1 "A";
    .port_info 1 /INPUT 1 "B";
    .port_info 2 /INPUT 1 "S";
    .port_info 3 /OUTPUT 1 "Y";
L_0x55f595671c90 .functor NOT 1, o0x7fb4a5e980d8, C4<0>, C4<0>, C4<0>;
L_0x55f595671d00 .functor NAND 1, L_0x55f595671fa0, L_0x55f595671c90, C4<1>, C4<1>;
L_0x55f595671dc0 .functor NAND 1, L_0x55f595672090, o0x7fb4a5e980d8, C4<1>, C4<1>;
L_0x55f595671e30 .functor NAND 1, L_0x55f595671d00, L_0x55f595671dc0, C4<1>, C4<1>;
v0x55f59565ee50_0 .net "A", 0 0, L_0x55f595671fa0;  1 drivers
v0x55f59565ef30_0 .net "AS", 0 0, L_0x55f595671d00;  1 drivers
v0x55f59565eff0_0 .net "B", 0 0, L_0x55f595672090;  1 drivers
v0x55f59565f0c0_0 .net "BS", 0 0, L_0x55f595671dc0;  1 drivers
v0x55f59565f180_0 .net "S", 0 0, o0x7fb4a5e980d8;  alias, 0 drivers
v0x55f59565f270_0 .net "S_n", 0 0, L_0x55f595671c90;  1 drivers
v0x55f59565f330_0 .net "Y", 0 0, L_0x55f595671e30;  1 drivers
S_0x55f59565f470 .scope module, "i2" "MUX2X1" 2 23, 3 4 0, S_0x55f5956349d0;
 .timescale 0 0;
    .port_info 0 /INPUT 1 "A";
    .port_info 1 /INPUT 1 "B";
    .port_info 2 /INPUT 1 "S";
    .port_info 3 /OUTPUT 1 "Y";
L_0x55f59566b450 .functor NOT 1, o0x7fb4a5e980d8, C4<0>, C4<0>, C4<0>;
L_0x55f59566b4c0 .functor NAND 1, L_0x55f59566b730, L_0x55f59566b450, C4<1>, C4<1>;
L_0x55f59566b580 .functor NAND 1, L_0x55f59566b820, o0x7fb4a5e980d8, C4<1>, C4<1>;
L_0x55f59566b5f0 .functor NAND 1, L_0x55f59566b4c0, L_0x55f59566b580, C4<1>, C4<1>;
v0x55f59565f6c0_0 .net "A", 0 0, L_0x55f59566b730;  1 drivers
v0x55f59565f7a0_0 .net "AS", 0 0, L_0x55f59566b4c0;  1 drivers
v0x55f59565f860_0 .net "B", 0 0, L_0x55f59566b820;  1 drivers
v0x55f59565f930_0 .net "BS", 0 0, L_0x55f59566b580;  1 drivers
v0x55f59565f9f0_0 .net "S", 0 0, o0x7fb4a5e980d8;  alias, 0 drivers
v0x55f59565fae0_0 .net "S_n", 0 0, L_0x55f59566b450;  1 drivers
v0x55f59565fba0_0 .net "Y", 0 0, L_0x55f59566b5f0;  1 drivers
S_0x55f59565fce0 .scope module, "i20" "MUX2X1" 2 131, 3 4 0, S_0x55f5956349d0;
 .timescale 0 0;
    .port_info 0 /INPUT 1 "A";
    .port_info 1 /INPUT 1 "B";
    .port_info 2 /INPUT 1 "S";
    .port_info 3 /OUTPUT 1 "Y";
L_0x55f5956722d0 .functor NOT 1, o0x7fb4a5e980d8, C4<0>, C4<0>, C4<0>;
L_0x55f595672340 .functor NAND 1, L_0x55f5956725e0, L_0x55f5956722d0, C4<1>, C4<1>;
L_0x55f595672400 .functor NAND 1, L_0x55f5956726d0, o0x7fb4a5e980d8, C4<1>, C4<1>;
L_0x55f595672470 .functor NAND 1, L_0x55f595672340, L_0x55f595672400, C4<1>, C4<1>;
v0x55f59565ff30_0 .net "A", 0 0, L_0x55f5956725e0;  1 drivers
v0x55f595660010_0 .net "AS", 0 0, L_0x55f595672340;  1 drivers
v0x55f5956600d0_0 .net "B", 0 0, L_0x55f5956726d0;  1 drivers
v0x55f5956601a0_0 .net "BS", 0 0, L_0x55f595672400;  1 drivers
v0x55f595660260_0 .net "S", 0 0, o0x7fb4a5e980d8;  alias, 0 drivers
v0x55f595660350_0 .net "S_n", 0 0, L_0x55f5956722d0;  1 drivers
v0x55f595660410_0 .net "Y", 0 0, L_0x55f595672470;  1 drivers
S_0x55f595660550 .scope module, "i21" "MUX2X1" 2 137, 3 4 0, S_0x55f5956349d0;
 .timescale 0 0;
    .port_info 0 /INPUT 1 "A";
    .port_info 1 /INPUT 1 "B";
    .port_info 2 /INPUT 1 "S";
    .port_info 3 /OUTPUT 1 "Y";
L_0x55f595672920 .functor NOT 1, o0x7fb4a5e980d8, C4<0>, C4<0>, C4<0>;
L_0x55f595672990 .functor NAND 1, L_0x55f595672c30, L_0x55f595672920, C4<1>, C4<1>;
L_0x55f595672a50 .functor NAND 1, L_0x55f595672d20, o0x7fb4a5e980d8, C4<1>, C4<1>;
L_0x55f595672ac0 .functor NAND 1, L_0x55f595672990, L_0x55f595672a50, C4<1>, C4<1>;
v0x55f5956607a0_0 .net "A", 0 0, L_0x55f595672c30;  1 drivers
v0x55f595660880_0 .net "AS", 0 0, L_0x55f595672990;  1 drivers
v0x55f595660940_0 .net "B", 0 0, L_0x55f595672d20;  1 drivers
v0x55f595660a10_0 .net "BS", 0 0, L_0x55f595672a50;  1 drivers
v0x55f595660ad0_0 .net "S", 0 0, o0x7fb4a5e980d8;  alias, 0 drivers
v0x55f595660bc0_0 .net "S_n", 0 0, L_0x55f595672920;  1 drivers
v0x55f595660c80_0 .net "Y", 0 0, L_0x55f595672ac0;  1 drivers
S_0x55f595660dc0 .scope module, "i22" "MUX2X1" 2 143, 3 4 0, S_0x55f5956349d0;
 .timescale 0 0;
    .port_info 0 /INPUT 1 "A";
    .port_info 1 /INPUT 1 "B";
    .port_info 2 /INPUT 1 "S";
    .port_info 3 /OUTPUT 1 "Y";
L_0x55f595672f80 .functor NOT 1, o0x7fb4a5e980d8, C4<0>, C4<0>, C4<0>;
L_0x55f595672ff0 .functor NAND 1, L_0x55f595673290, L_0x55f595672f80, C4<1>, C4<1>;
L_0x55f5956730b0 .functor NAND 1, L_0x55f595673380, o0x7fb4a5e980d8, C4<1>, C4<1>;
L_0x55f595673120 .functor NAND 1, L_0x55f595672ff0, L_0x55f5956730b0, C4<1>, C4<1>;
v0x55f595661010_0 .net "A", 0 0, L_0x55f595673290;  1 drivers
v0x55f5956610f0_0 .net "AS", 0 0, L_0x55f595672ff0;  1 drivers
v0x55f5956611b0_0 .net "B", 0 0, L_0x55f595673380;  1 drivers
v0x55f595661280_0 .net "BS", 0 0, L_0x55f5956730b0;  1 drivers
v0x55f595661340_0 .net "S", 0 0, o0x7fb4a5e980d8;  alias, 0 drivers
v0x55f595661430_0 .net "S_n", 0 0, L_0x55f595672f80;  1 drivers
v0x55f5956614f0_0 .net "Y", 0 0, L_0x55f595673120;  1 drivers
S_0x55f595661630 .scope module, "i23" "MUX2X1" 2 149, 3 4 0, S_0x55f5956349d0;
 .timescale 0 0;
    .port_info 0 /INPUT 1 "A";
    .port_info 1 /INPUT 1 "B";
    .port_info 2 /INPUT 1 "S";
    .port_info 3 /OUTPUT 1 "Y";
L_0x55f5956735f0 .functor NOT 1, o0x7fb4a5e980d8, C4<0>, C4<0>, C4<0>;
L_0x55f595673660 .functor NAND 1, L_0x55f595673900, L_0x55f5956735f0, C4<1>, C4<1>;
L_0x55f595673720 .functor NAND 1, L_0x55f5956739f0, o0x7fb4a5e980d8, C4<1>, C4<1>;
L_0x55f595673790 .functor NAND 1, L_0x55f595673660, L_0x55f595673720, C4<1>, C4<1>;
v0x55f595661990_0 .net "A", 0 0, L_0x55f595673900;  1 drivers
v0x55f595661a70_0 .net "AS", 0 0, L_0x55f595673660;  1 drivers
v0x55f595661b30_0 .net "B", 0 0, L_0x55f5956739f0;  1 drivers
v0x55f595661c00_0 .net "BS", 0 0, L_0x55f595673720;  1 drivers
v0x55f595661cc0_0 .net "S", 0 0, o0x7fb4a5e980d8;  alias, 0 drivers
v0x55f595661fc0_0 .net "S_n", 0 0, L_0x55f5956735f0;  1 drivers
v0x55f595662080_0 .net "Y", 0 0, L_0x55f595673790;  1 drivers
S_0x55f5956621c0 .scope module, "i24" "MUX2X1" 2 155, 3 4 0, S_0x55f5956349d0;
 .timescale 0 0;
    .port_info 0 /INPUT 1 "A";
    .port_info 1 /INPUT 1 "B";
    .port_info 2 /INPUT 1 "S";
    .port_info 3 /OUTPUT 1 "Y";
L_0x55f595673c70 .functor NOT 1, o0x7fb4a5e980d8, C4<0>, C4<0>, C4<0>;
L_0x55f595673ce0 .functor NAND 1, L_0x55f595673f80, L_0x55f595673c70, C4<1>, C4<1>;
L_0x55f595673da0 .functor NAND 1, L_0x55f595674070, o0x7fb4a5e980d8, C4<1>, C4<1>;
L_0x55f595673e10 .functor NAND 1, L_0x55f595673ce0, L_0x55f595673da0, C4<1>, C4<1>;
v0x55f595662410_0 .net "A", 0 0, L_0x55f595673f80;  1 drivers
v0x55f5956624f0_0 .net "AS", 0 0, L_0x55f595673ce0;  1 drivers
v0x55f5956625b0_0 .net "B", 0 0, L_0x55f595674070;  1 drivers
v0x55f595662680_0 .net "BS", 0 0, L_0x55f595673da0;  1 drivers
v0x55f595662740_0 .net "S", 0 0, o0x7fb4a5e980d8;  alias, 0 drivers
v0x55f595662830_0 .net "S_n", 0 0, L_0x55f595673c70;  1 drivers
v0x55f5956628f0_0 .net "Y", 0 0, L_0x55f595673e10;  1 drivers
S_0x55f595662a30 .scope module, "i25" "MUX2X1" 2 161, 3 4 0, S_0x55f5956349d0;
 .timescale 0 0;
    .port_info 0 /INPUT 1 "A";
    .port_info 1 /INPUT 1 "B";
    .port_info 2 /INPUT 1 "S";
    .port_info 3 /OUTPUT 1 "Y";
L_0x55f595674300 .functor NOT 1, o0x7fb4a5e980d8, C4<0>, C4<0>, C4<0>;
L_0x55f595674370 .functor NAND 1, L_0x55f595674610, L_0x55f595674300, C4<1>, C4<1>;
L_0x55f595674430 .functor NAND 1, L_0x55f595674700, o0x7fb4a5e980d8, C4<1>, C4<1>;
L_0x55f5956744a0 .functor NAND 1, L_0x55f595674370, L_0x55f595674430, C4<1>, C4<1>;
v0x55f595662c80_0 .net "A", 0 0, L_0x55f595674610;  1 drivers
v0x55f595662d60_0 .net "AS", 0 0, L_0x55f595674370;  1 drivers
v0x55f595662e20_0 .net "B", 0 0, L_0x55f595674700;  1 drivers
v0x55f595662ef0_0 .net "BS", 0 0, L_0x55f595674430;  1 drivers
v0x55f595662fb0_0 .net "S", 0 0, o0x7fb4a5e980d8;  alias, 0 drivers
v0x55f5956630a0_0 .net "S_n", 0 0, L_0x55f595674300;  1 drivers
v0x55f595663160_0 .net "Y", 0 0, L_0x55f5956744a0;  1 drivers
S_0x55f5956632a0 .scope module, "i26" "MUX2X1" 2 167, 3 4 0, S_0x55f5956349d0;
 .timescale 0 0;
    .port_info 0 /INPUT 1 "A";
    .port_info 1 /INPUT 1 "B";
    .port_info 2 /INPUT 1 "S";
    .port_info 3 /OUTPUT 1 "Y";
L_0x55f5956749a0 .functor NOT 1, o0x7fb4a5e980d8, C4<0>, C4<0>, C4<0>;
L_0x55f595674a10 .functor NAND 1, L_0x55f595674cb0, L_0x55f5956749a0, C4<1>, C4<1>;
L_0x55f595674ad0 .functor NAND 1, L_0x55f595674da0, o0x7fb4a5e980d8, C4<1>, C4<1>;
L_0x55f595674b40 .functor NAND 1, L_0x55f595674a10, L_0x55f595674ad0, C4<1>, C4<1>;
v0x55f5956634f0_0 .net "A", 0 0, L_0x55f595674cb0;  1 drivers
v0x55f5956635d0_0 .net "AS", 0 0, L_0x55f595674a10;  1 drivers
v0x55f595663690_0 .net "B", 0 0, L_0x55f595674da0;  1 drivers
v0x55f595663760_0 .net "BS", 0 0, L_0x55f595674ad0;  1 drivers
v0x55f595663820_0 .net "S", 0 0, o0x7fb4a5e980d8;  alias, 0 drivers
v0x55f595663910_0 .net "S_n", 0 0, L_0x55f5956749a0;  1 drivers
v0x55f5956639d0_0 .net "Y", 0 0, L_0x55f595674b40;  1 drivers
S_0x55f595663b10 .scope module, "i27" "MUX2X1" 2 173, 3 4 0, S_0x55f5956349d0;
 .timescale 0 0;
    .port_info 0 /INPUT 1 "A";
    .port_info 1 /INPUT 1 "B";
    .port_info 2 /INPUT 1 "S";
    .port_info 3 /OUTPUT 1 "Y";
L_0x55f595675050 .functor NOT 1, o0x7fb4a5e980d8, C4<0>, C4<0>, C4<0>;
L_0x55f5956750c0 .functor NAND 1, L_0x55f595675360, L_0x55f595675050, C4<1>, C4<1>;
L_0x55f595675180 .functor NAND 1, L_0x55f595675450, o0x7fb4a5e980d8, C4<1>, C4<1>;
L_0x55f5956751f0 .functor NAND 1, L_0x55f5956750c0, L_0x55f595675180, C4<1>, C4<1>;
v0x55f595663d60_0 .net "A", 0 0, L_0x55f595675360;  1 drivers
v0x55f595663e40_0 .net "AS", 0 0, L_0x55f5956750c0;  1 drivers
v0x55f595663f00_0 .net "B", 0 0, L_0x55f595675450;  1 drivers
v0x55f595663fd0_0 .net "BS", 0 0, L_0x55f595675180;  1 drivers
v0x55f595664090_0 .net "S", 0 0, o0x7fb4a5e980d8;  alias, 0 drivers
v0x55f595664180_0 .net "S_n", 0 0, L_0x55f595675050;  1 drivers
v0x55f595664240_0 .net "Y", 0 0, L_0x55f5956751f0;  1 drivers
S_0x55f595664380 .scope module, "i28" "MUX2X1" 2 179, 3 4 0, S_0x55f5956349d0;
 .timescale 0 0;
    .port_info 0 /INPUT 1 "A";
    .port_info 1 /INPUT 1 "B";
    .port_info 2 /INPUT 1 "S";
    .port_info 3 /OUTPUT 1 "Y";
L_0x55f595675710 .functor NOT 1, o0x7fb4a5e980d8, C4<0>, C4<0>, C4<0>;
L_0x55f595675780 .functor NAND 1, L_0x55f595675a20, L_0x55f595675710, C4<1>, C4<1>;
L_0x55f595675840 .functor NAND 1, L_0x55f595675b10, o0x7fb4a5e980d8, C4<1>, C4<1>;
L_0x55f5956758b0 .functor NAND 1, L_0x55f595675780, L_0x55f595675840, C4<1>, C4<1>;
v0x55f5956645d0_0 .net "A", 0 0, L_0x55f595675a20;  1 drivers
v0x55f5956646b0_0 .net "AS", 0 0, L_0x55f595675780;  1 drivers
v0x55f595664770_0 .net "B", 0 0, L_0x55f595675b10;  1 drivers
v0x55f595664840_0 .net "BS", 0 0, L_0x55f595675840;  1 drivers
v0x55f595664900_0 .net "S", 0 0, o0x7fb4a5e980d8;  alias, 0 drivers
v0x55f5956649f0_0 .net "S_n", 0 0, L_0x55f595675710;  1 drivers
v0x55f595664ab0_0 .net "Y", 0 0, L_0x55f5956758b0;  1 drivers
S_0x55f595664bf0 .scope module, "i29" "MUX2X1" 2 185, 3 4 0, S_0x55f5956349d0;
 .timescale 0 0;
    .port_info 0 /INPUT 1 "A";
    .port_info 1 /INPUT 1 "B";
    .port_info 2 /INPUT 1 "S";
    .port_info 3 /OUTPUT 1 "Y";
L_0x55f595675de0 .functor NOT 1, o0x7fb4a5e980d8, C4<0>, C4<0>, C4<0>;
L_0x55f595675e50 .functor NAND 1, L_0x55f5956760f0, L_0x55f595675de0, C4<1>, C4<1>;
L_0x55f595675f10 .functor NAND 1, L_0x55f5956761e0, o0x7fb4a5e980d8, C4<1>, C4<1>;
L_0x55f595675f80 .functor NAND 1, L_0x55f595675e50, L_0x55f595675f10, C4<1>, C4<1>;
v0x55f595664e40_0 .net "A", 0 0, L_0x55f5956760f0;  1 drivers
v0x55f595664f20_0 .net "AS", 0 0, L_0x55f595675e50;  1 drivers
v0x55f595664fe0_0 .net "B", 0 0, L_0x55f5956761e0;  1 drivers
v0x55f5956650b0_0 .net "BS", 0 0, L_0x55f595675f10;  1 drivers
v0x55f595665170_0 .net "S", 0 0, o0x7fb4a5e980d8;  alias, 0 drivers
v0x55f595665260_0 .net "S_n", 0 0, L_0x55f595675de0;  1 drivers
v0x55f595665320_0 .net "Y", 0 0, L_0x55f595675f80;  1 drivers
S_0x55f595665460 .scope module, "i3" "MUX2X1" 2 29, 3 4 0, S_0x55f5956349d0;
 .timescale 0 0;
    .port_info 0 /INPUT 1 "A";
    .port_info 1 /INPUT 1 "B";
    .port_info 2 /INPUT 1 "S";
    .port_info 3 /OUTPUT 1 "Y";
L_0x55f59566b950 .functor NOT 1, o0x7fb4a5e980d8, C4<0>, C4<0>, C4<0>;
L_0x55f59566b9c0 .functor NAND 1, L_0x55f59566bc30, L_0x55f59566b950, C4<1>, C4<1>;
L_0x55f59566ba80 .functor NAND 1, L_0x55f59566bd20, o0x7fb4a5e980d8, C4<1>, C4<1>;
L_0x55f59566baf0 .functor NAND 1, L_0x55f59566b9c0, L_0x55f59566ba80, C4<1>, C4<1>;
v0x55f5956656b0_0 .net "A", 0 0, L_0x55f59566bc30;  1 drivers
v0x55f595665790_0 .net "AS", 0 0, L_0x55f59566b9c0;  1 drivers
v0x55f595665850_0 .net "B", 0 0, L_0x55f59566bd20;  1 drivers
v0x55f595665920_0 .net "BS", 0 0, L_0x55f59566ba80;  1 drivers
v0x55f5956659e0_0 .net "S", 0 0, o0x7fb4a5e980d8;  alias, 0 drivers
v0x55f595665ad0_0 .net "S_n", 0 0, L_0x55f59566b950;  1 drivers
v0x55f595665b90_0 .net "Y", 0 0, L_0x55f59566baf0;  1 drivers
S_0x55f595665cd0 .scope module, "i30" "MUX2X1" 2 191, 3 4 0, S_0x55f5956349d0;
 .timescale 0 0;
    .port_info 0 /INPUT 1 "A";
    .port_info 1 /INPUT 1 "B";
    .port_info 2 /INPUT 1 "S";
    .port_info 3 /OUTPUT 1 "Y";
L_0x55f5956764c0 .functor NOT 1, o0x7fb4a5e980d8, C4<0>, C4<0>, C4<0>;
L_0x55f595676530 .functor NAND 1, L_0x55f5956767d0, L_0x55f5956764c0, C4<1>, C4<1>;
L_0x55f5956765f0 .functor NAND 1, L_0x55f5956768c0, o0x7fb4a5e980d8, C4<1>, C4<1>;
L_0x55f595676660 .functor NAND 1, L_0x55f595676530, L_0x55f5956765f0, C4<1>, C4<1>;
v0x55f595665f20_0 .net "A", 0 0, L_0x55f5956767d0;  1 drivers
v0x55f595666000_0 .net "AS", 0 0, L_0x55f595676530;  1 drivers
v0x55f5956660c0_0 .net "B", 0 0, L_0x55f5956768c0;  1 drivers
v0x55f595666190_0 .net "BS", 0 0, L_0x55f5956765f0;  1 drivers
v0x55f595666250_0 .net "S", 0 0, o0x7fb4a5e980d8;  alias, 0 drivers
v0x55f595666340_0 .net "S_n", 0 0, L_0x55f5956764c0;  1 drivers
v0x55f595666400_0 .net "Y", 0 0, L_0x55f595676660;  1 drivers
S_0x55f595666540 .scope module, "i31" "MUX2X1" 2 197, 3 4 0, S_0x55f5956349d0;
 .timescale 0 0;
    .port_info 0 /INPUT 1 "A";
    .port_info 1 /INPUT 1 "B";
    .port_info 2 /INPUT 1 "S";
    .port_info 3 /OUTPUT 1 "Y";
L_0x55f595676bb0 .functor NOT 1, o0x7fb4a5e980d8, C4<0>, C4<0>, C4<0>;
L_0x55f595676c20 .functor NAND 1, L_0x55f595676ec0, L_0x55f595676bb0, C4<1>, C4<1>;
L_0x55f595676ce0 .functor NAND 1, L_0x55f595676fb0, o0x7fb4a5e980d8, C4<1>, C4<1>;
L_0x55f595676d50 .functor NAND 1, L_0x55f595676c20, L_0x55f595676ce0, C4<1>, C4<1>;
v0x55f595666790_0 .net "A", 0 0, L_0x55f595676ec0;  1 drivers
v0x55f595666870_0 .net "AS", 0 0, L_0x55f595676c20;  1 drivers
v0x55f595666930_0 .net "B", 0 0, L_0x55f595676fb0;  1 drivers
v0x55f595666a00_0 .net "BS", 0 0, L_0x55f595676ce0;  1 drivers
v0x55f595666ac0_0 .net "S", 0 0, o0x7fb4a5e980d8;  alias, 0 drivers
v0x55f595666bb0_0 .net "S_n", 0 0, L_0x55f595676bb0;  1 drivers
v0x55f595666c70_0 .net "Y", 0 0, L_0x55f595676d50;  1 drivers
S_0x55f595666db0 .scope module, "i4" "MUX2X1" 2 35, 3 4 0, S_0x55f5956349d0;
 .timescale 0 0;
    .port_info 0 /INPUT 1 "A";
    .port_info 1 /INPUT 1 "B";
    .port_info 2 /INPUT 1 "S";
    .port_info 3 /OUTPUT 1 "Y";
L_0x55f59566be10 .functor NOT 1, o0x7fb4a5e980d8, C4<0>, C4<0>, C4<0>;
L_0x55f59566be80 .functor NAND 1, L_0x55f59566c0a0, L_0x55f59566be10, C4<1>, C4<1>;
L_0x55f59566bef0 .functor NAND 1, L_0x55f59566c190, o0x7fb4a5e980d8, C4<1>, C4<1>;
L_0x55f59566bf60 .functor NAND 1, L_0x55f59566be80, L_0x55f59566bef0, C4<1>, C4<1>;
v0x55f595667000_0 .net "A", 0 0, L_0x55f59566c0a0;  1 drivers
v0x55f5956670e0_0 .net "AS", 0 0, L_0x55f59566be80;  1 drivers
v0x55f5956671a0_0 .net "B", 0 0, L_0x55f59566c190;  1 drivers
v0x55f595667270_0 .net "BS", 0 0, L_0x55f59566bef0;  1 drivers
v0x55f595667330_0 .net "S", 0 0, o0x7fb4a5e980d8;  alias, 0 drivers
v0x55f595667420_0 .net "S_n", 0 0, L_0x55f59566be10;  1 drivers
v0x55f5956674e0_0 .net "Y", 0 0, L_0x55f59566bf60;  1 drivers
S_0x55f595667620 .scope module, "i5" "MUX2X1" 2 41, 3 4 0, S_0x55f5956349d0;
 .timescale 0 0;
    .port_info 0 /INPUT 1 "A";
    .port_info 1 /INPUT 1 "B";
    .port_info 2 /INPUT 1 "S";
    .port_info 3 /OUTPUT 1 "Y";
L_0x55f59566c2e0 .functor NOT 1, o0x7fb4a5e980d8, C4<0>, C4<0>, C4<0>;
L_0x55f59566c350 .functor NAND 1, L_0x55f59566c5a0, L_0x55f59566c2e0, C4<1>, C4<1>;
L_0x55f59566c3c0 .functor NAND 1, L_0x55f59566c690, o0x7fb4a5e980d8, C4<1>, C4<1>;
L_0x55f59566c430 .functor NAND 1, L_0x55f59566c350, L_0x55f59566c3c0, C4<1>, C4<1>;
v0x55f595667870_0 .net "A", 0 0, L_0x55f59566c5a0;  1 drivers
v0x55f595667950_0 .net "AS", 0 0, L_0x55f59566c350;  1 drivers
v0x55f595667a10_0 .net "B", 0 0, L_0x55f59566c690;  1 drivers
v0x55f595667ae0_0 .net "BS", 0 0, L_0x55f59566c3c0;  1 drivers
v0x55f595667ba0_0 .net "S", 0 0, o0x7fb4a5e980d8;  alias, 0 drivers
v0x55f595667c90_0 .net "S_n", 0 0, L_0x55f59566c2e0;  1 drivers
v0x55f595667d50_0 .net "Y", 0 0, L_0x55f59566c430;  1 drivers
S_0x55f595667e90 .scope module, "i6" "MUX2X1" 2 47, 3 4 0, S_0x55f5956349d0;
 .timescale 0 0;
    .port_info 0 /INPUT 1 "A";
    .port_info 1 /INPUT 1 "B";
    .port_info 2 /INPUT 1 "S";
    .port_info 3 /OUTPUT 1 "Y";
L_0x55f59566c7f0 .functor NOT 1, o0x7fb4a5e980d8, C4<0>, C4<0>, C4<0>;
L_0x55f59566c860 .functor NAND 1, L_0x55f59566cb00, L_0x55f59566c7f0, C4<1>, C4<1>;
L_0x55f59566c920 .functor NAND 1, L_0x55f59566cbf0, o0x7fb4a5e980d8, C4<1>, C4<1>;
L_0x55f59566c990 .functor NAND 1, L_0x55f59566c860, L_0x55f59566c920, C4<1>, C4<1>;
v0x55f5956680e0_0 .net "A", 0 0, L_0x55f59566cb00;  1 drivers
v0x55f5956681c0_0 .net "AS", 0 0, L_0x55f59566c860;  1 drivers
v0x55f595668280_0 .net "B", 0 0, L_0x55f59566cbf0;  1 drivers
v0x55f595668350_0 .net "BS", 0 0, L_0x55f59566c920;  1 drivers
v0x55f595668410_0 .net "S", 0 0, o0x7fb4a5e980d8;  alias, 0 drivers
v0x55f595668500_0 .net "S_n", 0 0, L_0x55f59566c7f0;  1 drivers
v0x55f5956685c0_0 .net "Y", 0 0, L_0x55f59566c990;  1 drivers
S_0x55f595668700 .scope module, "i7" "MUX2X1" 2 53, 3 4 0, S_0x55f5956349d0;
 .timescale 0 0;
    .port_info 0 /INPUT 1 "A";
    .port_info 1 /INPUT 1 "B";
    .port_info 2 /INPUT 1 "S";
    .port_info 3 /OUTPUT 1 "Y";
L_0x55f59566c780 .functor NOT 1, o0x7fb4a5e980d8, C4<0>, C4<0>, C4<0>;
L_0x55f59566cd60 .functor NAND 1, L_0x55f59566d000, L_0x55f59566c780, C4<1>, C4<1>;
L_0x55f59566ce20 .functor NAND 1, L_0x55f59566d0f0, o0x7fb4a5e980d8, C4<1>, C4<1>;
L_0x55f59566ce90 .functor NAND 1, L_0x55f59566cd60, L_0x55f59566ce20, C4<1>, C4<1>;
v0x55f595668950_0 .net "A", 0 0, L_0x55f59566d000;  1 drivers
v0x55f595668a30_0 .net "AS", 0 0, L_0x55f59566cd60;  1 drivers
v0x55f595668af0_0 .net "B", 0 0, L_0x55f59566d0f0;  1 drivers
v0x55f595668bc0_0 .net "BS", 0 0, L_0x55f59566ce20;  1 drivers
v0x55f595668c80_0 .net "S", 0 0, o0x7fb4a5e980d8;  alias, 0 drivers
v0x55f595668d70_0 .net "S_n", 0 0, L_0x55f59566c780;  1 drivers
v0x55f595668e30_0 .net "Y", 0 0, L_0x55f59566ce90;  1 drivers
S_0x55f595668f70 .scope module, "i8" "MUX2X1" 2 59, 3 4 0, S_0x55f5956349d0;
 .timescale 0 0;
    .port_info 0 /INPUT 1 "A";
    .port_info 1 /INPUT 1 "B";
    .port_info 2 /INPUT 1 "S";
    .port_info 3 /OUTPUT 1 "Y";
L_0x55f59566d380 .functor NOT 1, o0x7fb4a5e980d8, C4<0>, C4<0>, C4<0>;
L_0x55f59566d3f0 .functor NAND 1, L_0x55f59566d690, L_0x55f59566d380, C4<1>, C4<1>;
L_0x55f59566d4b0 .functor NAND 1, L_0x55f59566d780, o0x7fb4a5e980d8, C4<1>, C4<1>;
L_0x55f59566d520 .functor NAND 1, L_0x55f59566d3f0, L_0x55f59566d4b0, C4<1>, C4<1>;
v0x55f5956691c0_0 .net "A", 0 0, L_0x55f59566d690;  1 drivers
v0x55f5956692a0_0 .net "AS", 0 0, L_0x55f59566d3f0;  1 drivers
v0x55f595669360_0 .net "B", 0 0, L_0x55f59566d780;  1 drivers
v0x55f595669430_0 .net "BS", 0 0, L_0x55f59566d4b0;  1 drivers
v0x55f5956694f0_0 .net "S", 0 0, o0x7fb4a5e980d8;  alias, 0 drivers
v0x55f5956695e0_0 .net "S_n", 0 0, L_0x55f59566d380;  1 drivers
v0x55f5956696a0_0 .net "Y", 0 0, L_0x55f59566d520;  1 drivers
S_0x55f5956697e0 .scope module, "i9" "MUX2X1" 2 65, 3 4 0, S_0x55f5956349d0;
 .timescale 0 0;
    .port_info 0 /INPUT 1 "A";
    .port_info 1 /INPUT 1 "B";
    .port_info 2 /INPUT 1 "S";
    .port_info 3 /OUTPUT 1 "Y";
L_0x55f59566d910 .functor NOT 1, o0x7fb4a5e980d8, C4<0>, C4<0>, C4<0>;
L_0x55f59566d980 .functor NAND 1, L_0x55f59566dc20, L_0x55f59566d910, C4<1>, C4<1>;
L_0x55f59566da40 .functor NAND 1, L_0x55f59566dd10, o0x7fb4a5e980d8, C4<1>, C4<1>;
L_0x55f59566dab0 .functor NAND 1, L_0x55f59566d980, L_0x55f59566da40, C4<1>, C4<1>;
v0x55f595669a30_0 .net "A", 0 0, L_0x55f59566dc20;  1 drivers
v0x55f595669b10_0 .net "AS", 0 0, L_0x55f59566d980;  1 drivers
v0x55f595669bd0_0 .net "B", 0 0, L_0x55f59566dd10;  1 drivers
v0x55f595669ca0_0 .net "BS", 0 0, L_0x55f59566da40;  1 drivers
v0x55f595669d60_0 .net "S", 0 0, o0x7fb4a5e980d8;  alias, 0 drivers
v0x55f595669e50_0 .net "S_n", 0 0, L_0x55f59566d910;  1 drivers
v0x55f595669f10_0 .net "Y", 0 0, L_0x55f59566dab0;  1 drivers
# The file index is used to find the file name in the following table.
:file_names 4;
    "N/A";
    "<interactive>";
    "MUX2X32.v";
    "./../MUX2X1/MUX2X1.v";
