#! /usr/bin/vvp
:ivl_version "11.0 (stable)";
:ivl_delay_selection "TYPICAL";
:vpi_time_precision - 9;
:vpi_module "/usr/lib/x86_64-linux-gnu/ivl/system.vpi";
:vpi_module "/usr/lib/x86_64-linux-gnu/ivl/vhdl_sys.vpi";
:vpi_module "/usr/lib/x86_64-linux-gnu/ivl/vhdl_textio.vpi";
:vpi_module "/usr/lib/x86_64-linux-gnu/ivl/v2005_math.vpi";
:vpi_module "/usr/lib/x86_64-linux-gnu/ivl/va_math.vpi";
S_0x564d6090ed90 .scope module, "tb_MUX2X32" "tb_MUX2X32" 2 4;
 .timescale -9 -9;
v0x564d60945200_0 .var "A", 31 0;
v0x564d609452e0_0 .var "B", 31 0;
v0x564d609453b0_0 .var "S", 0 0;
S_0x564d6090dce0 .scope module, "data1" "MUX2X32" 2 17, 3 5 0, S_0x564d6090ed90;
 .timescale -9 -9;
    .port_info 0 /INPUT 32 "A";
    .port_info 1 /INPUT 32 "B";
    .port_info 2 /INPUT 1 "S";
    .port_info 3 /OUTPUT 32 "Y";
v0x564d609449e0_0 .net "A", 31 0, v0x564d60945200_0;  1 drivers
v0x564d60944ae0_0 .net "B", 31 0, v0x564d609452e0_0;  1 drivers
v0x564d60944bc0_0 .net "S", 0 0, v0x564d609453b0_0;  1 drivers
v0x564d60945070_0 .net "Y", 31 0, L_0x564d60952260;  1 drivers
L_0x564d60945850 .part v0x564d60945200_0, 0, 1;
L_0x564d60945990 .part v0x564d609452e0_0, 0, 1;
L_0x564d60945db0 .part v0x564d60945200_0, 1, 1;
L_0x564d60945ea0 .part v0x564d609452e0_0, 1, 1;
L_0x564d609462a0 .part v0x564d60945200_0, 2, 1;
L_0x564d60946390 .part v0x564d609452e0_0, 2, 1;
L_0x564d60946700 .part v0x564d60945200_0, 3, 1;
L_0x564d609467f0 .part v0x564d609452e0_0, 3, 1;
L_0x564d60946c40 .part v0x564d60945200_0, 4, 1;
L_0x564d60946d30 .part v0x564d609452e0_0, 4, 1;
L_0x564d60947140 .part v0x564d60945200_0, 5, 1;
L_0x564d60947230 .part v0x564d609452e0_0, 5, 1;
L_0x564d609476a0 .part v0x564d60945200_0, 6, 1;
L_0x564d60947790 .part v0x564d609452e0_0, 6, 1;
L_0x564d60947cb0 .part v0x564d60945200_0, 7, 1;
L_0x564d60947da0 .part v0x564d609452e0_0, 7, 1;
L_0x564d60948230 .part v0x564d60945200_0, 8, 1;
L_0x564d60948320 .part v0x564d609452e0_0, 8, 1;
L_0x564d609487c0 .part v0x564d60945200_0, 9, 1;
L_0x564d609488b0 .part v0x564d609452e0_0, 9, 1;
L_0x564d60948410 .part v0x564d60945200_0, 10, 1;
L_0x564d60948db0 .part v0x564d609452e0_0, 10, 1;
L_0x564d60949270 .part v0x564d60945200_0, 11, 1;
L_0x564d60949360 .part v0x564d609452e0_0, 11, 1;
L_0x564d60949830 .part v0x564d60945200_0, 12, 1;
L_0x564d60949920 .part v0x564d609452e0_0, 12, 1;
L_0x564d60949e00 .part v0x564d60945200_0, 13, 1;
L_0x564d60949ef0 .part v0x564d609452e0_0, 13, 1;
L_0x564d6094a3e0 .part v0x564d60945200_0, 14, 1;
L_0x564d6094a4d0 .part v0x564d609452e0_0, 14, 1;
L_0x564d6094b3f0 .part v0x564d60945200_0, 15, 1;
L_0x564d6094b4e0 .part v0x564d609452e0_0, 15, 1;
L_0x564d6094b9f0 .part v0x564d60945200_0, 16, 1;
L_0x564d6094bae0 .part v0x564d609452e0_0, 16, 1;
L_0x564d6094c000 .part v0x564d60945200_0, 17, 1;
L_0x564d6094c0f0 .part v0x564d609452e0_0, 17, 1;
L_0x564d6094c510 .part v0x564d60945200_0, 18, 1;
L_0x564d6094c600 .part v0x564d609452e0_0, 18, 1;
L_0x564d6094cb40 .part v0x564d60945200_0, 19, 1;
L_0x564d6094cc30 .part v0x564d609452e0_0, 19, 1;
L_0x564d6094d180 .part v0x564d60945200_0, 20, 1;
L_0x564d6094d270 .part v0x564d609452e0_0, 20, 1;
L_0x564d6094d7d0 .part v0x564d60945200_0, 21, 1;
L_0x564d6094d8c0 .part v0x564d609452e0_0, 21, 1;
L_0x564d6094de30 .part v0x564d60945200_0, 22, 1;
L_0x564d6094df20 .part v0x564d609452e0_0, 22, 1;
L_0x564d6094e4a0 .part v0x564d60945200_0, 23, 1;
L_0x564d6094e590 .part v0x564d609452e0_0, 23, 1;
L_0x564d6094eb20 .part v0x564d60945200_0, 24, 1;
L_0x564d6094ec10 .part v0x564d609452e0_0, 24, 1;
L_0x564d6094f1b0 .part v0x564d60945200_0, 25, 1;
L_0x564d6094f2a0 .part v0x564d609452e0_0, 25, 1;
L_0x564d6094f850 .part v0x564d60945200_0, 26, 1;
L_0x564d6094f940 .part v0x564d609452e0_0, 26, 1;
L_0x564d6094ff00 .part v0x564d60945200_0, 27, 1;
L_0x564d6094fff0 .part v0x564d609452e0_0, 27, 1;
L_0x564d609505c0 .part v0x564d60945200_0, 28, 1;
L_0x564d609506b0 .part v0x564d609452e0_0, 28, 1;
L_0x564d60950c90 .part v0x564d60945200_0, 29, 1;
L_0x564d60950d80 .part v0x564d609452e0_0, 29, 1;
L_0x564d60951370 .part v0x564d60945200_0, 30, 1;
L_0x564d60951460 .part v0x564d609452e0_0, 30, 1;
L_0x564d60951e70 .part v0x564d60945200_0, 31, 1;
L_0x564d60951f60 .part v0x564d609452e0_0, 31, 1;
LS_0x564d60952260_0_0 .concat8 [ 1 1 1 1], L_0x564d609456e0, L_0x564d60945c70, L_0x564d60946160, L_0x564d609465c0;
LS_0x564d60952260_0_4 .concat8 [ 1 1 1 1], L_0x564d60946ad0, L_0x564d60946fd0, L_0x564d60947530, L_0x564d60947b40;
LS_0x564d60952260_0_8 .concat8 [ 1 1 1 1], L_0x564d609480c0, L_0x564d60948650, L_0x564d60948bf0, L_0x564d60949100;
LS_0x564d60952260_0_12 .concat8 [ 1 1 1 1], L_0x564d609496c0, L_0x564d60949c90, L_0x564d6094a270, L_0x564d6094b280;
LS_0x564d60952260_0_16 .concat8 [ 1 1 1 1], L_0x564d6094b880, L_0x564d6094be90, L_0x564d6094c3d0, L_0x564d6094c9d0;
LS_0x564d60952260_0_20 .concat8 [ 1 1 1 1], L_0x564d6094d010, L_0x564d6094d660, L_0x564d6094dcc0, L_0x564d6094e330;
LS_0x564d60952260_0_24 .concat8 [ 1 1 1 1], L_0x564d6094e9b0, L_0x564d6094f040, L_0x564d6094f6e0, L_0x564d6094fd90;
LS_0x564d60952260_0_28 .concat8 [ 1 1 1 1], L_0x564d60950450, L_0x564d60950b20, L_0x564d60951200, L_0x564d60951d00;
LS_0x564d60952260_1_0 .concat8 [ 4 4 4 4], LS_0x564d60952260_0_0, LS_0x564d60952260_0_4, LS_0x564d60952260_0_8, LS_0x564d60952260_0_12;
LS_0x564d60952260_1_4 .concat8 [ 4 4 4 4], LS_0x564d60952260_0_16, LS_0x564d60952260_0_20, LS_0x564d60952260_0_24, LS_0x564d60952260_0_28;
L_0x564d60952260 .concat8 [ 16 16 0 0], LS_0x564d60952260_1_0, LS_0x564d60952260_1_4;
S_0x564d6090cc30 .scope module, "i0" "MUX2X1" 3 11, 4 4 0, S_0x564d6090dce0;
 .timescale -9 -9;
    .port_info 0 /INPUT 1 "A";
    .port_info 1 /INPUT 1 "B";
    .port_info 2 /INPUT 1 "S";
    .port_info 3 /OUTPUT 1 "Y";
L_0x564d60945480 .functor NOT 1, v0x564d609453b0_0, C4<0>, C4<0>, C4<0>;
L_0x564d60945520 .functor NAND 1, L_0x564d60945850, L_0x564d60945480, C4<1>, C4<1>;
L_0x564d60945640 .functor NAND 1, L_0x564d60945990, v0x564d609453b0_0, C4<1>, C4<1>;
L_0x564d609456e0 .functor NAND 1, L_0x564d60945520, L_0x564d60945640, C4<1>, C4<1>;
v0x564d60905b20_0 .net "A", 0 0, L_0x564d60945850;  1 drivers
v0x564d60904a70_0 .net "AS", 0 0, L_0x564d60945520;  1 drivers
v0x564d609039c0_0 .net "B", 0 0, L_0x564d60945990;  1 drivers
v0x564d60902910_0 .net "BS", 0 0, L_0x564d60945640;  1 drivers
v0x564d60901860_0 .net "S", 0 0, v0x564d609453b0_0;  alias, 1 drivers
v0x564d609007b0_0 .net "S_n", 0 0, L_0x564d60945480;  1 drivers
v0x564d608ff5c0_0 .net "Y", 0 0, L_0x564d609456e0;  1 drivers
S_0x564d609344f0 .scope module, "i1" "MUX2X1" 3 17, 4 4 0, S_0x564d6090dce0;
 .timescale -9 -9;
    .port_info 0 /INPUT 1 "A";
    .port_info 1 /INPUT 1 "B";
    .port_info 2 /INPUT 1 "S";
    .port_info 3 /OUTPUT 1 "Y";
L_0x564d60945ad0 .functor NOT 1, v0x564d609453b0_0, C4<0>, C4<0>, C4<0>;
L_0x564d60945b40 .functor NAND 1, L_0x564d60945db0, L_0x564d60945ad0, C4<1>, C4<1>;
L_0x564d60945c00 .functor NAND 1, L_0x564d60945ea0, v0x564d609453b0_0, C4<1>, C4<1>;
L_0x564d60945c70 .functor NAND 1, L_0x564d60945b40, L_0x564d60945c00, C4<1>, C4<1>;
v0x564d609346f0_0 .net "A", 0 0, L_0x564d60945db0;  1 drivers
v0x564d609347b0_0 .net "AS", 0 0, L_0x564d60945b40;  1 drivers
v0x564d60934870_0 .net "B", 0 0, L_0x564d60945ea0;  1 drivers
v0x564d60934910_0 .net "BS", 0 0, L_0x564d60945c00;  1 drivers
v0x564d609349d0_0 .net "S", 0 0, v0x564d609453b0_0;  alias, 1 drivers
v0x564d60934ac0_0 .net "S_n", 0 0, L_0x564d60945ad0;  1 drivers
v0x564d60934b60_0 .net "Y", 0 0, L_0x564d60945c70;  1 drivers
S_0x564d60934ca0 .scope module, "i10" "MUX2X1" 3 71, 4 4 0, S_0x564d6090dce0;
 .timescale -9 -9;
    .port_info 0 /INPUT 1 "A";
    .port_info 1 /INPUT 1 "B";
    .port_info 2 /INPUT 1 "S";
    .port_info 3 /OUTPUT 1 "Y";
L_0x564d60948a50 .functor NOT 1, v0x564d609453b0_0, C4<0>, C4<0>, C4<0>;
L_0x564d60948ac0 .functor NAND 1, L_0x564d60948410, L_0x564d60948a50, C4<1>, C4<1>;
L_0x564d60948b80 .functor NAND 1, L_0x564d60948db0, v0x564d609453b0_0, C4<1>, C4<1>;
L_0x564d60948bf0 .functor NAND 1, L_0x564d60948ac0, L_0x564d60948b80, C4<1>, C4<1>;
v0x564d60934eb0_0 .net "A", 0 0, L_0x564d60948410;  1 drivers
v0x564d60934f70_0 .net "AS", 0 0, L_0x564d60948ac0;  1 drivers
v0x564d60935030_0 .net "B", 0 0, L_0x564d60948db0;  1 drivers
v0x564d60935100_0 .net "BS", 0 0, L_0x564d60948b80;  1 drivers
v0x564d609351c0_0 .net "S", 0 0, v0x564d609453b0_0;  alias, 1 drivers
v0x564d60935300_0 .net "S_n", 0 0, L_0x564d60948a50;  1 drivers
v0x564d609353c0_0 .net "Y", 0 0, L_0x564d60948bf0;  1 drivers
S_0x564d60935500 .scope module, "i11" "MUX2X1" 3 77, 4 4 0, S_0x564d6090dce0;
 .timescale -9 -9;
    .port_info 0 /INPUT 1 "A";
    .port_info 1 /INPUT 1 "B";
    .port_info 2 /INPUT 1 "S";
    .port_info 3 /OUTPUT 1 "Y";
L_0x564d60948f60 .functor NOT 1, v0x564d609453b0_0, C4<0>, C4<0>, C4<0>;
L_0x564d60948fd0 .functor NAND 1, L_0x564d60949270, L_0x564d60948f60, C4<1>, C4<1>;
L_0x564d60949090 .functor NAND 1, L_0x564d60949360, v0x564d609453b0_0, C4<1>, C4<1>;
L_0x564d60949100 .functor NAND 1, L_0x564d60948fd0, L_0x564d60949090, C4<1>, C4<1>;
v0x564d609356e0_0 .net "A", 0 0, L_0x564d60949270;  1 drivers
v0x564d609357c0_0 .net "AS", 0 0, L_0x564d60948fd0;  1 drivers
v0x564d60935880_0 .net "B", 0 0, L_0x564d60949360;  1 drivers
v0x564d60935920_0 .net "BS", 0 0, L_0x564d60949090;  1 drivers
v0x564d609359e0_0 .net "S", 0 0, v0x564d609453b0_0;  alias, 1 drivers
v0x564d60935ad0_0 .net "S_n", 0 0, L_0x564d60948f60;  1 drivers
v0x564d60935b90_0 .net "Y", 0 0, L_0x564d60949100;  1 drivers
S_0x564d60935cd0 .scope module, "i12" "MUX2X1" 3 83, 4 4 0, S_0x564d6090dce0;
 .timescale -9 -9;
    .port_info 0 /INPUT 1 "A";
    .port_info 1 /INPUT 1 "B";
    .port_info 2 /INPUT 1 "S";
    .port_info 3 /OUTPUT 1 "Y";
L_0x564d60949520 .functor NOT 1, v0x564d609453b0_0, C4<0>, C4<0>, C4<0>;
L_0x564d60949590 .functor NAND 1, L_0x564d60949830, L_0x564d60949520, C4<1>, C4<1>;
L_0x564d60949650 .functor NAND 1, L_0x564d60949920, v0x564d609453b0_0, C4<1>, C4<1>;
L_0x564d609496c0 .functor NAND 1, L_0x564d60949590, L_0x564d60949650, C4<1>, C4<1>;
v0x564d60935f00_0 .net "A", 0 0, L_0x564d60949830;  1 drivers
v0x564d60935fe0_0 .net "AS", 0 0, L_0x564d60949590;  1 drivers
v0x564d609360a0_0 .net "B", 0 0, L_0x564d60949920;  1 drivers
v0x564d60936140_0 .net "BS", 0 0, L_0x564d60949650;  1 drivers
v0x564d60936200_0 .net "S", 0 0, v0x564d609453b0_0;  alias, 1 drivers
v0x564d609362f0_0 .net "S_n", 0 0, L_0x564d60949520;  1 drivers
v0x564d609363b0_0 .net "Y", 0 0, L_0x564d609496c0;  1 drivers
S_0x564d609364f0 .scope module, "i13" "MUX2X1" 3 89, 4 4 0, S_0x564d6090dce0;
 .timescale -9 -9;
    .port_info 0 /INPUT 1 "A";
    .port_info 1 /INPUT 1 "B";
    .port_info 2 /INPUT 1 "S";
    .port_info 3 /OUTPUT 1 "Y";
L_0x564d60949af0 .functor NOT 1, v0x564d609453b0_0, C4<0>, C4<0>, C4<0>;
L_0x564d60949b60 .functor NAND 1, L_0x564d60949e00, L_0x564d60949af0, C4<1>, C4<1>;
L_0x564d60949c20 .functor NAND 1, L_0x564d60949ef0, v0x564d609453b0_0, C4<1>, C4<1>;
L_0x564d60949c90 .functor NAND 1, L_0x564d60949b60, L_0x564d60949c20, C4<1>, C4<1>;
v0x564d60936680_0 .net "A", 0 0, L_0x564d60949e00;  1 drivers
v0x564d60936760_0 .net "AS", 0 0, L_0x564d60949b60;  1 drivers
v0x564d60936820_0 .net "B", 0 0, L_0x564d60949ef0;  1 drivers
v0x564d609368f0_0 .net "BS", 0 0, L_0x564d60949c20;  1 drivers
v0x564d609369b0_0 .net "S", 0 0, v0x564d609453b0_0;  alias, 1 drivers
v0x564d60936aa0_0 .net "S_n", 0 0, L_0x564d60949af0;  1 drivers
v0x564d60936b60_0 .net "Y", 0 0, L_0x564d60949c90;  1 drivers
S_0x564d60936ca0 .scope module, "i14" "MUX2X1" 3 95, 4 4 0, S_0x564d6090dce0;
 .timescale -9 -9;
    .port_info 0 /INPUT 1 "A";
    .port_info 1 /INPUT 1 "B";
    .port_info 2 /INPUT 1 "S";
    .port_info 3 /OUTPUT 1 "Y";
L_0x564d6094a0d0 .functor NOT 1, v0x564d609453b0_0, C4<0>, C4<0>, C4<0>;
L_0x564d6094a140 .functor NAND 1, L_0x564d6094a3e0, L_0x564d6094a0d0, C4<1>, C4<1>;
L_0x564d6094a200 .functor NAND 1, L_0x564d6094a4d0, v0x564d609453b0_0, C4<1>, C4<1>;
L_0x564d6094a270 .functor NAND 1, L_0x564d6094a140, L_0x564d6094a200, C4<1>, C4<1>;
v0x564d60936e80_0 .net "A", 0 0, L_0x564d6094a3e0;  1 drivers
v0x564d60936f60_0 .net "AS", 0 0, L_0x564d6094a140;  1 drivers
v0x564d60937020_0 .net "B", 0 0, L_0x564d6094a4d0;  1 drivers
v0x564d609370f0_0 .net "BS", 0 0, L_0x564d6094a200;  1 drivers
v0x564d609371b0_0 .net "S", 0 0, v0x564d609453b0_0;  alias, 1 drivers
v0x564d609372a0_0 .net "S_n", 0 0, L_0x564d6094a0d0;  1 drivers
v0x564d60937360_0 .net "Y", 0 0, L_0x564d6094a270;  1 drivers
S_0x564d609374a0 .scope module, "i15" "MUX2X1" 3 101, 4 4 0, S_0x564d6090dce0;
 .timescale -9 -9;
    .port_info 0 /INPUT 1 "A";
    .port_info 1 /INPUT 1 "B";
    .port_info 2 /INPUT 1 "S";
    .port_info 3 /OUTPUT 1 "Y";
L_0x564d6094a8d0 .functor NOT 1, v0x564d609453b0_0, C4<0>, C4<0>, C4<0>;
L_0x564d6094b150 .functor NAND 1, L_0x564d6094b3f0, L_0x564d6094a8d0, C4<1>, C4<1>;
L_0x564d6094b210 .functor NAND 1, L_0x564d6094b4e0, v0x564d609453b0_0, C4<1>, C4<1>;
L_0x564d6094b280 .functor NAND 1, L_0x564d6094b150, L_0x564d6094b210, C4<1>, C4<1>;
v0x564d609376f0_0 .net "A", 0 0, L_0x564d6094b3f0;  1 drivers
v0x564d609377d0_0 .net "AS", 0 0, L_0x564d6094b150;  1 drivers
v0x564d60937890_0 .net "B", 0 0, L_0x564d6094b4e0;  1 drivers
v0x564d60937960_0 .net "BS", 0 0, L_0x564d6094b210;  1 drivers
v0x564d60937a20_0 .net "S", 0 0, v0x564d609453b0_0;  alias, 1 drivers
v0x564d60937b10_0 .net "S_n", 0 0, L_0x564d6094a8d0;  1 drivers
v0x564d60937bd0_0 .net "Y", 0 0, L_0x564d6094b280;  1 drivers
S_0x564d60937d10 .scope module, "i16" "MUX2X1" 3 107, 4 4 0, S_0x564d6090dce0;
 .timescale -9 -9;
    .port_info 0 /INPUT 1 "A";
    .port_info 1 /INPUT 1 "B";
    .port_info 2 /INPUT 1 "S";
    .port_info 3 /OUTPUT 1 "Y";
L_0x564d6094b6e0 .functor NOT 1, v0x564d609453b0_0, C4<0>, C4<0>, C4<0>;
L_0x564d6094b750 .functor NAND 1, L_0x564d6094b9f0, L_0x564d6094b6e0, C4<1>, C4<1>;
L_0x564d6094b810 .functor NAND 1, L_0x564d6094bae0, v0x564d609453b0_0, C4<1>, C4<1>;
L_0x564d6094b880 .functor NAND 1, L_0x564d6094b750, L_0x564d6094b810, C4<1>, C4<1>;
v0x564d60937ff0_0 .net "A", 0 0, L_0x564d6094b9f0;  1 drivers
v0x564d609380d0_0 .net "AS", 0 0, L_0x564d6094b750;  1 drivers
v0x564d60938190_0 .net "B", 0 0, L_0x564d6094bae0;  1 drivers
v0x564d60938260_0 .net "BS", 0 0, L_0x564d6094b810;  1 drivers
v0x564d60938320_0 .net "S", 0 0, v0x564d609453b0_0;  alias, 1 drivers
v0x564d609383c0_0 .net "S_n", 0 0, L_0x564d6094b6e0;  1 drivers
v0x564d60938480_0 .net "Y", 0 0, L_0x564d6094b880;  1 drivers
S_0x564d609385c0 .scope module, "i17" "MUX2X1" 3 113, 4 4 0, S_0x564d6090dce0;
 .timescale -9 -9;
    .port_info 0 /INPUT 1 "A";
    .port_info 1 /INPUT 1 "B";
    .port_info 2 /INPUT 1 "S";
    .port_info 3 /OUTPUT 1 "Y";
L_0x564d6094bcf0 .functor NOT 1, v0x564d609453b0_0, C4<0>, C4<0>, C4<0>;
L_0x564d6094bd60 .functor NAND 1, L_0x564d6094c000, L_0x564d6094bcf0, C4<1>, C4<1>;
L_0x564d6094be20 .functor NAND 1, L_0x564d6094c0f0, v0x564d609453b0_0, C4<1>, C4<1>;
L_0x564d6094be90 .functor NAND 1, L_0x564d6094bd60, L_0x564d6094be20, C4<1>, C4<1>;
v0x564d60938810_0 .net "A", 0 0, L_0x564d6094c000;  1 drivers
v0x564d609388f0_0 .net "AS", 0 0, L_0x564d6094bd60;  1 drivers
v0x564d609389b0_0 .net "B", 0 0, L_0x564d6094c0f0;  1 drivers
v0x564d60938a80_0 .net "BS", 0 0, L_0x564d6094be20;  1 drivers
v0x564d60938b40_0 .net "S", 0 0, v0x564d609453b0_0;  alias, 1 drivers
v0x564d60938c30_0 .net "S_n", 0 0, L_0x564d6094bcf0;  1 drivers
v0x564d60938cf0_0 .net "Y", 0 0, L_0x564d6094be90;  1 drivers
S_0x564d60938e30 .scope module, "i18" "MUX2X1" 3 119, 4 4 0, S_0x564d6090dce0;
 .timescale -9 -9;
    .port_info 0 /INPUT 1 "A";
    .port_info 1 /INPUT 1 "B";
    .port_info 2 /INPUT 1 "S";
    .port_info 3 /OUTPUT 1 "Y";
L_0x564d6094bbd0 .functor NOT 1, v0x564d609453b0_0, C4<0>, C4<0>, C4<0>;
L_0x564d6094bc40 .functor NAND 1, L_0x564d6094c510, L_0x564d6094bbd0, C4<1>, C4<1>;
L_0x564d6094c360 .functor NAND 1, L_0x564d6094c600, v0x564d609453b0_0, C4<1>, C4<1>;
L_0x564d6094c3d0 .functor NAND 1, L_0x564d6094bc40, L_0x564d6094c360, C4<1>, C4<1>;
v0x564d60939080_0 .net "A", 0 0, L_0x564d6094c510;  1 drivers
v0x564d60939160_0 .net "AS", 0 0, L_0x564d6094bc40;  1 drivers
v0x564d60939220_0 .net "B", 0 0, L_0x564d6094c600;  1 drivers
v0x564d609392f0_0 .net "BS", 0 0, L_0x564d6094c360;  1 drivers
v0x564d609393b0_0 .net "S", 0 0, v0x564d609453b0_0;  alias, 1 drivers
v0x564d609394a0_0 .net "S_n", 0 0, L_0x564d6094bbd0;  1 drivers
v0x564d60939560_0 .net "Y", 0 0, L_0x564d6094c3d0;  1 drivers
S_0x564d609396a0 .scope module, "i19" "MUX2X1" 3 125, 4 4 0, S_0x564d6090dce0;
 .timescale -9 -9;
    .port_info 0 /INPUT 1 "A";
    .port_info 1 /INPUT 1 "B";
    .port_info 2 /INPUT 1 "S";
    .port_info 3 /OUTPUT 1 "Y";
L_0x564d6094c830 .functor NOT 1, v0x564d609453b0_0, C4<0>, C4<0>, C4<0>;
L_0x564d6094c8a0 .functor NAND 1, L_0x564d6094cb40, L_0x564d6094c830, C4<1>, C4<1>;
L_0x564d6094c960 .functor NAND 1, L_0x564d6094cc30, v0x564d609453b0_0, C4<1>, C4<1>;
L_0x564d6094c9d0 .functor NAND 1, L_0x564d6094c8a0, L_0x564d6094c960, C4<1>, C4<1>;
v0x564d609398f0_0 .net "A", 0 0, L_0x564d6094cb40;  1 drivers
v0x564d609399d0_0 .net "AS", 0 0, L_0x564d6094c8a0;  1 drivers
v0x564d60939a90_0 .net "B", 0 0, L_0x564d6094cc30;  1 drivers
v0x564d60939b60_0 .net "BS", 0 0, L_0x564d6094c960;  1 drivers
v0x564d60939c20_0 .net "S", 0 0, v0x564d609453b0_0;  alias, 1 drivers
v0x564d60939d10_0 .net "S_n", 0 0, L_0x564d6094c830;  1 drivers
v0x564d60939dd0_0 .net "Y", 0 0, L_0x564d6094c9d0;  1 drivers
S_0x564d60939f10 .scope module, "i2" "MUX2X1" 3 23, 4 4 0, S_0x564d6090dce0;
 .timescale -9 -9;
    .port_info 0 /INPUT 1 "A";
    .port_info 1 /INPUT 1 "B";
    .port_info 2 /INPUT 1 "S";
    .port_info 3 /OUTPUT 1 "Y";
L_0x564d60945fc0 .functor NOT 1, v0x564d609453b0_0, C4<0>, C4<0>, C4<0>;
L_0x564d60946030 .functor NAND 1, L_0x564d609462a0, L_0x564d60945fc0, C4<1>, C4<1>;
L_0x564d609460f0 .functor NAND 1, L_0x564d60946390, v0x564d609453b0_0, C4<1>, C4<1>;
L_0x564d60946160 .functor NAND 1, L_0x564d60946030, L_0x564d609460f0, C4<1>, C4<1>;
v0x564d6093a160_0 .net "A", 0 0, L_0x564d609462a0;  1 drivers
v0x564d6093a240_0 .net "AS", 0 0, L_0x564d60946030;  1 drivers
v0x564d6093a300_0 .net "B", 0 0, L_0x564d60946390;  1 drivers
v0x564d6093a3d0_0 .net "BS", 0 0, L_0x564d609460f0;  1 drivers
v0x564d6093a490_0 .net "S", 0 0, v0x564d609453b0_0;  alias, 1 drivers
v0x564d6093a580_0 .net "S_n", 0 0, L_0x564d60945fc0;  1 drivers
v0x564d6093a640_0 .net "Y", 0 0, L_0x564d60946160;  1 drivers
S_0x564d6093a780 .scope module, "i20" "MUX2X1" 3 131, 4 4 0, S_0x564d6090dce0;
 .timescale -9 -9;
    .port_info 0 /INPUT 1 "A";
    .port_info 1 /INPUT 1 "B";
    .port_info 2 /INPUT 1 "S";
    .port_info 3 /OUTPUT 1 "Y";
L_0x564d6094ce70 .functor NOT 1, v0x564d609453b0_0, C4<0>, C4<0>, C4<0>;
L_0x564d6094cee0 .functor NAND 1, L_0x564d6094d180, L_0x564d6094ce70, C4<1>, C4<1>;
L_0x564d6094cfa0 .functor NAND 1, L_0x564d6094d270, v0x564d609453b0_0, C4<1>, C4<1>;
L_0x564d6094d010 .functor NAND 1, L_0x564d6094cee0, L_0x564d6094cfa0, C4<1>, C4<1>;
v0x564d6093a9d0_0 .net "A", 0 0, L_0x564d6094d180;  1 drivers
v0x564d6093aab0_0 .net "AS", 0 0, L_0x564d6094cee0;  1 drivers
v0x564d6093ab70_0 .net "B", 0 0, L_0x564d6094d270;  1 drivers
v0x564d6093ac40_0 .net "BS", 0 0, L_0x564d6094cfa0;  1 drivers
v0x564d6093ad00_0 .net "S", 0 0, v0x564d609453b0_0;  alias, 1 drivers
v0x564d6093adf0_0 .net "S_n", 0 0, L_0x564d6094ce70;  1 drivers
v0x564d6093aeb0_0 .net "Y", 0 0, L_0x564d6094d010;  1 drivers
S_0x564d6093aff0 .scope module, "i21" "MUX2X1" 3 137, 4 4 0, S_0x564d6090dce0;
 .timescale -9 -9;
    .port_info 0 /INPUT 1 "A";
    .port_info 1 /INPUT 1 "B";
    .port_info 2 /INPUT 1 "S";
    .port_info 3 /OUTPUT 1 "Y";
L_0x564d6094d4c0 .functor NOT 1, v0x564d609453b0_0, C4<0>, C4<0>, C4<0>;
L_0x564d6094d530 .functor NAND 1, L_0x564d6094d7d0, L_0x564d6094d4c0, C4<1>, C4<1>;
L_0x564d6094d5f0 .functor NAND 1, L_0x564d6094d8c0, v0x564d609453b0_0, C4<1>, C4<1>;
L_0x564d6094d660 .functor NAND 1, L_0x564d6094d530, L_0x564d6094d5f0, C4<1>, C4<1>;
v0x564d6093b240_0 .net "A", 0 0, L_0x564d6094d7d0;  1 drivers
v0x564d6093b320_0 .net "AS", 0 0, L_0x564d6094d530;  1 drivers
v0x564d6093b3e0_0 .net "B", 0 0, L_0x564d6094d8c0;  1 drivers
v0x564d6093b4b0_0 .net "BS", 0 0, L_0x564d6094d5f0;  1 drivers
v0x564d6093b570_0 .net "S", 0 0, v0x564d609453b0_0;  alias, 1 drivers
v0x564d6093b660_0 .net "S_n", 0 0, L_0x564d6094d4c0;  1 drivers
v0x564d6093b720_0 .net "Y", 0 0, L_0x564d6094d660;  1 drivers
S_0x564d6093b860 .scope module, "i22" "MUX2X1" 3 143, 4 4 0, S_0x564d6090dce0;
 .timescale -9 -9;
    .port_info 0 /INPUT 1 "A";
    .port_info 1 /INPUT 1 "B";
    .port_info 2 /INPUT 1 "S";
    .port_info 3 /OUTPUT 1 "Y";
L_0x564d6094db20 .functor NOT 1, v0x564d609453b0_0, C4<0>, C4<0>, C4<0>;
L_0x564d6094db90 .functor NAND 1, L_0x564d6094de30, L_0x564d6094db20, C4<1>, C4<1>;
L_0x564d6094dc50 .functor NAND 1, L_0x564d6094df20, v0x564d609453b0_0, C4<1>, C4<1>;
L_0x564d6094dcc0 .functor NAND 1, L_0x564d6094db90, L_0x564d6094dc50, C4<1>, C4<1>;
v0x564d6093bab0_0 .net "A", 0 0, L_0x564d6094de30;  1 drivers
v0x564d6093bb90_0 .net "AS", 0 0, L_0x564d6094db90;  1 drivers
v0x564d6093bc50_0 .net "B", 0 0, L_0x564d6094df20;  1 drivers
v0x564d6093bd20_0 .net "BS", 0 0, L_0x564d6094dc50;  1 drivers
v0x564d6093bde0_0 .net "S", 0 0, v0x564d609453b0_0;  alias, 1 drivers
v0x564d6093bed0_0 .net "S_n", 0 0, L_0x564d6094db20;  1 drivers
v0x564d6093bf90_0 .net "Y", 0 0, L_0x564d6094dcc0;  1 drivers
S_0x564d6093c0d0 .scope module, "i23" "MUX2X1" 3 149, 4 4 0, S_0x564d6090dce0;
 .timescale -9 -9;
    .port_info 0 /INPUT 1 "A";
    .port_info 1 /INPUT 1 "B";
    .port_info 2 /INPUT 1 "S";
    .port_info 3 /OUTPUT 1 "Y";
L_0x564d6094e190 .functor NOT 1, v0x564d609453b0_0, C4<0>, C4<0>, C4<0>;
L_0x564d6094e200 .functor NAND 1, L_0x564d6094e4a0, L_0x564d6094e190, C4<1>, C4<1>;
L_0x564d6094e2c0 .functor NAND 1, L_0x564d6094e590, v0x564d609453b0_0, C4<1>, C4<1>;
L_0x564d6094e330 .functor NAND 1, L_0x564d6094e200, L_0x564d6094e2c0, C4<1>, C4<1>;
v0x564d6093c320_0 .net "A", 0 0, L_0x564d6094e4a0;  1 drivers
v0x564d6093c400_0 .net "AS", 0 0, L_0x564d6094e200;  1 drivers
v0x564d6093c4c0_0 .net "B", 0 0, L_0x564d6094e590;  1 drivers
v0x564d6093c590_0 .net "BS", 0 0, L_0x564d6094e2c0;  1 drivers
v0x564d6093c650_0 .net "S", 0 0, v0x564d609453b0_0;  alias, 1 drivers
v0x564d6093c950_0 .net "S_n", 0 0, L_0x564d6094e190;  1 drivers
v0x564d6093ca10_0 .net "Y", 0 0, L_0x564d6094e330;  1 drivers
S_0x564d6093cb50 .scope module, "i24" "MUX2X1" 3 155, 4 4 0, S_0x564d6090dce0;
 .timescale -9 -9;
    .port_info 0 /INPUT 1 "A";
    .port_info 1 /INPUT 1 "B";
    .port_info 2 /INPUT 1 "S";
    .port_info 3 /OUTPUT 1 "Y";
L_0x564d6094e810 .functor NOT 1, v0x564d609453b0_0, C4<0>, C4<0>, C4<0>;
L_0x564d6094e880 .functor NAND 1, L_0x564d6094eb20, L_0x564d6094e810, C4<1>, C4<1>;
L_0x564d6094e940 .functor NAND 1, L_0x564d6094ec10, v0x564d609453b0_0, C4<1>, C4<1>;
L_0x564d6094e9b0 .functor NAND 1, L_0x564d6094e880, L_0x564d6094e940, C4<1>, C4<1>;
v0x564d6093cda0_0 .net "A", 0 0, L_0x564d6094eb20;  1 drivers
v0x564d6093ce80_0 .net "AS", 0 0, L_0x564d6094e880;  1 drivers
v0x564d6093cf40_0 .net "B", 0 0, L_0x564d6094ec10;  1 drivers
v0x564d6093d010_0 .net "BS", 0 0, L_0x564d6094e940;  1 drivers
v0x564d6093d0d0_0 .net "S", 0 0, v0x564d609453b0_0;  alias, 1 drivers
v0x564d6093d1c0_0 .net "S_n", 0 0, L_0x564d6094e810;  1 drivers
v0x564d6093d280_0 .net "Y", 0 0, L_0x564d6094e9b0;  1 drivers
S_0x564d6093d3c0 .scope module, "i25" "MUX2X1" 3 161, 4 4 0, S_0x564d6090dce0;
 .timescale -9 -9;
    .port_info 0 /INPUT 1 "A";
    .port_info 1 /INPUT 1 "B";
    .port_info 2 /INPUT 1 "S";
    .port_info 3 /OUTPUT 1 "Y";
L_0x564d6094eea0 .functor NOT 1, v0x564d609453b0_0, C4<0>, C4<0>, C4<0>;
L_0x564d6094ef10 .functor NAND 1, L_0x564d6094f1b0, L_0x564d6094eea0, C4<1>, C4<1>;
L_0x564d6094efd0 .functor NAND 1, L_0x564d6094f2a0, v0x564d609453b0_0, C4<1>, C4<1>;
L_0x564d6094f040 .functor NAND 1, L_0x564d6094ef10, L_0x564d6094efd0, C4<1>, C4<1>;
v0x564d6093d610_0 .net "A", 0 0, L_0x564d6094f1b0;  1 drivers
v0x564d6093d6f0_0 .net "AS", 0 0, L_0x564d6094ef10;  1 drivers
v0x564d6093d7b0_0 .net "B", 0 0, L_0x564d6094f2a0;  1 drivers
v0x564d6093d880_0 .net "BS", 0 0, L_0x564d6094efd0;  1 drivers
v0x564d6093d940_0 .net "S", 0 0, v0x564d609453b0_0;  alias, 1 drivers
v0x564d6093da30_0 .net "S_n", 0 0, L_0x564d6094eea0;  1 drivers
v0x564d6093daf0_0 .net "Y", 0 0, L_0x564d6094f040;  1 drivers
S_0x564d6093dc30 .scope module, "i26" "MUX2X1" 3 167, 4 4 0, S_0x564d6090dce0;
 .timescale -9 -9;
    .port_info 0 /INPUT 1 "A";
    .port_info 1 /INPUT 1 "B";
    .port_info 2 /INPUT 1 "S";
    .port_info 3 /OUTPUT 1 "Y";
L_0x564d6094f540 .functor NOT 1, v0x564d609453b0_0, C4<0>, C4<0>, C4<0>;
L_0x564d6094f5b0 .functor NAND 1, L_0x564d6094f850, L_0x564d6094f540, C4<1>, C4<1>;
L_0x564d6094f670 .functor NAND 1, L_0x564d6094f940, v0x564d609453b0_0, C4<1>, C4<1>;
L_0x564d6094f6e0 .functor NAND 1, L_0x564d6094f5b0, L_0x564d6094f670, C4<1>, C4<1>;
v0x564d6093de80_0 .net "A", 0 0, L_0x564d6094f850;  1 drivers
v0x564d6093df60_0 .net "AS", 0 0, L_0x564d6094f5b0;  1 drivers
v0x564d6093e020_0 .net "B", 0 0, L_0x564d6094f940;  1 drivers
v0x564d6093e0f0_0 .net "BS", 0 0, L_0x564d6094f670;  1 drivers
v0x564d6093e1b0_0 .net "S", 0 0, v0x564d609453b0_0;  alias, 1 drivers
v0x564d6093e2a0_0 .net "S_n", 0 0, L_0x564d6094f540;  1 drivers
v0x564d6093e360_0 .net "Y", 0 0, L_0x564d6094f6e0;  1 drivers
S_0x564d6093e4a0 .scope module, "i27" "MUX2X1" 3 173, 4 4 0, S_0x564d6090dce0;
 .timescale -9 -9;
    .port_info 0 /INPUT 1 "A";
    .port_info 1 /INPUT 1 "B";
    .port_info 2 /INPUT 1 "S";
    .port_info 3 /OUTPUT 1 "Y";
L_0x564d6094fbf0 .functor NOT 1, v0x564d609453b0_0, C4<0>, C4<0>, C4<0>;
L_0x564d6094fc60 .functor NAND 1, L_0x564d6094ff00, L_0x564d6094fbf0, C4<1>, C4<1>;
L_0x564d6094fd20 .functor NAND 1, L_0x564d6094fff0, v0x564d609453b0_0, C4<1>, C4<1>;
L_0x564d6094fd90 .functor NAND 1, L_0x564d6094fc60, L_0x564d6094fd20, C4<1>, C4<1>;
v0x564d6093e6f0_0 .net "A", 0 0, L_0x564d6094ff00;  1 drivers
v0x564d6093e7d0_0 .net "AS", 0 0, L_0x564d6094fc60;  1 drivers
v0x564d6093e890_0 .net "B", 0 0, L_0x564d6094fff0;  1 drivers
v0x564d6093e960_0 .net "BS", 0 0, L_0x564d6094fd20;  1 drivers
v0x564d6093ea20_0 .net "S", 0 0, v0x564d609453b0_0;  alias, 1 drivers
v0x564d6093eb10_0 .net "S_n", 0 0, L_0x564d6094fbf0;  1 drivers
v0x564d6093ebd0_0 .net "Y", 0 0, L_0x564d6094fd90;  1 drivers
S_0x564d6093ed10 .scope module, "i28" "MUX2X1" 3 179, 4 4 0, S_0x564d6090dce0;
 .timescale -9 -9;
    .port_info 0 /INPUT 1 "A";
    .port_info 1 /INPUT 1 "B";
    .port_info 2 /INPUT 1 "S";
    .port_info 3 /OUTPUT 1 "Y";
L_0x564d609502b0 .functor NOT 1, v0x564d609453b0_0, C4<0>, C4<0>, C4<0>;
L_0x564d60950320 .functor NAND 1, L_0x564d609505c0, L_0x564d609502b0, C4<1>, C4<1>;
L_0x564d609503e0 .functor NAND 1, L_0x564d609506b0, v0x564d609453b0_0, C4<1>, C4<1>;
L_0x564d60950450 .functor NAND 1, L_0x564d60950320, L_0x564d609503e0, C4<1>, C4<1>;
v0x564d6093ef60_0 .net "A", 0 0, L_0x564d609505c0;  1 drivers
v0x564d6093f040_0 .net "AS", 0 0, L_0x564d60950320;  1 drivers
v0x564d6093f100_0 .net "B", 0 0, L_0x564d609506b0;  1 drivers
v0x564d6093f1d0_0 .net "BS", 0 0, L_0x564d609503e0;  1 drivers
v0x564d6093f290_0 .net "S", 0 0, v0x564d609453b0_0;  alias, 1 drivers
v0x564d6093f380_0 .net "S_n", 0 0, L_0x564d609502b0;  1 drivers
v0x564d6093f440_0 .net "Y", 0 0, L_0x564d60950450;  1 drivers
S_0x564d6093f580 .scope module, "i29" "MUX2X1" 3 185, 4 4 0, S_0x564d6090dce0;
 .timescale -9 -9;
    .port_info 0 /INPUT 1 "A";
    .port_info 1 /INPUT 1 "B";
    .port_info 2 /INPUT 1 "S";
    .port_info 3 /OUTPUT 1 "Y";
L_0x564d60950980 .functor NOT 1, v0x564d609453b0_0, C4<0>, C4<0>, C4<0>;
L_0x564d609509f0 .functor NAND 1, L_0x564d60950c90, L_0x564d60950980, C4<1>, C4<1>;
L_0x564d60950ab0 .functor NAND 1, L_0x564d60950d80, v0x564d609453b0_0, C4<1>, C4<1>;
L_0x564d60950b20 .functor NAND 1, L_0x564d609509f0, L_0x564d60950ab0, C4<1>, C4<1>;
v0x564d6093f7d0_0 .net "A", 0 0, L_0x564d60950c90;  1 drivers
v0x564d6093f8b0_0 .net "AS", 0 0, L_0x564d609509f0;  1 drivers
v0x564d6093f970_0 .net "B", 0 0, L_0x564d60950d80;  1 drivers
v0x564d6093fa40_0 .net "BS", 0 0, L_0x564d60950ab0;  1 drivers
v0x564d6093fb00_0 .net "S", 0 0, v0x564d609453b0_0;  alias, 1 drivers
v0x564d6093fbf0_0 .net "S_n", 0 0, L_0x564d60950980;  1 drivers
v0x564d6093fcb0_0 .net "Y", 0 0, L_0x564d60950b20;  1 drivers
S_0x564d6093fdf0 .scope module, "i3" "MUX2X1" 3 29, 4 4 0, S_0x564d6090dce0;
 .timescale -9 -9;
    .port_info 0 /INPUT 1 "A";
    .port_info 1 /INPUT 1 "B";
    .port_info 2 /INPUT 1 "S";
    .port_info 3 /OUTPUT 1 "Y";
L_0x564d60946470 .functor NOT 1, v0x564d609453b0_0, C4<0>, C4<0>, C4<0>;
L_0x564d609464e0 .functor NAND 1, L_0x564d60946700, L_0x564d60946470, C4<1>, C4<1>;
L_0x564d60946550 .functor NAND 1, L_0x564d609467f0, v0x564d609453b0_0, C4<1>, C4<1>;
L_0x564d609465c0 .functor NAND 1, L_0x564d609464e0, L_0x564d60946550, C4<1>, C4<1>;
v0x564d60940040_0 .net "A", 0 0, L_0x564d60946700;  1 drivers
v0x564d60940120_0 .net "AS", 0 0, L_0x564d609464e0;  1 drivers
v0x564d609401e0_0 .net "B", 0 0, L_0x564d609467f0;  1 drivers
v0x564d609402b0_0 .net "BS", 0 0, L_0x564d60946550;  1 drivers
v0x564d60940370_0 .net "S", 0 0, v0x564d609453b0_0;  alias, 1 drivers
v0x564d60940460_0 .net "S_n", 0 0, L_0x564d60946470;  1 drivers
v0x564d60940520_0 .net "Y", 0 0, L_0x564d609465c0;  1 drivers
S_0x564d60940660 .scope module, "i30" "MUX2X1" 3 191, 4 4 0, S_0x564d6090dce0;
 .timescale -9 -9;
    .port_info 0 /INPUT 1 "A";
    .port_info 1 /INPUT 1 "B";
    .port_info 2 /INPUT 1 "S";
    .port_info 3 /OUTPUT 1 "Y";
L_0x564d60951060 .functor NOT 1, v0x564d609453b0_0, C4<0>, C4<0>, C4<0>;
L_0x564d609510d0 .functor NAND 1, L_0x564d60951370, L_0x564d60951060, C4<1>, C4<1>;
L_0x564d60951190 .functor NAND 1, L_0x564d60951460, v0x564d609453b0_0, C4<1>, C4<1>;
L_0x564d60951200 .functor NAND 1, L_0x564d609510d0, L_0x564d60951190, C4<1>, C4<1>;
v0x564d609408b0_0 .net "A", 0 0, L_0x564d60951370;  1 drivers
v0x564d60940990_0 .net "AS", 0 0, L_0x564d609510d0;  1 drivers
v0x564d60940a50_0 .net "B", 0 0, L_0x564d60951460;  1 drivers
v0x564d60940b20_0 .net "BS", 0 0, L_0x564d60951190;  1 drivers
v0x564d60940be0_0 .net "S", 0 0, v0x564d609453b0_0;  alias, 1 drivers
v0x564d60940cd0_0 .net "S_n", 0 0, L_0x564d60951060;  1 drivers
v0x564d60940d90_0 .net "Y", 0 0, L_0x564d60951200;  1 drivers
S_0x564d60940ed0 .scope module, "i31" "MUX2X1" 3 197, 4 4 0, S_0x564d6090dce0;
 .timescale -9 -9;
    .port_info 0 /INPUT 1 "A";
    .port_info 1 /INPUT 1 "B";
    .port_info 2 /INPUT 1 "S";
    .port_info 3 /OUTPUT 1 "Y";
L_0x564d60951b60 .functor NOT 1, v0x564d609453b0_0, C4<0>, C4<0>, C4<0>;
L_0x564d60951bd0 .functor NAND 1, L_0x564d60951e70, L_0x564d60951b60, C4<1>, C4<1>;
L_0x564d60951c90 .functor NAND 1, L_0x564d60951f60, v0x564d609453b0_0, C4<1>, C4<1>;
L_0x564d60951d00 .functor NAND 1, L_0x564d60951bd0, L_0x564d60951c90, C4<1>, C4<1>;
v0x564d60941120_0 .net "A", 0 0, L_0x564d60951e70;  1 drivers
v0x564d60941200_0 .net "AS", 0 0, L_0x564d60951bd0;  1 drivers
v0x564d609412c0_0 .net "B", 0 0, L_0x564d60951f60;  1 drivers
v0x564d60941390_0 .net "BS", 0 0, L_0x564d60951c90;  1 drivers
v0x564d60941450_0 .net "S", 0 0, v0x564d609453b0_0;  alias, 1 drivers
v0x564d60941540_0 .net "S_n", 0 0, L_0x564d60951b60;  1 drivers
v0x564d60941600_0 .net "Y", 0 0, L_0x564d60951d00;  1 drivers
S_0x564d60941740 .scope module, "i4" "MUX2X1" 3 35, 4 4 0, S_0x564d6090dce0;
 .timescale -9 -9;
    .port_info 0 /INPUT 1 "A";
    .port_info 1 /INPUT 1 "B";
    .port_info 2 /INPUT 1 "S";
    .port_info 3 /OUTPUT 1 "Y";
L_0x564d60946930 .functor NOT 1, v0x564d609453b0_0, C4<0>, C4<0>, C4<0>;
L_0x564d609469a0 .functor NAND 1, L_0x564d60946c40, L_0x564d60946930, C4<1>, C4<1>;
L_0x564d60946a60 .functor NAND 1, L_0x564d60946d30, v0x564d609453b0_0, C4<1>, C4<1>;
L_0x564d60946ad0 .functor NAND 1, L_0x564d609469a0, L_0x564d60946a60, C4<1>, C4<1>;
v0x564d60941990_0 .net "A", 0 0, L_0x564d60946c40;  1 drivers
v0x564d60941a70_0 .net "AS", 0 0, L_0x564d609469a0;  1 drivers
v0x564d60941b30_0 .net "B", 0 0, L_0x564d60946d30;  1 drivers
v0x564d60941c00_0 .net "BS", 0 0, L_0x564d60946a60;  1 drivers
v0x564d60941cc0_0 .net "S", 0 0, v0x564d609453b0_0;  alias, 1 drivers
v0x564d60941db0_0 .net "S_n", 0 0, L_0x564d60946930;  1 drivers
v0x564d60941e70_0 .net "Y", 0 0, L_0x564d60946ad0;  1 drivers
S_0x564d60941fb0 .scope module, "i5" "MUX2X1" 3 41, 4 4 0, S_0x564d6090dce0;
 .timescale -9 -9;
    .port_info 0 /INPUT 1 "A";
    .port_info 1 /INPUT 1 "B";
    .port_info 2 /INPUT 1 "S";
    .port_info 3 /OUTPUT 1 "Y";
L_0x564d60946e80 .functor NOT 1, v0x564d609453b0_0, C4<0>, C4<0>, C4<0>;
L_0x564d60946ef0 .functor NAND 1, L_0x564d60947140, L_0x564d60946e80, C4<1>, C4<1>;
L_0x564d60946f60 .functor NAND 1, L_0x564d60947230, v0x564d609453b0_0, C4<1>, C4<1>;
L_0x564d60946fd0 .functor NAND 1, L_0x564d60946ef0, L_0x564d60946f60, C4<1>, C4<1>;
v0x564d60942200_0 .net "A", 0 0, L_0x564d60947140;  1 drivers
v0x564d609422e0_0 .net "AS", 0 0, L_0x564d60946ef0;  1 drivers
v0x564d609423a0_0 .net "B", 0 0, L_0x564d60947230;  1 drivers
v0x564d60942470_0 .net "BS", 0 0, L_0x564d60946f60;  1 drivers
v0x564d60942530_0 .net "S", 0 0, v0x564d609453b0_0;  alias, 1 drivers
v0x564d60942620_0 .net "S_n", 0 0, L_0x564d60946e80;  1 drivers
v0x564d609426e0_0 .net "Y", 0 0, L_0x564d60946fd0;  1 drivers
S_0x564d60942820 .scope module, "i6" "MUX2X1" 3 47, 4 4 0, S_0x564d6090dce0;
 .timescale -9 -9;
    .port_info 0 /INPUT 1 "A";
    .port_info 1 /INPUT 1 "B";
    .port_info 2 /INPUT 1 "S";
    .port_info 3 /OUTPUT 1 "Y";
L_0x564d60947390 .functor NOT 1, v0x564d609453b0_0, C4<0>, C4<0>, C4<0>;
L_0x564d60947400 .functor NAND 1, L_0x564d609476a0, L_0x564d60947390, C4<1>, C4<1>;
L_0x564d609474c0 .functor NAND 1, L_0x564d60947790, v0x564d609453b0_0, C4<1>, C4<1>;
L_0x564d60947530 .functor NAND 1, L_0x564d60947400, L_0x564d609474c0, C4<1>, C4<1>;
v0x564d60942a70_0 .net "A", 0 0, L_0x564d609476a0;  1 drivers
v0x564d60942b50_0 .net "AS", 0 0, L_0x564d60947400;  1 drivers
v0x564d60942c10_0 .net "B", 0 0, L_0x564d60947790;  1 drivers
v0x564d60942ce0_0 .net "BS", 0 0, L_0x564d609474c0;  1 drivers
v0x564d60942da0_0 .net "S", 0 0, v0x564d609453b0_0;  alias, 1 drivers
v0x564d60942e90_0 .net "S_n", 0 0, L_0x564d60947390;  1 drivers
v0x564d60942f50_0 .net "Y", 0 0, L_0x564d60947530;  1 drivers
S_0x564d60943090 .scope module, "i7" "MUX2X1" 3 53, 4 4 0, S_0x564d6090dce0;
 .timescale -9 -9;
    .port_info 0 /INPUT 1 "A";
    .port_info 1 /INPUT 1 "B";
    .port_info 2 /INPUT 1 "S";
    .port_info 3 /OUTPUT 1 "Y";
L_0x564d60947320 .functor NOT 1, v0x564d609453b0_0, C4<0>, C4<0>, C4<0>;
L_0x564d60947a10 .functor NAND 1, L_0x564d60947cb0, L_0x564d60947320, C4<1>, C4<1>;
L_0x564d60947ad0 .functor NAND 1, L_0x564d60947da0, v0x564d609453b0_0, C4<1>, C4<1>;
L_0x564d60947b40 .functor NAND 1, L_0x564d60947a10, L_0x564d60947ad0, C4<1>, C4<1>;
v0x564d609432e0_0 .net "A", 0 0, L_0x564d60947cb0;  1 drivers
v0x564d609433c0_0 .net "AS", 0 0, L_0x564d60947a10;  1 drivers
v0x564d60943480_0 .net "B", 0 0, L_0x564d60947da0;  1 drivers
v0x564d60943550_0 .net "BS", 0 0, L_0x564d60947ad0;  1 drivers
v0x564d60943610_0 .net "S", 0 0, v0x564d609453b0_0;  alias, 1 drivers
v0x564d60943700_0 .net "S_n", 0 0, L_0x564d60947320;  1 drivers
v0x564d609437c0_0 .net "Y", 0 0, L_0x564d60947b40;  1 drivers
S_0x564d60943900 .scope module, "i8" "MUX2X1" 3 59, 4 4 0, S_0x564d6090dce0;
 .timescale -9 -9;
    .port_info 0 /INPUT 1 "A";
    .port_info 1 /INPUT 1 "B";
    .port_info 2 /INPUT 1 "S";
    .port_info 3 /OUTPUT 1 "Y";
L_0x564d60947f20 .functor NOT 1, v0x564d609453b0_0, C4<0>, C4<0>, C4<0>;
L_0x564d60947f90 .functor NAND 1, L_0x564d60948230, L_0x564d60947f20, C4<1>, C4<1>;
L_0x564d60948050 .functor NAND 1, L_0x564d60948320, v0x564d609453b0_0, C4<1>, C4<1>;
L_0x564d609480c0 .functor NAND 1, L_0x564d60947f90, L_0x564d60948050, C4<1>, C4<1>;
v0x564d60943b50_0 .net "A", 0 0, L_0x564d60948230;  1 drivers
v0x564d60943c30_0 .net "AS", 0 0, L_0x564d60947f90;  1 drivers
v0x564d60943cf0_0 .net "B", 0 0, L_0x564d60948320;  1 drivers
v0x564d60943dc0_0 .net "BS", 0 0, L_0x564d60948050;  1 drivers
v0x564d60943e80_0 .net "S", 0 0, v0x564d609453b0_0;  alias, 1 drivers
v0x564d60943f70_0 .net "S_n", 0 0, L_0x564d60947f20;  1 drivers
v0x564d60944030_0 .net "Y", 0 0, L_0x564d609480c0;  1 drivers
S_0x564d60944170 .scope module, "i9" "MUX2X1" 3 65, 4 4 0, S_0x564d6090dce0;
 .timescale -9 -9;
    .port_info 0 /INPUT 1 "A";
    .port_info 1 /INPUT 1 "B";
    .port_info 2 /INPUT 1 "S";
    .port_info 3 /OUTPUT 1 "Y";
L_0x564d609484b0 .functor NOT 1, v0x564d609453b0_0, C4<0>, C4<0>, C4<0>;
L_0x564d60948520 .functor NAND 1, L_0x564d609487c0, L_0x564d609484b0, C4<1>, C4<1>;
L_0x564d609485e0 .functor NAND 1, L_0x564d609488b0, v0x564d609453b0_0, C4<1>, C4<1>;
L_0x564d60948650 .functor NAND 1, L_0x564d60948520, L_0x564d609485e0, C4<1>, C4<1>;
v0x564d609443c0_0 .net "A", 0 0, L_0x564d609487c0;  1 drivers
v0x564d609444a0_0 .net "AS", 0 0, L_0x564d60948520;  1 drivers
v0x564d60944560_0 .net "B", 0 0, L_0x564d609488b0;  1 drivers
v0x564d60944630_0 .net "BS", 0 0, L_0x564d609485e0;  1 drivers
v0x564d609446f0_0 .net "S", 0 0, v0x564d609453b0_0;  alias, 1 drivers
v0x564d609447e0_0 .net "S_n", 0 0, L_0x564d609484b0;  1 drivers
v0x564d609448a0_0 .net "Y", 0 0, L_0x564d60948650;  1 drivers
    .scope S_0x564d6090ed90;
T_0 ;
    %pushi/vec4 139, 0, 32;
    %store/vec4 v0x564d60945200_0, 0, 32;
    %pushi/vec4 95, 0, 32;
    %store/vec4 v0x564d609452e0_0, 0, 32;
    %pushi/vec4 1, 0, 1;
    %store/vec4 v0x564d609453b0_0, 0, 1;
    %delay 100, 0;
    %pushi/vec4 0, 0, 1;
    %store/vec4 v0x564d609453b0_0, 0, 1;
    %end;
    .thread T_0;
    .scope S_0x564d6090ed90;
T_1 ;
    %vpi_call 2 23 "$dumpfile", "MUX2X32.vcd" {0 0 0};
    %vpi_call 2 24 "$dumpvars", 32'sb00000000000000000000000000000000, S_0x564d6090ed90 {0 0 0};
    %delay 10000, 0;
    %vpi_call 2 25 "$finish" {0 0 0};
    %end;
    .thread T_1;
# The file index is used to find the file name in the following table.
:file_names 5;
    "N/A";
    "<interactive>";
    "MUX2X32_tb.v";
    "././MUX2X32.v";
    "./../MUX2X1/MUX2X1.v";
