#! /usr/bin/vvp
:ivl_version "11.0 (stable)";
:ivl_delay_selection "TYPICAL";
:vpi_time_precision - 9;
:vpi_module "/usr/lib/x86_64-linux-gnu/ivl/system.vpi";
:vpi_module "/usr/lib/x86_64-linux-gnu/ivl/vhdl_sys.vpi";
:vpi_module "/usr/lib/x86_64-linux-gnu/ivl/vhdl_textio.vpi";
:vpi_module "/usr/lib/x86_64-linux-gnu/ivl/v2005_math.vpi";
:vpi_module "/usr/lib/x86_64-linux-gnu/ivl/va_math.vpi";
S_0x5559e1d5eb30 .scope module, "tb_MUX2X1" "tb_MUX2X1" 2 4;
 .timescale -9 -9;
v0x5559e1d6fff0_0 .var "A", 0 0;
v0x5559e1d700b0_0 .var "B", 0 0;
v0x5559e1d70180_0 .var "S", 0 0;
S_0x5559e1d5ecc0 .scope module, "data1" "MUX2X1" 2 17, 3 1 0, S_0x5559e1d5eb30;
 .timescale -9 -9;
    .port_info 0 /INPUT 1 "A";
    .port_info 1 /INPUT 1 "B";
    .port_info 2 /INPUT 1 "S";
    .port_info 3 /OUTPUT 1 "Y";
L_0x5559e1d70280 .functor NOT 1, v0x5559e1d70180_0, C4<0>, C4<0>, C4<0>;
L_0x5559e1d70370 .functor NAND 1, v0x5559e1d6fff0_0, L_0x5559e1d70280, C4<1>, C4<1>;
L_0x5559e1d70480 .functor NAND 1, v0x5559e1d700b0_0, v0x5559e1d70180_0, C4<1>, C4<1>;
L_0x5559e1d70540 .functor NAND 1, L_0x5559e1d70370, L_0x5559e1d70480, C4<1>, C4<1>;
v0x5559e1d24cf0_0 .net "A", 0 0, v0x5559e1d6fff0_0;  1 drivers
v0x5559e1d6fa90_0 .net "AS", 0 0, L_0x5559e1d70370;  1 drivers
v0x5559e1d6fb50_0 .net "B", 0 0, v0x5559e1d700b0_0;  1 drivers
v0x5559e1d6fc20_0 .net "BS", 0 0, L_0x5559e1d70480;  1 drivers
v0x5559e1d6fce0_0 .net "S", 0 0, v0x5559e1d70180_0;  1 drivers
v0x5559e1d6fdf0_0 .net "S_n", 0 0, L_0x5559e1d70280;  1 drivers
v0x5559e1d6feb0_0 .net "Y", 0 0, L_0x5559e1d70540;  1 drivers
    .scope S_0x5559e1d5eb30;
T_0 ;
    %pushi/vec4 1, 0, 1;
    %store/vec4 v0x5559e1d6fff0_0, 0, 1;
    %pushi/vec4 0, 0, 1;
    %store/vec4 v0x5559e1d700b0_0, 0, 1;
    %pushi/vec4 1, 0, 1;
    %store/vec4 v0x5559e1d70180_0, 0, 1;
    %delay 100, 0;
    %pushi/vec4 0, 0, 1;
    %store/vec4 v0x5559e1d70180_0, 0, 1;
    %end;
    .thread T_0;
    .scope S_0x5559e1d5eb30;
T_1 ;
    %vpi_call 2 24 "$dumpfile", "MUX2X1.vcd" {0 0 0};
    %vpi_call 2 25 "$dumpvars", 32'sb00000000000000000000000000000000, S_0x5559e1d5eb30 {0 0 0};
    %delay 10000, 0;
    %vpi_call 2 26 "$finish" {0 0 0};
    %end;
    .thread T_1;
# The file index is used to find the file name in the following table.
:file_names 4;
    "N/A";
    "<interactive>";
    "MUX2X1_tb.v";
    "./MUX2X1.v";
