#! /usr/bin/vvp
:ivl_version "11.0 (stable)";
:ivl_delay_selection "TYPICAL";
:vpi_time_precision + 0;
:vpi_module "/usr/lib/x86_64-linux-gnu/ivl/system.vpi";
:vpi_module "/usr/lib/x86_64-linux-gnu/ivl/vhdl_sys.vpi";
:vpi_module "/usr/lib/x86_64-linux-gnu/ivl/vhdl_textio.vpi";
:vpi_module "/usr/lib/x86_64-linux-gnu/ivl/v2005_math.vpi";
:vpi_module "/usr/lib/x86_64-linux-gnu/ivl/va_math.vpi";
S_0x55f3e0cbcd90 .scope module, "ENC8T3" "ENC8T3" 2 23;
 .timescale 0 0;
    .port_info 0 /INPUT 8 "I";
    .port_info 1 /OUTPUT 3 "Y";
    .port_info 2 /OUTPUT 1 "Idle";
L_0x55f3e0d0e6a0 .functor NOT 1, L_0x55f3e0d0e710, C4<0>, C4<0>, C4<0>;
L_0x55f3e0d0e900 .functor OR 1, L_0x55f3e0d0ea80, L_0x55f3e0d0ebc0, L_0x55f3e0d0ece0, L_0x55f3e0d0ee60;
o0x7f31cc04d018 .functor BUFZ 8, C4<zzzzzzzz>; HiZ drive
v0x55f3e0cf8510_0 .net "I", 7 0, o0x7f31cc04d018;  0 drivers
L_0x7f31cbcd0060 .functor BUFT 1, C4<0>, C4<0>, C4<0>, C4<0>;
v0x55f3e0d0d370_0 .net "Idel", 0 0, L_0x7f31cbcd0060;  1 drivers
o0x7f31cc04d078 .functor BUFZ 1, C4<z>; HiZ drive
v0x55f3e0d0d430_0 .net "Idle", 0 0, o0x7f31cc04d078;  0 drivers
v0x55f3e0d0d4d0_0 .net "In", 0 0, L_0x55f3e0d0e6a0;  1 drivers
L_0x7f31cbcd0018 .functor BUFT 1, C4<000>, C4<0>, C4<0>, C4<0>;
RS_0x7f31cc04d0d8 .resolv tri, L_0x55f3e0d0e800, L_0x7f31cbcd0018;
v0x55f3e0d0d590_0 .net8 "Y", 2 0, RS_0x7f31cc04d0d8;  2 drivers
v0x55f3e0d0d6c0_0 .net *"_ivl_1", 0 0, L_0x55f3e0d0e710;  1 drivers
v0x55f3e0d0d7a0_0 .net *"_ivl_11", 0 0, L_0x55f3e0d0ee60;  1 drivers
v0x55f3e0d0d880_0 .net *"_ivl_2", 0 0, L_0x55f3e0d0e900;  1 drivers
v0x55f3e0d0d960_0 .net *"_ivl_5", 0 0, L_0x55f3e0d0ea80;  1 drivers
v0x55f3e0d0da40_0 .net *"_ivl_7", 0 0, L_0x55f3e0d0ebc0;  1 drivers
v0x55f3e0d0db20_0 .net *"_ivl_9", 0 0, L_0x55f3e0d0ece0;  1 drivers
L_0x55f3e0d0e710 .part o0x7f31cc04d018, 0, 1;
L_0x55f3e0d0e800 .part/pv L_0x55f3e0d0e900, 2, 1, 3;
L_0x55f3e0d0ea80 .part o0x7f31cc04d018, 4, 1;
L_0x55f3e0d0ebc0 .part o0x7f31cc04d018, 5, 1;
L_0x55f3e0d0ece0 .part o0x7f31cc04d018, 6, 1;
L_0x55f3e0d0ee60 .part o0x7f31cc04d018, 7, 1;
S_0x55f3e0cbcf70 .scope module, "ENC8T3I" "ENC8T3I" 2 1;
 .timescale 0 0;
    .port_info 0 /INPUT 8 "I";
    .port_info 1 /OUTPUT 3 "Y";
    .port_info 2 /OUTPUT 1 "Idle";
o0x7f31cc04d318 .functor BUFZ 8, C4<zzzzzzzz>; HiZ drive
v0x55f3e0d0dff0_0 .net "I", 7 0, o0x7f31cc04d318;  0 drivers
v0x55f3e0d0e0f0_0 .net "Idle", 0 0, L_0x55f3e0d0f1c0;  1 drivers
v0x55f3e0d0e1b0_0 .net "Y", 2 0, L_0x55f3e0d0ef90;  1 drivers
L_0x7f31cbcd00a8 .functor BUFT 1, C4<00000000>, C4<0>, C4<0>, C4<0>;
v0x55f3e0d0e270_0 .net/2u *"_ivl_2", 7 0, L_0x7f31cbcd00a8;  1 drivers
v0x55f3e0d0e350_0 .net *"_ivl_4", 0 0, L_0x55f3e0d0f030;  1 drivers
L_0x7f31cbcd00f0 .functor BUFT 1, C4<1>, C4<0>, C4<0>, C4<0>;
v0x55f3e0d0e460_0 .net/2u *"_ivl_6", 0 0, L_0x7f31cbcd00f0;  1 drivers
L_0x7f31cbcd0138 .functor BUFT 1, C4<0>, C4<0>, C4<0>, C4<0>;
v0x55f3e0d0e540_0 .net/2u *"_ivl_8", 0 0, L_0x7f31cbcd0138;  1 drivers
L_0x55f3e0d0ef90 .ufunc/vec4 TD_ENC8T3I.enc, 3, o0x7f31cc04d318 (v0x55f3e0d0de10_0) S_0x55f3e0d0dc80;
L_0x55f3e0d0f030 .cmp/eq 8, o0x7f31cc04d318, L_0x7f31cbcd00a8;
L_0x55f3e0d0f1c0 .functor MUXZ 1, L_0x7f31cbcd0138, L_0x7f31cbcd00f0, L_0x55f3e0d0f030, C4<>;
S_0x55f3e0d0dc80 .scope function.vec4.s3, "enc" "enc" 2 6, 2 6 0, S_0x55f3e0cbcf70;
 .timescale 0 0;
v0x55f3e0d0de10_0 .var "I", 7 0;
; Variable enc is vec4 return value of scope S_0x55f3e0d0dc80
TD_ENC8T3I.enc ;
    %load/vec4 v0x55f3e0d0de10_0;
    %parti/s 1, 7, 4;
    %flag_set/vec4 8;
    %jmp/0xz  T_0.0, 8;
    %pushi/vec4 7, 0, 3;
    %ret/vec4 0, 0, 3;  Assign to enc (store_vec4_to_lval)
    %jmp T_0.1;
T_0.0 ;
    %load/vec4 v0x55f3e0d0de10_0;
    %parti/s 1, 6, 4;
    %flag_set/vec4 8;
    %jmp/0xz  T_0.2, 8;
    %pushi/vec4 6, 0, 3;
    %ret/vec4 0, 0, 3;  Assign to enc (store_vec4_to_lval)
    %jmp T_0.3;
T_0.2 ;
    %load/vec4 v0x55f3e0d0de10_0;
    %parti/s 1, 5, 4;
    %flag_set/vec4 8;
    %jmp/0xz  T_0.4, 8;
    %pushi/vec4 5, 0, 3;
    %ret/vec4 0, 0, 3;  Assign to enc (store_vec4_to_lval)
    %jmp T_0.5;
T_0.4 ;
    %load/vec4 v0x55f3e0d0de10_0;
    %parti/s 1, 4, 4;
    %flag_set/vec4 8;
    %jmp/0xz  T_0.6, 8;
    %pushi/vec4 4, 0, 3;
    %ret/vec4 0, 0, 3;  Assign to enc (store_vec4_to_lval)
    %jmp T_0.7;
T_0.6 ;
    %load/vec4 v0x55f3e0d0de10_0;
    %parti/s 1, 3, 3;
    %flag_set/vec4 8;
    %jmp/0xz  T_0.8, 8;
    %pushi/vec4 3, 0, 3;
    %ret/vec4 0, 0, 3;  Assign to enc (store_vec4_to_lval)
    %jmp T_0.9;
T_0.8 ;
    %load/vec4 v0x55f3e0d0de10_0;
    %parti/s 1, 2, 3;
    %flag_set/vec4 8;
    %jmp/0xz  T_0.10, 8;
    %pushi/vec4 2, 0, 3;
    %ret/vec4 0, 0, 3;  Assign to enc (store_vec4_to_lval)
    %jmp T_0.11;
T_0.10 ;
    %load/vec4 v0x55f3e0d0de10_0;
    %parti/s 1, 1, 2;
    %flag_set/vec4 8;
    %jmp/0xz  T_0.12, 8;
    %pushi/vec4 1, 0, 3;
    %ret/vec4 0, 0, 3;  Assign to enc (store_vec4_to_lval)
    %jmp T_0.13;
T_0.12 ;
    %pushi/vec4 0, 0, 3;
    %ret/vec4 0, 0, 3;  Assign to enc (store_vec4_to_lval)
T_0.13 ;
T_0.11 ;
T_0.9 ;
T_0.7 ;
T_0.5 ;
T_0.3 ;
T_0.1 ;
    %end;
# The file index is used to find the file name in the following table.
:file_names 3;
    "N/A";
    "<interactive>";
    "ENC8T3I.v";
