#! /usr/bin/vvp
:ivl_version "11.0 (stable)";
:ivl_delay_selection "TYPICAL";
:vpi_time_precision - 9;
:vpi_module "/usr/lib/x86_64-linux-gnu/ivl/system.vpi";
:vpi_module "/usr/lib/x86_64-linux-gnu/ivl/vhdl_sys.vpi";
:vpi_module "/usr/lib/x86_64-linux-gnu/ivl/vhdl_textio.vpi";
:vpi_module "/usr/lib/x86_64-linux-gnu/ivl/v2005_math.vpi";
:vpi_module "/usr/lib/x86_64-linux-gnu/ivl/va_math.vpi";
S_0x55dbb22c5d90 .scope module, "tb_ENC8T3I" "tb_ENC8T3I" 2 4;
 .timescale -9 -9;
v0x55dbb231ba10_0 .var "I", 7 0;
v0x55dbb231bad0_0 .var/i "j", 31 0;
S_0x55dbb22c5f20 .scope module, "data" "ENC8T3I" 2 15, 3 1 0, S_0x55dbb22c5d90;
 .timescale -9 -9;
    .port_info 0 /INPUT 8 "I";
    .port_info 1 /OUTPUT 3 "Y";
    .port_info 2 /OUTPUT 1 "Idle";
v0x55dbb231a760_0 .net "I", 7 0, v0x55dbb231ba10_0;  1 drivers
v0x55dbb231a860_0 .net "Idle", 0 0, L_0x55dbb231bda0;  1 drivers
v0x55dbb231a920_0 .net "Y", 2 0, L_0x55dbb231bbb0;  1 drivers
L_0x7f8b96c35018 .functor BUFT 1, C4<00000000>, C4<0>, C4<0>, C4<0>;
v0x55dbb231a9e0_0 .net/2u *"_ivl_2", 7 0, L_0x7f8b96c35018;  1 drivers
v0x55dbb231aac0_0 .net *"_ivl_4", 0 0, L_0x55dbb231bc70;  1 drivers
L_0x7f8b96c35060 .functor BUFT 1, C4<1>, C4<0>, C4<0>, C4<0>;
v0x55dbb231abd0_0 .net/2u *"_ivl_6", 0 0, L_0x7f8b96c35060;  1 drivers
L_0x7f8b96c350a8 .functor BUFT 1, C4<0>, C4<0>, C4<0>, C4<0>;
v0x55dbb231acb0_0 .net/2u *"_ivl_8", 0 0, L_0x7f8b96c350a8;  1 drivers
L_0x55dbb231bbb0 .ufunc/vec4 TD_tb_ENC8T3I.data.enc, 3, v0x55dbb231ba10_0 (v0x55dbb23036c0_0) S_0x55dbb23034e0;
L_0x55dbb231bc70 .cmp/eq 8, v0x55dbb231ba10_0, L_0x7f8b96c35018;
L_0x55dbb231bda0 .functor MUXZ 1, L_0x7f8b96c350a8, L_0x7f8b96c35060, L_0x55dbb231bc70, C4<>;
S_0x55dbb23034e0 .scope function.vec4.s3, "enc" "enc" 3 6, 3 6 0, S_0x55dbb22c5f20;
 .timescale -9 -9;
v0x55dbb23036c0_0 .var "I", 7 0;
; Variable enc is vec4 return value of scope S_0x55dbb23034e0
TD_tb_ENC8T3I.data.enc ;
    %load/vec4 v0x55dbb23036c0_0;
    %parti/s 1, 7, 4;
    %flag_set/vec4 8;
    %jmp/0xz  T_0.0, 8;
    %pushi/vec4 7, 0, 3;
    %ret/vec4 0, 0, 3;  Assign to enc (store_vec4_to_lval)
    %jmp T_0.1;
T_0.0 ;
    %load/vec4 v0x55dbb23036c0_0;
    %parti/s 1, 6, 4;
    %flag_set/vec4 8;
    %jmp/0xz  T_0.2, 8;
    %pushi/vec4 6, 0, 3;
    %ret/vec4 0, 0, 3;  Assign to enc (store_vec4_to_lval)
    %jmp T_0.3;
T_0.2 ;
    %load/vec4 v0x55dbb23036c0_0;
    %parti/s 1, 5, 4;
    %flag_set/vec4 8;
    %jmp/0xz  T_0.4, 8;
    %pushi/vec4 5, 0, 3;
    %ret/vec4 0, 0, 3;  Assign to enc (store_vec4_to_lval)
    %jmp T_0.5;
T_0.4 ;
    %load/vec4 v0x55dbb23036c0_0;
    %parti/s 1, 4, 4;
    %flag_set/vec4 8;
    %jmp/0xz  T_0.6, 8;
    %pushi/vec4 4, 0, 3;
    %ret/vec4 0, 0, 3;  Assign to enc (store_vec4_to_lval)
    %jmp T_0.7;
T_0.6 ;
    %load/vec4 v0x55dbb23036c0_0;
    %parti/s 1, 3, 3;
    %flag_set/vec4 8;
    %jmp/0xz  T_0.8, 8;
    %pushi/vec4 3, 0, 3;
    %ret/vec4 0, 0, 3;  Assign to enc (store_vec4_to_lval)
    %jmp T_0.9;
T_0.8 ;
    %load/vec4 v0x55dbb23036c0_0;
    %parti/s 1, 2, 3;
    %flag_set/vec4 8;
    %jmp/0xz  T_0.10, 8;
    %pushi/vec4 2, 0, 3;
    %ret/vec4 0, 0, 3;  Assign to enc (store_vec4_to_lval)
    %jmp T_0.11;
T_0.10 ;
    %load/vec4 v0x55dbb23036c0_0;
    %parti/s 1, 1, 2;
    %flag_set/vec4 8;
    %jmp/0xz  T_0.12, 8;
    %pushi/vec4 1, 0, 3;
    %ret/vec4 0, 0, 3;  Assign to enc (store_vec4_to_lval)
    %jmp T_0.13;
T_0.12 ;
    %pushi/vec4 0, 0, 3;
    %ret/vec4 0, 0, 3;  Assign to enc (store_vec4_to_lval)
T_0.13 ;
T_0.11 ;
T_0.9 ;
T_0.7 ;
T_0.5 ;
T_0.3 ;
T_0.1 ;
    %end;
S_0x55dbb231ae10 .scope module, "data2" "ENC8T3" 2 19, 3 23 0, S_0x55dbb22c5d90;
 .timescale -9 -9;
    .port_info 0 /INPUT 8 "I";
    .port_info 1 /OUTPUT 3 "Y";
    .port_info 2 /OUTPUT 1 "Idle";
L_0x55dbb231bf60 .functor NOT 1, L_0x55dbb231bfd0, C4<0>, C4<0>, C4<0>;
L_0x55dbb231c160 .functor OR 1, L_0x55dbb231c2e0, L_0x55dbb231c3d0, L_0x55dbb231c4f0, L_0x55dbb231c5e0;
v0x55dbb231b040_0 .net "I", 7 0, v0x55dbb231ba10_0;  alias, 1 drivers
L_0x7f8b96c35138 .functor BUFT 1, C4<0>, C4<0>, C4<0>, C4<0>;
v0x55dbb231b120_0 .net "Idel", 0 0, L_0x7f8b96c35138;  1 drivers
o0x7f8b96c7e288 .functor BUFZ 1, C4<z>; HiZ drive
v0x55dbb231b1c0_0 .net "Idle", 0 0, o0x7f8b96c7e288;  0 drivers
v0x55dbb231b260_0 .net "In", 0 0, L_0x55dbb231bf60;  1 drivers
L_0x7f8b96c350f0 .functor BUFT 1, C4<000>, C4<0>, C4<0>, C4<0>;
RS_0x7f8b96c7e2e8 .resolv tri, L_0x55dbb231c0c0, L_0x7f8b96c350f0;
v0x55dbb231b320_0 .net8 "Y", 2 0, RS_0x7f8b96c7e2e8;  2 drivers
v0x55dbb231b450_0 .net *"_ivl_1", 0 0, L_0x55dbb231bfd0;  1 drivers
v0x55dbb231b530_0 .net *"_ivl_11", 0 0, L_0x55dbb231c5e0;  1 drivers
v0x55dbb231b610_0 .net *"_ivl_2", 0 0, L_0x55dbb231c160;  1 drivers
v0x55dbb231b6f0_0 .net *"_ivl_5", 0 0, L_0x55dbb231c2e0;  1 drivers
v0x55dbb231b7d0_0 .net *"_ivl_7", 0 0, L_0x55dbb231c3d0;  1 drivers
v0x55dbb231b8b0_0 .net *"_ivl_9", 0 0, L_0x55dbb231c4f0;  1 drivers
L_0x55dbb231bfd0 .part v0x55dbb231ba10_0, 0, 1;
L_0x55dbb231c0c0 .part/pv L_0x55dbb231c160, 2, 1, 3;
L_0x55dbb231c2e0 .part v0x55dbb231ba10_0, 4, 1;
L_0x55dbb231c3d0 .part v0x55dbb231ba10_0, 5, 1;
L_0x55dbb231c4f0 .part v0x55dbb231ba10_0, 6, 1;
L_0x55dbb231c5e0 .part v0x55dbb231ba10_0, 7, 1;
    .scope S_0x55dbb22c5d90;
T_1 ;
    %pushi/vec4 0, 0, 32;
    %store/vec4 v0x55dbb231bad0_0, 0, 32;
    %end;
    .thread T_1;
    .scope S_0x55dbb22c5d90;
T_2 ;
    %pushi/vec4 0, 0, 32;
    %store/vec4 v0x55dbb231bad0_0, 0, 32;
T_2.0 ;
    %load/vec4 v0x55dbb231bad0_0;
    %cmpi/s 512, 0, 32;
    %jmp/0xz T_2.1, 5;
    %load/vec4 v0x55dbb231bad0_0;
    %pad/s 8;
    %store/vec4 v0x55dbb231ba10_0, 0, 8;
    %delay 5, 0;
    %load/vec4 v0x55dbb231bad0_0;
    %addi 1, 0, 32;
    %store/vec4 v0x55dbb231bad0_0, 0, 32;
    %jmp T_2.0;
T_2.1 ;
    %end;
    .thread T_2;
    .scope S_0x55dbb22c5d90;
T_3 ;
    %vpi_call 2 24 "$dumpfile", "ENC8T3I.vcd" {0 0 0};
    %vpi_call 2 25 "$dumpvars", 32'sb00000000000000000000000000000000, S_0x55dbb22c5d90 {0 0 0};
    %delay 10000, 0;
    %vpi_call 2 26 "$finish" {0 0 0};
    %end;
    .thread T_3;
# The file index is used to find the file name in the following table.
:file_names 4;
    "N/A";
    "<interactive>";
    "ENC8T31_tb.v";
    "./ENC8T3I.v";
