#! /usr/bin/vvp
:ivl_version "11.0 (stable)";
:ivl_delay_selection "TYPICAL";
:vpi_time_precision - 9;
:vpi_module "/usr/lib/x86_64-linux-gnu/ivl/system.vpi";
:vpi_module "/usr/lib/x86_64-linux-gnu/ivl/vhdl_sys.vpi";
:vpi_module "/usr/lib/x86_64-linux-gnu/ivl/vhdl_textio.vpi";
:vpi_module "/usr/lib/x86_64-linux-gnu/ivl/v2005_math.vpi";
:vpi_module "/usr/lib/x86_64-linux-gnu/ivl/va_math.vpi";
S_0x556d68751600 .scope module, "tb_ENC8T3I" "tb_ENC8T3I" 2 4;
 .timescale -9 -9;
v0x556d687666d0_0 .var "I", 7 0;
v0x556d68766790_0 .var/i "j", 31 0;
S_0x556d68751790 .scope module, "data" "ENC8T3I" 2 15, 3 4 0, S_0x556d68751600;
 .timescale -9 -9;
    .port_info 0 /INPUT 8 "I";
    .port_info 1 /OUTPUT 3 "Y";
    .port_info 2 /OUTPUT 1 "Idle";
v0x556d68766020_0 .net "I", 7 0, v0x556d687666d0_0;  1 drivers
v0x556d68766120_0 .net "Idle", 0 0, L_0x556d68766b10;  1 drivers
v0x556d687661e0_0 .net "Y", 2 0, L_0x556d68766850;  1 drivers
L_0x7f27556d0018 .functor BUFT 1, C4<00000000>, C4<0>, C4<0>, C4<0>;
v0x556d687662a0_0 .net/2u *"_ivl_2", 7 0, L_0x7f27556d0018;  1 drivers
v0x556d68766380_0 .net *"_ivl_4", 0 0, L_0x556d68766990;  1 drivers
L_0x7f27556d0060 .functor BUFT 1, C4<1>, C4<0>, C4<0>, C4<0>;
v0x556d68766490_0 .net/2u *"_ivl_6", 0 0, L_0x7f27556d0060;  1 drivers
L_0x7f27556d00a8 .functor BUFT 1, C4<0>, C4<0>, C4<0>, C4<0>;
v0x556d68766570_0 .net/2u *"_ivl_8", 0 0, L_0x7f27556d00a8;  1 drivers
L_0x556d68766850 .ufunc/vec4 TD_tb_ENC8T3I.data.enc, 3, v0x556d687666d0_0 (v0x556d68715ed0_0) S_0x556d68715cf0;
L_0x556d68766990 .cmp/eq 8, v0x556d687666d0_0, L_0x7f27556d0018;
L_0x556d68766b10 .functor MUXZ 1, L_0x7f27556d00a8, L_0x7f27556d0060, L_0x556d68766990, C4<>;
S_0x556d68715cf0 .scope function.vec4.s3, "enc" "enc" 3 9, 3 9 0, S_0x556d68751790;
 .timescale -9 -9;
v0x556d68715ed0_0 .var "I", 7 0;
; Variable enc is vec4 return value of scope S_0x556d68715cf0
TD_tb_ENC8T3I.data.enc ;
    %load/vec4 v0x556d68715ed0_0;
    %parti/s 1, 7, 4;
    %flag_set/vec4 8;
    %jmp/0xz  T_0.0, 8;
    %pushi/vec4 7, 0, 3;
    %ret/vec4 0, 0, 3;  Assign to enc (store_vec4_to_lval)
    %jmp T_0.1;
T_0.0 ;
    %load/vec4 v0x556d68715ed0_0;
    %parti/s 1, 6, 4;
    %flag_set/vec4 8;
    %jmp/0xz  T_0.2, 8;
    %pushi/vec4 6, 0, 3;
    %ret/vec4 0, 0, 3;  Assign to enc (store_vec4_to_lval)
    %jmp T_0.3;
T_0.2 ;
    %load/vec4 v0x556d68715ed0_0;
    %parti/s 1, 5, 4;
    %flag_set/vec4 8;
    %jmp/0xz  T_0.4, 8;
    %pushi/vec4 5, 0, 3;
    %ret/vec4 0, 0, 3;  Assign to enc (store_vec4_to_lval)
    %jmp T_0.5;
T_0.4 ;
    %load/vec4 v0x556d68715ed0_0;
    %parti/s 1, 4, 4;
    %flag_set/vec4 8;
    %jmp/0xz  T_0.6, 8;
    %pushi/vec4 4, 0, 3;
    %ret/vec4 0, 0, 3;  Assign to enc (store_vec4_to_lval)
    %jmp T_0.7;
T_0.6 ;
    %load/vec4 v0x556d68715ed0_0;
    %parti/s 1, 3, 3;
    %flag_set/vec4 8;
    %jmp/0xz  T_0.8, 8;
    %pushi/vec4 3, 0, 3;
    %ret/vec4 0, 0, 3;  Assign to enc (store_vec4_to_lval)
    %jmp T_0.9;
T_0.8 ;
    %load/vec4 v0x556d68715ed0_0;
    %parti/s 1, 2, 3;
    %flag_set/vec4 8;
    %jmp/0xz  T_0.10, 8;
    %pushi/vec4 2, 0, 3;
    %ret/vec4 0, 0, 3;  Assign to enc (store_vec4_to_lval)
    %jmp T_0.11;
T_0.10 ;
    %load/vec4 v0x556d68715ed0_0;
    %parti/s 1, 1, 2;
    %flag_set/vec4 8;
    %jmp/0xz  T_0.12, 8;
    %pushi/vec4 1, 0, 3;
    %ret/vec4 0, 0, 3;  Assign to enc (store_vec4_to_lval)
    %jmp T_0.13;
T_0.12 ;
    %pushi/vec4 0, 0, 3;
    %ret/vec4 0, 0, 3;  Assign to enc (store_vec4_to_lval)
T_0.13 ;
T_0.11 ;
T_0.9 ;
T_0.7 ;
T_0.5 ;
T_0.3 ;
T_0.1 ;
    %end;
    .scope S_0x556d68751600;
T_1 ;
    %pushi/vec4 0, 0, 32;
    %store/vec4 v0x556d68766790_0, 0, 32;
    %end;
    .thread T_1;
    .scope S_0x556d68751600;
T_2 ;
    %pushi/vec4 0, 0, 32;
    %store/vec4 v0x556d68766790_0, 0, 32;
T_2.0 ;
    %load/vec4 v0x556d68766790_0;
    %cmpi/s 512, 0, 32;
    %jmp/0xz T_2.1, 5;
    %load/vec4 v0x556d68766790_0;
    %pad/s 8;
    %store/vec4 v0x556d687666d0_0, 0, 8;
    %delay 5, 0;
    %load/vec4 v0x556d68766790_0;
    %addi 1, 0, 32;
    %store/vec4 v0x556d68766790_0, 0, 32;
    %jmp T_2.0;
T_2.1 ;
    %end;
    .thread T_2;
    .scope S_0x556d68751600;
T_3 ;
    %vpi_call 2 20 "$dumpfile", "ENC8T3I.vcd" {0 0 0};
    %vpi_call 2 21 "$dumpvars", 32'sb00000000000000000000000000000000, S_0x556d68751600 {0 0 0};
    %delay 10000, 0;
    %vpi_call 2 22 "$finish" {0 0 0};
    %end;
    .thread T_3;
# The file index is used to find the file name in the following table.
:file_names 4;
    "N/A";
    "<interactive>";
    "ENC8T31_tb.v";
    "./ENC8T3I.v";
