#! /usr/bin/vvp
:ivl_version "11.0 (stable)";
:ivl_delay_selection "TYPICAL";
:vpi_time_precision + 0;
:vpi_module "/usr/lib/x86_64-linux-gnu/ivl/system.vpi";
:vpi_module "/usr/lib/x86_64-linux-gnu/ivl/vhdl_sys.vpi";
:vpi_module "/usr/lib/x86_64-linux-gnu/ivl/vhdl_textio.vpi";
:vpi_module "/usr/lib/x86_64-linux-gnu/ivl/v2005_math.vpi";
:vpi_module "/usr/lib/x86_64-linux-gnu/ivl/va_math.vpi";
S_0x55ffcabf0d90 .scope module, "ENC8T3I" "ENC8T3I" 2 4;
 .timescale 0 0;
    .port_info 0 /INPUT 8 "I";
    .port_info 1 /OUTPUT 3 "Y";
    .port_info 2 /OUTPUT 1 "Idle";
o0x7f9ce824b078 .functor BUFZ 8, C4<zzzzzzzz>; HiZ drive
v0x55ffcac3cf90_0 .net "I", 7 0, o0x7f9ce824b078;  0 drivers
v0x55ffcac3d090_0 .net "Idle", 0 0, L_0x55ffcac3d8e0;  1 drivers
v0x55ffcac3d150_0 .net "Y", 2 0, L_0x55ffcac3d640;  1 drivers
L_0x7f9ce7fb7018 .functor BUFT 1, C4<00000000>, C4<0>, C4<0>, C4<0>;
v0x55ffcac3d210_0 .net/2u *"_ivl_2", 7 0, L_0x7f9ce7fb7018;  1 drivers
v0x55ffcac3d2f0_0 .net *"_ivl_4", 0 0, L_0x55ffcac3d740;  1 drivers
L_0x7f9ce7fb7060 .functor BUFT 1, C4<1>, C4<0>, C4<0>, C4<0>;
v0x55ffcac3d400_0 .net/2u *"_ivl_6", 0 0, L_0x7f9ce7fb7060;  1 drivers
L_0x7f9ce7fb70a8 .functor BUFT 1, C4<0>, C4<0>, C4<0>, C4<0>;
v0x55ffcac3d4e0_0 .net/2u *"_ivl_8", 0 0, L_0x7f9ce7fb70a8;  1 drivers
L_0x55ffcac3d640 .ufunc/vec4 TD_ENC8T3I.enc, 3, o0x7f9ce824b078 (v0x55ffcac19410_0) S_0x55ffcabf0f70;
L_0x55ffcac3d740 .cmp/eq 8, o0x7f9ce824b078, L_0x7f9ce7fb7018;
L_0x55ffcac3d8e0 .functor MUXZ 1, L_0x7f9ce7fb70a8, L_0x7f9ce7fb7060, L_0x55ffcac3d740, C4<>;
S_0x55ffcabf0f70 .scope function.vec4.s3, "enc" "enc" 2 9, 2 9 0, S_0x55ffcabf0d90;
 .timescale 0 0;
v0x55ffcac19410_0 .var "I", 7 0;
; Variable enc is vec4 return value of scope S_0x55ffcabf0f70
TD_ENC8T3I.enc ;
    %load/vec4 v0x55ffcac19410_0;
    %parti/s 1, 7, 4;
    %flag_set/vec4 8;
    %jmp/0xz  T_0.0, 8;
    %pushi/vec4 7, 0, 3;
    %ret/vec4 0, 0, 3;  Assign to enc (store_vec4_to_lval)
    %jmp T_0.1;
T_0.0 ;
    %load/vec4 v0x55ffcac19410_0;
    %parti/s 1, 6, 4;
    %flag_set/vec4 8;
    %jmp/0xz  T_0.2, 8;
    %pushi/vec4 6, 0, 3;
    %ret/vec4 0, 0, 3;  Assign to enc (store_vec4_to_lval)
    %jmp T_0.3;
T_0.2 ;
    %load/vec4 v0x55ffcac19410_0;
    %parti/s 1, 5, 4;
    %flag_set/vec4 8;
    %jmp/0xz  T_0.4, 8;
    %pushi/vec4 5, 0, 3;
    %ret/vec4 0, 0, 3;  Assign to enc (store_vec4_to_lval)
    %jmp T_0.5;
T_0.4 ;
    %load/vec4 v0x55ffcac19410_0;
    %parti/s 1, 4, 4;
    %flag_set/vec4 8;
    %jmp/0xz  T_0.6, 8;
    %pushi/vec4 4, 0, 3;
    %ret/vec4 0, 0, 3;  Assign to enc (store_vec4_to_lval)
    %jmp T_0.7;
T_0.6 ;
    %load/vec4 v0x55ffcac19410_0;
    %parti/s 1, 3, 3;
    %flag_set/vec4 8;
    %jmp/0xz  T_0.8, 8;
    %pushi/vec4 3, 0, 3;
    %ret/vec4 0, 0, 3;  Assign to enc (store_vec4_to_lval)
    %jmp T_0.9;
T_0.8 ;
    %load/vec4 v0x55ffcac19410_0;
    %parti/s 1, 2, 3;
    %flag_set/vec4 8;
    %jmp/0xz  T_0.10, 8;
    %pushi/vec4 2, 0, 3;
    %ret/vec4 0, 0, 3;  Assign to enc (store_vec4_to_lval)
    %jmp T_0.11;
T_0.10 ;
    %load/vec4 v0x55ffcac19410_0;
    %parti/s 1, 1, 2;
    %flag_set/vec4 8;
    %jmp/0xz  T_0.12, 8;
    %pushi/vec4 1, 0, 3;
    %ret/vec4 0, 0, 3;  Assign to enc (store_vec4_to_lval)
    %jmp T_0.13;
T_0.12 ;
    %pushi/vec4 0, 0, 3;
    %ret/vec4 0, 0, 3;  Assign to enc (store_vec4_to_lval)
T_0.13 ;
T_0.11 ;
T_0.9 ;
T_0.7 ;
T_0.5 ;
T_0.3 ;
T_0.1 ;
    %end;
# The file index is used to find the file name in the following table.
:file_names 3;
    "N/A";
    "<interactive>";
    "ENC8T3I.v";
