#! /usr/bin/vvp
:ivl_version "11.0 (stable)";
:ivl_delay_selection "TYPICAL";
:vpi_time_precision - 9;
:vpi_module "/usr/lib/x86_64-linux-gnu/ivl/system.vpi";
:vpi_module "/usr/lib/x86_64-linux-gnu/ivl/vhdl_sys.vpi";
:vpi_module "/usr/lib/x86_64-linux-gnu/ivl/vhdl_textio.vpi";
:vpi_module "/usr/lib/x86_64-linux-gnu/ivl/v2005_math.vpi";
:vpi_module "/usr/lib/x86_64-linux-gnu/ivl/va_math.vpi";
S_0x55799565c2b0 .scope module, "tb_CLA_4" "tb_CLA_4" 2 3;
 .timescale -9 -9;
v0x557995680ce0_0 .var "Cin", 0 0;
v0x557995680da0_0 .var "X", 3 0;
v0x557995680e40_0 .var "Y", 3 0;
v0x557995680f40_0 .var/i "j", 31 0;
S_0x55799565c440 .scope module, "data" "CLA_4" 2 15, 3 4 0, S_0x55799565c2b0;
 .timescale -9 -9;
    .port_info 0 /INPUT 4 "X";
    .port_info 1 /INPUT 4 "Y";
    .port_info 2 /INPUT 1 "Cin";
    .port_info 3 /OUTPUT 4 "S";
    .port_info 4 /OUTPUT 1 "Cout";
L_0x557995680fe0 .functor OR 4, v0x557995680da0_0, v0x557995680e40_0, C4<0000>, C4<0000>;
L_0x5579956810f0 .functor AND 4, v0x557995680da0_0, v0x557995680e40_0, C4<1111>, C4<1111>;
L_0x557995681180 .functor NOT 4, L_0x5579956810f0, C4<0000>, C4<0000>, C4<0000>;
L_0x557995681240 .functor AND 1, L_0x557995681340, L_0x557995681480, C4<1>, C4<1>;
L_0x5579956815c0 .functor XOR 1, L_0x557995681240, v0x557995680ce0_0, C4<0>, C4<0>;
L_0x5579956816d0 .functor NAND 1, L_0x557995681780, v0x557995680ce0_0, C4<1>, C4<1>;
L_0x557995681870 .functor NAND 1, L_0x557995681930, L_0x5579956816d0, C4<1>, C4<1>;
L_0x557995681a50 .functor AND 1, L_0x557995681b10, L_0x557995681c00, C4<1>, C4<1>;
L_0x557995681ce0 .functor XOR 1, L_0x557995681a50, L_0x557995681870, C4<0>, C4<0>;
L_0x557995681da0 .functor NAND 1, L_0x557995681f00, L_0x557995681fa0, v0x557995680ce0_0, C4<1>;
L_0x557995682090 .functor NAND 1, L_0x557995682100, L_0x5579956821f0, C4<1>, C4<1>;
L_0x557995682340 .functor NAND 1, L_0x557995682470, L_0x557995682090, L_0x557995681da0, C4<1>;
L_0x557995682560 .functor AND 1, L_0x5579956825d0, L_0x557995682730, C4<1>, C4<1>;
L_0x557995682820 .functor XOR 1, L_0x557995682560, L_0x557995682340, C4<0>, C4<0>;
L_0x557995682400 .functor NAND 1, L_0x557995682a10, L_0x557995682b80, L_0x557995682c70, v0x557995680ce0_0;
L_0x5579956826c0 .functor NAND 1, L_0x557995682ee0, L_0x557995682fd0, L_0x557995683160, C4<1>;
L_0x557995683250 .functor NAND 1, L_0x5579956832c0, L_0x5579956830c0, C4<1>, C4<1>;
L_0x557995683460 .functor NAND 1, L_0x557995683690, L_0x557995683250, L_0x5579956826c0, L_0x557995682400;
L_0x557995683840 .functor AND 1, L_0x5579956838b0, L_0x5579956839a0, C4<1>, C4<1>;
L_0x557995683cf0 .functor XOR 1, L_0x557995683840, L_0x557995683460, C4<0>, C4<0>;
L_0x557995683f00/0/0 .functor AND 1, L_0x5579956835f0, L_0x5579956840a0, L_0x557995684190, L_0x557995684370;
L_0x557995683f00/0/4 .functor AND 1, v0x557995680ce0_0, C4<1>, C4<1>, C4<1>;
L_0x557995683f00 .functor NAND 1, L_0x557995683f00/0/0, L_0x557995683f00/0/4, C4<1>, C4<1>;
L_0x557995684460 .functor NAND 1, L_0x5579956845c0, L_0x5579956847b0, L_0x5579956848a0, L_0x557995684aa0;
L_0x557995684b90 .functor NAND 1, L_0x557995684c30, L_0x557995684e40, L_0x557995684f30, C4<1>;
L_0x557995685150 .functor NAND 1, L_0x557995685290, L_0x557995685380, C4<1>, C4<1>;
L_0x5579956855b0/0/0 .functor AND 1, L_0x557995685760, L_0x557995685150, L_0x557995684b90, L_0x557995684460;
L_0x5579956855b0/0/4 .functor AND 1, L_0x557995683f00, C4<1>, C4<1>, C4<1>;
L_0x5579956855b0 .functor NAND 1, L_0x5579956855b0/0/0, L_0x5579956855b0/0/4, C4<1>, C4<1>;
v0x55799565c5d0_0 .net "Cin", 0 0, v0x557995680ce0_0;  1 drivers
v0x55799567ce50_0 .net "Cout", 0 0, L_0x5579956855b0;  1 drivers
v0x55799567cf30_0 .net "Cout0", 0 0, L_0x557995681870;  1 drivers
v0x55799567cfd0_0 .net "Cout1", 0 0, L_0x557995682340;  1 drivers
v0x55799567d090_0 .net "Cout2", 0 0, L_0x557995683460;  1 drivers
v0x55799567d1a0_0 .net "G", 3 0, L_0x5579956810f0;  1 drivers
v0x55799567d280_0 .net "Gn", 3 0, L_0x557995681180;  1 drivers
v0x55799567d360_0 .net "P", 3 0, L_0x557995680fe0;  1 drivers
v0x55799567d440_0 .net "P0Cin0", 0 0, L_0x5579956816d0;  1 drivers
v0x55799567d500_0 .net "P0Gn0", 0 0, L_0x557995681240;  1 drivers
v0x55799567d5c0_0 .net "P1G0", 0 0, L_0x557995682090;  1 drivers
v0x55799567d680_0 .net "P1Gn1", 0 0, L_0x557995681a50;  1 drivers
v0x55799567d740_0 .net "P1P0Cin0", 0 0, L_0x557995681da0;  1 drivers
v0x55799567d800_0 .net "P2G1", 0 0, L_0x557995683250;  1 drivers
v0x55799567d8c0_0 .net "P2Gn2", 0 0, L_0x557995682560;  1 drivers
v0x55799567d980_0 .net "P2P1G0", 0 0, L_0x5579956826c0;  1 drivers
v0x55799567da40_0 .net "P2P1P0Cin0", 0 0, L_0x557995682400;  1 drivers
v0x55799567db00_0 .net "P3G2", 0 0, L_0x557995685150;  1 drivers
v0x55799567dbc0_0 .net "P3Gn3", 0 0, L_0x557995683840;  1 drivers
v0x55799567dc80_0 .net "P3P2G1", 0 0, L_0x557995684b90;  1 drivers
v0x55799567dd40_0 .net "P3P2P1G0", 0 0, L_0x557995684460;  1 drivers
v0x55799567de00_0 .net "P3P2P1P0Cin0", 0 0, L_0x557995683f00;  1 drivers
v0x55799567dec0_0 .net "S", 3 0, L_0x557995683b60;  1 drivers
v0x55799567dfa0_0 .net "X", 3 0, v0x557995680da0_0;  1 drivers
v0x55799567e080_0 .net "Y", 3 0, v0x557995680e40_0;  1 drivers
v0x55799567e160_0 .net *"_ivl_101", 0 0, L_0x557995684e40;  1 drivers
v0x55799567e240_0 .net *"_ivl_103", 0 0, L_0x557995684f30;  1 drivers
v0x55799567e320_0 .net *"_ivl_106", 0 0, L_0x557995685290;  1 drivers
v0x55799567e400_0 .net *"_ivl_108", 0 0, L_0x557995685380;  1 drivers
v0x55799567e4e0_0 .net *"_ivl_11", 0 0, L_0x5579956815c0;  1 drivers
v0x55799567e5c0_0 .net *"_ivl_111", 0 0, L_0x557995685760;  1 drivers
v0x55799567e6a0_0 .net *"_ivl_15", 0 0, L_0x557995681780;  1 drivers
v0x55799567e780_0 .net *"_ivl_18", 0 0, L_0x557995681930;  1 drivers
v0x55799567ea70_0 .net *"_ivl_21", 0 0, L_0x557995681b10;  1 drivers
v0x55799567eb50_0 .net *"_ivl_23", 0 0, L_0x557995681c00;  1 drivers
v0x55799567ec30_0 .net *"_ivl_25", 0 0, L_0x557995681ce0;  1 drivers
v0x55799567ed10_0 .net *"_ivl_29", 0 0, L_0x557995681f00;  1 drivers
v0x55799567edf0_0 .net *"_ivl_31", 0 0, L_0x557995681fa0;  1 drivers
v0x55799567eed0_0 .net *"_ivl_34", 0 0, L_0x557995682100;  1 drivers
v0x55799567efb0_0 .net *"_ivl_36", 0 0, L_0x5579956821f0;  1 drivers
v0x55799567f090_0 .net *"_ivl_39", 0 0, L_0x557995682470;  1 drivers
v0x55799567f170_0 .net *"_ivl_42", 0 0, L_0x5579956825d0;  1 drivers
v0x55799567f250_0 .net *"_ivl_44", 0 0, L_0x557995682730;  1 drivers
v0x55799567f330_0 .net *"_ivl_46", 0 0, L_0x557995682820;  1 drivers
v0x55799567f410_0 .net *"_ivl_50", 0 0, L_0x557995682a10;  1 drivers
v0x55799567f4f0_0 .net *"_ivl_52", 0 0, L_0x557995682b80;  1 drivers
v0x55799567f5d0_0 .net *"_ivl_54", 0 0, L_0x557995682c70;  1 drivers
v0x55799567f6b0_0 .net *"_ivl_57", 0 0, L_0x557995682ee0;  1 drivers
v0x55799567f790_0 .net *"_ivl_59", 0 0, L_0x557995682fd0;  1 drivers
v0x55799567f870_0 .net *"_ivl_61", 0 0, L_0x557995683160;  1 drivers
v0x55799567f950_0 .net *"_ivl_64", 0 0, L_0x5579956832c0;  1 drivers
v0x55799567fa30_0 .net *"_ivl_66", 0 0, L_0x5579956830c0;  1 drivers
v0x55799567fb10_0 .net *"_ivl_69", 0 0, L_0x557995683690;  1 drivers
v0x55799567fbf0_0 .net *"_ivl_7", 0 0, L_0x557995681340;  1 drivers
v0x55799567fcd0_0 .net *"_ivl_72", 0 0, L_0x5579956838b0;  1 drivers
v0x55799567fdb0_0 .net *"_ivl_74", 0 0, L_0x5579956839a0;  1 drivers
v0x55799567fe90_0 .net *"_ivl_76", 0 0, L_0x557995683cf0;  1 drivers
v0x55799567ff70_0 .net *"_ivl_81", 0 0, L_0x5579956835f0;  1 drivers
v0x557995680050_0 .net *"_ivl_83", 0 0, L_0x5579956840a0;  1 drivers
v0x557995680130_0 .net *"_ivl_85", 0 0, L_0x557995684190;  1 drivers
v0x557995680210_0 .net *"_ivl_87", 0 0, L_0x557995684370;  1 drivers
v0x5579956802f0_0 .net *"_ivl_9", 0 0, L_0x557995681480;  1 drivers
v0x5579956803d0_0 .net *"_ivl_90", 0 0, L_0x5579956845c0;  1 drivers
v0x5579956804b0_0 .net *"_ivl_92", 0 0, L_0x5579956847b0;  1 drivers
v0x557995680590_0 .net *"_ivl_94", 0 0, L_0x5579956848a0;  1 drivers
v0x557995680a80_0 .net *"_ivl_96", 0 0, L_0x557995684aa0;  1 drivers
v0x557995680b60_0 .net *"_ivl_99", 0 0, L_0x557995684c30;  1 drivers
L_0x557995681340 .part L_0x557995680fe0, 0, 1;
L_0x557995681480 .part L_0x557995681180, 0, 1;
L_0x557995681780 .part L_0x557995680fe0, 0, 1;
L_0x557995681930 .part L_0x557995681180, 0, 1;
L_0x557995681b10 .part L_0x557995680fe0, 1, 1;
L_0x557995681c00 .part L_0x557995681180, 1, 1;
L_0x557995681f00 .part L_0x557995680fe0, 1, 1;
L_0x557995681fa0 .part L_0x557995680fe0, 0, 1;
L_0x557995682100 .part L_0x557995680fe0, 1, 1;
L_0x5579956821f0 .part L_0x5579956810f0, 0, 1;
L_0x557995682470 .part L_0x557995681180, 1, 1;
L_0x5579956825d0 .part L_0x557995680fe0, 2, 1;
L_0x557995682730 .part L_0x557995681180, 2, 1;
L_0x557995682a10 .part L_0x557995680fe0, 2, 1;
L_0x557995682b80 .part L_0x557995680fe0, 1, 1;
L_0x557995682c70 .part L_0x557995680fe0, 0, 1;
L_0x557995682ee0 .part L_0x557995680fe0, 2, 1;
L_0x557995682fd0 .part L_0x557995680fe0, 1, 1;
L_0x557995683160 .part L_0x5579956810f0, 0, 1;
L_0x5579956832c0 .part L_0x557995680fe0, 2, 1;
L_0x5579956830c0 .part L_0x5579956810f0, 1, 1;
L_0x557995683690 .part L_0x557995681180, 2, 1;
L_0x5579956838b0 .part L_0x557995680fe0, 3, 1;
L_0x5579956839a0 .part L_0x557995681180, 3, 1;
L_0x557995683b60 .concat8 [ 1 1 1 1], L_0x5579956815c0, L_0x557995681ce0, L_0x557995682820, L_0x557995683cf0;
L_0x5579956835f0 .part L_0x557995680fe0, 3, 1;
L_0x5579956840a0 .part L_0x557995680fe0, 2, 1;
L_0x557995684190 .part L_0x557995680fe0, 1, 1;
L_0x557995684370 .part L_0x557995680fe0, 0, 1;
L_0x5579956845c0 .part L_0x557995680fe0, 3, 1;
L_0x5579956847b0 .part L_0x557995680fe0, 2, 1;
L_0x5579956848a0 .part L_0x557995680fe0, 1, 1;
L_0x557995684aa0 .part L_0x5579956810f0, 0, 1;
L_0x557995684c30 .part L_0x557995680fe0, 3, 1;
L_0x557995684e40 .part L_0x557995680fe0, 2, 1;
L_0x557995684f30 .part L_0x5579956810f0, 1, 1;
L_0x557995685290 .part L_0x557995680fe0, 3, 1;
L_0x557995685380 .part L_0x5579956810f0, 2, 1;
L_0x557995685760 .part L_0x557995681180, 3, 1;
    .scope S_0x55799565c2b0;
T_0 ;
    %pushi/vec4 0, 0, 1;
    %store/vec4 v0x557995680ce0_0, 0, 1;
    %end;
    .thread T_0;
    .scope S_0x55799565c2b0;
T_1 ;
    %pushi/vec4 0, 0, 32;
    %store/vec4 v0x557995680f40_0, 0, 32;
T_1.0 ;
    %load/vec4 v0x557995680f40_0;
    %cmpi/s 15, 0, 32;
    %jmp/0xz T_1.1, 5;
    %load/vec4 v0x557995680f40_0;
    %pad/s 4;
    %store/vec4 v0x557995680da0_0, 0, 4;
    %pushi/vec4 15, 0, 32;
    %load/vec4 v0x557995680f40_0;
    %muli 2, 0, 32;
    %sub;
    %pad/u 4;
    %store/vec4 v0x557995680e40_0, 0, 4;
    %delay 100, 0;
    ; show_stmt_assign_vector: Get l-value for compressed += operand
    %load/vec4 v0x557995680f40_0;
    %pushi/vec4 1, 0, 32;
    %add;
    %store/vec4 v0x557995680f40_0, 0, 32;
    %jmp T_1.0;
T_1.1 ;
    %end;
    .thread T_1;
    .scope S_0x55799565c2b0;
T_2 ;
    %vpi_call 2 21 "$dumpfile", "CLA_4.vcd" {0 0 0};
    %vpi_call 2 22 "$dumpvars", 32'sb00000000000000000000000000000000, S_0x55799565c2b0 {0 0 0};
    %delay 10000, 0;
    %vpi_call 2 23 "$finish" {0 0 0};
    %end;
    .thread T_2;
# The file index is used to find the file name in the following table.
:file_names 4;
    "N/A";
    "<interactive>";
    "CLA_4_tb.v";
    "./CLA_4.v";
