#! /usr/bin/vvp
:ivl_version "11.0 (stable)";
:ivl_delay_selection "TYPICAL";
:vpi_time_precision - 9;
:vpi_module "/usr/lib/x86_64-linux-gnu/ivl/system.vpi";
:vpi_module "/usr/lib/x86_64-linux-gnu/ivl/vhdl_sys.vpi";
:vpi_module "/usr/lib/x86_64-linux-gnu/ivl/vhdl_textio.vpi";
:vpi_module "/usr/lib/x86_64-linux-gnu/ivl/v2005_math.vpi";
:vpi_module "/usr/lib/x86_64-linux-gnu/ivl/va_math.vpi";
S_0x5637f3399860 .scope module, "tb_ENC8T3" "tb_ENC8T3" 2 4;
 .timescale -9 -9;
v0x5637f33b4490_0 .var "I", 7 0;
v0x5637f33b4550_0 .var/i "j", 31 0;
S_0x5637f33999f0 .scope module, "data2" "ENC8T3" 2 14, 3 4 0, S_0x5637f3399860;
 .timescale -9 -9;
    .port_info 0 /INPUT 8 "I";
    .port_info 1 /OUTPUT 3 "Y";
    .port_info 2 /OUTPUT 1 "Idle";
L_0x5637f33b4610 .functor NOT 1, L_0x5637f33b4700, C4<0>, C4<0>, C4<0>;
L_0x5637f33b47f0 .functor NOT 1, L_0x5637f33b4880, C4<0>, C4<0>, C4<0>;
L_0x5637f33b4970 .functor NOT 1, L_0x5637f33b4a10, C4<0>, C4<0>, C4<0>;
L_0x5637f33b4b00 .functor NOT 1, L_0x5637f33b4bd0, C4<0>, C4<0>, C4<0>;
L_0x5637f33b4ca0 .functor NOT 1, L_0x5637f33b4d40, C4<0>, C4<0>, C4<0>;
L_0x5637f33b4e30 .functor NOT 1, L_0x5637f33b4f10, C4<0>, C4<0>, C4<0>;
L_0x5637f33b5040 .functor NOT 1, L_0x5637f33b50b0, C4<0>, C4<0>, C4<0>;
L_0x5637f33b51a0 .functor NOT 1, L_0x5637f33b5260, C4<0>, C4<0>, C4<0>;
L_0x5637f33b53a0 .functor OR 1, L_0x5637f33b5500, L_0x5637f33b55f0, L_0x5637f33b5740, L_0x5637f33b57e0;
L_0x5637f33b5940 .functor AND 1, L_0x5637f33b5ab0, L_0x5637f33b4ca0, L_0x5637f33b4e30, C4<1>;
L_0x5637f33b5b50 .functor AND 1, L_0x5637f33b5bc0, L_0x5637f33b4ca0, L_0x5637f33b4e30, C4<1>;
L_0x5637f33b58d0 .functor OR 1, L_0x5637f33b5940, L_0x5637f33b5b50, L_0x5637f33b5e40, L_0x5637f33b6140;
L_0x5637f33b62c0 .functor AND 1, L_0x5637f33b63b0, L_0x5637f33b4970, L_0x5637f33b4ca0, L_0x5637f33b5040;
L_0x5637f33b64a0 .functor AND 1, L_0x5637f33b6590, L_0x5637f33b4ca0, L_0x5637f33b5040, C4<1>;
L_0x5637f33b5dd0 .functor AND 1, L_0x5637f33b6750, L_0x5637f33b5040, C4<1>, C4<1>;
L_0x5637f33b6a40 .functor OR 1, L_0x5637f33b62c0, L_0x5637f33b64a0, L_0x5637f33b5dd0, L_0x5637f33b6680;
L_0x5637f33b6cd0/0/0 .functor AND 1, L_0x5637f33b4610, L_0x5637f33b47f0, L_0x5637f33b4970, L_0x5637f33b4b00;
L_0x5637f33b6cd0/0/4 .functor AND 1, L_0x5637f33b4ca0, L_0x5637f33b4e30, L_0x5637f33b5040, L_0x5637f33b51a0;
L_0x5637f33b6cd0 .functor AND 1, L_0x5637f33b6cd0/0/0, L_0x5637f33b6cd0/0/4, C4<1>, C4<1>;
v0x5637f335acf0_0 .net "I", 7 0, v0x5637f33b4490_0;  1 drivers
v0x5637f33b2250_0 .net "Idle", 0 0, L_0x5637f33b6cd0;  1 drivers
v0x5637f33b2310_0 .net "In0", 0 0, L_0x5637f33b4610;  1 drivers
v0x5637f33b23b0_0 .net "In1", 0 0, L_0x5637f33b47f0;  1 drivers
v0x5637f33b2470_0 .net "In2", 0 0, L_0x5637f33b4970;  1 drivers
v0x5637f33b2580_0 .net "In3", 0 0, L_0x5637f33b4b00;  1 drivers
v0x5637f33b2640_0 .net "In4", 0 0, L_0x5637f33b4ca0;  1 drivers
v0x5637f33b2700_0 .net "In5", 0 0, L_0x5637f33b4e30;  1 drivers
v0x5637f33b27c0_0 .net "In6", 0 0, L_0x5637f33b5040;  1 drivers
v0x5637f33b2880_0 .net "In7", 0 0, L_0x5637f33b51a0;  1 drivers
v0x5637f33b2940_0 .net "S1", 0 0, L_0x5637f33b5940;  1 drivers
v0x5637f33b2a00_0 .net "S2", 0 0, L_0x5637f33b5b50;  1 drivers
v0x5637f33b2ac0_0 .net "S4", 0 0, L_0x5637f33b62c0;  1 drivers
v0x5637f33b2b80_0 .net "S5", 0 0, L_0x5637f33b64a0;  1 drivers
v0x5637f33b2c40_0 .net "S6", 0 0, L_0x5637f33b5dd0;  1 drivers
v0x5637f33b2d00_0 .net "Y", 2 0, L_0x5637f33b67f0;  1 drivers
v0x5637f33b2de0_0 .net *"_ivl_1", 0 0, L_0x5637f33b4700;  1 drivers
v0x5637f33b2ec0_0 .net *"_ivl_11", 0 0, L_0x5637f33b4f10;  1 drivers
v0x5637f33b2fa0_0 .net *"_ivl_13", 0 0, L_0x5637f33b50b0;  1 drivers
v0x5637f33b3080_0 .net *"_ivl_15", 0 0, L_0x5637f33b5260;  1 drivers
v0x5637f33b3160_0 .net *"_ivl_16", 0 0, L_0x5637f33b53a0;  1 drivers
v0x5637f33b3240_0 .net *"_ivl_19", 0 0, L_0x5637f33b5500;  1 drivers
v0x5637f33b3320_0 .net *"_ivl_21", 0 0, L_0x5637f33b55f0;  1 drivers
v0x5637f33b3400_0 .net *"_ivl_23", 0 0, L_0x5637f33b5740;  1 drivers
v0x5637f33b34e0_0 .net *"_ivl_25", 0 0, L_0x5637f33b57e0;  1 drivers
v0x5637f33b35c0_0 .net *"_ivl_27", 0 0, L_0x5637f33b5ab0;  1 drivers
v0x5637f33b36a0_0 .net *"_ivl_29", 0 0, L_0x5637f33b5bc0;  1 drivers
v0x5637f33b3780_0 .net *"_ivl_3", 0 0, L_0x5637f33b4880;  1 drivers
v0x5637f33b3860_0 .net *"_ivl_30", 0 0, L_0x5637f33b58d0;  1 drivers
v0x5637f33b3940_0 .net *"_ivl_33", 0 0, L_0x5637f33b5e40;  1 drivers
v0x5637f33b3a20_0 .net *"_ivl_35", 0 0, L_0x5637f33b6140;  1 drivers
v0x5637f33b3b00_0 .net *"_ivl_37", 0 0, L_0x5637f33b63b0;  1 drivers
v0x5637f33b3be0_0 .net *"_ivl_39", 0 0, L_0x5637f33b6590;  1 drivers
v0x5637f33b3ed0_0 .net *"_ivl_41", 0 0, L_0x5637f33b6750;  1 drivers
v0x5637f33b3fb0_0 .net *"_ivl_42", 0 0, L_0x5637f33b6a40;  1 drivers
v0x5637f33b4090_0 .net *"_ivl_46", 0 0, L_0x5637f33b6680;  1 drivers
v0x5637f33b4170_0 .net *"_ivl_5", 0 0, L_0x5637f33b4a10;  1 drivers
v0x5637f33b4250_0 .net *"_ivl_7", 0 0, L_0x5637f33b4bd0;  1 drivers
v0x5637f33b4330_0 .net *"_ivl_9", 0 0, L_0x5637f33b4d40;  1 drivers
L_0x5637f33b4700 .part v0x5637f33b4490_0, 0, 1;
L_0x5637f33b4880 .part v0x5637f33b4490_0, 1, 1;
L_0x5637f33b4a10 .part v0x5637f33b4490_0, 2, 1;
L_0x5637f33b4bd0 .part v0x5637f33b4490_0, 3, 1;
L_0x5637f33b4d40 .part v0x5637f33b4490_0, 4, 1;
L_0x5637f33b4f10 .part v0x5637f33b4490_0, 5, 1;
L_0x5637f33b50b0 .part v0x5637f33b4490_0, 6, 1;
L_0x5637f33b5260 .part v0x5637f33b4490_0, 7, 1;
L_0x5637f33b5500 .part v0x5637f33b4490_0, 4, 1;
L_0x5637f33b55f0 .part v0x5637f33b4490_0, 5, 1;
L_0x5637f33b5740 .part v0x5637f33b4490_0, 6, 1;
L_0x5637f33b57e0 .part v0x5637f33b4490_0, 7, 1;
L_0x5637f33b5ab0 .part v0x5637f33b4490_0, 2, 1;
L_0x5637f33b5bc0 .part v0x5637f33b4490_0, 3, 1;
L_0x5637f33b5e40 .part v0x5637f33b4490_0, 6, 1;
L_0x5637f33b6140 .part v0x5637f33b4490_0, 7, 1;
L_0x5637f33b63b0 .part v0x5637f33b4490_0, 1, 1;
L_0x5637f33b6590 .part v0x5637f33b4490_0, 3, 1;
L_0x5637f33b6750 .part v0x5637f33b4490_0, 5, 1;
L_0x5637f33b67f0 .concat8 [ 1 1 1 0], L_0x5637f33b6a40, L_0x5637f33b58d0, L_0x5637f33b53a0;
L_0x5637f33b6680 .part v0x5637f33b4490_0, 7, 1;
    .scope S_0x5637f3399860;
T_0 ;
    %pushi/vec4 0, 0, 32;
    %store/vec4 v0x5637f33b4550_0, 0, 32;
    %end;
    .thread T_0;
    .scope S_0x5637f3399860;
T_1 ;
    %pushi/vec4 0, 0, 32;
    %store/vec4 v0x5637f33b4550_0, 0, 32;
T_1.0 ;
    %load/vec4 v0x5637f33b4550_0;
    %cmpi/s 512, 0, 32;
    %jmp/0xz T_1.1, 5;
    %load/vec4 v0x5637f33b4550_0;
    %pad/s 8;
    %store/vec4 v0x5637f33b4490_0, 0, 8;
    %delay 5, 0;
    %load/vec4 v0x5637f33b4550_0;
    %addi 1, 0, 32;
    %store/vec4 v0x5637f33b4550_0, 0, 32;
    %jmp T_1.0;
T_1.1 ;
    %end;
    .thread T_1;
    .scope S_0x5637f3399860;
T_2 ;
    %vpi_call 2 19 "$dumpfile", "ENC8T3.vcd" {0 0 0};
    %vpi_call 2 20 "$dumpvars", 32'sb00000000000000000000000000000000, S_0x5637f3399860 {0 0 0};
    %delay 10000, 0;
    %vpi_call 2 21 "$finish" {0 0 0};
    %end;
    .thread T_2;
# The file index is used to find the file name in the following table.
:file_names 4;
    "N/A";
    "<interactive>";
    "ENC8T3_tb.v";
    "./ENC8T3.v";
