#! /usr/bin/vvp
:ivl_version "11.0 (stable)";
:ivl_delay_selection "TYPICAL";
:vpi_time_precision - 9;
:vpi_module "/usr/lib/x86_64-linux-gnu/ivl/system.vpi";
:vpi_module "/usr/lib/x86_64-linux-gnu/ivl/vhdl_sys.vpi";
:vpi_module "/usr/lib/x86_64-linux-gnu/ivl/vhdl_textio.vpi";
:vpi_module "/usr/lib/x86_64-linux-gnu/ivl/v2005_math.vpi";
:vpi_module "/usr/lib/x86_64-linux-gnu/ivl/va_math.vpi";
S_0x55e57925fb70 .scope module, "tb_ADDSUB_16" "tb_ADDSUB_16" 2 4;
 .timescale -9 -9;
RS_0x7fe71064b838 .resolv tri, L_0x55e5792c7e10, L_0x55e5792d9ff0;
v0x55e5792b7d40_0 .net8 "Cout", 0 0, RS_0x7fe71064b838;  2 drivers
RS_0x7fe71064c588 .resolv tri, L_0x55e5792cab60, L_0x55e5792dc810;
v0x55e5792b7e00_0 .net8 "S", 15 0, RS_0x7fe71064c588;  2 drivers
v0x55e5792b7f50_0 .var "Sub", 0 0;
v0x55e5792b7ff0_0 .var "X", 15 0;
v0x55e5792b8120_0 .var "Y", 15 0;
S_0x55e579236840 .scope module, "addsubtest" "ADDSUB_16" 2 9, 3 20 0, S_0x55e57925fb70;
 .timescale -9 -9;
    .port_info 0 /INPUT 16 "X";
    .port_info 1 /INPUT 16 "Y";
    .port_info 2 /INPUT 1 "Sub";
    .port_info 3 /OUTPUT 16 "S";
    .port_info 4 /OUTPUT 1 "Cout";
L_0x55e5792cafa0 .functor XOR 16, v0x55e5792b8120_0, L_0x55e5792cacf0, C4<0000000000000000>, C4<0000000000000000>;
v0x55e5792a6870_0 .net8 "Cout", 0 0, RS_0x7fe71064b838;  alias, 2 drivers
v0x55e5792a6980_0 .net8 "S", 15 0, RS_0x7fe71064c588;  alias, 2 drivers
v0x55e5792a6a40_0 .net "Sub", 0 0, v0x55e5792b7f50_0;  1 drivers
v0x55e5792a6b30_0 .net "X", 15 0, v0x55e5792b7ff0_0;  1 drivers
v0x55e5792a6bd0_0 .net "Y", 15 0, v0x55e5792b8120_0;  1 drivers
v0x55e5792a6cc0_0 .net *"_ivl_0", 15 0, L_0x55e5792cacf0;  1 drivers
LS_0x55e5792cacf0_0_0 .concat [ 1 1 1 1], v0x55e5792b7f50_0, v0x55e5792b7f50_0, v0x55e5792b7f50_0, v0x55e5792b7f50_0;
LS_0x55e5792cacf0_0_4 .concat [ 1 1 1 1], v0x55e5792b7f50_0, v0x55e5792b7f50_0, v0x55e5792b7f50_0, v0x55e5792b7f50_0;
LS_0x55e5792cacf0_0_8 .concat [ 1 1 1 1], v0x55e5792b7f50_0, v0x55e5792b7f50_0, v0x55e5792b7f50_0, v0x55e5792b7f50_0;
LS_0x55e5792cacf0_0_12 .concat [ 1 1 1 1], v0x55e5792b7f50_0, v0x55e5792b7f50_0, v0x55e5792b7f50_0, v0x55e5792b7f50_0;
L_0x55e5792cacf0 .concat [ 4 4 4 4], LS_0x55e5792cacf0_0_0, LS_0x55e5792cacf0_0_4, LS_0x55e5792cacf0_0_8, LS_0x55e5792cacf0_0_12;
S_0x55e5792440c0 .scope module, "adder0" "cla_16" 3 25, 3 6 0, S_0x55e579236840;
 .timescale -9 -9;
    .port_info 0 /INPUT 16 "X";
    .port_info 1 /INPUT 16 "Y";
    .port_info 2 /INPUT 1 "Cin";
    .port_info 3 /OUTPUT 16 "S";
    .port_info 4 /OUTPUT 1 "Cout";
v0x55e5792a6100_0 .net "Cin", 0 0, v0x55e5792b7f50_0;  alias, 1 drivers
v0x55e5792a61c0_0 .net8 "Cout", 0 0, RS_0x7fe71064b838;  alias, 2 drivers
v0x55e5792a6290_0 .net "Cout0", 0 0, L_0x55e5792bc750;  1 drivers
v0x55e5792a6360_0 .net "Cout1", 0 0, L_0x55e5792c12b0;  1 drivers
v0x55e5792a6450_0 .net "Cout2", 0 0, L_0x55e5792c3300;  1 drivers
v0x55e5792a6590_0 .net8 "S", 15 0, RS_0x7fe71064c588;  alias, 2 drivers
v0x55e5792a6630_0 .net "X", 15 0, v0x55e5792b7ff0_0;  alias, 1 drivers
v0x55e5792a66f0_0 .net "Y", 15 0, L_0x55e5792cafa0;  1 drivers
L_0x55e5792bc9f0 .part v0x55e5792b7ff0_0, 0, 4;
L_0x55e5792bca90 .part L_0x55e5792cafa0, 0, 4;
L_0x55e5792c1550 .part v0x55e5792b7ff0_0, 4, 4;
L_0x55e5792c15f0 .part L_0x55e5792cafa0, 4, 4;
L_0x55e5792c60a0 .part v0x55e5792b7ff0_0, 8, 4;
L_0x55e5792c6140 .part L_0x55e5792cafa0, 8, 4;
L_0x55e5792caa20 .part v0x55e5792b7ff0_0, 12, 4;
L_0x55e5792caac0 .part L_0x55e5792cafa0, 12, 4;
L_0x55e5792cab60 .concat8 [ 4 4 4 4], L_0x55e5792bae10, L_0x55e5792bf650, L_0x55e5792c4210, L_0x55e5792c8d20;
S_0x55e579228fc0 .scope module, "add0" "CLA_4" 3 14, 4 4 0, S_0x55e5792440c0;
 .timescale -9 -9;
    .port_info 0 /INPUT 4 "X";
    .port_info 1 /INPUT 4 "Y";
    .port_info 2 /INPUT 1 "Cin";
    .port_info 3 /OUTPUT 4 "S";
    .port_info 4 /OUTPUT 1 "Cout";
L_0x55e5792b81e0 .functor OR 4, L_0x55e5792bc9f0, L_0x55e5792bca90, C4<0000>, C4<0000>;
L_0x55e5792b8270 .functor AND 4, L_0x55e5792bc9f0, L_0x55e5792bca90, C4<1111>, C4<1111>;
L_0x55e5792b8380 .functor NOT 4, L_0x55e5792b8270, C4<0000>, C4<0000>, C4<0000>;
L_0x55e5792b8440 .functor AND 1, L_0x55e5792b84e0, L_0x55e5792b8620, C4<1>, C4<1>;
L_0x55e5792b8760 .functor XOR 1, L_0x55e5792b8440, v0x55e5792b7f50_0, C4<0>, C4<0>;
L_0x55e5792b8820 .functor NAND 1, L_0x55e5792b88d0, v0x55e5792b7f50_0, C4<1>, C4<1>;
L_0x55e5792b89c0 .functor NAND 1, L_0x55e5792b8a80, L_0x55e5792b8820, C4<1>, C4<1>;
L_0x55e5792b8ba0 .functor AND 1, L_0x55e5792b8c60, L_0x55e5792b8d50, C4<1>, C4<1>;
L_0x55e5792b8ec0 .functor XOR 1, L_0x55e5792b8ba0, L_0x55e5792b89c0, C4<0>, C4<0>;
L_0x55e5792b8f80 .functor NAND 1, L_0x55e5792b9050, L_0x55e5792b90f0, v0x55e5792b7f50_0, C4<1>;
L_0x55e5792b9230 .functor NAND 1, L_0x55e5792b92a0, L_0x55e5792b9390, C4<1>, C4<1>;
L_0x55e5792b94e0 .functor NAND 1, L_0x55e5792b9610, L_0x55e5792b9230, L_0x55e5792b8f80, C4<1>;
L_0x55e5792b9700 .functor AND 1, L_0x55e5792b9770, L_0x55e5792b98d0, C4<1>, C4<1>;
L_0x55e5792b99c0 .functor XOR 1, L_0x55e5792b9700, L_0x55e5792b94e0, C4<0>, C4<0>;
L_0x55e5792b95a0 .functor NAND 1, L_0x55e5792b9bb0, L_0x55e5792b9d20, L_0x55e5792b9e10, v0x55e5792b7f50_0;
L_0x55e5792b9860 .functor NAND 1, L_0x55e5792ba080, L_0x55e5792ba170, L_0x55e5792ba300, C4<1>;
L_0x55e5792ba3f0 .functor NAND 1, L_0x55e5792ba460, L_0x55e5792ba260, C4<1>, C4<1>;
L_0x55e5792ba600 .functor NAND 1, L_0x55e5792ba830, L_0x55e5792ba3f0, L_0x55e5792b9860, L_0x55e5792b95a0;
L_0x55e5792ba9e0 .functor AND 1, L_0x55e5792baa50, L_0x55e5792bab40, C4<1>, C4<1>;
L_0x55e5792bafa0 .functor XOR 1, L_0x55e5792ba9e0, L_0x55e5792ba600, C4<0>, C4<0>;
L_0x55e5792bb1b0/0/0 .functor AND 1, L_0x55e5792ba790, L_0x55e5792bb350, L_0x55e5792bb440, L_0x55e5792bb620;
L_0x55e5792bb1b0/0/4 .functor AND 1, v0x55e5792b7f50_0, C4<1>, C4<1>, C4<1>;
L_0x55e5792bb1b0 .functor NAND 1, L_0x55e5792bb1b0/0/0, L_0x55e5792bb1b0/0/4, C4<1>, C4<1>;
L_0x55e5792bb710 .functor NAND 1, L_0x55e5792bb870, L_0x55e5792bba60, L_0x55e5792bbb50, L_0x55e5792bbd50;
L_0x55e5792bbe40 .functor NAND 1, L_0x55e5792bbee0, L_0x55e5792bc0f0, L_0x55e5792bc1e0, C4<1>;
L_0x55e5792bbfd0 .functor NAND 1, L_0x55e5792bc040, L_0x55e5792bc520, C4<1>, C4<1>;
L_0x55e5792bc750/0/0 .functor AND 1, L_0x55e5792bc900, L_0x55e5792bbfd0, L_0x55e5792bbe40, L_0x55e5792bb710;
L_0x55e5792bc750/0/4 .functor AND 1, L_0x55e5792bb1b0, C4<1>, C4<1>, C4<1>;
L_0x55e5792bc750 .functor NAND 1, L_0x55e5792bc750/0/0, L_0x55e5792bc750/0/4, C4<1>, C4<1>;
v0x55e57926d9f0_0 .net "Cin", 0 0, v0x55e5792b7f50_0;  alias, 1 drivers
v0x55e579260170_0 .net "Cout", 0 0, L_0x55e5792bc750;  alias, 1 drivers
v0x55e5792528c0_0 .net "Cout0", 0 0, L_0x55e5792b89c0;  1 drivers
v0x55e5792969a0_0 .net "Cout1", 0 0, L_0x55e5792b94e0;  1 drivers
v0x55e579296a60_0 .net "Cout2", 0 0, L_0x55e5792ba600;  1 drivers
v0x55e579296b70_0 .net "G", 3 0, L_0x55e5792b8270;  1 drivers
v0x55e579296c50_0 .net "Gn", 3 0, L_0x55e5792b8380;  1 drivers
v0x55e579296d30_0 .net "P", 3 0, L_0x55e5792b81e0;  1 drivers
v0x55e579296e10_0 .net "P0Cin0", 0 0, L_0x55e5792b8820;  1 drivers
v0x55e579296ed0_0 .net "P0Gn0", 0 0, L_0x55e5792b8440;  1 drivers
v0x55e579296f90_0 .net "P1G0", 0 0, L_0x55e5792b9230;  1 drivers
v0x55e579297050_0 .net "P1Gn1", 0 0, L_0x55e5792b8ba0;  1 drivers
v0x55e579297110_0 .net "P1P0Cin0", 0 0, L_0x55e5792b8f80;  1 drivers
v0x55e5792971d0_0 .net "P2G1", 0 0, L_0x55e5792ba3f0;  1 drivers
v0x55e579297290_0 .net "P2Gn2", 0 0, L_0x55e5792b9700;  1 drivers
v0x55e579297350_0 .net "P2P1G0", 0 0, L_0x55e5792b9860;  1 drivers
v0x55e579297410_0 .net "P2P1P0Cin0", 0 0, L_0x55e5792b95a0;  1 drivers
v0x55e5792974d0_0 .net "P3G2", 0 0, L_0x55e5792bbfd0;  1 drivers
v0x55e579297590_0 .net "P3Gn3", 0 0, L_0x55e5792ba9e0;  1 drivers
v0x55e579297650_0 .net "P3P2G1", 0 0, L_0x55e5792bbe40;  1 drivers
v0x55e579297710_0 .net "P3P2P1G0", 0 0, L_0x55e5792bb710;  1 drivers
v0x55e5792977d0_0 .net "P3P2P1P0Cin0", 0 0, L_0x55e5792bb1b0;  1 drivers
v0x55e579297890_0 .net "S", 3 0, L_0x55e5792bae10;  1 drivers
v0x55e579297970_0 .net "X", 3 0, L_0x55e5792bc9f0;  1 drivers
v0x55e579297a50_0 .net "Y", 3 0, L_0x55e5792bca90;  1 drivers
v0x55e579297b30_0 .net *"_ivl_101", 0 0, L_0x55e5792bc0f0;  1 drivers
v0x55e579297c10_0 .net *"_ivl_103", 0 0, L_0x55e5792bc1e0;  1 drivers
v0x55e579297cf0_0 .net *"_ivl_106", 0 0, L_0x55e5792bc040;  1 drivers
v0x55e579297dd0_0 .net *"_ivl_108", 0 0, L_0x55e5792bc520;  1 drivers
v0x55e579297eb0_0 .net *"_ivl_11", 0 0, L_0x55e5792b8760;  1 drivers
v0x55e579297f90_0 .net *"_ivl_111", 0 0, L_0x55e5792bc900;  1 drivers
v0x55e579298070_0 .net *"_ivl_15", 0 0, L_0x55e5792b88d0;  1 drivers
v0x55e579298150_0 .net *"_ivl_18", 0 0, L_0x55e5792b8a80;  1 drivers
v0x55e579298440_0 .net *"_ivl_21", 0 0, L_0x55e5792b8c60;  1 drivers
v0x55e579298520_0 .net *"_ivl_23", 0 0, L_0x55e5792b8d50;  1 drivers
v0x55e579298600_0 .net *"_ivl_25", 0 0, L_0x55e5792b8ec0;  1 drivers
v0x55e5792986e0_0 .net *"_ivl_29", 0 0, L_0x55e5792b9050;  1 drivers
v0x55e5792987c0_0 .net *"_ivl_31", 0 0, L_0x55e5792b90f0;  1 drivers
v0x55e5792988a0_0 .net *"_ivl_34", 0 0, L_0x55e5792b92a0;  1 drivers
v0x55e579298980_0 .net *"_ivl_36", 0 0, L_0x55e5792b9390;  1 drivers
v0x55e579298a60_0 .net *"_ivl_39", 0 0, L_0x55e5792b9610;  1 drivers
v0x55e579298b40_0 .net *"_ivl_42", 0 0, L_0x55e5792b9770;  1 drivers
v0x55e579298c20_0 .net *"_ivl_44", 0 0, L_0x55e5792b98d0;  1 drivers
v0x55e579298d00_0 .net *"_ivl_46", 0 0, L_0x55e5792b99c0;  1 drivers
v0x55e579298de0_0 .net *"_ivl_50", 0 0, L_0x55e5792b9bb0;  1 drivers
v0x55e579298ec0_0 .net *"_ivl_52", 0 0, L_0x55e5792b9d20;  1 drivers
v0x55e579298fa0_0 .net *"_ivl_54", 0 0, L_0x55e5792b9e10;  1 drivers
v0x55e579299080_0 .net *"_ivl_57", 0 0, L_0x55e5792ba080;  1 drivers
v0x55e579299160_0 .net *"_ivl_59", 0 0, L_0x55e5792ba170;  1 drivers
v0x55e579299240_0 .net *"_ivl_61", 0 0, L_0x55e5792ba300;  1 drivers
v0x55e579299320_0 .net *"_ivl_64", 0 0, L_0x55e5792ba460;  1 drivers
v0x55e579299400_0 .net *"_ivl_66", 0 0, L_0x55e5792ba260;  1 drivers
v0x55e5792994e0_0 .net *"_ivl_69", 0 0, L_0x55e5792ba830;  1 drivers
v0x55e5792995c0_0 .net *"_ivl_7", 0 0, L_0x55e5792b84e0;  1 drivers
v0x55e5792996a0_0 .net *"_ivl_72", 0 0, L_0x55e5792baa50;  1 drivers
v0x55e579299780_0 .net *"_ivl_74", 0 0, L_0x55e5792bab40;  1 drivers
v0x55e579299860_0 .net *"_ivl_76", 0 0, L_0x55e5792bafa0;  1 drivers
v0x55e579299940_0 .net *"_ivl_81", 0 0, L_0x55e5792ba790;  1 drivers
v0x55e579299a20_0 .net *"_ivl_83", 0 0, L_0x55e5792bb350;  1 drivers
v0x55e579299b00_0 .net *"_ivl_85", 0 0, L_0x55e5792bb440;  1 drivers
v0x55e579299be0_0 .net *"_ivl_87", 0 0, L_0x55e5792bb620;  1 drivers
v0x55e579299cc0_0 .net *"_ivl_9", 0 0, L_0x55e5792b8620;  1 drivers
v0x55e579299da0_0 .net *"_ivl_90", 0 0, L_0x55e5792bb870;  1 drivers
v0x55e579299e80_0 .net *"_ivl_92", 0 0, L_0x55e5792bba60;  1 drivers
v0x55e579299f60_0 .net *"_ivl_94", 0 0, L_0x55e5792bbb50;  1 drivers
v0x55e57929a450_0 .net *"_ivl_96", 0 0, L_0x55e5792bbd50;  1 drivers
v0x55e57929a530_0 .net *"_ivl_99", 0 0, L_0x55e5792bbee0;  1 drivers
L_0x55e5792b84e0 .part L_0x55e5792b81e0, 0, 1;
L_0x55e5792b8620 .part L_0x55e5792b8380, 0, 1;
L_0x55e5792b88d0 .part L_0x55e5792b81e0, 0, 1;
L_0x55e5792b8a80 .part L_0x55e5792b8380, 0, 1;
L_0x55e5792b8c60 .part L_0x55e5792b81e0, 1, 1;
L_0x55e5792b8d50 .part L_0x55e5792b8380, 1, 1;
L_0x55e5792b9050 .part L_0x55e5792b81e0, 1, 1;
L_0x55e5792b90f0 .part L_0x55e5792b81e0, 0, 1;
L_0x55e5792b92a0 .part L_0x55e5792b81e0, 1, 1;
L_0x55e5792b9390 .part L_0x55e5792b8270, 0, 1;
L_0x55e5792b9610 .part L_0x55e5792b8380, 1, 1;
L_0x55e5792b9770 .part L_0x55e5792b81e0, 2, 1;
L_0x55e5792b98d0 .part L_0x55e5792b8380, 2, 1;
L_0x55e5792b9bb0 .part L_0x55e5792b81e0, 2, 1;
L_0x55e5792b9d20 .part L_0x55e5792b81e0, 1, 1;
L_0x55e5792b9e10 .part L_0x55e5792b81e0, 0, 1;
L_0x55e5792ba080 .part L_0x55e5792b81e0, 2, 1;
L_0x55e5792ba170 .part L_0x55e5792b81e0, 1, 1;
L_0x55e5792ba300 .part L_0x55e5792b8270, 0, 1;
L_0x55e5792ba460 .part L_0x55e5792b81e0, 2, 1;
L_0x55e5792ba260 .part L_0x55e5792b8270, 1, 1;
L_0x55e5792ba830 .part L_0x55e5792b8380, 2, 1;
L_0x55e5792baa50 .part L_0x55e5792b81e0, 3, 1;
L_0x55e5792bab40 .part L_0x55e5792b8380, 3, 1;
L_0x55e5792bae10 .concat8 [ 1 1 1 1], L_0x55e5792b8760, L_0x55e5792b8ec0, L_0x55e5792b99c0, L_0x55e5792bafa0;
L_0x55e5792ba790 .part L_0x55e5792b81e0, 3, 1;
L_0x55e5792bb350 .part L_0x55e5792b81e0, 2, 1;
L_0x55e5792bb440 .part L_0x55e5792b81e0, 1, 1;
L_0x55e5792bb620 .part L_0x55e5792b81e0, 0, 1;
L_0x55e5792bb870 .part L_0x55e5792b81e0, 3, 1;
L_0x55e5792bba60 .part L_0x55e5792b81e0, 2, 1;
L_0x55e5792bbb50 .part L_0x55e5792b81e0, 1, 1;
L_0x55e5792bbd50 .part L_0x55e5792b8270, 0, 1;
L_0x55e5792bbee0 .part L_0x55e5792b81e0, 3, 1;
L_0x55e5792bc0f0 .part L_0x55e5792b81e0, 2, 1;
L_0x55e5792bc1e0 .part L_0x55e5792b8270, 1, 1;
L_0x55e5792bc040 .part L_0x55e5792b81e0, 3, 1;
L_0x55e5792bc520 .part L_0x55e5792b8270, 2, 1;
L_0x55e5792bc900 .part L_0x55e5792b8380, 3, 1;
S_0x55e57926d3f0 .scope module, "add1" "CLA_4" 3 15, 4 4 0, S_0x55e5792440c0;
 .timescale -9 -9;
    .port_info 0 /INPUT 4 "X";
    .port_info 1 /INPUT 4 "Y";
    .port_info 2 /INPUT 1 "Cin";
    .port_info 3 /OUTPUT 4 "S";
    .port_info 4 /OUTPUT 1 "Cout";
L_0x55e5792bcb30 .functor OR 4, L_0x55e5792c1550, L_0x55e5792c15f0, C4<0000>, C4<0000>;
L_0x55e5792bcba0 .functor AND 4, L_0x55e5792c1550, L_0x55e5792c15f0, C4<1111>, C4<1111>;
L_0x55e5792bccb0 .functor NOT 4, L_0x55e5792bcba0, C4<0000>, C4<0000>, C4<0000>;
L_0x55e5792bcd70 .functor AND 1, L_0x55e5792bce10, L_0x55e5792bcf50, C4<1>, C4<1>;
L_0x55e5792bd090 .functor XOR 1, L_0x55e5792bcd70, L_0x55e5792bc750, C4<0>, C4<0>;
L_0x55e5792bd150 .functor NAND 1, L_0x55e5792bd1c0, L_0x55e5792bc750, C4<1>, C4<1>;
L_0x55e5792bd260 .functor NAND 1, L_0x55e5792bd320, L_0x55e5792bd150, C4<1>, C4<1>;
L_0x55e5792bd440 .functor AND 1, L_0x55e5792bd500, L_0x55e5792bd5f0, C4<1>, C4<1>;
L_0x55e5792bd6d0 .functor XOR 1, L_0x55e5792bd440, L_0x55e5792bd260, C4<0>, C4<0>;
L_0x55e5792bd790 .functor NAND 1, L_0x55e5792bd860, L_0x55e5792bd900, L_0x55e5792bc750, C4<1>;
L_0x55e5792bda40 .functor NAND 1, L_0x55e5792bdab0, L_0x55e5792bdba0, C4<1>, C4<1>;
L_0x55e5792bdcf0 .functor NAND 1, L_0x55e5792bde50, L_0x55e5792bda40, L_0x55e5792bd790, C4<1>;
L_0x55e5792bdf40 .functor AND 1, L_0x55e5792bdfb0, L_0x55e5792be110, C4<1>, C4<1>;
L_0x55e5792be200 .functor XOR 1, L_0x55e5792bdf40, L_0x55e5792bdcf0, C4<0>, C4<0>;
L_0x55e5792bdde0 .functor NAND 1, L_0x55e5792be3f0, L_0x55e5792be560, L_0x55e5792be650, L_0x55e5792bc750;
L_0x55e5792be0a0 .functor NAND 1, L_0x55e5792be8c0, L_0x55e5792be9b0, L_0x55e5792beb40, C4<1>;
L_0x55e5792bec30 .functor NAND 1, L_0x55e5792beca0, L_0x55e5792beaa0, C4<1>, C4<1>;
L_0x55e5792bee40 .functor NAND 1, L_0x55e5792bf070, L_0x55e5792bec30, L_0x55e5792be0a0, L_0x55e5792bdde0;
L_0x55e5792bf220 .functor AND 1, L_0x55e5792bf290, L_0x55e5792bf380, C4<1>, C4<1>;
L_0x55e5792bf7e0 .functor XOR 1, L_0x55e5792bf220, L_0x55e5792bee40, C4<0>, C4<0>;
L_0x55e5792bf9f0/0/0 .functor AND 1, L_0x55e5792befd0, L_0x55e5792bfeb0, L_0x55e5792bffa0, L_0x55e5792c0180;
L_0x55e5792bf9f0/0/4 .functor AND 1, L_0x55e5792bc750, C4<1>, C4<1>, C4<1>;
L_0x55e5792bf9f0 .functor NAND 1, L_0x55e5792bf9f0/0/0, L_0x55e5792bf9f0/0/4, C4<1>, C4<1>;
L_0x55e5792c0270 .functor NAND 1, L_0x55e5792c03d0, L_0x55e5792c05c0, L_0x55e5792c06b0, L_0x55e5792c08b0;
L_0x55e5792c09a0 .functor NAND 1, L_0x55e5792c0a40, L_0x55e5792c0c50, L_0x55e5792c0d40, C4<1>;
L_0x55e5792c0b30 .functor NAND 1, L_0x55e5792c0ba0, L_0x55e5792c1080, C4<1>, C4<1>;
L_0x55e5792c12b0/0/0 .functor AND 1, L_0x55e5792c1460, L_0x55e5792c0b30, L_0x55e5792c09a0, L_0x55e5792c0270;
L_0x55e5792c12b0/0/4 .functor AND 1, L_0x55e5792bf9f0, C4<1>, C4<1>, C4<1>;
L_0x55e5792c12b0 .functor NAND 1, L_0x55e5792c12b0/0/0, L_0x55e5792c12b0/0/4, C4<1>, C4<1>;
v0x55e57929a6d0_0 .net "Cin", 0 0, L_0x55e5792bc750;  alias, 1 drivers
v0x55e57929a790_0 .net "Cout", 0 0, L_0x55e5792c12b0;  alias, 1 drivers
v0x55e57929a850_0 .net "Cout0", 0 0, L_0x55e5792bd260;  1 drivers
v0x55e57929a920_0 .net "Cout1", 0 0, L_0x55e5792bdcf0;  1 drivers
v0x55e57929a9e0_0 .net "Cout2", 0 0, L_0x55e5792bee40;  1 drivers
v0x55e57929aaf0_0 .net "G", 3 0, L_0x55e5792bcba0;  1 drivers
v0x55e57929abd0_0 .net "Gn", 3 0, L_0x55e5792bccb0;  1 drivers
v0x55e57929acb0_0 .net "P", 3 0, L_0x55e5792bcb30;  1 drivers
v0x55e57929ad90_0 .net "P0Cin0", 0 0, L_0x55e5792bd150;  1 drivers
v0x55e57929ae50_0 .net "P0Gn0", 0 0, L_0x55e5792bcd70;  1 drivers
v0x55e57929af10_0 .net "P1G0", 0 0, L_0x55e5792bda40;  1 drivers
v0x55e57929afd0_0 .net "P1Gn1", 0 0, L_0x55e5792bd440;  1 drivers
v0x55e57929b090_0 .net "P1P0Cin0", 0 0, L_0x55e5792bd790;  1 drivers
v0x55e57929b150_0 .net "P2G1", 0 0, L_0x55e5792bec30;  1 drivers
v0x55e57929b210_0 .net "P2Gn2", 0 0, L_0x55e5792bdf40;  1 drivers
v0x55e57929b2d0_0 .net "P2P1G0", 0 0, L_0x55e5792be0a0;  1 drivers
v0x55e57929b390_0 .net "P2P1P0Cin0", 0 0, L_0x55e5792bdde0;  1 drivers
v0x55e57929b450_0 .net "P3G2", 0 0, L_0x55e5792c0b30;  1 drivers
v0x55e57929b510_0 .net "P3Gn3", 0 0, L_0x55e5792bf220;  1 drivers
v0x55e57929b5d0_0 .net "P3P2G1", 0 0, L_0x55e5792c09a0;  1 drivers
v0x55e57929b690_0 .net "P3P2P1G0", 0 0, L_0x55e5792c0270;  1 drivers
v0x55e57929b750_0 .net "P3P2P1P0Cin0", 0 0, L_0x55e5792bf9f0;  1 drivers
v0x55e57929b810_0 .net "S", 3 0, L_0x55e5792bf650;  1 drivers
v0x55e57929b8f0_0 .net "X", 3 0, L_0x55e5792c1550;  1 drivers
v0x55e57929b9d0_0 .net "Y", 3 0, L_0x55e5792c15f0;  1 drivers
v0x55e57929bab0_0 .net *"_ivl_101", 0 0, L_0x55e5792c0c50;  1 drivers
v0x55e57929bb90_0 .net *"_ivl_103", 0 0, L_0x55e5792c0d40;  1 drivers
v0x55e57929bc70_0 .net *"_ivl_106", 0 0, L_0x55e5792c0ba0;  1 drivers
v0x55e57929bd50_0 .net *"_ivl_108", 0 0, L_0x55e5792c1080;  1 drivers
v0x55e57929be30_0 .net *"_ivl_11", 0 0, L_0x55e5792bd090;  1 drivers
v0x55e57929bf10_0 .net *"_ivl_111", 0 0, L_0x55e5792c1460;  1 drivers
v0x55e57929bff0_0 .net *"_ivl_15", 0 0, L_0x55e5792bd1c0;  1 drivers
v0x55e57929c0d0_0 .net *"_ivl_18", 0 0, L_0x55e5792bd320;  1 drivers
v0x55e57929c1b0_0 .net *"_ivl_21", 0 0, L_0x55e5792bd500;  1 drivers
v0x55e57929c290_0 .net *"_ivl_23", 0 0, L_0x55e5792bd5f0;  1 drivers
v0x55e57929c370_0 .net *"_ivl_25", 0 0, L_0x55e5792bd6d0;  1 drivers
v0x55e57929c450_0 .net *"_ivl_29", 0 0, L_0x55e5792bd860;  1 drivers
v0x55e57929c530_0 .net *"_ivl_31", 0 0, L_0x55e5792bd900;  1 drivers
v0x55e57929c610_0 .net *"_ivl_34", 0 0, L_0x55e5792bdab0;  1 drivers
v0x55e57929c6f0_0 .net *"_ivl_36", 0 0, L_0x55e5792bdba0;  1 drivers
v0x55e57929c7d0_0 .net *"_ivl_39", 0 0, L_0x55e5792bde50;  1 drivers
v0x55e57929c8b0_0 .net *"_ivl_42", 0 0, L_0x55e5792bdfb0;  1 drivers
v0x55e57929c990_0 .net *"_ivl_44", 0 0, L_0x55e5792be110;  1 drivers
v0x55e57929ca70_0 .net *"_ivl_46", 0 0, L_0x55e5792be200;  1 drivers
v0x55e57929cb50_0 .net *"_ivl_50", 0 0, L_0x55e5792be3f0;  1 drivers
v0x55e57929cc30_0 .net *"_ivl_52", 0 0, L_0x55e5792be560;  1 drivers
v0x55e57929cd10_0 .net *"_ivl_54", 0 0, L_0x55e5792be650;  1 drivers
v0x55e57929cdf0_0 .net *"_ivl_57", 0 0, L_0x55e5792be8c0;  1 drivers
v0x55e57929ced0_0 .net *"_ivl_59", 0 0, L_0x55e5792be9b0;  1 drivers
v0x55e57929cfb0_0 .net *"_ivl_61", 0 0, L_0x55e5792beb40;  1 drivers
v0x55e57929d090_0 .net *"_ivl_64", 0 0, L_0x55e5792beca0;  1 drivers
v0x55e57929d170_0 .net *"_ivl_66", 0 0, L_0x55e5792beaa0;  1 drivers
v0x55e57929d250_0 .net *"_ivl_69", 0 0, L_0x55e5792bf070;  1 drivers
v0x55e57929d330_0 .net *"_ivl_7", 0 0, L_0x55e5792bce10;  1 drivers
v0x55e57929d410_0 .net *"_ivl_72", 0 0, L_0x55e5792bf290;  1 drivers
v0x55e57929d4f0_0 .net *"_ivl_74", 0 0, L_0x55e5792bf380;  1 drivers
v0x55e57929d5d0_0 .net *"_ivl_76", 0 0, L_0x55e5792bf7e0;  1 drivers
v0x55e57929d6b0_0 .net *"_ivl_81", 0 0, L_0x55e5792befd0;  1 drivers
v0x55e57929d790_0 .net *"_ivl_83", 0 0, L_0x55e5792bfeb0;  1 drivers
v0x55e57929d870_0 .net *"_ivl_85", 0 0, L_0x55e5792bffa0;  1 drivers
v0x55e57929d950_0 .net *"_ivl_87", 0 0, L_0x55e5792c0180;  1 drivers
v0x55e57929da30_0 .net *"_ivl_9", 0 0, L_0x55e5792bcf50;  1 drivers
v0x55e57929db10_0 .net *"_ivl_90", 0 0, L_0x55e5792c03d0;  1 drivers
v0x55e57929dbf0_0 .net *"_ivl_92", 0 0, L_0x55e5792c05c0;  1 drivers
v0x55e57929dcd0_0 .net *"_ivl_94", 0 0, L_0x55e5792c06b0;  1 drivers
v0x55e57929e1c0_0 .net *"_ivl_96", 0 0, L_0x55e5792c08b0;  1 drivers
v0x55e57929e2a0_0 .net *"_ivl_99", 0 0, L_0x55e5792c0a40;  1 drivers
L_0x55e5792bce10 .part L_0x55e5792bcb30, 0, 1;
L_0x55e5792bcf50 .part L_0x55e5792bccb0, 0, 1;
L_0x55e5792bd1c0 .part L_0x55e5792bcb30, 0, 1;
L_0x55e5792bd320 .part L_0x55e5792bccb0, 0, 1;
L_0x55e5792bd500 .part L_0x55e5792bcb30, 1, 1;
L_0x55e5792bd5f0 .part L_0x55e5792bccb0, 1, 1;
L_0x55e5792bd860 .part L_0x55e5792bcb30, 1, 1;
L_0x55e5792bd900 .part L_0x55e5792bcb30, 0, 1;
L_0x55e5792bdab0 .part L_0x55e5792bcb30, 1, 1;
L_0x55e5792bdba0 .part L_0x55e5792bcba0, 0, 1;
L_0x55e5792bde50 .part L_0x55e5792bccb0, 1, 1;
L_0x55e5792bdfb0 .part L_0x55e5792bcb30, 2, 1;
L_0x55e5792be110 .part L_0x55e5792bccb0, 2, 1;
L_0x55e5792be3f0 .part L_0x55e5792bcb30, 2, 1;
L_0x55e5792be560 .part L_0x55e5792bcb30, 1, 1;
L_0x55e5792be650 .part L_0x55e5792bcb30, 0, 1;
L_0x55e5792be8c0 .part L_0x55e5792bcb30, 2, 1;
L_0x55e5792be9b0 .part L_0x55e5792bcb30, 1, 1;
L_0x55e5792beb40 .part L_0x55e5792bcba0, 0, 1;
L_0x55e5792beca0 .part L_0x55e5792bcb30, 2, 1;
L_0x55e5792beaa0 .part L_0x55e5792bcba0, 1, 1;
L_0x55e5792bf070 .part L_0x55e5792bccb0, 2, 1;
L_0x55e5792bf290 .part L_0x55e5792bcb30, 3, 1;
L_0x55e5792bf380 .part L_0x55e5792bccb0, 3, 1;
L_0x55e5792bf650 .concat8 [ 1 1 1 1], L_0x55e5792bd090, L_0x55e5792bd6d0, L_0x55e5792be200, L_0x55e5792bf7e0;
L_0x55e5792befd0 .part L_0x55e5792bcb30, 3, 1;
L_0x55e5792bfeb0 .part L_0x55e5792bcb30, 2, 1;
L_0x55e5792bffa0 .part L_0x55e5792bcb30, 1, 1;
L_0x55e5792c0180 .part L_0x55e5792bcb30, 0, 1;
L_0x55e5792c03d0 .part L_0x55e5792bcb30, 3, 1;
L_0x55e5792c05c0 .part L_0x55e5792bcb30, 2, 1;
L_0x55e5792c06b0 .part L_0x55e5792bcb30, 1, 1;
L_0x55e5792c08b0 .part L_0x55e5792bcba0, 0, 1;
L_0x55e5792c0a40 .part L_0x55e5792bcb30, 3, 1;
L_0x55e5792c0c50 .part L_0x55e5792bcb30, 2, 1;
L_0x55e5792c0d40 .part L_0x55e5792bcba0, 1, 1;
L_0x55e5792c0ba0 .part L_0x55e5792bcb30, 3, 1;
L_0x55e5792c1080 .part L_0x55e5792bcba0, 2, 1;
L_0x55e5792c1460 .part L_0x55e5792bccb0, 3, 1;
S_0x55e57927ac70 .scope module, "add2" "CLA_4" 3 16, 4 4 0, S_0x55e5792440c0;
 .timescale -9 -9;
    .port_info 0 /INPUT 4 "X";
    .port_info 1 /INPUT 4 "Y";
    .port_info 2 /INPUT 1 "Cin";
    .port_info 3 /OUTPUT 4 "S";
    .port_info 4 /OUTPUT 1 "Cout";
L_0x55e5792c1710 .functor OR 4, L_0x55e5792c60a0, L_0x55e5792c6140, C4<0000>, C4<0000>;
L_0x55e5792c1780 .functor AND 4, L_0x55e5792c60a0, L_0x55e5792c6140, C4<1111>, C4<1111>;
L_0x55e5792c1890 .functor NOT 4, L_0x55e5792c1780, C4<0000>, C4<0000>, C4<0000>;
L_0x55e5792c1950 .functor AND 1, L_0x55e5792c19f0, L_0x55e5792c1b30, C4<1>, C4<1>;
L_0x55e5792c1c70 .functor XOR 1, L_0x55e5792c1950, L_0x55e5792c12b0, C4<0>, C4<0>;
L_0x55e5792c1d30 .functor NAND 1, L_0x55e5792c1de0, L_0x55e5792c12b0, C4<1>, C4<1>;
L_0x55e5792c1e80 .functor NAND 1, L_0x55e5792c1f40, L_0x55e5792c1d30, C4<1>, C4<1>;
L_0x55e5792c2060 .functor AND 1, L_0x55e5792c2120, L_0x55e5792c2210, C4<1>, C4<1>;
L_0x55e5792c22f0 .functor XOR 1, L_0x55e5792c2060, L_0x55e5792c1e80, C4<0>, C4<0>;
L_0x55e5792c23b0 .functor NAND 1, L_0x55e5792c2480, L_0x55e5792c2520, L_0x55e5792c12b0, C4<1>;
L_0x55e5792c2660 .functor NAND 1, L_0x55e5792c26d0, L_0x55e5792c27c0, C4<1>, C4<1>;
L_0x55e5792c2910 .functor NAND 1, L_0x55e5792c2a40, L_0x55e5792c2660, L_0x55e5792c23b0, C4<1>;
L_0x55e5792c2b30 .functor AND 1, L_0x55e5792c2ba0, L_0x55e5792c2d00, C4<1>, C4<1>;
L_0x55e5792c2df0 .functor XOR 1, L_0x55e5792c2b30, L_0x55e5792c2910, C4<0>, C4<0>;
L_0x55e5792c29d0 .functor NAND 1, L_0x55e5792c2fb0, L_0x55e5792c3120, L_0x55e5792c3210, L_0x55e5792c12b0;
L_0x55e5792c2c90 .functor NAND 1, L_0x55e5792c3480, L_0x55e5792c3570, L_0x55e5792c3700, C4<1>;
L_0x55e5792c37f0 .functor NAND 1, L_0x55e5792c3860, L_0x55e5792c3660, C4<1>, C4<1>;
L_0x55e5792c3a00 .functor NAND 1, L_0x55e5792c3c30, L_0x55e5792c37f0, L_0x55e5792c2c90, L_0x55e5792c29d0;
L_0x55e5792c3de0 .functor AND 1, L_0x55e5792c3e50, L_0x55e5792c3f40, C4<1>, C4<1>;
L_0x55e5792c43a0 .functor XOR 1, L_0x55e5792c3de0, L_0x55e5792c3a00, C4<0>, C4<0>;
L_0x55e5792c45b0/0/0 .functor AND 1, L_0x55e5792c3b90, L_0x55e5792c4a70, L_0x55e5792c4b60, L_0x55e5792c4d40;
L_0x55e5792c45b0/0/4 .functor AND 1, L_0x55e5792c12b0, C4<1>, C4<1>, C4<1>;
L_0x55e5792c45b0 .functor NAND 1, L_0x55e5792c45b0/0/0, L_0x55e5792c45b0/0/4, C4<1>, C4<1>;
L_0x55e5792c4e30 .functor NAND 1, L_0x55e5792c4f90, L_0x55e5792c5180, L_0x55e5792c5270, L_0x55e5792c5470;
L_0x55e5792c5560 .functor NAND 1, L_0x55e5792c5600, L_0x55e5792c5810, L_0x55e5792c5900, C4<1>;
L_0x55e5792c56f0 .functor NAND 1, L_0x55e5792c5760, L_0x55e5792c5c40, C4<1>, C4<1>;
L_0x55e5792c3300/0/0 .functor AND 1, L_0x55e5792c5fb0, L_0x55e5792c56f0, L_0x55e5792c5560, L_0x55e5792c4e30;
L_0x55e5792c3300/0/4 .functor AND 1, L_0x55e5792c45b0, C4<1>, C4<1>, C4<1>;
L_0x55e5792c3300 .functor NAND 1, L_0x55e5792c3300/0/0, L_0x55e5792c3300/0/4, C4<1>, C4<1>;
v0x55e57929e450_0 .net "Cin", 0 0, L_0x55e5792c12b0;  alias, 1 drivers
v0x55e57929e540_0 .net "Cout", 0 0, L_0x55e5792c3300;  alias, 1 drivers
v0x55e57929e600_0 .net "Cout0", 0 0, L_0x55e5792c1e80;  1 drivers
v0x55e57929e6d0_0 .net "Cout1", 0 0, L_0x55e5792c2910;  1 drivers
v0x55e57929e790_0 .net "Cout2", 0 0, L_0x55e5792c3a00;  1 drivers
v0x55e57929e8a0_0 .net "G", 3 0, L_0x55e5792c1780;  1 drivers
v0x55e57929e980_0 .net "Gn", 3 0, L_0x55e5792c1890;  1 drivers
v0x55e57929ea60_0 .net "P", 3 0, L_0x55e5792c1710;  1 drivers
v0x55e57929eb40_0 .net "P0Cin0", 0 0, L_0x55e5792c1d30;  1 drivers
v0x55e57929ec00_0 .net "P0Gn0", 0 0, L_0x55e5792c1950;  1 drivers
v0x55e57929ecc0_0 .net "P1G0", 0 0, L_0x55e5792c2660;  1 drivers
v0x55e57929ed80_0 .net "P1Gn1", 0 0, L_0x55e5792c2060;  1 drivers
v0x55e57929ee40_0 .net "P1P0Cin0", 0 0, L_0x55e5792c23b0;  1 drivers
v0x55e57929ef00_0 .net "P2G1", 0 0, L_0x55e5792c37f0;  1 drivers
v0x55e57929efc0_0 .net "P2Gn2", 0 0, L_0x55e5792c2b30;  1 drivers
v0x55e57929f080_0 .net "P2P1G0", 0 0, L_0x55e5792c2c90;  1 drivers
v0x55e57929f140_0 .net "P2P1P0Cin0", 0 0, L_0x55e5792c29d0;  1 drivers
v0x55e57929f200_0 .net "P3G2", 0 0, L_0x55e5792c56f0;  1 drivers
v0x55e57929f2c0_0 .net "P3Gn3", 0 0, L_0x55e5792c3de0;  1 drivers
v0x55e57929f380_0 .net "P3P2G1", 0 0, L_0x55e5792c5560;  1 drivers
v0x55e57929f440_0 .net "P3P2P1G0", 0 0, L_0x55e5792c4e30;  1 drivers
v0x55e57929f500_0 .net "P3P2P1P0Cin0", 0 0, L_0x55e5792c45b0;  1 drivers
v0x55e57929f5c0_0 .net "S", 3 0, L_0x55e5792c4210;  1 drivers
v0x55e57929f6a0_0 .net "X", 3 0, L_0x55e5792c60a0;  1 drivers
v0x55e57929f780_0 .net "Y", 3 0, L_0x55e5792c6140;  1 drivers
v0x55e57929f860_0 .net *"_ivl_101", 0 0, L_0x55e5792c5810;  1 drivers
v0x55e57929f940_0 .net *"_ivl_103", 0 0, L_0x55e5792c5900;  1 drivers
v0x55e57929fa20_0 .net *"_ivl_106", 0 0, L_0x55e5792c5760;  1 drivers
v0x55e57929fb00_0 .net *"_ivl_108", 0 0, L_0x55e5792c5c40;  1 drivers
v0x55e57929fbe0_0 .net *"_ivl_11", 0 0, L_0x55e5792c1c70;  1 drivers
v0x55e57929fcc0_0 .net *"_ivl_111", 0 0, L_0x55e5792c5fb0;  1 drivers
v0x55e57929fda0_0 .net *"_ivl_15", 0 0, L_0x55e5792c1de0;  1 drivers
v0x55e57929fe80_0 .net *"_ivl_18", 0 0, L_0x55e5792c1f40;  1 drivers
v0x55e57929ff60_0 .net *"_ivl_21", 0 0, L_0x55e5792c2120;  1 drivers
v0x55e5792a0040_0 .net *"_ivl_23", 0 0, L_0x55e5792c2210;  1 drivers
v0x55e5792a0120_0 .net *"_ivl_25", 0 0, L_0x55e5792c22f0;  1 drivers
v0x55e5792a0200_0 .net *"_ivl_29", 0 0, L_0x55e5792c2480;  1 drivers
v0x55e5792a02e0_0 .net *"_ivl_31", 0 0, L_0x55e5792c2520;  1 drivers
v0x55e5792a03c0_0 .net *"_ivl_34", 0 0, L_0x55e5792c26d0;  1 drivers
v0x55e5792a04a0_0 .net *"_ivl_36", 0 0, L_0x55e5792c27c0;  1 drivers
v0x55e5792a0580_0 .net *"_ivl_39", 0 0, L_0x55e5792c2a40;  1 drivers
v0x55e5792a0660_0 .net *"_ivl_42", 0 0, L_0x55e5792c2ba0;  1 drivers
v0x55e5792a0740_0 .net *"_ivl_44", 0 0, L_0x55e5792c2d00;  1 drivers
v0x55e5792a0820_0 .net *"_ivl_46", 0 0, L_0x55e5792c2df0;  1 drivers
v0x55e5792a0900_0 .net *"_ivl_50", 0 0, L_0x55e5792c2fb0;  1 drivers
v0x55e5792a09e0_0 .net *"_ivl_52", 0 0, L_0x55e5792c3120;  1 drivers
v0x55e5792a0ac0_0 .net *"_ivl_54", 0 0, L_0x55e5792c3210;  1 drivers
v0x55e5792a0ba0_0 .net *"_ivl_57", 0 0, L_0x55e5792c3480;  1 drivers
v0x55e5792a0c80_0 .net *"_ivl_59", 0 0, L_0x55e5792c3570;  1 drivers
v0x55e5792a0d60_0 .net *"_ivl_61", 0 0, L_0x55e5792c3700;  1 drivers
v0x55e5792a0e40_0 .net *"_ivl_64", 0 0, L_0x55e5792c3860;  1 drivers
v0x55e5792a0f20_0 .net *"_ivl_66", 0 0, L_0x55e5792c3660;  1 drivers
v0x55e5792a1000_0 .net *"_ivl_69", 0 0, L_0x55e5792c3c30;  1 drivers
v0x55e5792a10e0_0 .net *"_ivl_7", 0 0, L_0x55e5792c19f0;  1 drivers
v0x55e5792a11c0_0 .net *"_ivl_72", 0 0, L_0x55e5792c3e50;  1 drivers
v0x55e5792a12a0_0 .net *"_ivl_74", 0 0, L_0x55e5792c3f40;  1 drivers
v0x55e5792a1380_0 .net *"_ivl_76", 0 0, L_0x55e5792c43a0;  1 drivers
v0x55e5792a1460_0 .net *"_ivl_81", 0 0, L_0x55e5792c3b90;  1 drivers
v0x55e5792a1540_0 .net *"_ivl_83", 0 0, L_0x55e5792c4a70;  1 drivers
v0x55e5792a1620_0 .net *"_ivl_85", 0 0, L_0x55e5792c4b60;  1 drivers
v0x55e5792a1700_0 .net *"_ivl_87", 0 0, L_0x55e5792c4d40;  1 drivers
v0x55e5792a17e0_0 .net *"_ivl_9", 0 0, L_0x55e5792c1b30;  1 drivers
v0x55e5792a18c0_0 .net *"_ivl_90", 0 0, L_0x55e5792c4f90;  1 drivers
v0x55e5792a19a0_0 .net *"_ivl_92", 0 0, L_0x55e5792c5180;  1 drivers
v0x55e5792a1a80_0 .net *"_ivl_94", 0 0, L_0x55e5792c5270;  1 drivers
v0x55e5792a1f70_0 .net *"_ivl_96", 0 0, L_0x55e5792c5470;  1 drivers
v0x55e5792a2050_0 .net *"_ivl_99", 0 0, L_0x55e5792c5600;  1 drivers
L_0x55e5792c19f0 .part L_0x55e5792c1710, 0, 1;
L_0x55e5792c1b30 .part L_0x55e5792c1890, 0, 1;
L_0x55e5792c1de0 .part L_0x55e5792c1710, 0, 1;
L_0x55e5792c1f40 .part L_0x55e5792c1890, 0, 1;
L_0x55e5792c2120 .part L_0x55e5792c1710, 1, 1;
L_0x55e5792c2210 .part L_0x55e5792c1890, 1, 1;
L_0x55e5792c2480 .part L_0x55e5792c1710, 1, 1;
L_0x55e5792c2520 .part L_0x55e5792c1710, 0, 1;
L_0x55e5792c26d0 .part L_0x55e5792c1710, 1, 1;
L_0x55e5792c27c0 .part L_0x55e5792c1780, 0, 1;
L_0x55e5792c2a40 .part L_0x55e5792c1890, 1, 1;
L_0x55e5792c2ba0 .part L_0x55e5792c1710, 2, 1;
L_0x55e5792c2d00 .part L_0x55e5792c1890, 2, 1;
L_0x55e5792c2fb0 .part L_0x55e5792c1710, 2, 1;
L_0x55e5792c3120 .part L_0x55e5792c1710, 1, 1;
L_0x55e5792c3210 .part L_0x55e5792c1710, 0, 1;
L_0x55e5792c3480 .part L_0x55e5792c1710, 2, 1;
L_0x55e5792c3570 .part L_0x55e5792c1710, 1, 1;
L_0x55e5792c3700 .part L_0x55e5792c1780, 0, 1;
L_0x55e5792c3860 .part L_0x55e5792c1710, 2, 1;
L_0x55e5792c3660 .part L_0x55e5792c1780, 1, 1;
L_0x55e5792c3c30 .part L_0x55e5792c1890, 2, 1;
L_0x55e5792c3e50 .part L_0x55e5792c1710, 3, 1;
L_0x55e5792c3f40 .part L_0x55e5792c1890, 3, 1;
L_0x55e5792c4210 .concat8 [ 1 1 1 1], L_0x55e5792c1c70, L_0x55e5792c22f0, L_0x55e5792c2df0, L_0x55e5792c43a0;
L_0x55e5792c3b90 .part L_0x55e5792c1710, 3, 1;
L_0x55e5792c4a70 .part L_0x55e5792c1710, 2, 1;
L_0x55e5792c4b60 .part L_0x55e5792c1710, 1, 1;
L_0x55e5792c4d40 .part L_0x55e5792c1710, 0, 1;
L_0x55e5792c4f90 .part L_0x55e5792c1710, 3, 1;
L_0x55e5792c5180 .part L_0x55e5792c1710, 2, 1;
L_0x55e5792c5270 .part L_0x55e5792c1710, 1, 1;
L_0x55e5792c5470 .part L_0x55e5792c1780, 0, 1;
L_0x55e5792c5600 .part L_0x55e5792c1710, 3, 1;
L_0x55e5792c5810 .part L_0x55e5792c1710, 2, 1;
L_0x55e5792c5900 .part L_0x55e5792c1780, 1, 1;
L_0x55e5792c5760 .part L_0x55e5792c1710, 3, 1;
L_0x55e5792c5c40 .part L_0x55e5792c1780, 2, 1;
L_0x55e5792c5fb0 .part L_0x55e5792c1890, 3, 1;
S_0x55e5792a21d0 .scope module, "add3" "CLA_4" 3 17, 4 4 0, S_0x55e5792440c0;
 .timescale -9 -9;
    .port_info 0 /INPUT 4 "X";
    .port_info 1 /INPUT 4 "Y";
    .port_info 2 /INPUT 1 "Cin";
    .port_info 3 /OUTPUT 4 "S";
    .port_info 4 /OUTPUT 1 "Cout";
L_0x55e5792c6220 .functor OR 4, L_0x55e5792caa20, L_0x55e5792caac0, C4<0000>, C4<0000>;
L_0x55e5792c6290 .functor AND 4, L_0x55e5792caa20, L_0x55e5792caac0, C4<1111>, C4<1111>;
L_0x55e5792c63a0 .functor NOT 4, L_0x55e5792c6290, C4<0000>, C4<0000>, C4<0000>;
L_0x55e5792c6460 .functor AND 1, L_0x55e5792c6500, L_0x55e5792c6640, C4<1>, C4<1>;
L_0x55e5792c6780 .functor XOR 1, L_0x55e5792c6460, L_0x55e5792c3300, C4<0>, C4<0>;
L_0x55e5792c6840 .functor NAND 1, L_0x55e5792c68f0, L_0x55e5792c3300, C4<1>, C4<1>;
L_0x55e5792c6990 .functor NAND 1, L_0x55e5792c6a50, L_0x55e5792c6840, C4<1>, C4<1>;
L_0x55e5792c6b70 .functor AND 1, L_0x55e5792c6c30, L_0x55e5792c6d20, C4<1>, C4<1>;
L_0x55e5792c6e00 .functor XOR 1, L_0x55e5792c6b70, L_0x55e5792c6990, C4<0>, C4<0>;
L_0x55e5792c6ec0 .functor NAND 1, L_0x55e5792c6f90, L_0x55e5792c7030, L_0x55e5792c3300, C4<1>;
L_0x55e5792c7170 .functor NAND 1, L_0x55e5792c71e0, L_0x55e5792c72d0, C4<1>, C4<1>;
L_0x55e5792c7420 .functor NAND 1, L_0x55e5792c7550, L_0x55e5792c7170, L_0x55e5792c6ec0, C4<1>;
L_0x55e5792c7640 .functor AND 1, L_0x55e5792c76b0, L_0x55e5792c7810, C4<1>, C4<1>;
L_0x55e5792c7900 .functor XOR 1, L_0x55e5792c7640, L_0x55e5792c7420, C4<0>, C4<0>;
L_0x55e5792c74e0 .functor NAND 1, L_0x55e5792c7ac0, L_0x55e5792c7c30, L_0x55e5792c7d20, L_0x55e5792c3300;
L_0x55e5792c77a0 .functor NAND 1, L_0x55e5792c7f90, L_0x55e5792c8080, L_0x55e5792c8210, C4<1>;
L_0x55e5792c8300 .functor NAND 1, L_0x55e5792c8370, L_0x55e5792c8170, C4<1>, C4<1>;
L_0x55e5792c8510 .functor NAND 1, L_0x55e5792c8740, L_0x55e5792c8300, L_0x55e5792c77a0, L_0x55e5792c74e0;
L_0x55e5792c88f0 .functor AND 1, L_0x55e5792c8960, L_0x55e5792c8a50, C4<1>, C4<1>;
L_0x55e5792c8eb0 .functor XOR 1, L_0x55e5792c88f0, L_0x55e5792c8510, C4<0>, C4<0>;
L_0x55e5792c90c0/0/0 .functor AND 1, L_0x55e5792c86a0, L_0x55e5792c9530, L_0x55e5792c9620, L_0x55e5792c9800;
L_0x55e5792c90c0/0/4 .functor AND 1, L_0x55e5792c3300, C4<1>, C4<1>, C4<1>;
L_0x55e5792c90c0 .functor NAND 1, L_0x55e5792c90c0/0/0, L_0x55e5792c90c0/0/4, C4<1>, C4<1>;
L_0x55e5792c98f0 .functor NAND 1, L_0x55e5792c9010, L_0x55e5792c9b70, L_0x55e5792c9c60, L_0x55e5792c9e60;
L_0x55e5792c9f50 .functor NAND 1, L_0x55e5792ca020, L_0x55e5792ca230, L_0x55e5792ca320, C4<1>;
L_0x55e5792ca110 .functor NAND 1, L_0x55e5792ca180, L_0x55e5792ca610, C4<1>, C4<1>;
L_0x55e5792c7e10/0/0 .functor AND 1, L_0x55e5792ca930, L_0x55e5792ca110, L_0x55e5792c9f50, L_0x55e5792c98f0;
L_0x55e5792c7e10/0/4 .functor AND 1, L_0x55e5792c90c0, C4<1>, C4<1>, C4<1>;
L_0x55e5792c7e10 .functor NAND 1, L_0x55e5792c7e10/0/0, L_0x55e5792c7e10/0/4, C4<1>, C4<1>;
v0x55e5792a2360_0 .net "Cin", 0 0, L_0x55e5792c3300;  alias, 1 drivers
v0x55e5792a2470_0 .net8 "Cout", 0 0, RS_0x7fe71064b838;  alias, 2 drivers
v0x55e5792a2530_0 .net "Cout0", 0 0, L_0x55e5792c6990;  1 drivers
v0x55e5792a2600_0 .net "Cout1", 0 0, L_0x55e5792c7420;  1 drivers
v0x55e5792a26c0_0 .net "Cout2", 0 0, L_0x55e5792c8510;  1 drivers
v0x55e5792a27d0_0 .net "G", 3 0, L_0x55e5792c6290;  1 drivers
v0x55e5792a28b0_0 .net "Gn", 3 0, L_0x55e5792c63a0;  1 drivers
v0x55e5792a2990_0 .net "P", 3 0, L_0x55e5792c6220;  1 drivers
v0x55e5792a2a70_0 .net "P0Cin0", 0 0, L_0x55e5792c6840;  1 drivers
v0x55e5792a2b30_0 .net "P0Gn0", 0 0, L_0x55e5792c6460;  1 drivers
v0x55e5792a2bf0_0 .net "P1G0", 0 0, L_0x55e5792c7170;  1 drivers
v0x55e5792a2cb0_0 .net "P1Gn1", 0 0, L_0x55e5792c6b70;  1 drivers
v0x55e5792a2d70_0 .net "P1P0Cin0", 0 0, L_0x55e5792c6ec0;  1 drivers
v0x55e5792a2e30_0 .net "P2G1", 0 0, L_0x55e5792c8300;  1 drivers
v0x55e5792a2ef0_0 .net "P2Gn2", 0 0, L_0x55e5792c7640;  1 drivers
v0x55e5792a2fb0_0 .net "P2P1G0", 0 0, L_0x55e5792c77a0;  1 drivers
v0x55e5792a3070_0 .net "P2P1P0Cin0", 0 0, L_0x55e5792c74e0;  1 drivers
v0x55e5792a3130_0 .net "P3G2", 0 0, L_0x55e5792ca110;  1 drivers
v0x55e5792a31f0_0 .net "P3Gn3", 0 0, L_0x55e5792c88f0;  1 drivers
v0x55e5792a32b0_0 .net "P3P2G1", 0 0, L_0x55e5792c9f50;  1 drivers
v0x55e5792a3370_0 .net "P3P2P1G0", 0 0, L_0x55e5792c98f0;  1 drivers
v0x55e5792a3430_0 .net "P3P2P1P0Cin0", 0 0, L_0x55e5792c90c0;  1 drivers
v0x55e5792a34f0_0 .net "S", 3 0, L_0x55e5792c8d20;  1 drivers
v0x55e5792a35d0_0 .net "X", 3 0, L_0x55e5792caa20;  1 drivers
v0x55e5792a36b0_0 .net "Y", 3 0, L_0x55e5792caac0;  1 drivers
v0x55e5792a3790_0 .net *"_ivl_101", 0 0, L_0x55e5792ca230;  1 drivers
v0x55e5792a3870_0 .net *"_ivl_103", 0 0, L_0x55e5792ca320;  1 drivers
v0x55e5792a3950_0 .net *"_ivl_106", 0 0, L_0x55e5792ca180;  1 drivers
v0x55e5792a3a30_0 .net *"_ivl_108", 0 0, L_0x55e5792ca610;  1 drivers
v0x55e5792a3b10_0 .net *"_ivl_11", 0 0, L_0x55e5792c6780;  1 drivers
v0x55e5792a3bf0_0 .net *"_ivl_111", 0 0, L_0x55e5792ca930;  1 drivers
v0x55e5792a3cd0_0 .net *"_ivl_15", 0 0, L_0x55e5792c68f0;  1 drivers
v0x55e5792a3db0_0 .net *"_ivl_18", 0 0, L_0x55e5792c6a50;  1 drivers
v0x55e5792a3e90_0 .net *"_ivl_21", 0 0, L_0x55e5792c6c30;  1 drivers
v0x55e5792a3f70_0 .net *"_ivl_23", 0 0, L_0x55e5792c6d20;  1 drivers
v0x55e5792a4050_0 .net *"_ivl_25", 0 0, L_0x55e5792c6e00;  1 drivers
v0x55e5792a4130_0 .net *"_ivl_29", 0 0, L_0x55e5792c6f90;  1 drivers
v0x55e5792a4210_0 .net *"_ivl_31", 0 0, L_0x55e5792c7030;  1 drivers
v0x55e5792a42f0_0 .net *"_ivl_34", 0 0, L_0x55e5792c71e0;  1 drivers
v0x55e5792a43d0_0 .net *"_ivl_36", 0 0, L_0x55e5792c72d0;  1 drivers
v0x55e5792a44b0_0 .net *"_ivl_39", 0 0, L_0x55e5792c7550;  1 drivers
v0x55e5792a4590_0 .net *"_ivl_42", 0 0, L_0x55e5792c76b0;  1 drivers
v0x55e5792a4670_0 .net *"_ivl_44", 0 0, L_0x55e5792c7810;  1 drivers
v0x55e5792a4750_0 .net *"_ivl_46", 0 0, L_0x55e5792c7900;  1 drivers
v0x55e5792a4830_0 .net *"_ivl_50", 0 0, L_0x55e5792c7ac0;  1 drivers
v0x55e5792a4910_0 .net *"_ivl_52", 0 0, L_0x55e5792c7c30;  1 drivers
v0x55e5792a49f0_0 .net *"_ivl_54", 0 0, L_0x55e5792c7d20;  1 drivers
v0x55e5792a4ad0_0 .net *"_ivl_57", 0 0, L_0x55e5792c7f90;  1 drivers
v0x55e5792a4bb0_0 .net *"_ivl_59", 0 0, L_0x55e5792c8080;  1 drivers
v0x55e5792a4c90_0 .net *"_ivl_61", 0 0, L_0x55e5792c8210;  1 drivers
v0x55e5792a4d70_0 .net *"_ivl_64", 0 0, L_0x55e5792c8370;  1 drivers
v0x55e5792a4e50_0 .net *"_ivl_66", 0 0, L_0x55e5792c8170;  1 drivers
v0x55e5792a4f30_0 .net *"_ivl_69", 0 0, L_0x55e5792c8740;  1 drivers
v0x55e5792a5010_0 .net *"_ivl_7", 0 0, L_0x55e5792c6500;  1 drivers
v0x55e5792a50f0_0 .net *"_ivl_72", 0 0, L_0x55e5792c8960;  1 drivers
v0x55e5792a51d0_0 .net *"_ivl_74", 0 0, L_0x55e5792c8a50;  1 drivers
v0x55e5792a52b0_0 .net *"_ivl_76", 0 0, L_0x55e5792c8eb0;  1 drivers
v0x55e5792a5390_0 .net *"_ivl_81", 0 0, L_0x55e5792c86a0;  1 drivers
v0x55e5792a5470_0 .net *"_ivl_83", 0 0, L_0x55e5792c9530;  1 drivers
v0x55e5792a5550_0 .net *"_ivl_85", 0 0, L_0x55e5792c9620;  1 drivers
v0x55e5792a5630_0 .net *"_ivl_87", 0 0, L_0x55e5792c9800;  1 drivers
v0x55e5792a5710_0 .net *"_ivl_9", 0 0, L_0x55e5792c6640;  1 drivers
v0x55e5792a57f0_0 .net *"_ivl_90", 0 0, L_0x55e5792c9010;  1 drivers
v0x55e5792a58d0_0 .net *"_ivl_92", 0 0, L_0x55e5792c9b70;  1 drivers
v0x55e5792a59b0_0 .net *"_ivl_94", 0 0, L_0x55e5792c9c60;  1 drivers
v0x55e5792a5ea0_0 .net *"_ivl_96", 0 0, L_0x55e5792c9e60;  1 drivers
v0x55e5792a5f80_0 .net *"_ivl_99", 0 0, L_0x55e5792ca020;  1 drivers
L_0x55e5792c6500 .part L_0x55e5792c6220, 0, 1;
L_0x55e5792c6640 .part L_0x55e5792c63a0, 0, 1;
L_0x55e5792c68f0 .part L_0x55e5792c6220, 0, 1;
L_0x55e5792c6a50 .part L_0x55e5792c63a0, 0, 1;
L_0x55e5792c6c30 .part L_0x55e5792c6220, 1, 1;
L_0x55e5792c6d20 .part L_0x55e5792c63a0, 1, 1;
L_0x55e5792c6f90 .part L_0x55e5792c6220, 1, 1;
L_0x55e5792c7030 .part L_0x55e5792c6220, 0, 1;
L_0x55e5792c71e0 .part L_0x55e5792c6220, 1, 1;
L_0x55e5792c72d0 .part L_0x55e5792c6290, 0, 1;
L_0x55e5792c7550 .part L_0x55e5792c63a0, 1, 1;
L_0x55e5792c76b0 .part L_0x55e5792c6220, 2, 1;
L_0x55e5792c7810 .part L_0x55e5792c63a0, 2, 1;
L_0x55e5792c7ac0 .part L_0x55e5792c6220, 2, 1;
L_0x55e5792c7c30 .part L_0x55e5792c6220, 1, 1;
L_0x55e5792c7d20 .part L_0x55e5792c6220, 0, 1;
L_0x55e5792c7f90 .part L_0x55e5792c6220, 2, 1;
L_0x55e5792c8080 .part L_0x55e5792c6220, 1, 1;
L_0x55e5792c8210 .part L_0x55e5792c6290, 0, 1;
L_0x55e5792c8370 .part L_0x55e5792c6220, 2, 1;
L_0x55e5792c8170 .part L_0x55e5792c6290, 1, 1;
L_0x55e5792c8740 .part L_0x55e5792c63a0, 2, 1;
L_0x55e5792c8960 .part L_0x55e5792c6220, 3, 1;
L_0x55e5792c8a50 .part L_0x55e5792c63a0, 3, 1;
L_0x55e5792c8d20 .concat8 [ 1 1 1 1], L_0x55e5792c6780, L_0x55e5792c6e00, L_0x55e5792c7900, L_0x55e5792c8eb0;
L_0x55e5792c86a0 .part L_0x55e5792c6220, 3, 1;
L_0x55e5792c9530 .part L_0x55e5792c6220, 2, 1;
L_0x55e5792c9620 .part L_0x55e5792c6220, 1, 1;
L_0x55e5792c9800 .part L_0x55e5792c6220, 0, 1;
L_0x55e5792c9010 .part L_0x55e5792c6220, 3, 1;
L_0x55e5792c9b70 .part L_0x55e5792c6220, 2, 1;
L_0x55e5792c9c60 .part L_0x55e5792c6220, 1, 1;
L_0x55e5792c9e60 .part L_0x55e5792c6290, 0, 1;
L_0x55e5792ca020 .part L_0x55e5792c6220, 3, 1;
L_0x55e5792ca230 .part L_0x55e5792c6220, 2, 1;
L_0x55e5792ca320 .part L_0x55e5792c6290, 1, 1;
L_0x55e5792ca180 .part L_0x55e5792c6220, 3, 1;
L_0x55e5792ca610 .part L_0x55e5792c6290, 2, 1;
L_0x55e5792ca930 .part L_0x55e5792c63a0, 3, 1;
S_0x55e5792a6e40 .scope module, "data" "ADDSUB_16" 2 21, 3 20 0, S_0x55e57925fb70;
 .timescale -9 -9;
    .port_info 0 /INPUT 16 "X";
    .port_info 1 /INPUT 16 "Y";
    .port_info 2 /INPUT 1 "Sub";
    .port_info 3 /OUTPUT 16 "S";
    .port_info 4 /OUTPUT 1 "Cout";
L_0x55e5792dca40 .functor XOR 16, v0x55e5792b8120_0, L_0x55e5792dc9a0, C4<0000000000000000>, C4<0000000000000000>;
v0x55e5792b7810_0 .net8 "Cout", 0 0, RS_0x7fe71064b838;  alias, 2 drivers
v0x55e5792b78d0_0 .net8 "S", 15 0, RS_0x7fe71064c588;  alias, 2 drivers
v0x55e5792b7990_0 .net "Sub", 0 0, v0x55e5792b7f50_0;  alias, 1 drivers
v0x55e5792b7a30_0 .net "X", 15 0, v0x55e5792b7ff0_0;  alias, 1 drivers
v0x55e5792b7ad0_0 .net "Y", 15 0, v0x55e5792b8120_0;  alias, 1 drivers
v0x55e5792b7be0_0 .net *"_ivl_0", 15 0, L_0x55e5792dc9a0;  1 drivers
LS_0x55e5792dc9a0_0_0 .concat [ 1 1 1 1], v0x55e5792b7f50_0, v0x55e5792b7f50_0, v0x55e5792b7f50_0, v0x55e5792b7f50_0;
LS_0x55e5792dc9a0_0_4 .concat [ 1 1 1 1], v0x55e5792b7f50_0, v0x55e5792b7f50_0, v0x55e5792b7f50_0, v0x55e5792b7f50_0;
LS_0x55e5792dc9a0_0_8 .concat [ 1 1 1 1], v0x55e5792b7f50_0, v0x55e5792b7f50_0, v0x55e5792b7f50_0, v0x55e5792b7f50_0;
LS_0x55e5792dc9a0_0_12 .concat [ 1 1 1 1], v0x55e5792b7f50_0, v0x55e5792b7f50_0, v0x55e5792b7f50_0, v0x55e5792b7f50_0;
L_0x55e5792dc9a0 .concat [ 4 4 4 4], LS_0x55e5792dc9a0_0_0, LS_0x55e5792dc9a0_0_4, LS_0x55e5792dc9a0_0_8, LS_0x55e5792dc9a0_0_12;
S_0x55e5792a7040 .scope module, "adder0" "cla_16" 3 25, 3 6 0, S_0x55e5792a6e40;
 .timescale -9 -9;
    .port_info 0 /INPUT 16 "X";
    .port_info 1 /INPUT 16 "Y";
    .port_info 2 /INPUT 1 "Cin";
    .port_info 3 /OUTPUT 16 "S";
    .port_info 4 /OUTPUT 1 "Cout";
v0x55e5792b7100_0 .net "Cin", 0 0, v0x55e5792b7f50_0;  alias, 1 drivers
v0x55e5792b71c0_0 .net8 "Cout", 0 0, RS_0x7fe71064b838;  alias, 2 drivers
v0x55e5792b7280_0 .net "Cout0", 0 0, L_0x55e5792cf350;  1 drivers
v0x55e5792b7320_0 .net "Cout1", 0 0, L_0x55e5792d1300;  1 drivers
v0x55e5792b73c0_0 .net "Cout2", 0 0, L_0x55e5792d59a0;  1 drivers
v0x55e5792b74b0_0 .net8 "S", 15 0, RS_0x7fe71064c588;  alias, 2 drivers
v0x55e5792b75a0_0 .net "X", 15 0, v0x55e5792b7ff0_0;  alias, 1 drivers
v0x55e5792b7690_0 .net "Y", 15 0, L_0x55e5792dca40;  1 drivers
L_0x55e5792cf5f0 .part v0x55e5792b7ff0_0, 0, 4;
L_0x55e5792cf690 .part L_0x55e5792dca40, 0, 4;
L_0x55e5792d3e20 .part v0x55e5792b7ff0_0, 4, 4;
L_0x55e5792d3ec0 .part L_0x55e5792dca40, 4, 4;
L_0x55e5792d8330 .part v0x55e5792b7ff0_0, 8, 4;
L_0x55e5792d83d0 .part L_0x55e5792dca40, 8, 4;
L_0x55e5792dc680 .part v0x55e5792b7ff0_0, 12, 4;
L_0x55e5792dc720 .part L_0x55e5792dca40, 12, 4;
L_0x55e5792dc810 .concat8 [ 4 4 4 4], L_0x55e5792cd500, L_0x55e5792d1d20, L_0x55e5792d6230, L_0x55e5792daa10;
S_0x55e5792a7220 .scope module, "add0" "CLA_4" 3 14, 4 4 0, S_0x55e5792a7040;
 .timescale -9 -9;
    .port_info 0 /INPUT 4 "X";
    .port_info 1 /INPUT 4 "Y";
    .port_info 2 /INPUT 1 "Cin";
    .port_info 3 /OUTPUT 4 "S";
    .port_info 4 /OUTPUT 1 "Cout";
L_0x55e5792cb060 .functor OR 4, L_0x55e5792cf5f0, L_0x55e5792cf690, C4<0000>, C4<0000>;
L_0x55e5792cb0d0 .functor AND 4, L_0x55e5792cf5f0, L_0x55e5792cf690, C4<1111>, C4<1111>;
L_0x55e5792cb1e0 .functor NOT 4, L_0x55e5792cb0d0, C4<0000>, C4<0000>, C4<0000>;
L_0x55e5792cb2a0 .functor AND 1, L_0x55e5792cb310, L_0x55e5792cb450, C4<1>, C4<1>;
L_0x55e5792cb590 .functor XOR 1, L_0x55e5792cb2a0, v0x55e5792b7f50_0, C4<0>, C4<0>;
L_0x55e5792cb650 .functor NAND 1, L_0x55e5792cb6c0, v0x55e5792b7f50_0, C4<1>, C4<1>;
L_0x55e5792cb7b0 .functor NAND 1, L_0x55e5792cb870, L_0x55e5792cb650, C4<1>, C4<1>;
L_0x55e5792cb990 .functor AND 1, L_0x55e5792cba50, L_0x55e5792cbb40, C4<1>, C4<1>;
L_0x55e5792cbbe0 .functor XOR 1, L_0x55e5792cb990, L_0x55e5792cb7b0, C4<0>, C4<0>;
L_0x55e5792cbca0 .functor NAND 1, L_0x55e5792cbd10, L_0x55e5792cbdb0, v0x55e5792b7f50_0, C4<1>;
L_0x55e5792cbef0 .functor NAND 1, L_0x55e5792cbf60, L_0x55e5792cc050, C4<1>, C4<1>;
L_0x55e5792cc1a0 .functor NAND 1, L_0x55e5792cc2d0, L_0x55e5792cbef0, L_0x55e5792cbca0, C4<1>;
L_0x55e5792cc3c0 .functor AND 1, L_0x55e5792cc430, L_0x55e5792cc590, C4<1>, C4<1>;
L_0x55e5792cc680 .functor XOR 1, L_0x55e5792cc3c0, L_0x55e5792cc1a0, C4<0>, C4<0>;
L_0x55e5792cc260 .functor NAND 1, L_0x55e5792cc790, L_0x55e5792cc900, L_0x55e5792cc9f0, v0x55e5792b7f50_0;
L_0x55e5792cc520 .functor NAND 1, L_0x55e5792ccc60, L_0x55e5792ccd50, L_0x55e5792ccee0, C4<1>;
L_0x55e5792ccfd0 .functor NAND 1, L_0x55e5792cd040, L_0x55e5792cce40, C4<1>, C4<1>;
L_0x55e5792cd1e0 .functor NAND 1, L_0x55e5792cd410, L_0x55e5792ccfd0, L_0x55e5792cc520, L_0x55e5792cc260;
L_0x55e5792cd0e0 .functor AND 1, L_0x55e5792cd5c0, L_0x55e5792cd6b0, C4<1>, C4<1>;
L_0x55e5792cda70 .functor XOR 1, L_0x55e5792cd0e0, L_0x55e5792cd1e0, C4<0>, C4<0>;
L_0x55e5792cdc80/0/0 .functor AND 1, L_0x55e5792cd370, L_0x55e5792ce1e0, L_0x55e5792ce280, L_0x55e5792ce410;
L_0x55e5792cdc80/0/4 .functor AND 1, v0x55e5792b7f50_0, C4<1>, C4<1>, C4<1>;
L_0x55e5792cdc80 .functor NAND 1, L_0x55e5792cdc80/0/0, L_0x55e5792cdc80/0/4, C4<1>, C4<1>;
L_0x55e5792ce4b0 .functor NAND 1, L_0x55e5792cdbd0, L_0x55e5792ce730, L_0x55e5792ce820, L_0x55e5792cea20;
L_0x55e5792ceb10 .functor NAND 1, L_0x55e5792ceb80, L_0x55e5792ced90, L_0x55e5792cee80, C4<1>;
L_0x55e5792cec70 .functor NAND 1, L_0x55e5792cece0, L_0x55e5792cf170, C4<1>, C4<1>;
L_0x55e5792cf350/0/0 .functor AND 1, L_0x55e5792cf500, L_0x55e5792cec70, L_0x55e5792ceb10, L_0x55e5792ce4b0;
L_0x55e5792cf350/0/4 .functor AND 1, L_0x55e5792cdc80, C4<1>, C4<1>, C4<1>;
L_0x55e5792cf350 .functor NAND 1, L_0x55e5792cf350/0/0, L_0x55e5792cf350/0/4, C4<1>, C4<1>;
v0x55e5792a74a0_0 .net "Cin", 0 0, v0x55e5792b7f50_0;  alias, 1 drivers
v0x55e5792a7580_0 .net "Cout", 0 0, L_0x55e5792cf350;  alias, 1 drivers
v0x55e5792a7660_0 .net "Cout0", 0 0, L_0x55e5792cb7b0;  1 drivers
v0x55e5792a7700_0 .net "Cout1", 0 0, L_0x55e5792cc1a0;  1 drivers
v0x55e5792a77c0_0 .net "Cout2", 0 0, L_0x55e5792cd1e0;  1 drivers
v0x55e5792a78d0_0 .net "G", 3 0, L_0x55e5792cb0d0;  1 drivers
v0x55e5792a79b0_0 .net "Gn", 3 0, L_0x55e5792cb1e0;  1 drivers
v0x55e5792a7a90_0 .net "P", 3 0, L_0x55e5792cb060;  1 drivers
v0x55e5792a7b70_0 .net "P0Cin0", 0 0, L_0x55e5792cb650;  1 drivers
v0x55e5792a7c30_0 .net "P0Gn0", 0 0, L_0x55e5792cb2a0;  1 drivers
v0x55e5792a7cf0_0 .net "P1G0", 0 0, L_0x55e5792cbef0;  1 drivers
v0x55e5792a7db0_0 .net "P1Gn1", 0 0, L_0x55e5792cb990;  1 drivers
v0x55e5792a7e70_0 .net "P1P0Cin0", 0 0, L_0x55e5792cbca0;  1 drivers
v0x55e5792a7f30_0 .net "P2G1", 0 0, L_0x55e5792ccfd0;  1 drivers
v0x55e5792a7ff0_0 .net "P2Gn2", 0 0, L_0x55e5792cc3c0;  1 drivers
v0x55e5792a80b0_0 .net "P2P1G0", 0 0, L_0x55e5792cc520;  1 drivers
v0x55e5792a8170_0 .net "P2P1P0Cin0", 0 0, L_0x55e5792cc260;  1 drivers
v0x55e5792a8230_0 .net "P3G2", 0 0, L_0x55e5792cec70;  1 drivers
v0x55e5792a82f0_0 .net "P3Gn3", 0 0, L_0x55e5792cd0e0;  1 drivers
v0x55e5792a83b0_0 .net "P3P2G1", 0 0, L_0x55e5792ceb10;  1 drivers
v0x55e5792a8470_0 .net "P3P2P1G0", 0 0, L_0x55e5792ce4b0;  1 drivers
v0x55e5792a8530_0 .net "P3P2P1P0Cin0", 0 0, L_0x55e5792cdc80;  1 drivers
v0x55e5792a85f0_0 .net "S", 3 0, L_0x55e5792cd500;  1 drivers
v0x55e5792a86d0_0 .net "X", 3 0, L_0x55e5792cf5f0;  1 drivers
v0x55e5792a87b0_0 .net "Y", 3 0, L_0x55e5792cf690;  1 drivers
v0x55e5792a8890_0 .net *"_ivl_101", 0 0, L_0x55e5792ced90;  1 drivers
v0x55e5792a8970_0 .net *"_ivl_103", 0 0, L_0x55e5792cee80;  1 drivers
v0x55e5792a8a50_0 .net *"_ivl_106", 0 0, L_0x55e5792cece0;  1 drivers
v0x55e5792a8b30_0 .net *"_ivl_108", 0 0, L_0x55e5792cf170;  1 drivers
v0x55e5792a8c10_0 .net *"_ivl_11", 0 0, L_0x55e5792cb590;  1 drivers
v0x55e5792a8cf0_0 .net *"_ivl_111", 0 0, L_0x55e5792cf500;  1 drivers
v0x55e5792a8dd0_0 .net *"_ivl_15", 0 0, L_0x55e5792cb6c0;  1 drivers
v0x55e5792a8eb0_0 .net *"_ivl_18", 0 0, L_0x55e5792cb870;  1 drivers
v0x55e5792a8f90_0 .net *"_ivl_21", 0 0, L_0x55e5792cba50;  1 drivers
v0x55e5792a9070_0 .net *"_ivl_23", 0 0, L_0x55e5792cbb40;  1 drivers
v0x55e5792a9150_0 .net *"_ivl_25", 0 0, L_0x55e5792cbbe0;  1 drivers
v0x55e5792a9230_0 .net *"_ivl_29", 0 0, L_0x55e5792cbd10;  1 drivers
v0x55e5792a9310_0 .net *"_ivl_31", 0 0, L_0x55e5792cbdb0;  1 drivers
v0x55e5792a93f0_0 .net *"_ivl_34", 0 0, L_0x55e5792cbf60;  1 drivers
v0x55e5792a94d0_0 .net *"_ivl_36", 0 0, L_0x55e5792cc050;  1 drivers
v0x55e5792a95b0_0 .net *"_ivl_39", 0 0, L_0x55e5792cc2d0;  1 drivers
v0x55e5792a9690_0 .net *"_ivl_42", 0 0, L_0x55e5792cc430;  1 drivers
v0x55e5792a9770_0 .net *"_ivl_44", 0 0, L_0x55e5792cc590;  1 drivers
v0x55e5792a9850_0 .net *"_ivl_46", 0 0, L_0x55e5792cc680;  1 drivers
v0x55e5792a9930_0 .net *"_ivl_50", 0 0, L_0x55e5792cc790;  1 drivers
v0x55e5792a9a10_0 .net *"_ivl_52", 0 0, L_0x55e5792cc900;  1 drivers
v0x55e5792a9af0_0 .net *"_ivl_54", 0 0, L_0x55e5792cc9f0;  1 drivers
v0x55e5792a9bd0_0 .net *"_ivl_57", 0 0, L_0x55e5792ccc60;  1 drivers
v0x55e5792a9cb0_0 .net *"_ivl_59", 0 0, L_0x55e5792ccd50;  1 drivers
v0x55e5792a9d90_0 .net *"_ivl_61", 0 0, L_0x55e5792ccee0;  1 drivers
v0x55e5792a9e70_0 .net *"_ivl_64", 0 0, L_0x55e5792cd040;  1 drivers
v0x55e5792a9f50_0 .net *"_ivl_66", 0 0, L_0x55e5792cce40;  1 drivers
v0x55e5792aa030_0 .net *"_ivl_69", 0 0, L_0x55e5792cd410;  1 drivers
v0x55e5792aa110_0 .net *"_ivl_7", 0 0, L_0x55e5792cb310;  1 drivers
v0x55e5792aa1f0_0 .net *"_ivl_72", 0 0, L_0x55e5792cd5c0;  1 drivers
v0x55e5792aa2d0_0 .net *"_ivl_74", 0 0, L_0x55e5792cd6b0;  1 drivers
v0x55e5792aa3b0_0 .net *"_ivl_76", 0 0, L_0x55e5792cda70;  1 drivers
v0x55e5792aa490_0 .net *"_ivl_81", 0 0, L_0x55e5792cd370;  1 drivers
v0x55e5792aa570_0 .net *"_ivl_83", 0 0, L_0x55e5792ce1e0;  1 drivers
v0x55e5792aa650_0 .net *"_ivl_85", 0 0, L_0x55e5792ce280;  1 drivers
v0x55e5792aa730_0 .net *"_ivl_87", 0 0, L_0x55e5792ce410;  1 drivers
v0x55e5792aa810_0 .net *"_ivl_9", 0 0, L_0x55e5792cb450;  1 drivers
v0x55e5792aa8f0_0 .net *"_ivl_90", 0 0, L_0x55e5792cdbd0;  1 drivers
v0x55e5792aa9d0_0 .net *"_ivl_92", 0 0, L_0x55e5792ce730;  1 drivers
v0x55e5792aaab0_0 .net *"_ivl_94", 0 0, L_0x55e5792ce820;  1 drivers
v0x55e5792aafa0_0 .net *"_ivl_96", 0 0, L_0x55e5792cea20;  1 drivers
v0x55e5792ab080_0 .net *"_ivl_99", 0 0, L_0x55e5792ceb80;  1 drivers
L_0x55e5792cb310 .part L_0x55e5792cb060, 0, 1;
L_0x55e5792cb450 .part L_0x55e5792cb1e0, 0, 1;
L_0x55e5792cb6c0 .part L_0x55e5792cb060, 0, 1;
L_0x55e5792cb870 .part L_0x55e5792cb1e0, 0, 1;
L_0x55e5792cba50 .part L_0x55e5792cb060, 1, 1;
L_0x55e5792cbb40 .part L_0x55e5792cb1e0, 1, 1;
L_0x55e5792cbd10 .part L_0x55e5792cb060, 1, 1;
L_0x55e5792cbdb0 .part L_0x55e5792cb060, 0, 1;
L_0x55e5792cbf60 .part L_0x55e5792cb060, 1, 1;
L_0x55e5792cc050 .part L_0x55e5792cb0d0, 0, 1;
L_0x55e5792cc2d0 .part L_0x55e5792cb1e0, 1, 1;
L_0x55e5792cc430 .part L_0x55e5792cb060, 2, 1;
L_0x55e5792cc590 .part L_0x55e5792cb1e0, 2, 1;
L_0x55e5792cc790 .part L_0x55e5792cb060, 2, 1;
L_0x55e5792cc900 .part L_0x55e5792cb060, 1, 1;
L_0x55e5792cc9f0 .part L_0x55e5792cb060, 0, 1;
L_0x55e5792ccc60 .part L_0x55e5792cb060, 2, 1;
L_0x55e5792ccd50 .part L_0x55e5792cb060, 1, 1;
L_0x55e5792ccee0 .part L_0x55e5792cb0d0, 0, 1;
L_0x55e5792cd040 .part L_0x55e5792cb060, 2, 1;
L_0x55e5792cce40 .part L_0x55e5792cb0d0, 1, 1;
L_0x55e5792cd410 .part L_0x55e5792cb1e0, 2, 1;
L_0x55e5792cd5c0 .part L_0x55e5792cb060, 3, 1;
L_0x55e5792cd6b0 .part L_0x55e5792cb1e0, 3, 1;
L_0x55e5792cd500 .concat8 [ 1 1 1 1], L_0x55e5792cb590, L_0x55e5792cbbe0, L_0x55e5792cc680, L_0x55e5792cda70;
L_0x55e5792cd370 .part L_0x55e5792cb060, 3, 1;
L_0x55e5792ce1e0 .part L_0x55e5792cb060, 2, 1;
L_0x55e5792ce280 .part L_0x55e5792cb060, 1, 1;
L_0x55e5792ce410 .part L_0x55e5792cb060, 0, 1;
L_0x55e5792cdbd0 .part L_0x55e5792cb060, 3, 1;
L_0x55e5792ce730 .part L_0x55e5792cb060, 2, 1;
L_0x55e5792ce820 .part L_0x55e5792cb060, 1, 1;
L_0x55e5792cea20 .part L_0x55e5792cb0d0, 0, 1;
L_0x55e5792ceb80 .part L_0x55e5792cb060, 3, 1;
L_0x55e5792ced90 .part L_0x55e5792cb060, 2, 1;
L_0x55e5792cee80 .part L_0x55e5792cb0d0, 1, 1;
L_0x55e5792cece0 .part L_0x55e5792cb060, 3, 1;
L_0x55e5792cf170 .part L_0x55e5792cb0d0, 2, 1;
L_0x55e5792cf500 .part L_0x55e5792cb1e0, 3, 1;
S_0x55e5792ab200 .scope module, "add1" "CLA_4" 3 15, 4 4 0, S_0x55e5792a7040;
 .timescale -9 -9;
    .port_info 0 /INPUT 4 "X";
    .port_info 1 /INPUT 4 "Y";
    .port_info 2 /INPUT 1 "Cin";
    .port_info 3 /OUTPUT 4 "S";
    .port_info 4 /OUTPUT 1 "Cout";
L_0x55e5792cf730 .functor OR 4, L_0x55e5792d3e20, L_0x55e5792d3ec0, C4<0000>, C4<0000>;
L_0x55e5792cf7a0 .functor AND 4, L_0x55e5792d3e20, L_0x55e5792d3ec0, C4<1111>, C4<1111>;
L_0x55e5792cf8b0 .functor NOT 4, L_0x55e5792cf7a0, C4<0000>, C4<0000>, C4<0000>;
L_0x55e5792cf970 .functor AND 1, L_0x55e5792cf9e0, L_0x55e5792cfb20, C4<1>, C4<1>;
L_0x55e5792cfc60 .functor XOR 1, L_0x55e5792cf970, L_0x55e5792cf350, C4<0>, C4<0>;
L_0x55e5792cfd20 .functor NAND 1, L_0x55e5792cfd90, L_0x55e5792cf350, C4<1>, C4<1>;
L_0x55e5792cfe30 .functor NAND 1, L_0x55e5792cfef0, L_0x55e5792cfd20, C4<1>, C4<1>;
L_0x55e5792cffe0 .functor AND 1, L_0x55e5792d00a0, L_0x55e5792d0190, C4<1>, C4<1>;
L_0x55e5792d0230 .functor XOR 1, L_0x55e5792cffe0, L_0x55e5792cfe30, C4<0>, C4<0>;
L_0x55e5792d02f0 .functor NAND 1, L_0x55e5792d03f0, L_0x55e5792d0490, L_0x55e5792cf350, C4<1>;
L_0x55e5792d05d0 .functor NAND 1, L_0x55e5792d0670, L_0x55e5792d0760, C4<1>, C4<1>;
L_0x55e5792d08b0 .functor NAND 1, L_0x55e5792d0a10, L_0x55e5792d05d0, L_0x55e5792d02f0, C4<1>;
L_0x55e5792d0b00 .functor AND 1, L_0x55e5792d0b70, L_0x55e5792d0cd0, C4<1>, C4<1>;
L_0x55e5792d0dc0 .functor XOR 1, L_0x55e5792d0b00, L_0x55e5792d08b0, C4<0>, C4<0>;
L_0x55e5792d09a0 .functor NAND 1, L_0x55e5792d0fb0, L_0x55e5792d1120, L_0x55e5792d1210, L_0x55e5792cf350;
L_0x55e5792d0c60 .functor NAND 1, L_0x55e5792d1480, L_0x55e5792d1570, L_0x55e5792d1700, C4<1>;
L_0x55e5792d17f0 .functor NAND 1, L_0x55e5792d1860, L_0x55e5792d1660, C4<1>, C4<1>;
L_0x55e5792d1a00 .functor NAND 1, L_0x55e5792d1c30, L_0x55e5792d17f0, L_0x55e5792d0c60, L_0x55e5792d09a0;
L_0x55e5792d1900 .functor AND 1, L_0x55e5792d1de0, L_0x55e5792d1ed0, C4<1>, C4<1>;
L_0x55e5792d2290 .functor XOR 1, L_0x55e5792d1900, L_0x55e5792d1a00, C4<0>, C4<0>;
L_0x55e5792d24a0/0/0 .functor AND 1, L_0x55e5792d1b90, L_0x55e5792d2910, L_0x55e5792d2a00, L_0x55e5792d2be0;
L_0x55e5792d24a0/0/4 .functor AND 1, L_0x55e5792cf350, C4<1>, C4<1>, C4<1>;
L_0x55e5792d24a0 .functor NAND 1, L_0x55e5792d24a0/0/0, L_0x55e5792d24a0/0/4, C4<1>, C4<1>;
L_0x55e5792d2cd0 .functor NAND 1, L_0x55e5792d23f0, L_0x55e5792d2f50, L_0x55e5792d3040, L_0x55e5792d3240;
L_0x55e5792d3330 .functor NAND 1, L_0x55e5792d33d0, L_0x55e5792d35e0, L_0x55e5792d36d0, C4<1>;
L_0x55e5792d34c0 .functor NAND 1, L_0x55e5792d2d40, L_0x55e5792d39c0, C4<1>, C4<1>;
L_0x55e5792d1300/0/0 .functor AND 1, L_0x55e5792d3d30, L_0x55e5792d34c0, L_0x55e5792d3330, L_0x55e5792d2cd0;
L_0x55e5792d1300/0/4 .functor AND 1, L_0x55e5792d24a0, C4<1>, C4<1>, C4<1>;
L_0x55e5792d1300 .functor NAND 1, L_0x55e5792d1300/0/0, L_0x55e5792d1300/0/4, C4<1>, C4<1>;
v0x55e5792ab430_0 .net "Cin", 0 0, L_0x55e5792cf350;  alias, 1 drivers
v0x55e5792ab520_0 .net "Cout", 0 0, L_0x55e5792d1300;  alias, 1 drivers
v0x55e5792ab5e0_0 .net "Cout0", 0 0, L_0x55e5792cfe30;  1 drivers
v0x55e5792ab6b0_0 .net "Cout1", 0 0, L_0x55e5792d08b0;  1 drivers
v0x55e5792ab770_0 .net "Cout2", 0 0, L_0x55e5792d1a00;  1 drivers
v0x55e5792ab880_0 .net "G", 3 0, L_0x55e5792cf7a0;  1 drivers
v0x55e5792ab960_0 .net "Gn", 3 0, L_0x55e5792cf8b0;  1 drivers
v0x55e5792aba40_0 .net "P", 3 0, L_0x55e5792cf730;  1 drivers
v0x55e5792abb20_0 .net "P0Cin0", 0 0, L_0x55e5792cfd20;  1 drivers
v0x55e5792abbe0_0 .net "P0Gn0", 0 0, L_0x55e5792cf970;  1 drivers
v0x55e5792abca0_0 .net "P1G0", 0 0, L_0x55e5792d05d0;  1 drivers
v0x55e5792abd60_0 .net "P1Gn1", 0 0, L_0x55e5792cffe0;  1 drivers
v0x55e5792abe20_0 .net "P1P0Cin0", 0 0, L_0x55e5792d02f0;  1 drivers
v0x55e5792abee0_0 .net "P2G1", 0 0, L_0x55e5792d17f0;  1 drivers
v0x55e5792abfa0_0 .net "P2Gn2", 0 0, L_0x55e5792d0b00;  1 drivers
v0x55e5792ac060_0 .net "P2P1G0", 0 0, L_0x55e5792d0c60;  1 drivers
v0x55e5792ac120_0 .net "P2P1P0Cin0", 0 0, L_0x55e5792d09a0;  1 drivers
v0x55e5792ac1e0_0 .net "P3G2", 0 0, L_0x55e5792d34c0;  1 drivers
v0x55e5792ac2a0_0 .net "P3Gn3", 0 0, L_0x55e5792d1900;  1 drivers
v0x55e5792ac360_0 .net "P3P2G1", 0 0, L_0x55e5792d3330;  1 drivers
v0x55e5792ac420_0 .net "P3P2P1G0", 0 0, L_0x55e5792d2cd0;  1 drivers
v0x55e5792ac4e0_0 .net "P3P2P1P0Cin0", 0 0, L_0x55e5792d24a0;  1 drivers
v0x55e5792ac5a0_0 .net "S", 3 0, L_0x55e5792d1d20;  1 drivers
v0x55e5792ac680_0 .net "X", 3 0, L_0x55e5792d3e20;  1 drivers
v0x55e5792ac760_0 .net "Y", 3 0, L_0x55e5792d3ec0;  1 drivers
v0x55e5792ac840_0 .net *"_ivl_101", 0 0, L_0x55e5792d35e0;  1 drivers
v0x55e5792ac920_0 .net *"_ivl_103", 0 0, L_0x55e5792d36d0;  1 drivers
v0x55e5792aca00_0 .net *"_ivl_106", 0 0, L_0x55e5792d2d40;  1 drivers
v0x55e5792acae0_0 .net *"_ivl_108", 0 0, L_0x55e5792d39c0;  1 drivers
v0x55e5792acbc0_0 .net *"_ivl_11", 0 0, L_0x55e5792cfc60;  1 drivers
v0x55e5792acca0_0 .net *"_ivl_111", 0 0, L_0x55e5792d3d30;  1 drivers
v0x55e5792acd80_0 .net *"_ivl_15", 0 0, L_0x55e5792cfd90;  1 drivers
v0x55e5792ace60_0 .net *"_ivl_18", 0 0, L_0x55e5792cfef0;  1 drivers
v0x55e5792acf40_0 .net *"_ivl_21", 0 0, L_0x55e5792d00a0;  1 drivers
v0x55e5792ad020_0 .net *"_ivl_23", 0 0, L_0x55e5792d0190;  1 drivers
v0x55e5792ad100_0 .net *"_ivl_25", 0 0, L_0x55e5792d0230;  1 drivers
v0x55e5792ad1e0_0 .net *"_ivl_29", 0 0, L_0x55e5792d03f0;  1 drivers
v0x55e5792ad2c0_0 .net *"_ivl_31", 0 0, L_0x55e5792d0490;  1 drivers
v0x55e5792ad3a0_0 .net *"_ivl_34", 0 0, L_0x55e5792d0670;  1 drivers
v0x55e5792ad480_0 .net *"_ivl_36", 0 0, L_0x55e5792d0760;  1 drivers
v0x55e5792ad560_0 .net *"_ivl_39", 0 0, L_0x55e5792d0a10;  1 drivers
v0x55e5792ad640_0 .net *"_ivl_42", 0 0, L_0x55e5792d0b70;  1 drivers
v0x55e5792ad720_0 .net *"_ivl_44", 0 0, L_0x55e5792d0cd0;  1 drivers
v0x55e5792ad800_0 .net *"_ivl_46", 0 0, L_0x55e5792d0dc0;  1 drivers
v0x55e5792ad8e0_0 .net *"_ivl_50", 0 0, L_0x55e5792d0fb0;  1 drivers
v0x55e5792ad9c0_0 .net *"_ivl_52", 0 0, L_0x55e5792d1120;  1 drivers
v0x55e5792adaa0_0 .net *"_ivl_54", 0 0, L_0x55e5792d1210;  1 drivers
v0x55e5792adb80_0 .net *"_ivl_57", 0 0, L_0x55e5792d1480;  1 drivers
v0x55e5792adc60_0 .net *"_ivl_59", 0 0, L_0x55e5792d1570;  1 drivers
v0x55e5792add40_0 .net *"_ivl_61", 0 0, L_0x55e5792d1700;  1 drivers
v0x55e5792ade20_0 .net *"_ivl_64", 0 0, L_0x55e5792d1860;  1 drivers
v0x55e5792adf00_0 .net *"_ivl_66", 0 0, L_0x55e5792d1660;  1 drivers
v0x55e5792adfe0_0 .net *"_ivl_69", 0 0, L_0x55e5792d1c30;  1 drivers
v0x55e5792ae0c0_0 .net *"_ivl_7", 0 0, L_0x55e5792cf9e0;  1 drivers
v0x55e5792ae1a0_0 .net *"_ivl_72", 0 0, L_0x55e5792d1de0;  1 drivers
v0x55e5792ae280_0 .net *"_ivl_74", 0 0, L_0x55e5792d1ed0;  1 drivers
v0x55e5792ae360_0 .net *"_ivl_76", 0 0, L_0x55e5792d2290;  1 drivers
v0x55e5792ae440_0 .net *"_ivl_81", 0 0, L_0x55e5792d1b90;  1 drivers
v0x55e5792ae520_0 .net *"_ivl_83", 0 0, L_0x55e5792d2910;  1 drivers
v0x55e5792ae600_0 .net *"_ivl_85", 0 0, L_0x55e5792d2a00;  1 drivers
v0x55e5792ae6e0_0 .net *"_ivl_87", 0 0, L_0x55e5792d2be0;  1 drivers
v0x55e5792ae7c0_0 .net *"_ivl_9", 0 0, L_0x55e5792cfb20;  1 drivers
v0x55e5792ae8a0_0 .net *"_ivl_90", 0 0, L_0x55e5792d23f0;  1 drivers
v0x55e5792ae980_0 .net *"_ivl_92", 0 0, L_0x55e5792d2f50;  1 drivers
v0x55e5792aea60_0 .net *"_ivl_94", 0 0, L_0x55e5792d3040;  1 drivers
v0x55e5792aef50_0 .net *"_ivl_96", 0 0, L_0x55e5792d3240;  1 drivers
v0x55e5792af030_0 .net *"_ivl_99", 0 0, L_0x55e5792d33d0;  1 drivers
L_0x55e5792cf9e0 .part L_0x55e5792cf730, 0, 1;
L_0x55e5792cfb20 .part L_0x55e5792cf8b0, 0, 1;
L_0x55e5792cfd90 .part L_0x55e5792cf730, 0, 1;
L_0x55e5792cfef0 .part L_0x55e5792cf8b0, 0, 1;
L_0x55e5792d00a0 .part L_0x55e5792cf730, 1, 1;
L_0x55e5792d0190 .part L_0x55e5792cf8b0, 1, 1;
L_0x55e5792d03f0 .part L_0x55e5792cf730, 1, 1;
L_0x55e5792d0490 .part L_0x55e5792cf730, 0, 1;
L_0x55e5792d0670 .part L_0x55e5792cf730, 1, 1;
L_0x55e5792d0760 .part L_0x55e5792cf7a0, 0, 1;
L_0x55e5792d0a10 .part L_0x55e5792cf8b0, 1, 1;
L_0x55e5792d0b70 .part L_0x55e5792cf730, 2, 1;
L_0x55e5792d0cd0 .part L_0x55e5792cf8b0, 2, 1;
L_0x55e5792d0fb0 .part L_0x55e5792cf730, 2, 1;
L_0x55e5792d1120 .part L_0x55e5792cf730, 1, 1;
L_0x55e5792d1210 .part L_0x55e5792cf730, 0, 1;
L_0x55e5792d1480 .part L_0x55e5792cf730, 2, 1;
L_0x55e5792d1570 .part L_0x55e5792cf730, 1, 1;
L_0x55e5792d1700 .part L_0x55e5792cf7a0, 0, 1;
L_0x55e5792d1860 .part L_0x55e5792cf730, 2, 1;
L_0x55e5792d1660 .part L_0x55e5792cf7a0, 1, 1;
L_0x55e5792d1c30 .part L_0x55e5792cf8b0, 2, 1;
L_0x55e5792d1de0 .part L_0x55e5792cf730, 3, 1;
L_0x55e5792d1ed0 .part L_0x55e5792cf8b0, 3, 1;
L_0x55e5792d1d20 .concat8 [ 1 1 1 1], L_0x55e5792cfc60, L_0x55e5792d0230, L_0x55e5792d0dc0, L_0x55e5792d2290;
L_0x55e5792d1b90 .part L_0x55e5792cf730, 3, 1;
L_0x55e5792d2910 .part L_0x55e5792cf730, 2, 1;
L_0x55e5792d2a00 .part L_0x55e5792cf730, 1, 1;
L_0x55e5792d2be0 .part L_0x55e5792cf730, 0, 1;
L_0x55e5792d23f0 .part L_0x55e5792cf730, 3, 1;
L_0x55e5792d2f50 .part L_0x55e5792cf730, 2, 1;
L_0x55e5792d3040 .part L_0x55e5792cf730, 1, 1;
L_0x55e5792d3240 .part L_0x55e5792cf7a0, 0, 1;
L_0x55e5792d33d0 .part L_0x55e5792cf730, 3, 1;
L_0x55e5792d35e0 .part L_0x55e5792cf730, 2, 1;
L_0x55e5792d36d0 .part L_0x55e5792cf7a0, 1, 1;
L_0x55e5792d2d40 .part L_0x55e5792cf730, 3, 1;
L_0x55e5792d39c0 .part L_0x55e5792cf7a0, 2, 1;
L_0x55e5792d3d30 .part L_0x55e5792cf8b0, 3, 1;
S_0x55e5792af1b0 .scope module, "add2" "CLA_4" 3 16, 4 4 0, S_0x55e5792a7040;
 .timescale -9 -9;
    .port_info 0 /INPUT 4 "X";
    .port_info 1 /INPUT 4 "Y";
    .port_info 2 /INPUT 1 "Cin";
    .port_info 3 /OUTPUT 4 "S";
    .port_info 4 /OUTPUT 1 "Cout";
L_0x55e5792d3fb0 .functor OR 4, L_0x55e5792d8330, L_0x55e5792d83d0, C4<0000>, C4<0000>;
L_0x55e5792d4020 .functor AND 4, L_0x55e5792d8330, L_0x55e5792d83d0, C4<1111>, C4<1111>;
L_0x55e5792d4130 .functor NOT 4, L_0x55e5792d4020, C4<0000>, C4<0000>, C4<0000>;
L_0x55e5792d41f0 .functor AND 1, L_0x55e5792d4290, L_0x55e5792d43d0, C4<1>, C4<1>;
L_0x55e5792d4510 .functor XOR 1, L_0x55e5792d41f0, L_0x55e5792d1300, C4<0>, C4<0>;
L_0x55e5792d45d0 .functor NAND 1, L_0x55e5792d4640, L_0x55e5792d1300, C4<1>, C4<1>;
L_0x55e5792d46e0 .functor NAND 1, L_0x55e5792d47a0, L_0x55e5792d45d0, C4<1>, C4<1>;
L_0x55e5792d48c0 .functor AND 1, L_0x55e5792d4980, L_0x55e5792d4a70, C4<1>, C4<1>;
L_0x55e5792d4b50 .functor XOR 1, L_0x55e5792d48c0, L_0x55e5792d46e0, C4<0>, C4<0>;
L_0x55e5792d4c10 .functor NAND 1, L_0x55e5792d4c80, L_0x55e5792d4d20, L_0x55e5792d1300, C4<1>;
L_0x55e5792d4e60 .functor NAND 1, L_0x55e5792d4ed0, L_0x55e5792d4fc0, C4<1>, C4<1>;
L_0x55e5792d50b0 .functor NAND 1, L_0x55e5792d51e0, L_0x55e5792d4e60, L_0x55e5792d4c10, C4<1>;
L_0x55e5792d52d0 .functor AND 1, L_0x55e5792d5340, L_0x55e5792d54a0, C4<1>, C4<1>;
L_0x55e5792d5590 .functor XOR 1, L_0x55e5792d52d0, L_0x55e5792d50b0, C4<0>, C4<0>;
L_0x55e5792d5170 .functor NAND 1, L_0x55e5792d56d0, L_0x55e5792d57c0, L_0x55e5792d58b0, L_0x55e5792d1300;
L_0x55e5792d5430 .functor NAND 1, L_0x55e5792d5b20, L_0x55e5792d5c10, L_0x55e5792d5da0, C4<1>;
L_0x55e5792d5e90 .functor NAND 1, L_0x55e5792d5f00, L_0x55e5792d5d00, C4<1>, C4<1>;
L_0x55e5792d0ed0 .functor NAND 1, L_0x55e5792d6140, L_0x55e5792d5e90, L_0x55e5792d5430, L_0x55e5792d5170;
L_0x55e5792d5fa0 .functor AND 1, L_0x55e5792d62f0, L_0x55e5792d63e0, C4<1>, C4<1>;
L_0x55e5792d67a0 .functor XOR 1, L_0x55e5792d5fa0, L_0x55e5792d0ed0, C4<0>, C4<0>;
L_0x55e5792d69b0/0/0 .functor AND 1, L_0x55e5792d60a0, L_0x55e5792d6e20, L_0x55e5792d6f10, L_0x55e5792d70f0;
L_0x55e5792d69b0/0/4 .functor AND 1, L_0x55e5792d1300, C4<1>, C4<1>, C4<1>;
L_0x55e5792d69b0 .functor NAND 1, L_0x55e5792d69b0/0/0, L_0x55e5792d69b0/0/4, C4<1>, C4<1>;
L_0x55e5792d71e0 .functor NAND 1, L_0x55e5792d6900, L_0x55e5792d7460, L_0x55e5792d7550, L_0x55e5792d7750;
L_0x55e5792d7840 .functor NAND 1, L_0x55e5792d78e0, L_0x55e5792d7af0, L_0x55e5792d7be0, C4<1>;
L_0x55e5792d79d0 .functor NAND 1, L_0x55e5792d7250, L_0x55e5792d7ed0, C4<1>, C4<1>;
L_0x55e5792d59a0/0/0 .functor AND 1, L_0x55e5792d8240, L_0x55e5792d79d0, L_0x55e5792d7840, L_0x55e5792d71e0;
L_0x55e5792d59a0/0/4 .functor AND 1, L_0x55e5792d69b0, C4<1>, C4<1>, C4<1>;
L_0x55e5792d59a0 .functor NAND 1, L_0x55e5792d59a0/0/0, L_0x55e5792d59a0/0/4, C4<1>, C4<1>;
v0x55e5792af3f0_0 .net "Cin", 0 0, L_0x55e5792d1300;  alias, 1 drivers
v0x55e5792af4e0_0 .net "Cout", 0 0, L_0x55e5792d59a0;  alias, 1 drivers
v0x55e5792af5a0_0 .net "Cout0", 0 0, L_0x55e5792d46e0;  1 drivers
v0x55e5792af670_0 .net "Cout1", 0 0, L_0x55e5792d50b0;  1 drivers
v0x55e5792af730_0 .net "Cout2", 0 0, L_0x55e5792d0ed0;  1 drivers
v0x55e5792af840_0 .net "G", 3 0, L_0x55e5792d4020;  1 drivers
v0x55e5792af920_0 .net "Gn", 3 0, L_0x55e5792d4130;  1 drivers
v0x55e5792afa00_0 .net "P", 3 0, L_0x55e5792d3fb0;  1 drivers
v0x55e5792afae0_0 .net "P0Cin0", 0 0, L_0x55e5792d45d0;  1 drivers
v0x55e5792afba0_0 .net "P0Gn0", 0 0, L_0x55e5792d41f0;  1 drivers
v0x55e5792afc60_0 .net "P1G0", 0 0, L_0x55e5792d4e60;  1 drivers
v0x55e5792afd20_0 .net "P1Gn1", 0 0, L_0x55e5792d48c0;  1 drivers
v0x55e5792afde0_0 .net "P1P0Cin0", 0 0, L_0x55e5792d4c10;  1 drivers
v0x55e5792afea0_0 .net "P2G1", 0 0, L_0x55e5792d5e90;  1 drivers
v0x55e5792aff60_0 .net "P2Gn2", 0 0, L_0x55e5792d52d0;  1 drivers
v0x55e5792b0020_0 .net "P2P1G0", 0 0, L_0x55e5792d5430;  1 drivers
v0x55e5792b00e0_0 .net "P2P1P0Cin0", 0 0, L_0x55e5792d5170;  1 drivers
v0x55e5792b01a0_0 .net "P3G2", 0 0, L_0x55e5792d79d0;  1 drivers
v0x55e5792b0260_0 .net "P3Gn3", 0 0, L_0x55e5792d5fa0;  1 drivers
v0x55e5792b0320_0 .net "P3P2G1", 0 0, L_0x55e5792d7840;  1 drivers
v0x55e5792b03e0_0 .net "P3P2P1G0", 0 0, L_0x55e5792d71e0;  1 drivers
v0x55e5792b04a0_0 .net "P3P2P1P0Cin0", 0 0, L_0x55e5792d69b0;  1 drivers
v0x55e5792b0560_0 .net "S", 3 0, L_0x55e5792d6230;  1 drivers
v0x55e5792b0640_0 .net "X", 3 0, L_0x55e5792d8330;  1 drivers
v0x55e5792b0720_0 .net "Y", 3 0, L_0x55e5792d83d0;  1 drivers
v0x55e5792b0800_0 .net *"_ivl_101", 0 0, L_0x55e5792d7af0;  1 drivers
v0x55e5792b08e0_0 .net *"_ivl_103", 0 0, L_0x55e5792d7be0;  1 drivers
v0x55e5792b09c0_0 .net *"_ivl_106", 0 0, L_0x55e5792d7250;  1 drivers
v0x55e5792b0aa0_0 .net *"_ivl_108", 0 0, L_0x55e5792d7ed0;  1 drivers
v0x55e5792b0b80_0 .net *"_ivl_11", 0 0, L_0x55e5792d4510;  1 drivers
v0x55e5792b0c60_0 .net *"_ivl_111", 0 0, L_0x55e5792d8240;  1 drivers
v0x55e5792b0d40_0 .net *"_ivl_15", 0 0, L_0x55e5792d4640;  1 drivers
v0x55e5792b0e20_0 .net *"_ivl_18", 0 0, L_0x55e5792d47a0;  1 drivers
v0x55e5792b0f00_0 .net *"_ivl_21", 0 0, L_0x55e5792d4980;  1 drivers
v0x55e5792b0fe0_0 .net *"_ivl_23", 0 0, L_0x55e5792d4a70;  1 drivers
v0x55e5792b10c0_0 .net *"_ivl_25", 0 0, L_0x55e5792d4b50;  1 drivers
v0x55e5792b11a0_0 .net *"_ivl_29", 0 0, L_0x55e5792d4c80;  1 drivers
v0x55e5792b1280_0 .net *"_ivl_31", 0 0, L_0x55e5792d4d20;  1 drivers
v0x55e5792b1360_0 .net *"_ivl_34", 0 0, L_0x55e5792d4ed0;  1 drivers
v0x55e5792b1440_0 .net *"_ivl_36", 0 0, L_0x55e5792d4fc0;  1 drivers
v0x55e5792b1520_0 .net *"_ivl_39", 0 0, L_0x55e5792d51e0;  1 drivers
v0x55e5792b1600_0 .net *"_ivl_42", 0 0, L_0x55e5792d5340;  1 drivers
v0x55e5792b16e0_0 .net *"_ivl_44", 0 0, L_0x55e5792d54a0;  1 drivers
v0x55e5792b17c0_0 .net *"_ivl_46", 0 0, L_0x55e5792d5590;  1 drivers
v0x55e5792b18a0_0 .net *"_ivl_50", 0 0, L_0x55e5792d56d0;  1 drivers
v0x55e5792b1980_0 .net *"_ivl_52", 0 0, L_0x55e5792d57c0;  1 drivers
v0x55e5792b1a60_0 .net *"_ivl_54", 0 0, L_0x55e5792d58b0;  1 drivers
v0x55e5792b1b40_0 .net *"_ivl_57", 0 0, L_0x55e5792d5b20;  1 drivers
v0x55e5792b1c20_0 .net *"_ivl_59", 0 0, L_0x55e5792d5c10;  1 drivers
v0x55e5792b1d00_0 .net *"_ivl_61", 0 0, L_0x55e5792d5da0;  1 drivers
v0x55e5792b1de0_0 .net *"_ivl_64", 0 0, L_0x55e5792d5f00;  1 drivers
v0x55e5792b1ec0_0 .net *"_ivl_66", 0 0, L_0x55e5792d5d00;  1 drivers
v0x55e5792b1fa0_0 .net *"_ivl_69", 0 0, L_0x55e5792d6140;  1 drivers
v0x55e5792b2080_0 .net *"_ivl_7", 0 0, L_0x55e5792d4290;  1 drivers
v0x55e5792b2160_0 .net *"_ivl_72", 0 0, L_0x55e5792d62f0;  1 drivers
v0x55e5792b2240_0 .net *"_ivl_74", 0 0, L_0x55e5792d63e0;  1 drivers
v0x55e5792b2320_0 .net *"_ivl_76", 0 0, L_0x55e5792d67a0;  1 drivers
v0x55e5792b2400_0 .net *"_ivl_81", 0 0, L_0x55e5792d60a0;  1 drivers
v0x55e5792b24e0_0 .net *"_ivl_83", 0 0, L_0x55e5792d6e20;  1 drivers
v0x55e5792b25c0_0 .net *"_ivl_85", 0 0, L_0x55e5792d6f10;  1 drivers
v0x55e5792b26a0_0 .net *"_ivl_87", 0 0, L_0x55e5792d70f0;  1 drivers
v0x55e5792b2780_0 .net *"_ivl_9", 0 0, L_0x55e5792d43d0;  1 drivers
v0x55e5792b2860_0 .net *"_ivl_90", 0 0, L_0x55e5792d6900;  1 drivers
v0x55e5792b2940_0 .net *"_ivl_92", 0 0, L_0x55e5792d7460;  1 drivers
v0x55e5792b2a20_0 .net *"_ivl_94", 0 0, L_0x55e5792d7550;  1 drivers
v0x55e5792b2f10_0 .net *"_ivl_96", 0 0, L_0x55e5792d7750;  1 drivers
v0x55e5792b2ff0_0 .net *"_ivl_99", 0 0, L_0x55e5792d78e0;  1 drivers
L_0x55e5792d4290 .part L_0x55e5792d3fb0, 0, 1;
L_0x55e5792d43d0 .part L_0x55e5792d4130, 0, 1;
L_0x55e5792d4640 .part L_0x55e5792d3fb0, 0, 1;
L_0x55e5792d47a0 .part L_0x55e5792d4130, 0, 1;
L_0x55e5792d4980 .part L_0x55e5792d3fb0, 1, 1;
L_0x55e5792d4a70 .part L_0x55e5792d4130, 1, 1;
L_0x55e5792d4c80 .part L_0x55e5792d3fb0, 1, 1;
L_0x55e5792d4d20 .part L_0x55e5792d3fb0, 0, 1;
L_0x55e5792d4ed0 .part L_0x55e5792d3fb0, 1, 1;
L_0x55e5792d4fc0 .part L_0x55e5792d4020, 0, 1;
L_0x55e5792d51e0 .part L_0x55e5792d4130, 1, 1;
L_0x55e5792d5340 .part L_0x55e5792d3fb0, 2, 1;
L_0x55e5792d54a0 .part L_0x55e5792d4130, 2, 1;
L_0x55e5792d56d0 .part L_0x55e5792d3fb0, 2, 1;
L_0x55e5792d57c0 .part L_0x55e5792d3fb0, 1, 1;
L_0x55e5792d58b0 .part L_0x55e5792d3fb0, 0, 1;
L_0x55e5792d5b20 .part L_0x55e5792d3fb0, 2, 1;
L_0x55e5792d5c10 .part L_0x55e5792d3fb0, 1, 1;
L_0x55e5792d5da0 .part L_0x55e5792d4020, 0, 1;
L_0x55e5792d5f00 .part L_0x55e5792d3fb0, 2, 1;
L_0x55e5792d5d00 .part L_0x55e5792d4020, 1, 1;
L_0x55e5792d6140 .part L_0x55e5792d4130, 2, 1;
L_0x55e5792d62f0 .part L_0x55e5792d3fb0, 3, 1;
L_0x55e5792d63e0 .part L_0x55e5792d4130, 3, 1;
L_0x55e5792d6230 .concat8 [ 1 1 1 1], L_0x55e5792d4510, L_0x55e5792d4b50, L_0x55e5792d5590, L_0x55e5792d67a0;
L_0x55e5792d60a0 .part L_0x55e5792d3fb0, 3, 1;
L_0x55e5792d6e20 .part L_0x55e5792d3fb0, 2, 1;
L_0x55e5792d6f10 .part L_0x55e5792d3fb0, 1, 1;
L_0x55e5792d70f0 .part L_0x55e5792d3fb0, 0, 1;
L_0x55e5792d6900 .part L_0x55e5792d3fb0, 3, 1;
L_0x55e5792d7460 .part L_0x55e5792d3fb0, 2, 1;
L_0x55e5792d7550 .part L_0x55e5792d3fb0, 1, 1;
L_0x55e5792d7750 .part L_0x55e5792d4020, 0, 1;
L_0x55e5792d78e0 .part L_0x55e5792d3fb0, 3, 1;
L_0x55e5792d7af0 .part L_0x55e5792d3fb0, 2, 1;
L_0x55e5792d7be0 .part L_0x55e5792d4020, 1, 1;
L_0x55e5792d7250 .part L_0x55e5792d3fb0, 3, 1;
L_0x55e5792d7ed0 .part L_0x55e5792d4020, 2, 1;
L_0x55e5792d8240 .part L_0x55e5792d4130, 3, 1;
S_0x55e5792b3170 .scope module, "add3" "CLA_4" 3 17, 4 4 0, S_0x55e5792a7040;
 .timescale -9 -9;
    .port_info 0 /INPUT 4 "X";
    .port_info 1 /INPUT 4 "Y";
    .port_info 2 /INPUT 1 "Cin";
    .port_info 3 /OUTPUT 4 "S";
    .port_info 4 /OUTPUT 1 "Cout";
L_0x55e5792d8470 .functor OR 4, L_0x55e5792dc680, L_0x55e5792dc720, C4<0000>, C4<0000>;
L_0x55e5792d84e0 .functor AND 4, L_0x55e5792dc680, L_0x55e5792dc720, C4<1111>, C4<1111>;
L_0x55e5792d85f0 .functor NOT 4, L_0x55e5792d84e0, C4<0000>, C4<0000>, C4<0000>;
L_0x55e5792d86b0 .functor AND 1, L_0x55e5792d8720, L_0x55e5792d8860, C4<1>, C4<1>;
L_0x55e5792d89a0 .functor XOR 1, L_0x55e5792d86b0, L_0x55e5792d59a0, C4<0>, C4<0>;
L_0x55e5792d8a60 .functor NAND 1, L_0x55e5792d8b10, L_0x55e5792d59a0, C4<1>, C4<1>;
L_0x55e5792d8bb0 .functor NAND 1, L_0x55e5792d8c70, L_0x55e5792d8a60, C4<1>, C4<1>;
L_0x55e5792d8d90 .functor AND 1, L_0x55e5792d8e50, L_0x55e5792d8f40, C4<1>, C4<1>;
L_0x55e5792d8fe0 .functor XOR 1, L_0x55e5792d8d90, L_0x55e5792d8bb0, C4<0>, C4<0>;
L_0x55e5792d90a0 .functor NAND 1, L_0x55e5792d9170, L_0x55e5792d9210, L_0x55e5792d59a0, C4<1>;
L_0x55e5792d9350 .functor NAND 1, L_0x55e5792d93c0, L_0x55e5792d94b0, C4<1>, C4<1>;
L_0x55e5792d9600 .functor NAND 1, L_0x55e5792d9730, L_0x55e5792d9350, L_0x55e5792d90a0, C4<1>;
L_0x55e5792d9820 .functor AND 1, L_0x55e5792d9890, L_0x55e5792d99f0, C4<1>, C4<1>;
L_0x55e5792d9ae0 .functor XOR 1, L_0x55e5792d9820, L_0x55e5792d9600, C4<0>, C4<0>;
L_0x55e5792d96c0 .functor NAND 1, L_0x55e5792d9ca0, L_0x55e5792d9e10, L_0x55e5792d9f00, L_0x55e5792d59a0;
L_0x55e5792d9980 .functor NAND 1, L_0x55e5792da170, L_0x55e5792da260, L_0x55e5792da3f0, C4<1>;
L_0x55e5792da4e0 .functor NAND 1, L_0x55e5792da550, L_0x55e5792da350, C4<1>, C4<1>;
L_0x55e5792da6f0 .functor NAND 1, L_0x55e5792da920, L_0x55e5792da4e0, L_0x55e5792d9980, L_0x55e5792d96c0;
L_0x55e5792da5f0 .functor AND 1, L_0x55e5792daad0, L_0x55e5792dabc0, C4<1>, C4<1>;
L_0x55e5792daf80 .functor XOR 1, L_0x55e5792da5f0, L_0x55e5792da6f0, C4<0>, C4<0>;
L_0x55e5792db190/0/0 .functor AND 1, L_0x55e5792da880, L_0x55e5792dadc0, L_0x55e5792db650, L_0x55e5792db520;
L_0x55e5792db190/0/4 .functor AND 1, L_0x55e5792d59a0, C4<1>, C4<1>, C4<1>;
L_0x55e5792db190 .functor NAND 1, L_0x55e5792db190/0/0, L_0x55e5792db190/0/4, C4<1>, C4<1>;
L_0x55e5792db880 .functor NAND 1, L_0x55e5792db0e0, L_0x55e5792db740, L_0x55e5792dbb00, L_0x55e5792dba00;
L_0x55e5792dbd00 .functor NAND 1, L_0x55e5792dbd70, L_0x55e5792dbf80, L_0x55e5792dc070, C4<1>;
L_0x55e5792dbe60 .functor NAND 1, L_0x55e5792db8f0, L_0x55e5792dc360, C4<1>, C4<1>;
L_0x55e5792d9ff0/0/0 .functor AND 1, L_0x55e5792dc590, L_0x55e5792dbe60, L_0x55e5792dbd00, L_0x55e5792db880;
L_0x55e5792d9ff0/0/4 .functor AND 1, L_0x55e5792db190, C4<1>, C4<1>, C4<1>;
L_0x55e5792d9ff0 .functor NAND 1, L_0x55e5792d9ff0/0/0, L_0x55e5792d9ff0/0/4, C4<1>, C4<1>;
v0x55e5792b3380_0 .net "Cin", 0 0, L_0x55e5792d59a0;  alias, 1 drivers
v0x55e5792b3490_0 .net8 "Cout", 0 0, RS_0x7fe71064b838;  alias, 2 drivers
v0x55e5792b3530_0 .net "Cout0", 0 0, L_0x55e5792d8bb0;  1 drivers
v0x55e5792b3600_0 .net "Cout1", 0 0, L_0x55e5792d9600;  1 drivers
v0x55e5792b36c0_0 .net "Cout2", 0 0, L_0x55e5792da6f0;  1 drivers
v0x55e5792b37d0_0 .net "G", 3 0, L_0x55e5792d84e0;  1 drivers
v0x55e5792b38b0_0 .net "Gn", 3 0, L_0x55e5792d85f0;  1 drivers
v0x55e5792b3990_0 .net "P", 3 0, L_0x55e5792d8470;  1 drivers
v0x55e5792b3a70_0 .net "P0Cin0", 0 0, L_0x55e5792d8a60;  1 drivers
v0x55e5792b3b30_0 .net "P0Gn0", 0 0, L_0x55e5792d86b0;  1 drivers
v0x55e5792b3bf0_0 .net "P1G0", 0 0, L_0x55e5792d9350;  1 drivers
v0x55e5792b3cb0_0 .net "P1Gn1", 0 0, L_0x55e5792d8d90;  1 drivers
v0x55e5792b3d70_0 .net "P1P0Cin0", 0 0, L_0x55e5792d90a0;  1 drivers
v0x55e5792b3e30_0 .net "P2G1", 0 0, L_0x55e5792da4e0;  1 drivers
v0x55e5792b3ef0_0 .net "P2Gn2", 0 0, L_0x55e5792d9820;  1 drivers
v0x55e5792b3fb0_0 .net "P2P1G0", 0 0, L_0x55e5792d9980;  1 drivers
v0x55e5792b4070_0 .net "P2P1P0Cin0", 0 0, L_0x55e5792d96c0;  1 drivers
v0x55e5792b4130_0 .net "P3G2", 0 0, L_0x55e5792dbe60;  1 drivers
v0x55e5792b41f0_0 .net "P3Gn3", 0 0, L_0x55e5792da5f0;  1 drivers
v0x55e5792b42b0_0 .net "P3P2G1", 0 0, L_0x55e5792dbd00;  1 drivers
v0x55e5792b4370_0 .net "P3P2P1G0", 0 0, L_0x55e5792db880;  1 drivers
v0x55e5792b4430_0 .net "P3P2P1P0Cin0", 0 0, L_0x55e5792db190;  1 drivers
v0x55e5792b44f0_0 .net "S", 3 0, L_0x55e5792daa10;  1 drivers
v0x55e5792b45d0_0 .net "X", 3 0, L_0x55e5792dc680;  1 drivers
v0x55e5792b46b0_0 .net "Y", 3 0, L_0x55e5792dc720;  1 drivers
v0x55e5792b4790_0 .net *"_ivl_101", 0 0, L_0x55e5792dbf80;  1 drivers
v0x55e5792b4870_0 .net *"_ivl_103", 0 0, L_0x55e5792dc070;  1 drivers
v0x55e5792b4950_0 .net *"_ivl_106", 0 0, L_0x55e5792db8f0;  1 drivers
v0x55e5792b4a30_0 .net *"_ivl_108", 0 0, L_0x55e5792dc360;  1 drivers
v0x55e5792b4b10_0 .net *"_ivl_11", 0 0, L_0x55e5792d89a0;  1 drivers
v0x55e5792b4bf0_0 .net *"_ivl_111", 0 0, L_0x55e5792dc590;  1 drivers
v0x55e5792b4cd0_0 .net *"_ivl_15", 0 0, L_0x55e5792d8b10;  1 drivers
v0x55e5792b4db0_0 .net *"_ivl_18", 0 0, L_0x55e5792d8c70;  1 drivers
v0x55e5792b4e90_0 .net *"_ivl_21", 0 0, L_0x55e5792d8e50;  1 drivers
v0x55e5792b4f70_0 .net *"_ivl_23", 0 0, L_0x55e5792d8f40;  1 drivers
v0x55e5792b5050_0 .net *"_ivl_25", 0 0, L_0x55e5792d8fe0;  1 drivers
v0x55e5792b5130_0 .net *"_ivl_29", 0 0, L_0x55e5792d9170;  1 drivers
v0x55e5792b5210_0 .net *"_ivl_31", 0 0, L_0x55e5792d9210;  1 drivers
v0x55e5792b52f0_0 .net *"_ivl_34", 0 0, L_0x55e5792d93c0;  1 drivers
v0x55e5792b53d0_0 .net *"_ivl_36", 0 0, L_0x55e5792d94b0;  1 drivers
v0x55e5792b54b0_0 .net *"_ivl_39", 0 0, L_0x55e5792d9730;  1 drivers
v0x55e5792b5590_0 .net *"_ivl_42", 0 0, L_0x55e5792d9890;  1 drivers
v0x55e5792b5670_0 .net *"_ivl_44", 0 0, L_0x55e5792d99f0;  1 drivers
v0x55e5792b5750_0 .net *"_ivl_46", 0 0, L_0x55e5792d9ae0;  1 drivers
v0x55e5792b5830_0 .net *"_ivl_50", 0 0, L_0x55e5792d9ca0;  1 drivers
v0x55e5792b5910_0 .net *"_ivl_52", 0 0, L_0x55e5792d9e10;  1 drivers
v0x55e5792b59f0_0 .net *"_ivl_54", 0 0, L_0x55e5792d9f00;  1 drivers
v0x55e5792b5ad0_0 .net *"_ivl_57", 0 0, L_0x55e5792da170;  1 drivers
v0x55e5792b5bb0_0 .net *"_ivl_59", 0 0, L_0x55e5792da260;  1 drivers
v0x55e5792b5c90_0 .net *"_ivl_61", 0 0, L_0x55e5792da3f0;  1 drivers
v0x55e5792b5d70_0 .net *"_ivl_64", 0 0, L_0x55e5792da550;  1 drivers
v0x55e5792b5e50_0 .net *"_ivl_66", 0 0, L_0x55e5792da350;  1 drivers
v0x55e5792b5f30_0 .net *"_ivl_69", 0 0, L_0x55e5792da920;  1 drivers
v0x55e5792b6010_0 .net *"_ivl_7", 0 0, L_0x55e5792d8720;  1 drivers
v0x55e5792b60f0_0 .net *"_ivl_72", 0 0, L_0x55e5792daad0;  1 drivers
v0x55e5792b61d0_0 .net *"_ivl_74", 0 0, L_0x55e5792dabc0;  1 drivers
v0x55e5792b62b0_0 .net *"_ivl_76", 0 0, L_0x55e5792daf80;  1 drivers
v0x55e5792b6390_0 .net *"_ivl_81", 0 0, L_0x55e5792da880;  1 drivers
v0x55e5792b6470_0 .net *"_ivl_83", 0 0, L_0x55e5792dadc0;  1 drivers
v0x55e5792b6550_0 .net *"_ivl_85", 0 0, L_0x55e5792db650;  1 drivers
v0x55e5792b6630_0 .net *"_ivl_87", 0 0, L_0x55e5792db520;  1 drivers
v0x55e5792b6710_0 .net *"_ivl_9", 0 0, L_0x55e5792d8860;  1 drivers
v0x55e5792b67f0_0 .net *"_ivl_90", 0 0, L_0x55e5792db0e0;  1 drivers
v0x55e5792b68d0_0 .net *"_ivl_92", 0 0, L_0x55e5792db740;  1 drivers
v0x55e5792b69b0_0 .net *"_ivl_94", 0 0, L_0x55e5792dbb00;  1 drivers
v0x55e5792b6ea0_0 .net *"_ivl_96", 0 0, L_0x55e5792dba00;  1 drivers
v0x55e5792b6f80_0 .net *"_ivl_99", 0 0, L_0x55e5792dbd70;  1 drivers
L_0x55e5792d8720 .part L_0x55e5792d8470, 0, 1;
L_0x55e5792d8860 .part L_0x55e5792d85f0, 0, 1;
L_0x55e5792d8b10 .part L_0x55e5792d8470, 0, 1;
L_0x55e5792d8c70 .part L_0x55e5792d85f0, 0, 1;
L_0x55e5792d8e50 .part L_0x55e5792d8470, 1, 1;
L_0x55e5792d8f40 .part L_0x55e5792d85f0, 1, 1;
L_0x55e5792d9170 .part L_0x55e5792d8470, 1, 1;
L_0x55e5792d9210 .part L_0x55e5792d8470, 0, 1;
L_0x55e5792d93c0 .part L_0x55e5792d8470, 1, 1;
L_0x55e5792d94b0 .part L_0x55e5792d84e0, 0, 1;
L_0x55e5792d9730 .part L_0x55e5792d85f0, 1, 1;
L_0x55e5792d9890 .part L_0x55e5792d8470, 2, 1;
L_0x55e5792d99f0 .part L_0x55e5792d85f0, 2, 1;
L_0x55e5792d9ca0 .part L_0x55e5792d8470, 2, 1;
L_0x55e5792d9e10 .part L_0x55e5792d8470, 1, 1;
L_0x55e5792d9f00 .part L_0x55e5792d8470, 0, 1;
L_0x55e5792da170 .part L_0x55e5792d8470, 2, 1;
L_0x55e5792da260 .part L_0x55e5792d8470, 1, 1;
L_0x55e5792da3f0 .part L_0x55e5792d84e0, 0, 1;
L_0x55e5792da550 .part L_0x55e5792d8470, 2, 1;
L_0x55e5792da350 .part L_0x55e5792d84e0, 1, 1;
L_0x55e5792da920 .part L_0x55e5792d85f0, 2, 1;
L_0x55e5792daad0 .part L_0x55e5792d8470, 3, 1;
L_0x55e5792dabc0 .part L_0x55e5792d85f0, 3, 1;
L_0x55e5792daa10 .concat8 [ 1 1 1 1], L_0x55e5792d89a0, L_0x55e5792d8fe0, L_0x55e5792d9ae0, L_0x55e5792daf80;
L_0x55e5792da880 .part L_0x55e5792d8470, 3, 1;
L_0x55e5792dadc0 .part L_0x55e5792d8470, 2, 1;
L_0x55e5792db650 .part L_0x55e5792d8470, 1, 1;
L_0x55e5792db520 .part L_0x55e5792d8470, 0, 1;
L_0x55e5792db0e0 .part L_0x55e5792d8470, 3, 1;
L_0x55e5792db740 .part L_0x55e5792d8470, 2, 1;
L_0x55e5792dbb00 .part L_0x55e5792d8470, 1, 1;
L_0x55e5792dba00 .part L_0x55e5792d84e0, 0, 1;
L_0x55e5792dbd70 .part L_0x55e5792d8470, 3, 1;
L_0x55e5792dbf80 .part L_0x55e5792d8470, 2, 1;
L_0x55e5792dc070 .part L_0x55e5792d84e0, 1, 1;
L_0x55e5792db8f0 .part L_0x55e5792d8470, 3, 1;
L_0x55e5792dc360 .part L_0x55e5792d84e0, 2, 1;
L_0x55e5792dc590 .part L_0x55e5792d85f0, 3, 1;
    .scope S_0x55e57925fb70;
T_0 ;
    %pushi/vec4 136, 0, 16;
    %store/vec4 v0x55e5792b7ff0_0, 0, 16;
    %pushi/vec4 17, 0, 16;
    %store/vec4 v0x55e5792b8120_0, 0, 16;
    %pushi/vec4 1, 0, 1;
    %store/vec4 v0x55e5792b7f50_0, 0, 1;
    %delay 20, 0;
    %pushi/vec4 65535, 0, 16;
    %store/vec4 v0x55e5792b7ff0_0, 0, 16;
    %pushi/vec4 65534, 0, 16;
    %store/vec4 v0x55e5792b8120_0, 0, 16;
    %pushi/vec4 1, 0, 1;
    %store/vec4 v0x55e5792b7f50_0, 0, 1;
    %end;
    .thread T_0;
    .scope S_0x55e57925fb70;
T_1 ;
    %vpi_call 2 29 "$dumpfile", "ADDSUB_16.vcd" {0 0 0};
    %vpi_call 2 30 "$dumpvars", 32'sb00000000000000000000000000000000, S_0x55e57925fb70 {0 0 0};
    %delay 10000, 0;
    %vpi_call 2 31 "$finish" {0 0 0};
    %end;
    .thread T_1;
# The file index is used to find the file name in the following table.
:file_names 5;
    "N/A";
    "<interactive>";
    "ADDSUB_16_tb.v";
    "./ADDSUB_16.v";
    "./../../CLA/CLA_4/CLA_4.v";
